ModuleCmd_Switch.c(179):ERROR:152: Module 'PrgEnv-cray' is currently not loaded
CMake(3):ERROR:105: Unable to locate a modulefile for 'CMake/3.21.3'
Info: Minimal padding size given from "N_phys_pad" is 768. Padded to 768 for speed.
Info: Minimal padding size given from "N_phys_pad" is 768. Padded to 768 for speed.
Info: Minimal padding size given from "N_phys_pad" is 768. Padded to 768 for speed.
Info: Minimal padding size given from "N_phys_pad" is 768. Padded to 768 for speed.
Info: Minimal padding size given from "N_phys_pad" is 768. Padded to 768 for speed.
Info: Minimal padding size given from "N_phys_pad" is 768. Padded to 768 for speed.
Info: Minimal padding size given from "N_phys_pad" is 768. Padded to 768 for speed.
Info: Minimal padding size given from "N_phys_pad" is 768. Padded to 768 for speed.
Running azeban with 4 MPI ranks.
Run configuration is
{
  "device": "cuda",
  "dimension": 3,
  "equation": {
    "name": "Euler",
    "visc": {
      "eps": 0.05,
      "type": "Quadratic"
    }
  },
  "grid": {
    "N_phys": 512,
    "N_phys_pad": ""
  },
  "init": {
    "name": "Taylor Green",
    "perturb": {
      "max": 0.025,
      "min": -0.025,
      "name": "Uniform"
    }
  },
  "num_samples": 1,
  "output": "tg_N512_weak_2",
  "sample_idx_start": 0,
  "seed": 1,
  "snapshots": {
    "n": 1,
    "start": 0,
    "stop": 0.1
  },
  "time": 0.1,
  "timestepper": {
    "C": 0.5,
    "type": "SSP RK3"
  }
}
rank 0
u_hat_pad_.shape()       = [3, 65, 768, 768]
u_yz_.shape()            = [3, 65, 768, 768]
trans_u_sendbuf_.shape() = [4, 3, 192, 768, 65]
trans_u_recvbuf_.shape() = [4, 3, 192, 768, 65]
u_yz_trans_.shape()      = [3, 192, 768, 257]
u_yz_trans_pad_.shape()  = [3, 192, 768, 385]
u_xyz_trans_.shape()     = [3, 192, 768, 768]
B_xyz_trans_.shape()     = [6, 192, 768, 768]
B_yz_trans_pad_.shape()  = [6, 192, 768, 385]
B_yz_trans_.shape()      = [6, 192, 768, 257]
trans_B_sendbuf_.shape() = [4, 6, 65, 768, 192]
trans_B_recvbuf_.shape() = [4, 6, 65, 768, 192]
B_yz_.shape()            = [6, 65, 768, 768]
B_hat_pad_.shape()       = [6, 65, 768, 768]
B_hat_.shape()           = [6, 65, 512, 512]
Sample: 0, Time: 0
Sample: 0, Time: 0.1
Rank 0:
Total Simulation Time: 7min24.215s
 Time %  | Total Time  | Nr. Calls | Time per Call | Name                                             
------------------------------------------------------------------------------------------------------
 87.856% | 6min30.271s |       170 |        2.296s | SSP_RK3::integrate                               
 87.418% | 6min28.324s |       510 |     761.420ms | IncompressibleEuler_MPI::dudt                    
 87.064% | 6min26.751s |       510 |     758.334ms | IncompressibleEuler_MPI::computeBhat             
 76.425% | 5min39.492s |      1023 |     331.860ms | Transpose::eval                                  
 54.358% |  4min1.468s |      4080 |      59.183ms | Transpose::communication                         
 49.628% | 3min40.455s |       510 |     432.265ms | IncompressibleEuler_MPI::compute_B_yz            
 26.320% | 1min56.919s |       510 |     229.253ms | IncompressibleEuler_MPI::compute_u_yz_trans      
  2.452% |     10.892s |       510 |      21.356ms | IncompressibleEuler_MPI::compute_B_xyz_trans_pad 
  2.452% |     10.891s |       510 |      21.356ms | CUFFT_R2C::forward                               
  2.368% |     10.517s |      1020 |      10.311ms | IncompressibleEuler_MPI::compute_B_xyz_trans     
  2.083% |      9.252s |       510 |      18.140ms | IncompressibleEuler_MPI::compute_B__hat_pad      
  2.083% |      9.251s |       510 |      18.140ms | CUFFT_C2C::forward                               
  1.552% |      6.895s |      3060 |       2.253ms | copy_to_padded                                   
  1.295% |      5.754s |      6120 |     940.221us | copy_from_padded                                 
  1.268% |      5.631s |         2 |        2.815s | SnapshotWriter::write_snapshot                   
  1.245% |      5.529s |       510 |      10.842ms | IncompressibleEuler_MPI::compute_u_xyz_trans     
  1.245% |      5.529s |       510 |      10.841ms | CUFFT_R2C::backward                              
  1.043% |      4.633s |       510 |       9.084ms | IncompressibleEuler_MPI::compute_u_yz            
  1.043% |      4.632s |       510 |       9.083ms | CUFFT_C2C::backward                              
  1.022% |      4.541s |       510 |       8.904ms | IncompressibleEuler_MPI::compute_u_yz_trans_pad  
  0.644% |      2.859s |         3 |     953.140ms | CUFFT_MPI::transpose                             
  0.622% |      2.762s |         1 |        2.762s | FFTWFFT_R2C::forward                             
  0.610% |      2.712s |         1 |        2.712s | FFTWFFT_R2C::backward                            
  0.530% |      2.355s |       510 |       4.618ms | IncompressibleEuler_MPI::compute_u_hat_pad       
Running azeban with 4 MPI ranks.
Run configuration is
{
  "device": "cuda",
  "dimension": 3,
  "equation": {
    "name": "Euler",
    "visc": {
      "eps": 0.05,
      "type": "Quadratic"
    }
  },
  "grid": {
    "N_phys": 512,
    "N_phys_pad": ""
  },
  "init": {
    "name": "Taylor Green",
    "perturb": {
      "max": 0.025,
      "min": -0.025,
      "name": "Uniform"
    }
  },
  "num_samples": 1,
  "output": "tg_N512_weak_2",
  "sample_idx_start": 1,
  "seed": 2,
  "snapshots": {
    "n": 1,
    "start": 0,
    "stop": 0.1
  },
  "time": 0.1,
  "timestepper": {
    "C": 0.5,
    "type": "SSP RK3"
  }
}
rank 0
u_hat_pad_.shape()       = [3, 65, 768, 768]
u_yz_.shape()            = [3, 65, 768, 768]
trans_u_sendbuf_.shape() = [4, 3, 192, 768, 65]
trans_u_recvbuf_.shape() = [4, 3, 192, 768, 65]
u_yz_trans_.shape()      = [3, 192, 768, 257]
u_yz_trans_pad_.shape()  = [3, 192, 768, 385]
u_xyz_trans_.shape()     = [3, 192, 768, 768]
B_xyz_trans_.shape()     = [6, 192, 768, 768]
B_yz_trans_pad_.shape()  = [6, 192, 768, 385]
B_yz_trans_.shape()      = [6, 192, 768, 257]
trans_B_sendbuf_.shape() = [4, 6, 65, 768, 192]
trans_B_recvbuf_.shape() = [4, 6, 65, 768, 192]
B_yz_.shape()            = [6, 65, 768, 768]
B_hat_pad_.shape()       = [6, 65, 768, 768]
B_hat_.shape()           = [6, 65, 512, 512]
Sample: 1, Time: 0
Sample: 1, Time: 0.1
Rank 4:
Total Simulation Time: 7min26.188s
 Time %  | Total Time  | Nr. Calls | Time per Call | Name                                             
------------------------------------------------------------------------------------------------------
 87.852% | 6min31.986s |       170 |        2.306s | SSP_RK3::integrate                               
 87.416% | 6min30.039s |       510 |     764.782ms | IncompressibleEuler_MPI::dudt                    
 87.063% | 6min28.464s |       510 |     761.695ms | IncompressibleEuler_MPI::computeBhat             
 76.484% | 5min41.264s |      1023 |     333.591ms | Transpose::eval                                  
 53.237% | 3min57.536s |      4080 |      58.220ms | Transpose::communication                         
 49.478% | 3min40.763s |       510 |     432.869ms | IncompressibleEuler_MPI::compute_B_yz            
 26.533% | 1min58.386s |       510 |     232.130ms | IncompressibleEuler_MPI::compute_u_yz_trans      
  2.441% |     10.891s |       510 |      21.354ms | IncompressibleEuler_MPI::compute_B_xyz_trans_pad 
  2.441% |     10.890s |       510 |      21.353ms | CUFFT_R2C::forward                               
  2.358% |     10.521s |      1020 |      10.314ms | IncompressibleEuler_MPI::compute_B_xyz_trans     
  2.063% |      9.207s |       510 |      18.053ms | IncompressibleEuler_MPI::compute_B__hat_pad      
  2.063% |      9.207s |       510 |      18.052ms | CUFFT_C2C::forward                               
  1.546% |      6.899s |      3060 |       2.255ms | copy_to_padded                                   
  1.298% |      5.790s |         2 |        2.895s | SnapshotWriter::write_snapshot                   
  1.290% |      5.758s |      6120 |     940.790us | copy_from_padded                                 
  1.239% |      5.529s |       510 |      10.842ms | IncompressibleEuler_MPI::compute_u_xyz_trans     
  1.239% |      5.529s |       510 |      10.841ms | CUFFT_R2C::backward                              
  1.033% |      4.610s |       510 |       9.038ms | IncompressibleEuler_MPI::compute_u_yz            
  1.033% |      4.609s |       510 |       9.037ms | CUFFT_C2C::backward                              
  1.018% |      4.544s |       510 |       8.910ms | IncompressibleEuler_MPI::compute_u_yz_trans_pad  
  0.641% |      2.859s |         3 |     953.014ms | CUFFT_MPI::transpose                             
  0.616% |      2.747s |         1 |        2.747s | FFTWFFT_R2C::forward                             
  0.611% |      2.727s |         1 |        2.727s | FFTWFFT_R2C::backward                            
  0.528% |      2.356s |       510 |       4.620ms | IncompressibleEuler_MPI::compute_u_hat_pad       
rank 2
u_hat_pad_.shape()       = [3, 64, 768, 768]
u_yz_.shape()            = [3, 64, 768, 768]
trans_u_sendbuf_.shape() = [4, 3, 192, 768, 65]
trans_u_recvbuf_.shape() = [4, 3, 192, 768, 65]
u_yz_trans_.shape()      = [3, 192, 768, 257]
u_yz_trans_pad_.shape()  = [3, 192, 768, 385]
u_xyz_trans_.shape()     = [3, 192, 768, 768]
B_xyz_trans_.shape()     = [6, 192, 768, 768]
B_yz_trans_pad_.shape()  = [6, 192, 768, 385]
B_yz_trans_.shape()      = [6, 192, 768, 257]
trans_B_sendbuf_.shape() = [4, 6, 65, 768, 192]
trans_B_recvbuf_.shape() = [4, 6, 65, 768, 192]
B_yz_.shape()            = [6, 64, 768, 768]
B_hat_pad_.shape()       = [6, 64, 768, 768]
B_hat_.shape()           = [6, 64, 512, 512]
Rank 2:
Total Simulation Time: 7min22.929s
 Time %  | Total Time  | Nr. Calls | Time per Call | Name                                             
------------------------------------------------------------------------------------------------------
 87.928% | 6min29.457s |       170 |        2.291s | SSP_RK3::integrate                               
 87.491% | 6min27.525s |       510 |     759.852ms | IncompressibleEuler_MPI::dudt                    
 87.144% | 6min25.987s |       510 |     756.837ms | IncompressibleEuler_MPI::computeBhat             
 76.582% | 5min39.204s |      1023 |     331.578ms | Transpose::eval                                  
 52.937% | 3min54.473s |      4080 |      57.469ms | Transpose::communication                         
 49.319% | 3min38.446s |       510 |     428.326ms | IncompressibleEuler_MPI::compute_B_yz            
 26.784% | 1min58.635s |       510 |     232.618ms | IncompressibleEuler_MPI::compute_u_yz_trans      
  2.459% |     10.890s |       510 |      21.352ms | IncompressibleEuler_MPI::compute_B_xyz_trans_pad 
  2.458% |     10.889s |       510 |      21.351ms | CUFFT_R2C::forward                               
  2.375% |     10.520s |      1020 |      10.314ms | IncompressibleEuler_MPI::compute_B_xyz_trans     
  2.049% |      9.077s |       510 |      17.797ms | IncompressibleEuler_MPI::compute_B__hat_pad      
  2.049% |      9.076s |       510 |      17.797ms | CUFFT_C2C::forward                               
  1.517% |      6.717s |      3060 |       2.195ms | copy_to_padded                                   
  1.293% |      5.728s |      6120 |     935.992us | copy_from_padded                                 
  1.248% |      5.527s |       510 |      10.838ms | IncompressibleEuler_MPI::compute_u_xyz_trans     
  1.248% |      5.527s |       510 |      10.837ms | CUFFT_R2C::backward                              
  1.026% |      4.544s |       510 |       8.910ms | IncompressibleEuler_MPI::compute_u_yz            
  1.026% |      4.544s |       510 |       8.910ms | IncompressibleEuler_MPI::compute_u_yz_trans_pad  
  1.026% |      4.544s |       510 |       8.909ms | CUFFT_C2C::backward                              
  0.726% |      3.214s |         2 |        1.607s | SnapshotWriter::write_snapshot                   
  0.649% |      2.876s |         3 |     958.643ms | CUFFT_MPI::transpose                             
  0.555% |      2.457s |       170 |      14.455ms | CFL::dt                                          
  0.491% |      2.174s |       510 |       4.263ms | IncompressibleEuler_MPI::compute_u_hat_pad       
  0.432% |      1.915s |         2 |     957.555ms | CUFFT_MPI::backward                              
  0.367% |      1.625s |       510 |       3.187ms | IncompressibleEuler_MPI::compute_B__hat          
  0.347% |      1.537s |       510 |       3.014ms | IncompressibleEuler_MPI::computeDudt             
  0.222% |   984.458ms |         1 |     984.458ms | CUFFT_MPI::forward                               
rank 3
u_hat_pad_.shape()       = [3, 64, 768, 768]
u_yz_.shape()            = [3, 64, 768, 768]
trans_u_sendbuf_.shape() = [4, 3, 192, 768, 65]
trans_u_recvbuf_.shape() = [4, 3, 192, 768, 65]
u_yz_trans_.shape()      = [3, 192, 768, 257]
u_yz_trans_pad_.shape()  = [3, 192, 768, 385]
u_xyz_trans_.shape()     = [3, 192, 768, 768]
B_xyz_trans_.shape()     = [6, 192, 768, 768]
B_yz_trans_pad_.shape()  = [6, 192, 768, 385]
B_yz_trans_.shape()      = [6, 192, 768, 257]
trans_B_sendbuf_.shape() = [4, 6, 65, 768, 192]
trans_B_recvbuf_.shape() = [4, 6, 65, 768, 192]
B_yz_.shape()            = [6, 64, 768, 768]
B_hat_pad_.shape()       = [6, 64, 768, 768]
B_hat_.shape()           = [6, 64, 512, 512]
Rank 7:
Total Simulation Time: 7min24.895s
 Time %  | Total Time  | Nr. Calls | Time per Call | Name                                             
------------------------------------------------------------------------------------------------------
 88.073% | 6min31.833s |       170 |        2.305s | SSP_RK3::integrate                               
 87.640% | 6min29.906s |       510 |     764.522ms | IncompressibleEuler_MPI::dudt                    
 87.294% | 6min28.367s |       510 |     761.503ms | IncompressibleEuler_MPI::computeBhat             
 76.761% | 5min41.506s |      1023 |     333.827ms | Transpose::eval                                  
 55.085% |  4min5.068s |      4080 |      60.066ms | Transpose::communication                         
 49.204% | 3min38.906s |       510 |     429.228ms | IncompressibleEuler_MPI::compute_B_yz            
 27.084% |  2min0.496s |       510 |     236.266ms | IncompressibleEuler_MPI::compute_u_yz_trans      
  2.449% |     10.896s |       510 |      21.366ms | IncompressibleEuler_MPI::compute_B_xyz_trans_pad 
  2.449% |     10.896s |       510 |      21.365ms | CUFFT_R2C::forward                               
rank 2
u_hat_pad_.shape()       = [3, 64, 768, 768]
u_yz_.shape()            = [3, 64, 768, 768]
trans_u_sendbuf_.shape() = [4, 3, 192, 768, 65]
trans_u_recvbuf_.shape() = [4, 3, 192, 768, 65]
u_yz_trans_.shape()      = [3, 192, 768, 257]
u_yz_trans_pad_.shape()  = [3, 192, 768, 385]
u_xyz_trans_.shape()     = [3, 192, 768, 768]
B_xyz_trans_.shape()     = [6, 192, 768, 768]
B_yz_trans_pad_.shape()  = [6, 192, 768, 385]
B_yz_trans_.shape()      = [6, 192, 768, 257]
trans_B_sendbuf_.shape() = [4, 6, 65, 768, 192]
trans_B_recvbuf_.shape() = [4, 6, 65, 768, 192]
B_yz_.shape()            = [6, 64, 768, 768]
B_hat_pad_.shape()       = [6, 64, 768, 768]
B_hat_.shape()           = [6, 64, 512, 512]
Rank 6:
Total Simulation Time: 7min24.857s
 Time %  | Total Time  | Nr. Calls | Time per Call | Name                                             
------------------------------------------------------------------------------------------------------
  2.364% |     10.516s |      1020 |      10.310ms | IncompressibleEuler_MPI::compute_B_xyz_trans     
  2.048% |      9.111s |       510 |      17.865ms | IncompressibleEuler_MPI::compute_B__hat_pad      
  2.048% |      9.111s |       510 |      17.864ms | CUFFT_C2C::forward                               
  1.510% |      6.719s |      3060 |       2.196ms | copy_to_padded                                   
  1.287% |      5.724s |      6120 |     935.352us | copy_from_padded                                 
  1.243% |      5.530s |       510 |      10.843ms | IncompressibleEuler_MPI::compute_u_xyz_trans     
  1.243% |      5.530s |       510 |      10.843ms | CUFFT_R2C::backward                              
  1.025% |      4.561s |       510 |       8.944ms | IncompressibleEuler_MPI::compute_u_yz            
  1.025% |      4.561s |       510 |       8.943ms | CUFFT_C2C::backward                              
 88.009% | 6min31.515s |       170 |        2.303s | SSP_RK3::integrate                               
 87.576% | 6min29.588s |       510 |     763.898ms | IncompressibleEuler_MPI::dudt                    
 87.230% | 6min28.048s |       510 |     760.879ms | IncompressibleEuler_MPI::computeBhat             
 76.701% | 5min41.208s |      1023 |     333.537ms | Transpose::eval                                  
 52.625% | 3min54.107s |      4080 |      57.379ms | Transpose::communication                         
 49.336% | 3min39.473s |       510 |     430.339ms | IncompressibleEuler_MPI::compute_B_yz            
 26.891% | 1min59.626s |       510 |     234.562ms | IncompressibleEuler_MPI::compute_u_yz_trans      
  2.449% |     10.895s |       510 |      21.362ms | IncompressibleEuler_MPI::compute_B_xyz_trans_pad 
  2.449% |     10.894s |       510 |      21.362ms | CUFFT_R2C::forward                               
  1.021% |      4.540s |       510 |       8.903ms | IncompressibleEuler_MPI::compute_u_yz_trans_pad  
  0.716% |      3.187s |         2 |        1.594s | SnapshotWriter::write_snapshot                   
  0.641% |      2.850s |         3 |     950.077ms | CUFFT_MPI::transpose                             
  0.490% |      2.179s |       510 |       4.273ms | IncompressibleEuler_MPI::compute_u_hat_pad       
  0.444% |      1.975s |       170 |      11.615ms | CFL::dt                                          
  0.426% |      1.896s |         2 |     947.778ms | CUFFT_MPI::backward                              
  0.365% |      1.625s |       510 |       3.187ms | IncompressibleEuler_MPI::compute_B__hat          
  0.346% |      1.539s |       510 |       3.017ms | IncompressibleEuler_MPI::computeDudt             
  0.220% |   978.288ms |         1 |     978.288ms | CUFFT_MPI::forward                               
  2.364% |     10.518s |      1020 |      10.311ms | IncompressibleEuler_MPI::compute_B_xyz_trans     
  2.046% |      9.101s |       510 |      17.845ms | IncompressibleEuler_MPI::compute_B__hat_pad      
  2.046% |      9.101s |       510 |      17.844ms | CUFFT_C2C::forward                               
  1.510% |      6.719s |      3060 |       2.196ms | copy_to_padded                                   
  1.287% |      5.725s |      6120 |     935.506us | copy_from_padded                                 
  1.243% |      5.530s |       510 |      10.843ms | IncompressibleEuler_MPI::compute_u_xyz_trans     
  1.243% |      5.529s |       510 |      10.842ms | CUFFT_R2C::backward                              
  1.024% |      4.557s |       510 |       8.935ms | IncompressibleEuler_MPI::compute_u_yz            
  1.024% |      4.556s |       510 |       8.934ms | CUFFT_C2C::backward                              
  1.021% |      4.541s |       510 |       8.903ms | IncompressibleEuler_MPI::compute_u_yz_trans_pad  
  0.722% |      3.213s |         2 |        1.606s | SnapshotWriter::write_snapshot                   
  0.642% |      2.856s |         3 |     951.946ms | CUFFT_MPI::transpose                             
  0.502% |      2.231s |       170 |      13.125ms | CFL::dt                                          
  0.490% |      2.179s |       510 |       4.273ms | IncompressibleEuler_MPI::compute_u_hat_pad       
  0.427% |      1.901s |         2 |     950.452ms | CUFFT_MPI::backward                              
  0.365% |      1.626s |       510 |       3.188ms | IncompressibleEuler_MPI::compute_B__hat          
  0.346% |      1.539s |       510 |       3.018ms | IncompressibleEuler_MPI::computeDudt             
  0.220% |   978.551ms |         1 |     978.551ms | CUFFT_MPI::forward                               
rank 3
u_hat_pad_.shape()       = [3, 64, 768, 768]
u_yz_.shape()            = [3, 64, 768, 768]
trans_u_sendbuf_.shape() = [4, 3, 192, 768, 65]
trans_u_recvbuf_.shape() = [4, 3, 192, 768, 65]
u_yz_trans_.shape()      = [3, 192, 768, 257]
u_yz_trans_pad_.shape()  = [3, 192, 768, 385]
u_xyz_trans_.shape()     = [3, 192, 768, 768]
B_xyz_trans_.shape()     = [6, 192, 768, 768]
B_yz_trans_pad_.shape()  = [6, 192, 768, 385]
B_yz_trans_.shape()      = [6, 192, 768, 257]
trans_B_sendbuf_.shape() = [4, 6, 65, 768, 192]
trans_B_recvbuf_.shape() = [4, 6, 65, 768, 192]
B_yz_.shape()            = [6, 64, 768, 768]
B_hat_pad_.shape()       = [6, 64, 768, 768]
B_hat_.shape()           = [6, 64, 512, 512]
Rank 3:
Total Simulation Time: 7min23.027s
 Time %  | Total Time  | Nr. Calls | Time per Call | Name                                             
------------------------------------------------------------------------------------------------------
 88.054% | 6min30.104s |       170 |        2.295s | SSP_RK3::integrate                               
 87.619% | 6min28.177s |       510 |     761.132ms | IncompressibleEuler_MPI::dudt                    
 87.272% | 6min26.638s |       510 |     758.113ms | IncompressibleEuler_MPI::computeBhat             
 76.703% | 5min39.813s |      1023 |     332.173ms | Transpose::eval                                  
 55.242% |  4min4.737s |      4080 |      59.984ms | Transpose::communication                         
 49.342% | 3min38.600s |       510 |     428.627ms | IncompressibleEuler_MPI::compute_B_yz            
 26.882% | 1min59.093s |       510 |     233.516ms | IncompressibleEuler_MPI::compute_u_yz_trans      
  2.459% |     10.894s |       510 |      21.360ms | IncompressibleEuler_MPI::compute_B_xyz_trans_pad 
  2.459% |     10.893s |       510 |      21.359ms | CUFFT_R2C::forward                               
  2.374% |     10.516s |      1020 |      10.310ms | IncompressibleEuler_MPI::compute_B_xyz_trans     
  2.054% |      9.100s |       510 |      17.844ms | IncompressibleEuler_MPI::compute_B__hat_pad      
  2.054% |      9.100s |       510 |      17.843ms | CUFFT_C2C::forward                               
  1.517% |      6.719s |      3060 |       2.196ms | copy_to_padded                                   
  1.292% |      5.724s |      6120 |     935.314us | copy_from_padded                                 
  1.248% |      5.528s |       510 |      10.840ms | IncompressibleEuler_MPI::compute_u_xyz_trans     
  1.248% |      5.528s |       510 |      10.839ms | CUFFT_R2C::backward                              
  1.028% |      4.556s |       510 |       8.934ms | IncompressibleEuler_MPI::compute_u_yz            
  1.028% |      4.556s |       510 |       8.933ms | CUFFT_C2C::backward                              
  1.025% |      4.540s |       510 |       8.903ms | IncompressibleEuler_MPI::compute_u_yz_trans_pad  
  0.724% |      3.206s |         2 |        1.603s | SnapshotWriter::write_snapshot                   
  0.647% |      2.867s |         3 |     955.571ms | CUFFT_MPI::transpose                             
  0.492% |      2.180s |       510 |       4.274ms | IncompressibleEuler_MPI::compute_u_hat_pad       
  0.431% |      1.911s |       170 |      11.240ms | CFL::dt                                          
  0.430% |      1.905s |         2 |     952.385ms | CUFFT_MPI::backward                              
  0.367% |      1.625s |       510 |       3.187ms | IncompressibleEuler_MPI::compute_B__hat          
  0.347% |      1.539s |       510 |       3.018ms | IncompressibleEuler_MPI::computeDudt             
  0.222% |   985.580ms |         1 |     985.580ms | CUFFT_MPI::forward                               
rank 1
u_hat_pad_.shape()       = [3, 64, 768, 768]
u_yz_.shape()            = [3, 64, 768, 768]
trans_u_sendbuf_.shape() = [4, 3, 192, 768, 65]
trans_u_recvbuf_.shape() = [4, 3, 192, 768, 65]
u_yz_trans_.shape()      = [3, 192, 768, 257]
u_yz_trans_pad_.shape()  = [3, 192, 768, 385]
u_xyz_trans_.shape()     = [3, 192, 768, 768]
B_xyz_trans_.shape()     = [6, 192, 768, 768]
B_yz_trans_pad_.shape()  = [6, 192, 768, 385]
B_yz_trans_.shape()      = [6, 192, 768, 257]
trans_B_sendbuf_.shape() = [4, 6, 65, 768, 192]
trans_B_recvbuf_.shape() = [4, 6, 65, 768, 192]
B_yz_.shape()            = [6, 64, 768, 768]
B_hat_pad_.shape()       = [6, 64, 768, 768]
B_hat_.shape()           = [6, 64, 512, 512]
Rank 1:
Total Simulation Time: 7min22.962s
 Time %  | Total Time  | Nr. Calls | Time per Call | Name                                             
------------------------------------------------------------------------------------------------------
 87.923% | 6min29.464s |       170 |        2.291s | SSP_RK3::integrate                               
 87.480% | 6min27.505s |       510 |     759.814ms | IncompressibleEuler_MPI::dudt                    
 87.134% | 6min25.971s |       510 |     756.806ms | IncompressibleEuler_MPI::computeBhat             
 76.570% | 5min39.177s |      1023 |     331.551ms | Transpose::eval                                  
 56.908% | 4min12.082s |      4080 |      61.785ms | Transpose::communication                         
 49.312% | 3min38.433s |       510 |     428.301ms | IncompressibleEuler_MPI::compute_B_yz            
 26.781% | 1min58.632s |       510 |     232.611ms | IncompressibleEuler_MPI::compute_u_yz_trans      
  2.460% |     10.895s |       510 |      21.362ms | IncompressibleEuler_MPI::compute_B_xyz_trans_pad 
  2.459% |     10.894s |       510 |      21.362ms | CUFFT_R2C::forward                               
  2.374% |     10.518s |      1020 |      10.312ms | IncompressibleEuler_MPI::compute_B_xyz_trans     
  2.054% |      9.097s |       510 |      17.837ms | IncompressibleEuler_MPI::compute_B__hat_pad      
  2.054% |      9.097s |       510 |      17.837ms | CUFFT_C2C::forward                               
  1.510% |      6.689s |      3060 |       2.186ms | copy_to_padded                                   
  1.291% |      5.717s |      6120 |     934.148us | copy_from_padded                                 
  1.249% |      5.531s |       510 |      10.845ms | IncompressibleEuler_MPI::compute_u_xyz_trans     
  1.248% |      5.530s |       510 |      10.844ms | CUFFT_R2C::backward                              
  1.028% |      4.555s |       510 |       8.932ms | IncompressibleEuler_MPI::compute_u_yz            
  1.028% |      4.555s |       510 |       8.931ms | CUFFT_C2C::backward                              
  1.027% |      4.547s |       510 |       8.916ms | IncompressibleEuler_MPI::compute_u_yz_trans_pad  
  0.720% |      3.189s |         2 |        1.594s | SnapshotWriter::write_snapshot                   
  0.647% |      2.867s |         3 |     955.699ms | CUFFT_MPI::transpose                             
  0.568% |      2.515s |       170 |      14.792ms | CFL::dt                                          
  0.484% |      2.143s |       510 |       4.201ms | IncompressibleEuler_MPI::compute_u_hat_pad       
  0.431% |      1.908s |         2 |     953.800ms | CUFFT_MPI::backward                              
  0.365% |      1.617s |       510 |       3.170ms | IncompressibleEuler_MPI::compute_B__hat          
  0.346% |      1.533s |       510 |       3.006ms | IncompressibleEuler_MPI::computeDudt             
  0.222% |   983.142ms |         1 |     983.142ms | CUFFT_MPI::forward                               
rank 1
u_hat_pad_.shape()       = [3, 64, 768, 768]
u_yz_.shape()            = [3, 64, 768, 768]
trans_u_sendbuf_.shape() = [4, 3, 192, 768, 65]
trans_u_recvbuf_.shape() = [4, 3, 192, 768, 65]
u_yz_trans_.shape()      = [3, 192, 768, 257]
u_yz_trans_pad_.shape()  = [3, 192, 768, 385]
u_xyz_trans_.shape()     = [3, 192, 768, 768]
B_xyz_trans_.shape()     = [6, 192, 768, 768]
B_yz_trans_pad_.shape()  = [6, 192, 768, 385]
B_yz_trans_.shape()      = [6, 192, 768, 257]
trans_B_sendbuf_.shape() = [4, 6, 65, 768, 192]
trans_B_recvbuf_.shape() = [4, 6, 65, 768, 192]
B_yz_.shape()            = [6, 64, 768, 768]
B_hat_pad_.shape()       = [6, 64, 768, 768]
B_hat_.shape()           = [6, 64, 512, 512]
Rank 5:
Total Simulation Time: 7min24.949s
 Time %  | Total Time  | Nr. Calls | Time per Call | Name                                             
------------------------------------------------------------------------------------------------------
 87.989% | 6min31.506s |       170 |        2.303s | SSP_RK3::integrate                               
 87.556% | 6min29.579s |       510 |     763.880ms | IncompressibleEuler_MPI::dudt                    
 87.210% | 6min28.039s |       510 |     760.862ms | IncompressibleEuler_MPI::computeBhat             
 76.690% | 5min41.233s |      1023 |     333.561ms | Transpose::eval                                  
 56.982% | 4min13.539s |      4080 |      62.142ms | Transpose::communication                         
 49.325% | 3min39.471s |       510 |     430.336ms | IncompressibleEuler_MPI::compute_B_yz            
 26.892% | 1min59.657s |       510 |     234.622ms | IncompressibleEuler_MPI::compute_u_yz_trans      
  2.448% |     10.894s |       510 |      21.360ms | IncompressibleEuler_MPI::compute_B_xyz_trans_pad 
  2.448% |     10.893s |       510 |      21.359ms | CUFFT_R2C::forward                               
  2.364% |     10.521s |      1020 |      10.315ms | IncompressibleEuler_MPI::compute_B_xyz_trans     
  2.039% |      9.071s |       510 |      17.785ms | IncompressibleEuler_MPI::compute_B__hat_pad      
  2.038% |      9.070s |       510 |      17.785ms | CUFFT_C2C::forward                               
  1.511% |      6.724s |      3060 |       2.198ms | copy_to_padded                                   
  1.288% |      5.729s |      6120 |     936.126us | copy_from_padded                                 
  1.243% |      5.529s |       510 |      10.841ms | IncompressibleEuler_MPI::compute_u_xyz_trans     
  1.242% |      5.528s |       510 |      10.840ms | CUFFT_R2C::backward                              
  1.021% |      4.544s |       510 |       8.910ms | IncompressibleEuler_MPI::compute_u_yz_trans_pad  
  1.021% |      4.542s |       510 |       8.905ms | IncompressibleEuler_MPI::compute_u_yz            
  1.021% |      4.541s |       510 |       8.904ms | CUFFT_C2C::backward                              
  0.717% |      3.188s |         2 |        1.594s | SnapshotWriter::write_snapshot                   
  0.641% |      2.854s |         3 |     951.290ms | CUFFT_MPI::transpose                             
  0.530% |      2.359s |       170 |      13.878ms | CFL::dt                                          
  0.490% |      2.181s |       510 |       4.277ms | IncompressibleEuler_MPI::compute_u_hat_pad       
  0.426% |      1.898s |         2 |     948.770ms | CUFFT_MPI::backward                              
  0.365% |      1.626s |       510 |       3.188ms | IncompressibleEuler_MPI::compute_B__hat          
  0.346% |      1.539s |       510 |       3.017ms | IncompressibleEuler_MPI::computeDudt             
  0.220% |   979.973ms |         1 |     979.973ms | CUFFT_MPI::forward                               
  0.427% |      1.898s |         2 |     949.224ms | CUFFT_MPI::backward                              
  0.372% |      1.654s |       510 |       3.244ms | IncompressibleEuler_MPI::compute_B__hat          
  0.354% |      1.573s |       510 |       3.085ms | IncompressibleEuler_MPI::computeDudt             
  0.255% |      1.134s |         1 |        1.134s | leray                                            
  0.222% |   984.701ms |         1 |     984.701ms | CUFFT_MPI::forward                               
  0.109% |   484.733ms |       170 |       2.851ms | CFL::dt                                          
  0.426% |      1.901s |         2 |     950.290ms | CUFFT_MPI::backward                              
  0.371% |      1.654s |       510 |       3.244ms | IncompressibleEuler_MPI::compute_B__hat          
  0.353% |      1.574s |       510 |       3.086ms | IncompressibleEuler_MPI::computeDudt             
  0.256% |      1.141s |         1 |        1.141s | leray                                            
  0.220% |   982.188ms |         1 |     982.188ms | CUFFT_MPI::forward                               
  0.107% |   478.625ms |       170 |       2.815ms | CFL::dt                                          


Batch Job Summary Report (version 21.01.1) for Job "tg_N512_weak_2" (37853872) on daint

Job information (1/3)
-----------------------------------------------------------------------------------------------------
             Submit            Eligible               Start                 End    Elapsed Time limit
------------------- ------------------- ------------------- ------------------- ---------- ----------
2022-04-21T13:55:30 2022-04-21T13:55:30 2022-04-21T13:56:25 2022-04-21T14:04:35   00:08:10   01:00:00
-----------------------------------------------------------------------------------------------------

Job information (2/3)
-------------------------------------------------------------
    Username      Account    Partition   NNodes        Energy
------------ ------------ ------------ -------- -------------
     trohner        s1069       normal        8    488.031 kJ

Job information (3/3) - GPU utilization data
----------------------------------------------------
   Node name       Usage      Max mem Execution time
------------ ----------- ------------ --------------
    nid04968        64 %    14565 MiB       00:07:26
    nid04971        64 %    14607 MiB       00:07:26
    nid04969        64 %    14565 MiB       00:07:26
    nid04970        64 %    14565 MiB       00:07:26
    nid04974        64 %    14565 MiB       00:07:26
    nid04973        64 %    14565 MiB       00:07:26
    nid04972        64 %    14565 MiB       00:07:26
    nid04967        64 %    14607 MiB       00:07:26

