ModuleCmd_Switch.c(179):ERROR:152: Module 'PrgEnv-cray' is currently not loaded
CMake(3):ERROR:105: Unable to locate a modulefile for 'CMake/3.21.3'
Info: Minimal padding size given from "N_phys_pad" is 768. Padded to 768 for speed.
Info: Minimal padding size given from "N_phys_pad" is 768. Padded to 768 for speed.
Info: Minimal padding size given from "N_phys_pad" is 768. Padded to 768 for speed.
Info: Minimal padding size given from "N_phys_pad" is 768. Padded to 768 for speed.
Running azeban with 4 MPI ranks.
Run configuration is
{
  "device": "cuda",
  "dimension": 3,
  "equation": {
    "name": "Euler",
    "visc": {
      "eps": 0.05,
      "type": "Quadratic"
    }
  },
  "grid": {
    "N_phys": 512,
    "N_phys_pad": ""
  },
  "init": {
    "name": "Taylor Green",
    "perturb": {
      "max": 0.025,
      "min": -0.025,
      "name": "Uniform"
    }
  },
  "num_samples": 1,
  "output": "tg_N512_weak_1",
  "sample_idx_start": 0,
  "seed": 1,
  "snapshots": {
    "n": 1,
    "start": 0,
    "stop": 0.1
  },
  "time": 0.1,
  "timestepper": {
    "C": 0.5,
    "type": "SSP RK3"
  }
}
rank 0
u_hat_pad_.shape()       = [3, 65, 768, 768]
u_yz_.shape()            = [3, 65, 768, 768]
trans_u_sendbuf_.shape() = [4, 3, 192, 768, 65]
trans_u_recvbuf_.shape() = [4, 3, 192, 768, 65]
u_yz_trans_.shape()      = [3, 192, 768, 257]
u_yz_trans_pad_.shape()  = [3, 192, 768, 385]
u_xyz_trans_.shape()     = [3, 192, 768, 768]
B_xyz_trans_.shape()     = [6, 192, 768, 768]
B_yz_trans_pad_.shape()  = [6, 192, 768, 385]
B_yz_trans_.shape()      = [6, 192, 768, 257]
trans_B_sendbuf_.shape() = [4, 6, 65, 768, 192]
trans_B_recvbuf_.shape() = [4, 6, 65, 768, 192]
B_yz_.shape()            = [6, 65, 768, 768]
B_hat_pad_.shape()       = [6, 65, 768, 768]
B_hat_.shape()           = [6, 65, 512, 512]
Sample: 0, Time: 0
Sample: 0, Time: 0.1
Rank 0:
Total Simulation Time: 6min23.250s
 Time %  | Total Time  | Nr. Calls | Time per Call | Name                                             
------------------------------------------------------------------------------------------------------
 85.786% | 5min28.776s |       170 |        1.934s | SSP_RK3::integrate                               
 85.278% | 5min26.829s |       510 |     640.842ms | IncompressibleEuler_MPI::dudt                    
 84.868% | 5min25.256s |       510 |     637.756ms | IncompressibleEuler_MPI::computeBhat             
 64.488% |  4min7.152s |      1023 |     241.595ms | Transpose::eval                                  
 54.386% | 3min28.434s |      4080 |      51.087ms | Transpose::communication                         
 42.374% | 2min42.398s |       510 |     318.428ms | IncompressibleEuler_MPI::compute_B_yz            
 21.564% | 1min22.644s |       510 |     162.048ms | IncompressibleEuler_MPI::compute_u_yz_trans      
  7.381% |     28.287s |       510 |      55.465ms | IncompressibleEuler_MPI::compute_B__hat_pad      
  7.381% |     28.287s |       510 |      55.465ms | CUFFT_C2C::forward                               
  4.877% |     18.692s |      3060 |       6.108ms | copy_to_padded                                   
  4.263% |     16.338s |       510 |      32.035ms | IncompressibleEuler_MPI::compute_u_yz_trans_pad  
  2.843% |     10.895s |       510 |      21.363ms | IncompressibleEuler_MPI::compute_B_xyz_trans_pad 
  2.843% |     10.895s |       510 |      21.362ms | CUFFT_R2C::forward                               
  2.744% |     10.516s |      1020 |      10.310ms | IncompressibleEuler_MPI::compute_B_xyz_trans     
  1.501% |      5.753s |      6120 |     940.039us | copy_from_padded                                 
  1.466% |      5.618s |         2 |        2.809s | SnapshotWriter::write_snapshot                   
  1.443% |      5.531s |       510 |      10.845ms | IncompressibleEuler_MPI::compute_u_xyz_trans     
  1.443% |      5.530s |       510 |      10.844ms | CUFFT_R2C::backward                              
  1.209% |      4.634s |       510 |       9.085ms | IncompressibleEuler_MPI::compute_u_yz            
  1.209% |      4.633s |       510 |       9.084ms | CUFFT_C2C::backward                              
  0.744% |      2.850s |         3 |     950.104ms | CUFFT_MPI::transpose                             
  0.718% |      2.750s |         1 |        2.750s | FFTWFFT_R2C::forward                             
  0.708% |      2.712s |         1 |        2.712s | FFTWFFT_R2C::backward                            
  0.614% |      2.355s |       510 |       4.617ms | IncompressibleEuler_MPI::compute_u_hat_pad       
rank 2
u_hat_pad_.shape()       = [3, 64, 768, 768]
u_yz_.shape()            = [3, 64, 768, 768]
trans_u_sendbuf_.shape() = [4, 3, 192, 768, 65]
trans_u_recvbuf_.shape() = [4, 3, 192, 768, 65]
u_yz_trans_.shape()      = [3, 192, 768, 257]
u_yz_trans_pad_.shape()  = [3, 192, 768, 385]
u_xyz_trans_.shape()     = [3, 192, 768, 768]
B_xyz_trans_.shape()     = [6, 192, 768, 768]
B_yz_trans_pad_.shape()  = [6, 192, 768, 385]
B_yz_trans_.shape()      = [6, 192, 768, 257]
trans_B_sendbuf_.shape() = [4, 6, 65, 768, 192]
trans_B_recvbuf_.shape() = [4, 6, 65, 768, 192]
B_yz_.shape()            = [6, 64, 768, 768]
B_hat_pad_.shape()       = [6, 64, 768, 768]
B_hat_.shape()           = [6, 64, 512, 512]
Rank 2:
Total Simulation Time: 6min22.066s
 Time %  | Total Time  | Nr. Calls | Time per Call | Name                                             
------------------------------------------------------------------------------------------------------
 85.989% | 5min28.533s |       170 |        1.933s | SSP_RK3::integrate                               
 85.484% | 5min26.606s |       510 |     640.404ms | IncompressibleEuler_MPI::dudt                    
 85.081% | 5min25.067s |       510 |     637.386ms | IncompressibleEuler_MPI::computeBhat             
 64.821% |  4min7.661s |      1023 |     242.093ms | Transpose::eval                                  
 55.012% | 3min30.181s |      4080 |      51.515ms | Transpose::communication                         
 42.201% | 2min41.235s |       510 |     316.148ms | IncompressibleEuler_MPI::compute_B_yz            
 22.069% | 1min24.318s |       510 |     165.330ms | IncompressibleEuler_MPI::compute_u_yz_trans      
  7.289% |     27.849s |       510 |      54.606ms | IncompressibleEuler_MPI::compute_B__hat_pad      
  7.289% |     27.849s |       510 |      54.605ms | CUFFT_C2C::forward                               
  4.849% |     18.526s |      3060 |       6.054ms | copy_to_padded                                   
  4.279% |     16.348s |       510 |      32.054ms | IncompressibleEuler_MPI::compute_u_yz_trans_pad  
  2.853% |     10.899s |       510 |      21.371ms | IncompressibleEuler_MPI::compute_B_xyz_trans_pad 
  2.853% |     10.899s |       510 |      21.370ms | CUFFT_R2C::forward                               
  2.752% |     10.516s |      1020 |      10.310ms | IncompressibleEuler_MPI::compute_B_xyz_trans     
  1.498% |      5.725s |      6120 |     935.469us | copy_from_padded                                 
  1.448% |      5.532s |       510 |      10.847ms | IncompressibleEuler_MPI::compute_u_xyz_trans     
  1.448% |      5.531s |       510 |      10.846ms | CUFFT_R2C::backward                              
  1.194% |      4.560s |       510 |       8.942ms | IncompressibleEuler_MPI::compute_u_yz            
  1.193% |      4.560s |       510 |       8.941ms | CUFFT_C2C::backward                              
  0.838% |      3.201s |         2 |        1.600s | SnapshotWriter::write_snapshot                   
  0.746% |      2.852s |         3 |     950.605ms | CUFFT_MPI::transpose                             
  0.571% |      2.180s |       510 |       4.274ms | IncompressibleEuler_MPI::compute_u_hat_pad       
  0.515% |      1.968s |       170 |      11.576ms | CFL::dt                                          
  0.497% |      1.898s |         2 |     948.892ms | CUFFT_MPI::backward                              
  0.426% |      1.626s |       510 |       3.188ms | IncompressibleEuler_MPI::compute_B__hat          
  0.403% |      1.539s |       510 |       3.017ms | IncompressibleEuler_MPI::computeDudt             
  0.256% |   977.679ms |         1 |     977.679ms | CUFFT_MPI::forward                               
rank 3
u_hat_pad_.shape()       = [3, 64, 768, 768]
u_yz_.shape()            = [3, 64, 768, 768]
trans_u_sendbuf_.shape() = [4, 3, 192, 768, 65]
trans_u_recvbuf_.shape() = [4, 3, 192, 768, 65]
u_yz_trans_.shape()      = [3, 192, 768, 257]
u_yz_trans_pad_.shape()  = [3, 192, 768, 385]
u_xyz_trans_.shape()     = [3, 192, 768, 768]
B_xyz_trans_.shape()     = [6, 192, 768, 768]
B_yz_trans_pad_.shape()  = [6, 192, 768, 385]
B_yz_trans_.shape()      = [6, 192, 768, 257]
trans_B_sendbuf_.shape() = [4, 6, 65, 768, 192]
trans_B_recvbuf_.shape() = [4, 6, 65, 768, 192]
B_yz_.shape()            = [6, 64, 768, 768]
B_hat_pad_.shape()       = [6, 64, 768, 768]
B_hat_.shape()           = [6, 64, 512, 512]
Rank 3:
Total Simulation Time: 6min21.968s
 Time %  | Total Time  | Nr. Calls | Time per Call | Name                                             
------------------------------------------------------------------------------------------------------
 86.030% | 5min28.608s |       170 |        1.933s | SSP_RK3::integrate                               
 85.526% | 5min26.681s |       510 |     640.550ms | IncompressibleEuler_MPI::dudt                    
 85.123% | 5min25.141s |       510 |     637.532ms | IncompressibleEuler_MPI::computeBhat             
 64.447% |  4min6.167s |      1023 |     240.633ms | Transpose::eval                                  
 54.628% | 3min28.660s |      4080 |      51.142ms | Transpose::communication                         
 42.103% | 2min40.820s |       510 |     315.332ms | IncompressibleEuler_MPI::compute_B_yz            
 21.794% | 1min23.246s |       510 |     163.228ms | IncompressibleEuler_MPI::compute_u_yz_trans      
  7.291% |     27.850s |       510 |      54.608ms | IncompressibleEuler_MPI::compute_B__hat_pad      
  7.291% |     27.850s |       510 |      54.607ms | CUFFT_C2C::forward                               
  5.260% |     20.093s |      3060 |       6.566ms | copy_to_padded                                   
  4.690% |     17.914s |       510 |      35.125ms | IncompressibleEuler_MPI::compute_u_yz_trans_pad  
  2.853% |     10.896s |       510 |      21.365ms | IncompressibleEuler_MPI::compute_B_xyz_trans_pad 
  2.853% |     10.896s |       510 |      21.365ms | CUFFT_R2C::forward                               
  2.753% |     10.516s |      1020 |      10.310ms | IncompressibleEuler_MPI::compute_B_xyz_trans     
  1.499% |      5.725s |      6120 |     935.426us | copy_from_padded                                 
  1.448% |      5.531s |       510 |      10.845ms | IncompressibleEuler_MPI::compute_u_xyz_trans     
  1.448% |      5.530s |       510 |      10.844ms | CUFFT_R2C::backward                              
  1.194% |      4.559s |       510 |       8.939ms | IncompressibleEuler_MPI::compute_u_yz            
  1.193% |      4.558s |       510 |       8.938ms | CUFFT_C2C::backward                              
  0.823% |      3.144s |         2 |        1.572s | SnapshotWriter::write_snapshot                   
  0.745% |      2.847s |         3 |     948.946ms | CUFFT_MPI::transpose                             
  0.571% |      2.180s |       510 |       4.275ms | IncompressibleEuler_MPI::compute_u_hat_pad       
  0.496% |      1.894s |         2 |     946.773ms | CUFFT_MPI::backward                              
  0.487% |      1.861s |       170 |      10.950ms | CFL::dt                                          
  0.426% |      1.626s |       510 |       3.188ms | IncompressibleEuler_MPI::compute_B__hat          
  0.403% |      1.539s |       510 |       3.017ms | IncompressibleEuler_MPI::computeDudt             
  0.256% |   976.951ms |         1 |     976.951ms | CUFFT_MPI::forward                               
rank 1
u_hat_pad_.shape()       = [3, 64, 768, 768]
u_yz_.shape()            = [3, 64, 768, 768]
trans_u_sendbuf_.shape() = [4, 3, 192, 768, 65]
trans_u_recvbuf_.shape() = [4, 3, 192, 768, 65]
u_yz_trans_.shape()      = [3, 192, 768, 257]
u_yz_trans_pad_.shape()  = [3, 192, 768, 385]
u_xyz_trans_.shape()     = [3, 192, 768, 768]
B_xyz_trans_.shape()     = [6, 192, 768, 768]
B_yz_trans_pad_.shape()  = [6, 192, 768, 385]
B_yz_trans_.shape()      = [6, 192, 768, 257]
trans_B_sendbuf_.shape() = [4, 6, 65, 768, 192]
trans_B_recvbuf_.shape() = [4, 6, 65, 768, 192]
B_yz_.shape()            = [6, 64, 768, 768]
B_hat_pad_.shape()       = [6, 64, 768, 768]
B_hat_.shape()           = [6, 64, 512, 512]
Rank 1:
Total Simulation Time: 6min22.000s
 Time %  | Total Time  | Nr. Calls | Time per Call | Name                                             
------------------------------------------------------------------------------------------------------
 86.004% | 5min28.535s |       170 |        1.933s | SSP_RK3::integrate                               
 85.500% | 5min26.609s |       510 |     640.409ms | IncompressibleEuler_MPI::dudt                    
 85.097% | 5min25.069s |       510 |     637.391ms | IncompressibleEuler_MPI::computeBhat             
 64.834% |  4min7.664s |      1023 |     242.096ms | Transpose::eval                                  
 55.025% | 3min30.195s |      4080 |      51.518ms | Transpose::communication                         
 42.209% | 2min41.237s |       510 |     316.151ms | IncompressibleEuler_MPI::compute_B_yz            
 22.074% | 1min24.321s |       510 |     165.335ms | IncompressibleEuler_MPI::compute_u_yz_trans      
  7.291% |     27.853s |       510 |      54.614ms | IncompressibleEuler_MPI::compute_B__hat_pad      
  7.291% |     27.853s |       510 |      54.613ms | CUFFT_C2C::forward                               
  4.850% |     18.527s |      3060 |       6.055ms | copy_to_padded                                   
  4.280% |     16.348s |       510 |      32.055ms | IncompressibleEuler_MPI::compute_u_yz_trans_pad  
  2.853% |     10.897s |       510 |      21.367ms | IncompressibleEuler_MPI::compute_B_xyz_trans_pad 
  2.853% |     10.897s |       510 |      21.366ms | CUFFT_R2C::forward                               
  2.753% |     10.516s |      1020 |      10.310ms | IncompressibleEuler_MPI::compute_B_xyz_trans     
  1.499% |      5.725s |      6120 |     935.381us | copy_from_padded                                 
  1.448% |      5.531s |       510 |      10.844ms | IncompressibleEuler_MPI::compute_u_xyz_trans     
  1.448% |      5.530s |       510 |      10.843ms | CUFFT_R2C::backward                              
  1.193% |      4.559s |       510 |       8.938ms | IncompressibleEuler_MPI::compute_u_yz            
  1.193% |      4.558s |       510 |       8.937ms | CUFFT_C2C::backward                              
  0.847% |      3.236s |         2 |        1.618s | SnapshotWriter::write_snapshot                   
  0.746% |      2.850s |         3 |     949.892ms | CUFFT_MPI::transpose                             
  0.571% |      2.180s |       510 |       4.274ms | IncompressibleEuler_MPI::compute_u_hat_pad       
  0.497% |      1.898s |         2 |     948.839ms | CUFFT_MPI::backward                              
  0.490% |      1.872s |       170 |      11.012ms | CFL::dt                                          
  0.426% |      1.625s |       510 |       3.187ms | IncompressibleEuler_MPI::compute_B__hat          
  0.403% |      1.539s |       510 |       3.017ms | IncompressibleEuler_MPI::computeDudt             
  0.255% |   975.607ms |         1 |     975.607ms | CUFFT_MPI::forward                               
  0.494% |      1.895s |         2 |     947.370ms | CUFFT_MPI::backward                              
  0.432% |      1.654s |       510 |       3.243ms | IncompressibleEuler_MPI::compute_B__hat          
  0.411% |      1.573s |       510 |       3.085ms | IncompressibleEuler_MPI::computeDudt             
  0.299% |      1.145s |         1 |        1.145s | leray                                            
  0.256% |   979.322ms |         1 |     979.322ms | CUFFT_MPI::forward                               
  0.121% |   462.842ms |       170 |       2.723ms | CFL::dt                                          


Batch Job Summary Report (version 21.01.1) for Job "tg_N512_weak_1" (37702312) on daint

Job information (1/3)
-----------------------------------------------------------------------------------------------------
             Submit            Eligible               Start                 End    Elapsed Time limit
------------------- ------------------- ------------------- ------------------- ---------- ----------
2022-04-14T14:27:54 2022-04-14T14:27:54 2022-04-14T18:56:40 2022-04-14T19:03:18   00:06:38   01:00:00
-----------------------------------------------------------------------------------------------------

Job information (2/3)
-------------------------------------------------------------
    Username      Account    Partition   NNodes        Energy
------------ ------------ ------------ -------- -------------
     trohner        s1069       normal        4    208.661 kJ

Job information (3/3) - GPU utilization data
----------------------------------------------------
   Node name       Usage      Max mem Execution time
------------ ----------- ------------ --------------
    nid03275        74 %    14565 MiB       00:06:23
    nid03273        74 %    14565 MiB       00:06:23
    nid03274        73 %    14565 MiB       00:06:23
    nid03272        74 %    14607 MiB       00:06:23

