ModuleCmd_Switch.c(179):ERROR:152: Module 'PrgEnv-cray' is currently not loaded
CMake(3):ERROR:105: Unable to locate a modulefile for 'CMake/3.21.3'
Info: Minimal padding size given from "N_phys_pad" is 768. Padded to 768 for speed.
Info: Minimal padding size given from "N_phys_pad" is 768. Padded to 768 for speed.
Info: Minimal padding size given from "N_phys_pad" is 768. Padded to 768 for speed.
Info: Minimal padding size given from "N_phys_pad" is 768. Padded to 768 for speed.
Running azeban with 4 MPI ranks.
Run configuration is
{
  "device": "cuda",
  "dimension": 3,
  "equation": {
    "name": "Euler",
    "visc": {
      "eps": 0.05,
      "type": "Quadratic"
    }
  },
  "grid": {
    "N_phys": 512,
    "N_phys_pad": ""
  },
  "init": {
    "name": "Taylor Green",
    "perturb": {
      "max": 0.025,
      "min": -0.025,
      "name": "Uniform"
    }
  },
  "num_samples": 1,
  "output": "tg_N512_weak_1",
  "sample_idx_start": 0,
  "seed": 1,
  "snapshots": {
    "n": 1,
    "start": 0,
    "stop": 0.1
  },
  "time": 0.1,
  "timestepper": {
    "C": 0.5,
    "type": "SSP RK3"
  }
}
rank 0
u_hat_pad_.shape()       = [3, 65, 768, 768]
u_yz_.shape()            = [3, 65, 768, 768]
trans_u_sendbuf_.shape() = [4, 3, 192, 768, 65]
trans_u_recvbuf_.shape() = [4, 3, 192, 768, 65]
u_yz_trans_.shape()      = [3, 192, 768, 257]
u_yz_trans_pad_.shape()  = [3, 192, 768, 385]
u_xyz_trans_.shape()     = [3, 192, 768, 768]
B_xyz_trans_.shape()     = [6, 192, 768, 768]
B_yz_trans_pad_.shape()  = [6, 192, 768, 385]
B_yz_trans_.shape()      = [6, 192, 768, 257]
trans_B_sendbuf_.shape() = [4, 6, 65, 768, 192]
trans_B_recvbuf_.shape() = [4, 6, 65, 768, 192]
B_yz_.shape()            = [6, 65, 768, 768]
B_hat_pad_.shape()       = [6, 65, 768, 768]
B_hat_.shape()           = [6, 65, 512, 512]
Sample: 0, Time: 0
Sample: 0, Time: 0.1
Rank 0:
Total Simulation Time: 7min25.504s
 Time %  | Total Time  | Nr. Calls | Time per Call | Name                                             
------------------------------------------------------------------------------------------------------
 87.820% | 6min31.240s |       170 |        2.301s | SSP_RK3::integrate                               
 87.380% | 6min29.279s |       510 |     763.292ms | IncompressibleEuler_MPI::dudt                    
 87.030% | 6min27.720s |       510 |     760.235ms | IncompressibleEuler_MPI::computeBhat             
 76.434% | 5min40.514s |      1023 |     332.858ms | Transpose::eval                                  
 53.364% | 3min57.739s |      4080 |      58.269ms | Transpose::communication                         
 49.273% | 3min39.512s |       510 |     430.416ms | IncompressibleEuler_MPI::compute_B_yz            
 26.682% | 1min58.868s |       510 |     233.075ms | IncompressibleEuler_MPI::compute_u_yz_trans      
  2.444% |     10.888s |       510 |      21.349ms | IncompressibleEuler_MPI::compute_B_xyz_trans_pad 
  2.444% |     10.888s |       510 |      21.348ms | CUFFT_R2C::forward                               
  2.361% |     10.520s |      1020 |      10.314ms | IncompressibleEuler_MPI::compute_B_xyz_trans     
  2.070% |      9.222s |       510 |      18.083ms | IncompressibleEuler_MPI::compute_B__hat_pad      
  2.070% |      9.222s |       510 |      18.082ms | CUFFT_C2C::forward                               
  1.549% |      6.902s |      3060 |       2.255ms | copy_to_padded                                   
  1.294% |      5.765s |         2 |        2.882s | SnapshotWriter::write_snapshot                   
  1.293% |      5.759s |      6120 |     941.000us | copy_from_padded                                 
  1.241% |      5.529s |       510 |      10.841ms | IncompressibleEuler_MPI::compute_u_xyz_trans     
  1.241% |      5.528s |       510 |      10.840ms | CUFFT_R2C::backward                              
  1.037% |      4.618s |       510 |       9.055ms | IncompressibleEuler_MPI::compute_u_yz            
  1.036% |      4.618s |       510 |       9.054ms | CUFFT_C2C::backward                              
  1.017% |      4.529s |       510 |       8.880ms | IncompressibleEuler_MPI::compute_u_yz_trans_pad  
  0.645% |      2.875s |         3 |     958.391ms | CUFFT_MPI::transpose                             
  0.625% |      2.783s |         1 |        2.783s | FFTWFFT_R2C::forward                             
  0.598% |      2.665s |         1 |        2.665s | FFTWFFT_R2C::backward                            
  0.533% |      2.374s |       510 |       4.654ms | IncompressibleEuler_MPI::compute_u_hat_pad       
rank 1
u_hat_pad_.shape()       = [3, 64, 768, 768]
u_yz_.shape()            = [3, 64, 768, 768]
trans_u_sendbuf_.shape() = [4, 3, 192, 768, 65]
trans_u_recvbuf_.shape() = [4, 3, 192, 768, 65]
u_yz_trans_.shape()      = [3, 192, 768, 257]
u_yz_trans_pad_.shape()  = [3, 192, 768, 385]
u_xyz_trans_.shape()     = [3, 192, 768, 768]
B_xyz_trans_.shape()     = [6, 192, 768, 768]
B_yz_trans_pad_.shape()  = [6, 192, 768, 385]
B_yz_trans_.shape()      = [6, 192, 768, 257]
trans_B_sendbuf_.shape() = [4, 6, 65, 768, 192]
trans_B_recvbuf_.shape() = [4, 6, 65, 768, 192]
B_yz_.shape()            = [6, 64, 768, 768]
B_hat_pad_.shape()       = [6, 64, 768, 768]
B_hat_.shape()           = [6, 64, 512, 512]
Rank 1:
Total Simulation Time: 7min24.177s
 Time %  | Total Time  | Nr. Calls | Time per Call | Name                                             
------------------------------------------------------------------------------------------------------
 87.957% | 6min30.683s |       170 |        2.298s | SSP_RK3::integrate                               
 87.523% | 6min28.755s |       510 |     762.265ms | IncompressibleEuler_MPI::dudt                    
 87.176% | 6min27.216s |       510 |     759.247ms | IncompressibleEuler_MPI::computeBhat             
 76.634% | 5min40.391s |      1023 |     332.738ms | Transpose::eval                                  
 56.920% | 4min12.827s |      4080 |      61.967ms | Transpose::communication                         
 48.965% | 3min37.492s |       510 |     426.454ms | IncompressibleEuler_MPI::compute_B_yz            
 27.191% |  2min0.775s |       510 |     236.814ms | IncompressibleEuler_MPI::compute_u_yz_trans      
  2.453% |     10.895s |       510 |      21.363ms | IncompressibleEuler_MPI::compute_B_xyz_trans_pad 
  2.453% |     10.895s |       510 |      21.362ms | CUFFT_R2C::forward                               
  2.368% |     10.516s |      1020 |      10.310ms | IncompressibleEuler_MPI::compute_B_xyz_trans     
  2.049% |      9.101s |       510 |      17.845ms | IncompressibleEuler_MPI::compute_B__hat_pad      
  2.049% |      9.101s |       510 |      17.845ms | CUFFT_C2C::forward                               
  1.513% |      6.719s |      3060 |       2.196ms | copy_to_padded                                   
  1.289% |      5.724s |      6120 |     935.369us | copy_from_padded                                 
  1.245% |      5.530s |       510 |      10.843ms | IncompressibleEuler_MPI::compute_u_xyz_trans     
  1.245% |      5.530s |       510 |      10.842ms | CUFFT_R2C::backward                              
  1.026% |      4.557s |       510 |       8.935ms | IncompressibleEuler_MPI::compute_u_yz            
  1.026% |      4.556s |       510 |       8.934ms | CUFFT_C2C::backward                              
  1.022% |      4.540s |       510 |       8.903ms | IncompressibleEuler_MPI::compute_u_yz_trans_pad  
  0.719% |      3.195s |         2 |        1.598s | SnapshotWriter::write_snapshot                   
  0.647% |      2.874s |         3 |     958.141ms | CUFFT_MPI::transpose                             
  0.522% |      2.317s |       170 |      13.627ms | CFL::dt                                          
  0.491% |      2.180s |       510 |       4.274ms | IncompressibleEuler_MPI::compute_u_hat_pad       
  0.431% |      1.913s |         2 |     956.297ms | CUFFT_MPI::backward                              
  0.366% |      1.625s |       510 |       3.187ms | IncompressibleEuler_MPI::compute_B__hat          
  0.346% |      1.539s |       510 |       3.017ms | IncompressibleEuler_MPI::computeDudt             
  0.222% |   985.446ms |         1 |     985.446ms | CUFFT_MPI::forward                               
rank 3
u_hat_pad_.shape()       = [3, 64, 768, 768]
u_yz_.shape()            = [3, 64, 768, 768]
trans_u_sendbuf_.shape() = [4, 3, 192, 768, 65]
trans_u_recvbuf_.shape() = [4, 3, 192, 768, 65]
u_yz_trans_.shape()      = [3, 192, 768, 257]
u_yz_trans_pad_.shape()  = [3, 192, 768, 385]
u_xyz_trans_.shape()     = [3, 192, 768, 768]
B_xyz_trans_.shape()     = [6, 192, 768, 768]
B_yz_trans_pad_.shape()  = [6, 192, 768, 385]
B_yz_trans_.shape()      = [6, 192, 768, 257]
trans_B_sendbuf_.shape() = [4, 6, 65, 768, 192]
trans_B_recvbuf_.shape() = [4, 6, 65, 768, 192]
B_yz_.shape()            = [6, 64, 768, 768]
B_hat_pad_.shape()       = [6, 64, 768, 768]
B_hat_.shape()           = [6, 64, 512, 512]
Rank 3:
Total Simulation Time: 7min24.133s
 Time %  | Total Time  | Nr. Calls | Time per Call | Name                                             
------------------------------------------------------------------------------------------------------
 88.053% | 6min31.072s |       170 |        2.300s | SSP_RK3::integrate                               
 87.618% | 6min29.139s |       510 |     763.017ms | IncompressibleEuler_MPI::dudt                    
 87.271% | 6min27.601s |       510 |     760.002ms | IncompressibleEuler_MPI::computeBhat             
 76.733% | 5min40.799s |      1023 |     333.136ms | Transpose::eval                                  
 55.308% |  4min5.640s |      4080 |      60.206ms | Transpose::communication                         
 49.001% | 3min37.630s |       510 |     426.726ms | IncompressibleEuler_MPI::compute_B_yz            
 27.252% |  2min1.035s |       510 |     237.323ms | IncompressibleEuler_MPI::compute_u_yz_trans      
  2.453% |     10.893s |       510 |      21.359ms | IncompressibleEuler_MPI::compute_B_xyz_trans_pad 
  2.453% |     10.893s |       510 |      21.358ms | CUFFT_R2C::forward                               
  2.368% |     10.517s |      1020 |      10.310ms | IncompressibleEuler_MPI::compute_B_xyz_trans     
  2.048% |      9.097s |       510 |      17.838ms | IncompressibleEuler_MPI::compute_B__hat_pad      
  2.048% |      9.097s |       510 |      17.837ms | CUFFT_C2C::forward                               
  1.511% |      6.713s |      3060 |       2.194ms | copy_to_padded                                   
  1.289% |      5.725s |      6120 |     935.440us | copy_from_padded                                 
  1.245% |      5.529s |       510 |      10.842ms | IncompressibleEuler_MPI::compute_u_xyz_trans     
  1.245% |      5.529s |       510 |      10.841ms | CUFFT_R2C::backward                              
  1.026% |      4.556s |       510 |       8.933ms | IncompressibleEuler_MPI::compute_u_yz            
  1.026% |      4.555s |       510 |       8.932ms | CUFFT_C2C::backward                              
  1.022% |      4.541s |       510 |       8.903ms | IncompressibleEuler_MPI::compute_u_yz_trans_pad  
  0.698% |      3.102s |         2 |        1.551s | SnapshotWriter::write_snapshot                   
  0.648% |      2.877s |         3 |     959.070ms | CUFFT_MPI::transpose                             
  0.489% |      2.173s |       510 |       4.261ms | IncompressibleEuler_MPI::compute_u_hat_pad       
  0.444% |      1.973s |       170 |      11.605ms | CFL::dt                                          
  0.431% |      1.915s |         2 |     957.493ms | CUFFT_MPI::backward                              
  0.366% |      1.626s |       510 |       3.188ms | IncompressibleEuler_MPI::compute_B__hat          
  0.346% |      1.537s |       510 |       3.014ms | IncompressibleEuler_MPI::computeDudt             
  0.222% |   985.867ms |         1 |     985.867ms | CUFFT_MPI::forward                               
  0.428% |      1.909s |         2 |     954.429ms | CUFFT_MPI::backward                              
  0.372% |      1.656s |       510 |       3.247ms | IncompressibleEuler_MPI::compute_B__hat          
  0.350% |      1.559s |       510 |       3.057ms | IncompressibleEuler_MPI::computeDudt             
  0.256% |      1.141s |         1 |        1.141s | leray                                            
  0.222% |   990.077ms |         1 |     990.077ms | CUFFT_MPI::forward                               
  0.105% |   465.846ms |       170 |       2.740ms | CFL::dt                                          
rank 2
u_hat_pad_.shape()       = [3, 64, 768, 768]
u_yz_.shape()            = [3, 64, 768, 768]
trans_u_sendbuf_.shape() = [4, 3, 192, 768, 65]
trans_u_recvbuf_.shape() = [4, 3, 192, 768, 65]
u_yz_trans_.shape()      = [3, 192, 768, 257]
u_yz_trans_pad_.shape()  = [3, 192, 768, 385]
u_xyz_trans_.shape()     = [3, 192, 768, 768]
B_xyz_trans_.shape()     = [6, 192, 768, 768]
B_yz_trans_pad_.shape()  = [6, 192, 768, 385]
B_yz_trans_.shape()      = [6, 192, 768, 257]
trans_B_sendbuf_.shape() = [4, 6, 65, 768, 192]
trans_B_recvbuf_.shape() = [4, 6, 65, 768, 192]
B_yz_.shape()            = [6, 64, 768, 768]
B_hat_pad_.shape()       = [6, 64, 768, 768]
B_hat_.shape()           = [6, 64, 512, 512]
Rank 2:
Total Simulation Time: 7min24.231s
 Time %  | Total Time  | Nr. Calls | Time per Call | Name                                             
------------------------------------------------------------------------------------------------------
 87.945% | 6min30.680s |       170 |        2.298s | SSP_RK3::integrate                               
 87.510% | 6min28.747s |       510 |     762.249ms | IncompressibleEuler_MPI::dudt                    
 87.164% | 6min27.209s |       510 |     759.234ms | IncompressibleEuler_MPI::computeBhat             
 76.630% | 5min40.414s |      1023 |     332.761ms | Transpose::eval                                  
 53.435% | 3min57.376s |      4080 |      58.180ms | Transpose::communication                         
 48.957% | 3min37.484s |       510 |     426.439ms | IncompressibleEuler_MPI::compute_B_yz            
 27.192% |  2min0.796s |       510 |     236.855ms | IncompressibleEuler_MPI::compute_u_yz_trans      
  2.452% |     10.894s |       510 |      21.360ms | IncompressibleEuler_MPI::compute_B_xyz_trans_pad 
  2.452% |     10.893s |       510 |      21.359ms | CUFFT_R2C::forward                               
  2.368% |     10.520s |      1020 |      10.314ms | IncompressibleEuler_MPI::compute_B_xyz_trans     
  2.046% |      9.089s |       510 |      17.821ms | IncompressibleEuler_MPI::compute_B__hat_pad      
  2.046% |      9.089s |       510 |      17.821ms | CUFFT_C2C::forward                               
  1.512% |      6.717s |      3060 |       2.195ms | copy_to_padded                                   
  1.290% |      5.729s |      6120 |     936.045us | copy_from_padded                                 
  1.245% |      5.529s |       510 |      10.841ms | IncompressibleEuler_MPI::compute_u_xyz_trans     
  1.245% |      5.529s |       510 |      10.840ms | CUFFT_R2C::backward                              
  1.024% |      4.550s |       510 |       8.923ms | IncompressibleEuler_MPI::compute_u_yz            
  1.024% |      4.550s |       510 |       8.922ms | CUFFT_C2C::backward                              
  1.023% |      4.544s |       510 |       8.909ms | IncompressibleEuler_MPI::compute_u_yz_trans_pad  
  0.745% |      3.311s |         2 |        1.656s | SnapshotWriter::write_snapshot                   
  0.650% |      2.885s |         3 |     961.765ms | CUFFT_MPI::transpose                             
  0.508% |      2.256s |       170 |      13.273ms | CFL::dt                                          
  0.489% |      2.174s |       510 |       4.263ms | IncompressibleEuler_MPI::compute_u_hat_pad       
  0.433% |      1.922s |         2 |     960.947ms | CUFFT_MPI::backward                              
  0.366% |      1.626s |       510 |       3.187ms | IncompressibleEuler_MPI::compute_B__hat          
  0.346% |      1.537s |       510 |       3.014ms | IncompressibleEuler_MPI::computeDudt             
  0.222% |   987.029ms |         1 |     987.029ms | CUFFT_MPI::forward                               


Batch Job Summary Report (version 21.01.1) for Job "tg_N512_weak_1" (37853871) on daint

Job information (1/3)
-----------------------------------------------------------------------------------------------------
             Submit            Eligible               Start                 End    Elapsed Time limit
------------------- ------------------- ------------------- ------------------- ---------- ----------
2022-04-21T13:55:27 2022-04-21T13:55:27 2022-04-21T13:56:25 2022-04-21T14:04:34   00:08:09   01:00:00
-----------------------------------------------------------------------------------------------------

Job information (2/3)
-------------------------------------------------------------
    Username      Account    Partition   NNodes        Energy
------------ ------------ ------------ -------- -------------
     trohner        s1069       normal        4    245.906 kJ

Job information (3/3) - GPU utilization data
----------------------------------------------------
   Node name       Usage      Max mem Execution time
------------ ----------- ------------ --------------
    nid03836        64 %    14565 MiB       00:07:26
    nid03834        64 %    14565 MiB       00:07:25
    nid03835        64 %    14565 MiB       00:07:26
    nid03833        64 %    14607 MiB       00:07:26

