ModuleCmd_Switch.c(179):ERROR:152: Module 'PrgEnv-cray' is currently not loaded
CMake(3):ERROR:105: Unable to locate a modulefile for 'CMake/3.21.3'
Info: Minimal padding size given from "N_phys_pad" is 768. Padded to 768 for speed.
Info: Minimal padding size given from "N_phys_pad" is 768. Padded to 768 for speed.
Info: Minimal padding size given from "N_phys_pad" is 768. Padded to 768 for speed.
Info: Minimal padding size given from "N_phys_pad" is 768. Padded to 768 for speed.
Info: Minimal padding size given from "N_phys_pad" is 768. Padded to 768 for speed.
Info: Minimal padding size given from "N_phys_pad" is 768. Padded to 768 for speed.
Info: Minimal padding size given from "N_phys_pad" is 768. Padded to 768 for speed.
Info: Minimal padding size given from "N_phys_pad" is 768. Padded to 768 for speed.
Running azeban with 8 MPI ranks.
Run configuration is
{
  "device": "cuda",
  "dimension": 3,
  "equation": {
    "name": "Euler",
    "visc": {
      "eps": 0.05,
      "type": "Quadratic"
    }
  },
  "grid": {
    "N_phys": 512,
    "N_phys_pad": ""
  },
  "init": {
    "name": "Taylor Green",
    "perturb": {
      "max": 0.025,
      "min": -0.025,
      "name": "Uniform"
    }
  },
  "num_samples": 1,
  "output": "tg_N512_time",
  "sample_idx_start": 0,
  "seed": 1,
  "snapshots": {
    "n": 50,
    "start": 0,
    "stop": 5
  },
  "time": 5,
  "timestepper": {
    "C": 0.5,
    "type": "SSP RK3"
  }
}
rank 0
u_hat_pad_.shape()       = [3, 33, 768, 768]
u_yz_.shape()            = [3, 33, 768, 768]
trans_u_sendbuf_.shape() = [8, 3, 96, 768, 33]
trans_u_recvbuf_.shape() = [8, 3, 96, 768, 33]
u_yz_trans_.shape()      = [3, 96, 768, 257]
u_yz_trans_pad_.shape()  = [3, 96, 768, 385]
u_xyz_trans_.shape()     = [3, 96, 768, 768]
B_xyz_trans_.shape()     = [6, 96, 768, 768]
B_yz_trans_pad_.shape()  = [6, 96, 768, 385]
B_yz_trans_.shape()      = [6, 96, 768, 257]
trans_B_sendbuf_.shape() = [8, 6, 33, 768, 96]
trans_B_recvbuf_.shape() = [8, 6, 33, 768, 96]
B_yz_.shape()            = [6, 33, 768, 768]
B_hat_pad_.shape()       = [6, 33, 768, 768]
B_hat_.shape()           = [6, 33, 512, 512]
Sample: 0, Time: 0
Sample: 0, Time: 0.1
Sample: 0, Time: 0.2
Sample: 0, Time: 0.3
Sample: 0, Time: 0.4
Sample: 0, Time: 0.5
Sample: 0, Time: 0.6
Sample: 0, Time: 0.7
Sample: 0, Time: 0.8
Sample: 0, Time: 0.9
Sample: 0, Time: 1
Sample: 0, Time: 1.1
Sample: 0, Time: 1.2
Sample: 0, Time: 1.3
Sample: 0, Time: 1.4
Sample: 0, Time: 1.5
Sample: 0, Time: 1.6
Sample: 0, Time: 1.7
Sample: 0, Time: 1.8
Sample: 0, Time: 1.9
Sample: 0, Time: 2
Sample: 0, Time: 2.1
Sample: 0, Time: 2.2
Sample: 0, Time: 2.3
Sample: 0, Time: 2.4
Sample: 0, Time: 2.5
Sample: 0, Time: 2.6
Sample: 0, Time: 2.7
Sample: 0, Time: 2.8
Sample: 0, Time: 2.9
Sample: 0, Time: 3
Sample: 0, Time: 3.1
Sample: 0, Time: 3.2
Sample: 0, Time: 3.3
Sample: 0, Time: 3.4
Sample: 0, Time: 3.5
Sample: 0, Time: 3.6
Sample: 0, Time: 3.7
Sample: 0, Time: 3.8
Sample: 0, Time: 3.9
Sample: 0, Time: 4
Sample: 0, Time: 4.1
Sample: 0, Time: 4.2
Sample: 0, Time: 4.3
Sample: 0, Time: 4.4
Sample: 0, Time: 4.5
Sample: 0, Time: 4.6
Sample: 0, Time: 4.7
Sample: 0, Time: 4.8
Sample: 0, Time: 4.9
Sample: 0, Time: 5
Rank 0:
Total Simulation Time: 1h31min19.663s
 Time %  | Total Time     | Nr. Calls | Time per Call | Name                                             
---------------------------------------------------------------------------------------------------------
 96.841% | 1h28min26.558s |      4966 |        1.069s | SSP_RK3::integrate                               
 96.311% | 1h27min57.544s |     14898 |     354.245ms | IncompressibleEuler_MPI::dudt                    
 95.873% | 1h27min33.541s |     14898 |     352.634ms | IncompressibleEuler_MPI::computeBhat             
 80.898% | 1h13min52.929s |     29848 |     148.517ms | Transpose::eval                                  
 64.603% |    59min0.043s |    238368 |      14.851ms | Transpose::communication                         
 51.776% |   47min17.138s |     14898 |     190.437ms | IncompressibleEuler_MPI::compute_B_yz            
 28.764% |   26min16.149s |     14898 |     105.796ms | IncompressibleEuler_MPI::compute_u_yz_trans      
  3.496% |    3min11.590s |     14898 |      12.860ms | IncompressibleEuler_MPI::compute_u_xyz_trans     
  2.906% |    2min39.265s |     14898 |      10.690ms | IncompressibleEuler_MPI::compute_B_xyz_trans_pad 
  2.906% |    2min39.250s |     14898 |      10.689ms | CUFFT_R2C::forward                               
  2.813% |    2min34.116s |     29796 |       5.172ms | IncompressibleEuler_MPI::compute_B_xyz_trans     
  2.509% |    2min17.473s |     14898 |       9.228ms | IncompressibleEuler_MPI::compute_B__hat_pad      
  2.509% |    2min17.462s |     14898 |       9.227ms | CUFFT_C2C::forward                               
rank 3
u_hat_pad_.shape()       = [3, 32, 768, 768]
u_yz_.shape()            = [3, 32, 768, 768]
trans_u_sendbuf_.shape() = [8, 3, 96, 768, 33]
trans_u_recvbuf_.shape() = [8, 3, 96, 768, 33]
u_yz_trans_.shape()      = [3, 96, 768, 257]
u_yz_trans_pad_.shape()  = [3, 96, 768, 385]
u_xyz_trans_.shape()     = [3, 96, 768, 768]
B_xyz_trans_.shape()     = [6, 96, 768, 768]
B_yz_trans_pad_.shape()  = [6, 96, 768, 385]
B_yz_trans_.shape()      = [6, 96, 768, 257]
trans_B_sendbuf_.shape() = [8, 6, 33, 768, 96]
trans_B_recvbuf_.shape() = [8, 6, 33, 768, 96]
B_yz_.shape()            = [6, 32, 768, 768]
B_hat_pad_.shape()       = [6, 32, 768, 768]
B_hat_.shape()           = [6, 32, 512, 512]
Rank 3:
Total Simulation Time: 1h31min18.283s
 Time %  | Total Time     | Nr. Calls | Time per Call | Name                                             
---------------------------------------------------------------------------------------------------------
 98.284% | 1h29min44.276s |      4966 |        1.084s | SSP_RK3::integrate                               
 97.768% | 1h29min15.992s |     14898 |     359.511ms | IncompressibleEuler_MPI::dudt                    
 97.350% | 1h28min53.084s |     14898 |     357.973ms | IncompressibleEuler_MPI::computeBhat             
 83.052% | 1h15min49.816s |     29848 |     152.433ms | Transpose::eval                                  
 71.104% |  1h4min55.269s |    238368 |      16.341ms | Transpose::communication                         
 52.588% |    48min0.925s |     14898 |     193.377ms | IncompressibleEuler_MPI::compute_B_yz            
 30.105% |   27min29.252s |     14898 |     110.703ms | IncompressibleEuler_MPI::compute_u_yz_trans      
  3.046% |    2min46.849s |     14898 |      11.199ms | IncompressibleEuler_MPI::compute_u_xyz_trans     
  2.908% |    2min39.311s |     14898 |      10.693ms | IncompressibleEuler_MPI::compute_B_xyz_trans_pad 
  2.908% |    2min39.298s |     14898 |      10.693ms | CUFFT_R2C::forward                               
  2.813% |    2min34.118s |     29796 |       5.172ms | IncompressibleEuler_MPI::compute_B_xyz_trans     
  2.430% |    2min13.135s |     14898 |       8.936ms | IncompressibleEuler_MPI::compute_B__hat_pad      
  2.430% |    2min13.123s |     14898 |       8.936ms | CUFFT_C2C::forward                               
  1.800% |    1min38.622s |     89388 |       1.103ms | copy_to_padded                                   
  1.536% |    1min24.124s |    178776 |     470.557us | copy_from_padded                                 
  1.479% |    1min21.033s |     14898 |       5.439ms | CUFFT_R2C::backward                              
  1.219% |     1min6.777s |     14898 |       4.482ms | IncompressibleEuler_MPI::compute_u_yz            
  1.219% |     1min6.769s |     14898 |       4.482ms | CUFFT_C2C::backward                              
  1.215% |     1min6.554s |     14898 |       4.467ms | IncompressibleEuler_MPI::compute_u_yz_trans_pad  
  0.826% |        45.245s |        51 |     887.162ms | SnapshotWriter::write_snapshot                   
  0.586% |        32.091s |     14898 |       2.154ms | IncompressibleEuler_MPI::compute_u_hat_pad       
  0.480% |        26.276s |        52 |     505.310ms | CUFFT_MPI::transpose                             
  0.475% |        25.996s |        51 |     509.719ms | CUFFT_MPI::backward                              
  0.437% |        23.954s |     14898 |       1.608ms | IncompressibleEuler_MPI::compute_B__hat          
  0.418% |        22.894s |     14898 |       1.537ms | IncompressibleEuler_MPI::computeDudt             
  0.009% |      500.242ms |         1 |     500.242ms | CUFFT_MPI::forward                               
rank 5
u_hat_pad_.shape()       = [3, 32, 768, 768]
u_yz_.shape()            = [3, 32, 768, 768]
trans_u_sendbuf_.shape() = [8, 3, 96, 768, 33]
trans_u_recvbuf_.shape() = [8, 3, 96, 768, 33]
u_yz_trans_.shape()      = [3, 96, 768, 257]
u_yz_trans_pad_.shape()  = [3, 96, 768, 385]
u_xyz_trans_.shape()     = [3, 96, 768, 768]
B_xyz_trans_.shape()     = [6, 96, 768, 768]
B_yz_trans_pad_.shape()  = [6, 96, 768, 385]
B_yz_trans_.shape()      = [6, 96, 768, 257]
trans_B_sendbuf_.shape() = [8, 6, 33, 768, 96]
trans_B_recvbuf_.shape() = [8, 6, 33, 768, 96]
B_yz_.shape()            = [6, 32, 768, 768]
B_hat_pad_.shape()       = [6, 32, 768, 768]
B_hat_.shape()           = [6, 32, 512, 512]
Rank 5:
Total Simulation Time: 1h31min18.410s
 Time %  | Total Time     | Nr. Calls | Time per Call | Name                                             
---------------------------------------------------------------------------------------------------------
 98.239% | 1h29min41.960s |      4966 |        1.084s | SSP_RK3::integrate                               
 97.723% | 1h29min13.672s |     14898 |     359.355ms | IncompressibleEuler_MPI::dudt                    
 97.305% | 1h28min50.755s |     14898 |     357.817ms | IncompressibleEuler_MPI::computeBhat             
 83.548% | 1h16min17.078s |     29848 |     153.346ms | Transpose::eval                                  
 70.963% |  1h4min47.657s |    238368 |      16.309ms | Transpose::communication                         
 53.632% |   48min58.190s |     14898 |     197.220ms | IncompressibleEuler_MPI::compute_B_yz            
 29.557% |   26min59.229s |     14898 |     108.688ms | IncompressibleEuler_MPI::compute_u_yz_trans      
  2.906% |    2min39.196s |     14898 |      10.686ms | IncompressibleEuler_MPI::compute_B_xyz_trans_pad 
  2.906% |    2min39.181s |     14898 |      10.685ms | CUFFT_R2C::forward                               
  2.814% |    2min34.172s |     29796 |       5.174ms | IncompressibleEuler_MPI::compute_B_xyz_trans     
  2.516% |    2min17.859s |     14898 |       9.254ms | IncompressibleEuler_MPI::compute_u_xyz_trans     
  2.423% |    2min12.749s |     14898 |       8.911ms | IncompressibleEuler_MPI::compute_B__hat_pad      
  2.423% |    2min12.738s |     14898 |       8.910ms | CUFFT_C2C::forward                               
  1.802% |    1min38.702s |     89388 |       1.104ms | copy_to_padded                                   
  1.537% |    1min24.186s |    178776 |     470.900us | copy_from_padded                                 
  1.478% |    1min20.982s |     14898 |       5.436ms | CUFFT_R2C::backward                              
  1.216% |     1min6.607s |     14898 |       4.471ms | IncompressibleEuler_MPI::compute_u_yz_trans_pad  
  1.215% |     1min6.589s |     14898 |       4.470ms | IncompressibleEuler_MPI::compute_u_yz            
  1.215% |     1min6.582s |     14898 |       4.469ms | CUFFT_C2C::backward                              
  0.871% |        47.691s |        51 |     935.123ms | SnapshotWriter::write_snapshot                   
  0.586% |        32.113s |     14898 |       2.155ms | IncompressibleEuler_MPI::compute_u_hat_pad       
  0.476% |        26.087s |        52 |     501.666ms | CUFFT_MPI::transpose                             
  0.471% |        25.804s |        51 |     505.963ms | CUFFT_MPI::backward                              
  0.437% |        23.956s |     14898 |       1.608ms | IncompressibleEuler_MPI::compute_B__hat          
  0.418% |        22.896s |     14898 |       1.537ms | IncompressibleEuler_MPI::computeDudt             
  0.009% |      502.331ms |         1 |     502.331ms | CUFFT_MPI::forward                               
rank 1
u_hat_pad_.shape()       = [3, 32, 768, 768]
u_yz_.shape()            = [3, 32, 768, 768]
trans_u_sendbuf_.shape() = [8, 3, 96, 768, 33]
trans_u_recvbuf_.shape() = [8, 3, 96, 768, 33]
u_yz_trans_.shape()      = [3, 96, 768, 257]
u_yz_trans_pad_.shape()  = [3, 96, 768, 385]
u_xyz_trans_.shape()     = [3, 96, 768, 768]
B_xyz_trans_.shape()     = [6, 96, 768, 768]
B_yz_trans_pad_.shape()  = [6, 96, 768, 385]
B_yz_trans_.shape()      = [6, 96, 768, 257]
trans_B_sendbuf_.shape() = [8, 6, 33, 768, 96]
trans_B_recvbuf_.shape() = [8, 6, 33, 768, 96]
B_yz_.shape()            = [6, 32, 768, 768]
B_hat_pad_.shape()       = [6, 32, 768, 768]
B_hat_.shape()           = [6, 32, 512, 512]
Rank 1:
Total Simulation Time: 1h31min18.329s
 Time %  | Total Time     | Nr. Calls | Time per Call | Name                                             
---------------------------------------------------------------------------------------------------------
 98.297% | 1h29min45.053s |      4966 |        1.084s | SSP_RK3::integrate                               
 97.781% | 1h29min16.773s |     14898 |     359.563ms | IncompressibleEuler_MPI::dudt                    
 97.363% | 1h28min53.873s |     14898 |     358.026ms | IncompressibleEuler_MPI::computeBhat             
 83.551% | 1h16min17.183s |     29848 |     153.350ms | Transpose::eval                                  
 69.936% |  1h3min51.305s |    238368 |      16.073ms | Transpose::communication                         
 53.567% |   48min54.580s |     14898 |     196.978ms | IncompressibleEuler_MPI::compute_B_yz            
 29.625% |    27min2.962s |     14898 |     108.938ms | IncompressibleEuler_MPI::compute_u_yz_trans      
  2.907% |    2min39.282s |     14898 |      10.692ms | IncompressibleEuler_MPI::compute_B_xyz_trans_pad 
  2.907% |    2min39.268s |     14898 |      10.691ms | CUFFT_R2C::forward                               
  2.813% |    2min34.104s |     29796 |       5.172ms | IncompressibleEuler_MPI::compute_B_xyz_trans     
  2.563% |    2min20.418s |     14898 |       9.425ms | IncompressibleEuler_MPI::compute_u_xyz_trans     
  2.429% |    2min13.072s |     14898 |       8.932ms | IncompressibleEuler_MPI::compute_B__hat_pad      
  2.429% |    2min13.060s |     14898 |       8.931ms | CUFFT_C2C::forward                               
  1.800% |    1min38.615s |     89388 |       1.103ms | copy_to_padded                                   
  1.536% |    1min24.124s |    178776 |     470.554us | copy_from_padded                                 
  1.479% |    1min21.021s |     14898 |       5.438ms | CUFFT_R2C::backward                              
  1.219% |     1min6.754s |     14898 |       4.481ms | IncompressibleEuler_MPI::compute_u_yz            
  1.218% |     1min6.747s |     14898 |       4.480ms | CUFFT_C2C::backward                              
  1.215% |     1min6.551s |     14898 |       4.467ms | IncompressibleEuler_MPI::compute_u_yz_trans_pad  
  0.812% |        44.509s |        51 |     872.719ms | SnapshotWriter::write_snapshot                   
  0.586% |        32.088s |     14898 |       2.154ms | IncompressibleEuler_MPI::compute_u_hat_pad       
  0.476% |        26.075s |        52 |     501.437ms | CUFFT_MPI::transpose                             
  0.471% |        25.781s |        51 |     505.517ms | CUFFT_MPI::backward                              
  0.437% |        23.953s |     14898 |       1.608ms | IncompressibleEuler_MPI::compute_B__hat          
  0.418% |        22.895s |     14898 |       1.537ms | IncompressibleEuler_MPI::computeDudt             
  0.009% |      513.071ms |         1 |     513.071ms | CUFFT_MPI::forward                               
rank 6
u_hat_pad_.shape()       = [3, 32, 768, 768]
u_yz_.shape()            = [3, 32, 768, 768]
trans_u_sendbuf_.shape() = [8, 3, 96, 768, 33]
trans_u_recvbuf_.shape() = [8, 3, 96, 768, 33]
u_yz_trans_.shape()      = [3, 96, 768, 257]
u_yz_trans_pad_.shape()  = [3, 96, 768, 385]
u_xyz_trans_.shape()     = [3, 96, 768, 768]
B_xyz_trans_.shape()     = [6, 96, 768, 768]
B_yz_trans_pad_.shape()  = [6, 96, 768, 385]
B_yz_trans_.shape()      = [6, 96, 768, 257]
trans_B_sendbuf_.shape() = [8, 6, 33, 768, 96]
trans_B_recvbuf_.shape() = [8, 6, 33, 768, 96]
B_yz_.shape()            = [6, 32, 768, 768]
B_hat_pad_.shape()       = [6, 32, 768, 768]
B_hat_.shape()           = [6, 32, 512, 512]
Rank 6:
Total Simulation Time: 1h31min18.255s
 Time %  | Total Time     | Nr. Calls | Time per Call | Name                                             
---------------------------------------------------------------------------------------------------------
 98.310% | 1h29min45.668s |      4966 |        1.085s | SSP_RK3::integrate                               
 97.794% | 1h29min17.393s |     14898 |     359.605ms | IncompressibleEuler_MPI::dudt                    
 97.376% | 1h28min54.486s |     14898 |     358.067ms | IncompressibleEuler_MPI::computeBhat             
 83.566% | 1h16min17.945s |     29848 |     153.375ms | Transpose::eval                                  
 71.352% |   1h5min8.866s |    238368 |      16.398ms | Transpose::communication                         
 53.572% |   48min54.827s |     14898 |     196.995ms | IncompressibleEuler_MPI::compute_B_yz            
 29.635% |    27min3.495s |     14898 |     108.974ms | IncompressibleEuler_MPI::compute_u_yz_trans      
  2.908% |    2min39.320s |     14898 |      10.694ms | IncompressibleEuler_MPI::compute_B_xyz_trans_pad 
  2.908% |    2min39.307s |     14898 |      10.693ms | CUFFT_R2C::forward                               
  2.813% |    2min34.110s |     29796 |       5.172ms | IncompressibleEuler_MPI::compute_B_xyz_trans     
  2.558% |    2min20.135s |     14898 |       9.406ms | IncompressibleEuler_MPI::compute_u_xyz_trans     
  2.431% |    2min13.156s |     14898 |       8.938ms | IncompressibleEuler_MPI::compute_B__hat_pad      
  2.430% |    2min13.145s |     14898 |       8.937ms | CUFFT_C2C::forward                               
  1.800% |    1min38.616s |     89388 |       1.103ms | copy_to_padded                                   
  1.536% |    1min24.125s |    178776 |     470.561us | copy_from_padded                                 
  1.479% |    1min21.038s |     14898 |       5.440ms | CUFFT_R2C::backward                              
  1.219% |     1min6.755s |     14898 |       4.481ms | IncompressibleEuler_MPI::compute_u_yz            
  1.218% |     1min6.748s |     14898 |       4.480ms | CUFFT_C2C::backward                              
  1.215% |     1min6.552s |     14898 |       4.467ms | IncompressibleEuler_MPI::compute_u_yz_trans_pad  
  0.800% |        43.820s |        51 |     859.210ms | SnapshotWriter::write_snapshot                   
  0.586% |        32.088s |     14898 |       2.154ms | IncompressibleEuler_MPI::compute_u_hat_pad       
  0.476% |        26.062s |        52 |     501.189ms | CUFFT_MPI::transpose                             
  0.470% |        25.763s |        51 |     505.166ms | CUFFT_MPI::backward                              
  0.437% |        23.953s |     14898 |       1.608ms | IncompressibleEuler_MPI::compute_B__hat          
  0.418% |        22.894s |     14898 |       1.537ms | IncompressibleEuler_MPI::computeDudt             
  0.009% |      518.112ms |         1 |     518.112ms | CUFFT_MPI::forward                               
rank 7
u_hat_pad_.shape()       = [3, 32, 768, 768]
u_yz_.shape()            = [3, 32, 768, 768]
trans_u_sendbuf_.shape() = [8, 3, 96, 768, 33]
trans_u_recvbuf_.shape() = [8, 3, 96, 768, 33]
u_yz_trans_.shape()      = [3, 96, 768, 257]
u_yz_trans_pad_.shape()  = [3, 96, 768, 385]
u_xyz_trans_.shape()     = [3, 96, 768, 768]
B_xyz_trans_.shape()     = [6, 96, 768, 768]
B_yz_trans_pad_.shape()  = [6, 96, 768, 385]
B_yz_trans_.shape()      = [6, 96, 768, 257]
trans_B_sendbuf_.shape() = [8, 6, 33, 768, 96]
trans_B_recvbuf_.shape() = [8, 6, 33, 768, 96]
B_yz_.shape()            = [6, 32, 768, 768]
B_hat_pad_.shape()       = [6, 32, 768, 768]
B_hat_.shape()           = [6, 32, 512, 512]
Rank 7:
Total Simulation Time: 1h31min18.309s
 Time %  | Total Time     | Nr. Calls | Time per Call | Name                                             
---------------------------------------------------------------------------------------------------------
 98.248% | 1h29min42.322s |      4966 |        1.084s | SSP_RK3::integrate                               
 97.732% | 1h29min14.050s |     14898 |     359.380ms | IncompressibleEuler_MPI::dudt                    
 97.313% | 1h28min51.132s |     14898 |     357.842ms | IncompressibleEuler_MPI::computeBhat             
 82.981% | 1h15min45.932s |     29848 |     152.303ms | Transpose::eval                                  
 70.631% |  1h4min29.358s |    238368 |      16.233ms | Transpose::communication                         
 51.719% |   47min13.312s |     14898 |     190.181ms | IncompressibleEuler_MPI::compute_B_yz            
 30.903% |   28min12.986s |     14898 |     113.639ms | IncompressibleEuler_MPI::compute_u_yz_trans      
  3.078% |    2min48.624s |     14898 |      11.319ms | IncompressibleEuler_MPI::compute_u_xyz_trans     
  2.908% |    2min39.328s |     14898 |      10.695ms | IncompressibleEuler_MPI::compute_B_xyz_trans_pad 
  2.908% |    2min39.313s |     14898 |      10.694ms | CUFFT_R2C::forward                               
  2.813% |    2min34.111s |     29796 |       5.172ms | IncompressibleEuler_MPI::compute_B_xyz_trans     
  2.432% |    2min13.234s |     14898 |       8.943ms | IncompressibleEuler_MPI::compute_B__hat_pad      
  2.432% |    2min13.222s |     14898 |       8.942ms | CUFFT_C2C::forward                               
  1.800% |    1min38.615s |     89388 |       1.103ms | copy_to_padded                                   
  1.536% |    1min24.121s |    178776 |     470.540us | copy_from_padded                                 
  1.479% |    1min21.045s |     14898 |       5.440ms | CUFFT_R2C::backward                              
  1.220% |     1min6.817s |     14898 |       4.485ms | IncompressibleEuler_MPI::compute_u_yz            
  1.220% |     1min6.810s |     14898 |       4.484ms | CUFFT_C2C::backward                              
  1.215% |     1min6.547s |     14898 |       4.467ms | IncompressibleEuler_MPI::compute_u_yz_trans_pad  
  0.862% |        47.233s |        51 |     926.132ms | SnapshotWriter::write_snapshot                   
  0.586% |        32.093s |     14898 |       2.154ms | IncompressibleEuler_MPI::compute_u_hat_pad       
  0.483% |        26.434s |        52 |     508.355ms | CUFFT_MPI::transpose                             
  0.477% |        26.137s |        51 |     512.497ms | CUFFT_MPI::backward                              
  0.437% |        23.952s |     14898 |       1.608ms | IncompressibleEuler_MPI::compute_B__hat          
  0.418% |        22.897s |     14898 |       1.537ms | IncompressibleEuler_MPI::computeDudt             
  0.009% |      516.885ms |         1 |     516.885ms | CUFFT_MPI::forward                               
rank 2
u_hat_pad_.shape()       = [3, 32, 768, 768]
u_yz_.shape()            = [3, 32, 768, 768]
trans_u_sendbuf_.shape() = [8, 3, 96, 768, 33]
trans_u_recvbuf_.shape() = [8, 3, 96, 768, 33]
u_yz_trans_.shape()      = [3, 96, 768, 257]
u_yz_trans_pad_.shape()  = [3, 96, 768, 385]
u_xyz_trans_.shape()     = [3, 96, 768, 768]
B_xyz_trans_.shape()     = [6, 96, 768, 768]
B_yz_trans_pad_.shape()  = [6, 96, 768, 385]
B_yz_trans_.shape()      = [6, 96, 768, 257]
trans_B_sendbuf_.shape() = [8, 6, 33, 768, 96]
trans_B_recvbuf_.shape() = [8, 6, 33, 768, 96]
B_yz_.shape()            = [6, 32, 768, 768]
B_hat_pad_.shape()       = [6, 32, 768, 768]
B_hat_.shape()           = [6, 32, 512, 512]
Rank 2:
Total Simulation Time: 1h31min18.386s
 Time %  | Total Time     | Nr. Calls | Time per Call | Name                                             
---------------------------------------------------------------------------------------------------------
 98.199% | 1h29min39.727s |      4966 |        1.083s | SSP_RK3::integrate                               
 97.683% | 1h29min11.448s |     14898 |     359.206ms | IncompressibleEuler_MPI::dudt                    
 97.265% | 1h28min48.529s |     14898 |     357.667ms | IncompressibleEuler_MPI::computeBhat             
 83.482% | 1h16min13.484s |     29848 |     153.226ms | Transpose::eval                                  
 70.832% |  1h4min40.431s |    238368 |      16.279ms | Transpose::communication                         
 53.625% |   48min57.796s |     14898 |     197.194ms | IncompressibleEuler_MPI::compute_B_yz            
 29.498% |   26min55.991s |     14898 |     108.470ms | IncompressibleEuler_MPI::compute_u_yz_trans      
  2.909% |    2min39.391s |     14898 |      10.699ms | IncompressibleEuler_MPI::compute_B_xyz_trans_pad 
  2.909% |    2min39.377s |     14898 |      10.698ms | CUFFT_R2C::forward                               
  2.813% |    2min34.121s |     29796 |       5.173ms | IncompressibleEuler_MPI::compute_B_xyz_trans     
  2.522% |    2min18.145s |     14898 |       9.273ms | IncompressibleEuler_MPI::compute_u_xyz_trans     
  2.437% |    2min13.482s |     14898 |       8.960ms | IncompressibleEuler_MPI::compute_B__hat_pad      
  2.436% |    2min13.471s |     14898 |       8.959ms | CUFFT_C2C::forward                               
  1.800% |    1min38.626s |     89388 |       1.103ms | copy_to_padded                                   
  1.536% |    1min24.127s |    178776 |     470.571us | copy_from_padded                                 
  1.480% |    1min21.072s |     14898 |       5.442ms | CUFFT_R2C::backward                              
  1.221% |     1min6.902s |     14898 |       4.491ms | IncompressibleEuler_MPI::compute_u_yz            
  1.221% |     1min6.896s |     14898 |       4.490ms | CUFFT_C2C::backward                              
  1.215% |     1min6.558s |     14898 |       4.468ms | IncompressibleEuler_MPI::compute_u_yz_trans_pad  
  0.911% |        49.890s |        51 |     978.239ms | SnapshotWriter::write_snapshot                   
  0.586% |        32.090s |     14898 |       2.154ms | IncompressibleEuler_MPI::compute_u_hat_pad       
  0.477% |        26.135s |        52 |     502.600ms | CUFFT_MPI::transpose                             
  0.472% |        25.839s |        51 |     506.656ms | CUFFT_MPI::backward                              
  0.437% |        23.950s |     14898 |       1.608ms | IncompressibleEuler_MPI::compute_B__hat          
  0.418% |        22.899s |     14898 |       1.537ms | IncompressibleEuler_MPI::computeDudt             
  0.009% |      515.526ms |         1 |     515.526ms | CUFFT_MPI::forward                               
rank 4
u_hat_pad_.shape()       = [3, 32, 768, 768]
u_yz_.shape()            = [3, 32, 768, 768]
trans_u_sendbuf_.shape() = [8, 3, 96, 768, 33]
trans_u_recvbuf_.shape() = [8, 3, 96, 768, 33]
u_yz_trans_.shape()      = [3, 96, 768, 257]
u_yz_trans_pad_.shape()  = [3, 96, 768, 385]
u_xyz_trans_.shape()     = [3, 96, 768, 768]
B_xyz_trans_.shape()     = [6, 96, 768, 768]
B_yz_trans_pad_.shape()  = [6, 96, 768, 385]
B_yz_trans_.shape()      = [6, 96, 768, 257]
trans_B_sendbuf_.shape() = [8, 6, 33, 768, 96]
trans_B_recvbuf_.shape() = [8, 6, 33, 768, 96]
B_yz_.shape()            = [6, 32, 768, 768]
B_hat_pad_.shape()       = [6, 32, 768, 768]
B_hat_.shape()           = [6, 32, 512, 512]
Rank 4:
Total Simulation Time: 1h31min18.357s
 Time %  | Total Time     | Nr. Calls | Time per Call | Name                                             
---------------------------------------------------------------------------------------------------------
 98.214% | 1h29min40.525s |      4966 |        1.083s | SSP_RK3::integrate                               
 97.698% | 1h29min12.239s |     14898 |     359.259ms | IncompressibleEuler_MPI::dudt                    
 97.280% | 1h28min49.330s |     14898 |     357.721ms | IncompressibleEuler_MPI::computeBhat             
 82.979% | 1h15min45.858s |     29848 |     152.300ms | Transpose::eval                                  
 70.848% |  1h4min41.297s |    238368 |      16.283ms | Transpose::communication                         
 52.586% |    48min0.862s |     14898 |     193.372ms | IncompressibleEuler_MPI::compute_B_yz            
 30.033% |   27min25.322s |     14898 |     110.439ms | IncompressibleEuler_MPI::compute_u_yz_trans      
  3.044% |    2min46.777s |     14898 |      11.195ms | IncompressibleEuler_MPI::compute_u_xyz_trans     
  2.909% |    2min39.392s |     14898 |      10.699ms | IncompressibleEuler_MPI::compute_B_xyz_trans_pad 
  2.909% |    2min39.377s |     14898 |      10.698ms | CUFFT_R2C::forward                               
  2.813% |    2min34.122s |     29796 |       5.173ms | IncompressibleEuler_MPI::compute_B_xyz_trans     
  2.434% |    2min13.327s |     14898 |       8.949ms | IncompressibleEuler_MPI::compute_B__hat_pad      
  2.433% |    2min13.316s |     14898 |       8.949ms | CUFFT_C2C::forward                               
  1.800% |    1min38.614s |     89388 |       1.103ms | copy_to_padded                                   
  1.536% |    1min24.128s |    178776 |     470.580us | copy_from_padded                                 
  1.480% |    1min21.074s |     14898 |       5.442ms | CUFFT_R2C::backward                              
  1.220% |     1min6.833s |     14898 |       4.486ms | IncompressibleEuler_MPI::compute_u_yz            
  1.220% |     1min6.826s |     14898 |       4.486ms | CUFFT_C2C::backward                              
  1.215% |     1min6.548s |     14898 |       4.467ms | IncompressibleEuler_MPI::compute_u_yz_trans_pad  
  0.896% |        49.071s |        51 |     962.171ms | SnapshotWriter::write_snapshot                   
  0.586% |        32.089s |     14898 |       2.154ms | IncompressibleEuler_MPI::compute_u_hat_pad       
  0.480% |        26.318s |        52 |     506.114ms | CUFFT_MPI::transpose                             
  0.475% |        26.025s |        51 |     510.302ms | CUFFT_MPI::backward                              
  0.437% |        23.953s |     14898 |       1.608ms | IncompressibleEuler_MPI::compute_B__hat          
  0.418% |        22.896s |     14898 |       1.537ms | IncompressibleEuler_MPI::computeDudt             
  0.009% |      512.248ms |         1 |     512.248ms | CUFFT_MPI::forward                               
  2.268% |     2min4.296s |        51 |        2.437s | SnapshotWriter::write_snapshot                   
  1.897% |    1min43.928s |     89388 |       1.163ms | copy_to_padded                                   
  1.552% |    1min25.071s |    178776 |     475.854us | copy_from_padded                                 
  1.479% |    1min21.027s |     14898 |       5.439ms | CUFFT_R2C::backward                              
  1.257% |     1min8.883s |     14898 |       4.624ms | IncompressibleEuler_MPI::compute_u_yz            
  1.257% |     1min8.876s |     14898 |       4.623ms | CUFFT_C2C::backward                              
  1.214% |     1min6.543s |     14898 |       4.467ms | IncompressibleEuler_MPI::compute_u_yz_trans_pad  
  0.683% |        37.405s |     14898 |       2.511ms | IncompressibleEuler_MPI::compute_u_hat_pad       
  0.481% |        26.353s |        52 |     506.789ms | CUFFT_MPI::transpose                             
  0.476% |        26.072s |        51 |     511.213ms | CUFFT_MPI::backward                              
  0.454% |        24.878s |     14898 |       1.670ms | IncompressibleEuler_MPI::compute_B__hat          
  0.437% |        23.969s |     14898 |       1.609ms | IncompressibleEuler_MPI::computeDudt             
  0.049% |         2.700s |         1 |        2.700s | FFTWFFT_R2C::forward                             
  0.048% |         2.638s |         1 |        2.638s | FFTWFFT_R2C::backward                            
  0.021% |         1.142s |         1 |        1.142s | leray                                            
  0.009% |      503.269ms |         1 |     503.269ms | CUFFT_MPI::forward                               


Batch Job Summary Report (version 21.01.1) for Job "tg_N512_time" (38060517) on daint

Job information (1/3)
-----------------------------------------------------------------------------------------------------
             Submit            Eligible               Start                 End    Elapsed Time limit
------------------- ------------------- ------------------- ------------------- ---------- ----------
2022-04-29T09:56:16 2022-04-29T09:56:16 2022-04-29T10:00:45 2022-04-29T11:32:42   01:31:57   03:00:00
-----------------------------------------------------------------------------------------------------

Job information (2/3)
-------------------------------------------------------------
    Username      Account    Partition   NNodes        Energy
------------ ------------ ------------ -------- -------------
     trohner        s1069       normal        8   6028.667 kJ

Job information (3/3) - GPU utilization data
----------------------------------------------------
   Node name       Usage      Max mem Execution time
------------ ----------- ------------ --------------
    nid04860        75 %     7423 MiB       01:31:43
    nid05351        75 %     7423 MiB       01:31:43
    nid05353        75 %     7423 MiB       01:31:43
    nid04859        74 %     7423 MiB       01:31:43
    nid05352        74 %     7423 MiB       01:31:43
    nid04858        73 %     7423 MiB       01:31:43
    nid05354        75 %     7423 MiB       01:31:43
    nid04857        75 %     7465 MiB       01:31:43

