ModuleCmd_Switch.c(179):ERROR:152: Module 'PrgEnv-cray' is currently not loaded
CMake(3):ERROR:105: Unable to locate a modulefile for 'CMake/3.21.3'
Info: Minimal padding size given from "N_phys_pad" is 768. Padded to 768 for speed.
Info: Minimal padding size given from "N_phys_pad" is 768. Padded to 768 for speed.
Info: Minimal padding size given from "N_phys_pad" is 768. Padded to 768 for speed.
Info: Minimal padding size given from "N_phys_pad" is 768. Padded to 768 for speed.
Running azeban with 4 MPI ranks.
Run configuration is
{
  "device": "cuda",
  "dimension": 3,
  "equation": {
    "name": "Euler",
    "visc": {
      "eps": 0.05,
      "type": "Quadratic"
    }
  },
  "grid": {
    "N_phys": 512,
    "N_phys_pad": ""
  },
  "init": {
    "name": "Taylor Green",
    "perturb": {
      "max": 0.025,
      "min": -0.025,
      "name": "Uniform"
    }
  },
  "num_samples": 1,
  "output": "tg_N512_strong_sample_1",
  "sample_idx_start": 0,
  "seed": 1,
  "snapshots": {
    "n": 1,
    "start": 0,
    "stop": 0.1
  },
  "time": 0.1,
  "timestepper": {
    "C": 0.5,
    "type": "SSP RK3"
  }
}
rank 0
u_hat_pad_.shape()       = [3, 65, 768, 768]
u_yz_.shape()            = [3, 65, 768, 768]
trans_u_sendbuf_.shape() = [4, 3, 192, 768, 65]
trans_u_recvbuf_.shape() = [4, 3, 192, 768, 65]
u_yz_trans_.shape()      = [3, 192, 768, 257]
u_yz_trans_pad_.shape()  = [3, 192, 768, 385]
u_xyz_trans_.shape()     = [3, 192, 768, 768]
B_xyz_trans_.shape()     = [6, 192, 768, 768]
B_yz_trans_pad_.shape()  = [6, 192, 768, 385]
B_yz_trans_.shape()      = [6, 192, 768, 257]
trans_B_sendbuf_.shape() = [4, 6, 65, 768, 192]
trans_B_recvbuf_.shape() = [4, 6, 65, 768, 192]
B_yz_.shape()            = [6, 65, 768, 768]
B_hat_pad_.shape()       = [6, 65, 768, 768]
B_hat_.shape()           = [6, 65, 512, 512]
Sample: 0, Time: 0
Sample: 0, Time: 0.1
Rank 0:
Total Simulation Time: 7min36.398s
 Time %  | Total Time  | Nr. Calls | Time per Call | Name                                             
------------------------------------------------------------------------------------------------------
 88.214% | 6min42.608s |       170 |        2.368s | SSP_RK3::integrate                               
 87.788% | 6min40.661s |       510 |     785.610ms | IncompressibleEuler_MPI::dudt                    
 87.443% | 6min39.088s |       510 |     782.525ms | IncompressibleEuler_MPI::computeBhat             
 77.091% | 5min51.843s |      1023 |     343.932ms | Transpose::eval                                  
 54.791% | 4min10.067s |      4080 |      61.291ms | Transpose::communication                         
 49.679% | 3min46.735s |       510 |     444.578ms | IncompressibleEuler_MPI::compute_B_yz            
 26.949% |  2min2.994s |       510 |     241.165ms | IncompressibleEuler_MPI::compute_u_yz_trans      
  2.386% |     10.890s |       510 |      21.353ms | IncompressibleEuler_MPI::compute_B_xyz_trans_pad 
  2.386% |     10.890s |       510 |      21.352ms | CUFFT_R2C::forward                               
  2.304% |     10.516s |      1020 |      10.310ms | IncompressibleEuler_MPI::compute_B_xyz_trans     
  2.025% |      9.244s |       510 |      18.125ms | IncompressibleEuler_MPI::compute_B__hat_pad      
  2.025% |      9.243s |       510 |      18.124ms | CUFFT_C2C::forward                               
  1.510% |      6.894s |      3060 |       2.253ms | copy_to_padded                                   
  1.261% |      5.753s |      6120 |     940.045us | copy_from_padded                                 
  1.244% |      5.680s |         2 |        2.840s | SnapshotWriter::write_snapshot                   
  1.211% |      5.528s |       510 |      10.840ms | IncompressibleEuler_MPI::compute_u_xyz_trans     
  1.211% |      5.528s |       510 |      10.839ms | CUFFT_R2C::backward                              
  1.014% |      4.628s |       510 |       9.075ms | IncompressibleEuler_MPI::compute_u_yz            
  1.014% |      4.628s |       510 |       9.074ms | CUFFT_C2C::backward                              
  0.995% |      4.540s |       510 |       8.902ms | IncompressibleEuler_MPI::compute_u_yz_trans_pad  
  0.626% |      2.855s |         3 |     951.771ms | CUFFT_MPI::transpose                             
  0.596% |      2.719s |         1 |        2.719s | FFTWFFT_R2C::forward                             
  0.585% |      2.669s |         1 |        2.669s | FFTWFFT_R2C::backward                            
  0.516% |      2.355s |       510 |       4.617ms | IncompressibleEuler_MPI::compute_u_hat_pad       
rank 1
u_hat_pad_.shape()       = [3, 64, 768, 768]
u_yz_.shape()            = [3, 64, 768, 768]
trans_u_sendbuf_.shape() = [4, 3, 192, 768, 65]
trans_u_recvbuf_.shape() = [4, 3, 192, 768, 65]
u_yz_trans_.shape()      = [3, 192, 768, 257]
u_yz_trans_pad_.shape()  = [3, 192, 768, 385]
u_xyz_trans_.shape()     = [3, 192, 768, 768]
B_xyz_trans_.shape()     = [6, 192, 768, 768]
B_yz_trans_pad_.shape()  = [6, 192, 768, 385]
B_yz_trans_.shape()      = [6, 192, 768, 257]
trans_B_sendbuf_.shape() = [4, 6, 65, 768, 192]
trans_B_recvbuf_.shape() = [4, 6, 65, 768, 192]
B_yz_.shape()            = [6, 64, 768, 768]
B_hat_pad_.shape()       = [6, 64, 768, 768]
B_hat_.shape()           = [6, 64, 512, 512]
Rank 1:
Total Simulation Time: 7min35.170s
 Time %  | Total Time  | Nr. Calls | Time per Call | Name                                             
------------------------------------------------------------------------------------------------------
 88.177% | 6min41.357s |       170 |        2.361s | SSP_RK3::integrate                               
 87.754% | 6min39.430s |       510 |     783.195ms | IncompressibleEuler_MPI::dudt                    
 87.416% | 6min37.890s |       510 |     780.177ms | IncompressibleEuler_MPI::computeBhat             
 77.131% | 5min51.076s |      1023 |     343.183ms | Transpose::eval                                  
 57.978% | 4min23.897s |      4080 |      64.681ms | Transpose::communication                         
 49.414% | 3min44.917s |       510 |     441.014ms | IncompressibleEuler_MPI::compute_B_yz            
 27.253% |  2min4.048s |       510 |     243.232ms | IncompressibleEuler_MPI::compute_u_yz_trans      
  2.393% |     10.892s |       510 |      21.357ms | IncompressibleEuler_MPI::compute_B_xyz_trans_pad 
  2.393% |     10.892s |       510 |      21.356ms | CUFFT_R2C::forward                               
  2.312% |     10.524s |      1020 |      10.318ms | IncompressibleEuler_MPI::compute_B_xyz_trans     
  1.994% |      9.076s |       510 |      17.797ms | IncompressibleEuler_MPI::compute_B__hat_pad      
  1.994% |      9.076s |       510 |      17.796ms | CUFFT_C2C::forward                               
  1.478% |      6.729s |      3060 |       2.199ms | copy_to_padded                                   
  1.259% |      5.732s |      6120 |     936.648us | copy_from_padded                                 
  1.215% |      5.528s |       510 |      10.840ms | IncompressibleEuler_MPI::compute_u_xyz_trans     
  1.214% |      5.528s |       510 |      10.839ms | CUFFT_R2C::backward                              
  0.999% |      4.548s |       510 |       8.918ms | IncompressibleEuler_MPI::compute_u_yz_trans_pad  
  0.998% |      4.544s |       510 |       8.910ms | IncompressibleEuler_MPI::compute_u_yz            
  0.998% |      4.544s |       510 |       8.909ms | CUFFT_C2C::backward                              
  0.706% |      3.213s |         2 |        1.606s | SnapshotWriter::write_snapshot                   
  0.657% |      2.992s |       170 |      17.598ms | CFL::dt                                          
  0.631% |      2.874s |         3 |     957.956ms | CUFFT_MPI::transpose                             
  0.479% |      2.182s |       510 |       4.279ms | IncompressibleEuler_MPI::compute_u_hat_pad       
  0.421% |      1.918s |         2 |     959.159ms | CUFFT_MPI::backward                              
  0.357% |      1.626s |       510 |       3.188ms | IncompressibleEuler_MPI::compute_B__hat          
  0.338% |      1.539s |       510 |       3.018ms | IncompressibleEuler_MPI::computeDudt             
  0.215% |   979.148ms |         1 |     979.148ms | CUFFT_MPI::forward                               
rank 3
u_hat_pad_.shape()       = [3, 64, 768, 768]
u_yz_.shape()            = [3, 64, 768, 768]
trans_u_sendbuf_.shape() = [4, 3, 192, 768, 65]
trans_u_recvbuf_.shape() = [4, 3, 192, 768, 65]
u_yz_trans_.shape()      = [3, 192, 768, 257]
u_yz_trans_pad_.shape()  = [3, 192, 768, 385]
u_xyz_trans_.shape()     = [3, 192, 768, 768]
B_xyz_trans_.shape()     = [6, 192, 768, 768]
B_yz_trans_pad_.shape()  = [6, 192, 768, 385]
B_yz_trans_.shape()      = [6, 192, 768, 257]
trans_B_sendbuf_.shape() = [4, 6, 65, 768, 192]
trans_B_recvbuf_.shape() = [4, 6, 65, 768, 192]
B_yz_.shape()            = [6, 64, 768, 768]
B_hat_pad_.shape()       = [6, 64, 768, 768]
B_hat_.shape()           = [6, 64, 512, 512]
Rank 3:
Total Simulation Time: 7min35.113s
 Time %  | Total Time  | Nr. Calls | Time per Call | Name                                             
------------------------------------------------------------------------------------------------------
 88.427% | 6min42.445s |       170 |        2.367s | SSP_RK3::integrate                               
 88.004% | 6min40.517s |       510 |     785.328ms | IncompressibleEuler_MPI::dudt                    
 87.666% | 6min38.978s |       510 |     782.310ms | IncompressibleEuler_MPI::computeBhat             
 77.372% | 5min52.129s |      1023 |     344.212ms | Transpose::eval                                  
 56.684% | 4min17.976s |      4080 |      63.229ms | Transpose::communication                         
 49.409% | 3min44.867s |       510 |     440.915ms | IncompressibleEuler_MPI::compute_B_yz            
 27.499% |  2min5.150s |       510 |     245.392ms | IncompressibleEuler_MPI::compute_u_yz_trans      
  2.394% |     10.897s |       510 |      21.367ms | IncompressibleEuler_MPI::compute_B_xyz_trans_pad 
  2.394% |     10.897s |       510 |      21.366ms | CUFFT_R2C::forward                               
  2.311% |     10.517s |      1020 |      10.311ms | IncompressibleEuler_MPI::compute_B_xyz_trans     
  2.001% |      9.106s |       510 |      17.854ms | IncompressibleEuler_MPI::compute_B__hat_pad      
  2.001% |      9.105s |       510 |      17.854ms | CUFFT_C2C::forward                               
  1.476% |      6.720s |      3060 |       2.196ms | copy_to_padded                                   
  1.258% |      5.726s |      6120 |     935.558us | copy_from_padded                                 
  1.215% |      5.530s |       510 |      10.844ms | IncompressibleEuler_MPI::compute_u_xyz_trans     
  1.215% |      5.530s |       510 |      10.843ms | CUFFT_R2C::backward                              
  1.002% |      4.560s |       510 |       8.942ms | IncompressibleEuler_MPI::compute_u_yz            
  1.002% |      4.560s |       510 |       8.941ms | CUFFT_C2C::backward                              
  0.998% |      4.541s |       510 |       8.904ms | IncompressibleEuler_MPI::compute_u_yz_trans_pad  
  0.700% |      3.186s |         2 |        1.593s | SnapshotWriter::write_snapshot                   
  0.628% |      2.856s |         3 |     952.078ms | CUFFT_MPI::transpose                             
  0.479% |      2.180s |       510 |       4.274ms | IncompressibleEuler_MPI::compute_u_hat_pad       
  0.418% |      1.903s |         2 |     951.398ms | CUFFT_MPI::backward                              
  0.411% |      1.871s |       170 |      11.007ms | CFL::dt                                          
  0.357% |      1.626s |       510 |       3.188ms | IncompressibleEuler_MPI::compute_B__hat          
  0.338% |      1.539s |       510 |       3.017ms | IncompressibleEuler_MPI::computeDudt             
  0.215% |   977.068ms |         1 |     977.068ms | CUFFT_MPI::forward                               
rank 2
u_hat_pad_.shape()       = [3, 64, 768, 768]
u_yz_.shape()            = [3, 64, 768, 768]
trans_u_sendbuf_.shape() = [4, 3, 192, 768, 65]
trans_u_recvbuf_.shape() = [4, 3, 192, 768, 65]
u_yz_trans_.shape()      = [3, 192, 768, 257]
u_yz_trans_pad_.shape()  = [3, 192, 768, 385]
u_xyz_trans_.shape()     = [3, 192, 768, 768]
B_xyz_trans_.shape()     = [6, 192, 768, 768]
B_yz_trans_pad_.shape()  = [6, 192, 768, 385]
B_yz_trans_.shape()      = [6, 192, 768, 257]
trans_B_sendbuf_.shape() = [4, 6, 65, 768, 192]
trans_B_recvbuf_.shape() = [4, 6, 65, 768, 192]
B_yz_.shape()            = [6, 64, 768, 768]
B_hat_pad_.shape()       = [6, 64, 768, 768]
B_hat_.shape()           = [6, 64, 512, 512]
Rank 2:
Total Simulation Time: 7min35.078s
 Time %  | Total Time  | Nr. Calls | Time per Call | Name                                             
------------------------------------------------------------------------------------------------------
 88.195% | 6min41.356s |       170 |        2.361s | SSP_RK3::integrate                               
 87.772% | 6min39.432s |       510 |     783.201ms | IncompressibleEuler_MPI::dudt                    
 87.432% | 6min37.883s |       510 |     780.162ms | IncompressibleEuler_MPI::computeBhat             
 77.146% | 5min51.074s |      1023 |     343.181ms | Transpose::eval                                  
 52.763% |  4min0.111s |      4080 |      58.851ms | Transpose::communication                         
 49.423% | 3min44.915s |       510 |     441.011ms | IncompressibleEuler_MPI::compute_B_yz            
 27.258% |  2min4.045s |       510 |     243.226ms | IncompressibleEuler_MPI::compute_u_yz_trans      
  2.394% |     10.894s |       510 |      21.360ms | IncompressibleEuler_MPI::compute_B_xyz_trans_pad 
  2.394% |     10.893s |       510 |      21.359ms | CUFFT_R2C::forward                               
  2.310% |     10.514s |      1020 |      10.307ms | IncompressibleEuler_MPI::compute_B_xyz_trans     
  2.001% |      9.108s |       510 |      17.859ms | IncompressibleEuler_MPI::compute_B__hat_pad      
  2.001% |      9.108s |       510 |      17.859ms | CUFFT_C2C::forward                               
  1.469% |      6.686s |      3060 |       2.185ms | copy_to_padded                                   
  1.257% |      5.722s |      6120 |     934.995us | copy_from_padded                                 
  1.215% |      5.531s |       510 |      10.845ms | IncompressibleEuler_MPI::compute_u_xyz_trans     
  1.215% |      5.530s |       510 |      10.844ms | CUFFT_R2C::backward                              
  1.002% |      4.560s |       510 |       8.941ms | IncompressibleEuler_MPI::compute_u_yz            
  1.002% |      4.559s |       510 |       8.940ms | CUFFT_C2C::backward                              
  0.993% |      4.518s |       510 |       8.860ms | IncompressibleEuler_MPI::compute_u_yz_trans_pad  
  0.709% |      3.227s |         2 |        1.613s | SnapshotWriter::write_snapshot                   
  0.634% |      2.885s |       170 |      16.970ms | CFL::dt                                          
  0.631% |      2.872s |         3 |     957.314ms | CUFFT_MPI::transpose                             
  0.477% |      2.169s |       510 |       4.252ms | IncompressibleEuler_MPI::compute_u_hat_pad       
  0.422% |      1.920s |         2 |     960.027ms | CUFFT_MPI::backward                              
  0.357% |      1.625s |       510 |       3.187ms | IncompressibleEuler_MPI::compute_B__hat          
  0.340% |      1.549s |       510 |       3.038ms | IncompressibleEuler_MPI::computeDudt             
  0.214% |   975.514ms |         1 |     975.514ms | CUFFT_MPI::forward                               
  0.417% |      1.902s |         2 |     951.057ms | CUFFT_MPI::backward                              
  0.362% |      1.654s |       510 |       3.243ms | IncompressibleEuler_MPI::compute_B__hat          
  0.345% |      1.573s |       510 |       3.085ms | IncompressibleEuler_MPI::computeDudt             
  0.250% |      1.141s |         1 |        1.141s | leray                                            
  0.214% |   976.977ms |         1 |     976.977ms | CUFFT_MPI::forward                               
  0.102% |   466.662ms |       170 |       2.745ms | CFL::dt                                          


Batch Job Summary Report (version 21.01.1) for Job "tg_N512_ss_1" (37853857) on daint

Job information (1/3)
-----------------------------------------------------------------------------------------------------
             Submit            Eligible               Start                 End    Elapsed Time limit
------------------- ------------------- ------------------- ------------------- ---------- ----------
2022-04-21T13:54:51 2022-04-21T13:54:51 2022-04-21T13:56:25 2022-04-21T14:04:38   00:08:13   00:10:00
-----------------------------------------------------------------------------------------------------

Job information (2/3)
-------------------------------------------------------------
    Username      Account    Partition   NNodes        Energy
------------ ------------ ------------ -------- -------------
     trohner        s1069       normal        4 not available kJ

Job information (3/3) - GPU utilization data
----------------------------------------------------
   Node name       Usage      Max mem Execution time
------------ ----------- ------------ --------------
    nid02470        62 %    14565 MiB       00:07:36
    nid02468        63 %    14565 MiB       00:07:36
    nid02469        62 %    14565 MiB       00:07:36
    nid02467        63 %    14607 MiB       00:07:36

