ModuleCmd_Switch.c(179):ERROR:152: Module 'PrgEnv-cray' is currently not loaded
CMake(3):ERROR:105: Unable to locate a modulefile for 'CMake/3.21.3'
Info: Minimal padding size given from "N_phys_pad" is 768. Padded to 768 for speed.
Info: Minimal padding size given from "N_phys_pad" is 768. Padded to 768 for speed.
Info: Minimal padding size given from "N_phys_pad" is 768. Padded to 768 for speed.
Info: Minimal padding size given from "N_phys_pad" is 768. Padded to 768 for speed.
Info: Minimal padding size given from "N_phys_pad" is 768. Padded to 768 for speed.
Info: Minimal padding size given from "N_phys_pad" is 768. Padded to 768 for speed.
Info: Minimal padding size given from "N_phys_pad" is 768. Padded to 768 for speed.
Info: Minimal padding size given from "N_phys_pad" is 768. Padded to 768 for speed.
Info: Minimal padding size given from "N_phys_pad" is 768. Padded to 768 for speed.
Info: Minimal padding size given from "N_phys_pad" is 768. Padded to 768 for speed.
Info: Minimal padding size given from "N_phys_pad" is 768. Padded to 768 for speed.
Info: Minimal padding size given from "N_phys_pad" is 768. Padded to 768 for speed.
Info: Minimal padding size given from "N_phys_pad" is 768. Padded to 768 for speed.
Info: Minimal padding size given from "N_phys_pad" is 768. Padded to 768 for speed.
Info: Minimal padding size given from "N_phys_pad" is 768. Padded to 768 for speed.
Info: Minimal padding size given from "N_phys_pad" is 768. Padded to 768 for speed.
Running azeban with 16 MPI ranks.
Run configuration is
{
  "device": "cuda",
  "dimension": 3,
  "equation": {
    "name": "Euler",
    "visc": {
      "eps": 0.05,
      "type": "Quadratic"
    }
  },
  "grid": {
    "N_phys": 512,
    "N_phys_pad": ""
  },
  "init": {
    "name": "Taylor Green",
    "perturb": {
      "max": 0.025,
      "min": -0.025,
      "name": "Uniform"
    }
  },
  "num_samples": 1,
  "output": "tg_N512_strong_sample_4",
  "sample_idx_start": 0,
  "seed": 1,
  "snapshots": {
    "n": 1,
    "start": 0,
    "stop": 0.1
  },
  "time": 0.1,
  "timestepper": {
    "C": 0.5,
    "type": "SSP RK3"
  }
}
rank 0
u_hat_pad_.shape()       = [3, 17, 768, 768]
u_yz_.shape()            = [3, 17, 768, 768]
trans_u_sendbuf_.shape() = [16, 3, 48, 768, 17]
trans_u_recvbuf_.shape() = [16, 3, 48, 768, 17]
u_yz_trans_.shape()      = [3, 48, 768, 257]
u_yz_trans_pad_.shape()  = [3, 48, 768, 385]
u_xyz_trans_.shape()     = [3, 48, 768, 768]
B_xyz_trans_.shape()     = [6, 48, 768, 768]
B_yz_trans_pad_.shape()  = [6, 48, 768, 385]
B_yz_trans_.shape()      = [6, 48, 768, 257]
trans_B_sendbuf_.shape() = [16, 6, 17, 768, 48]
trans_B_recvbuf_.shape() = [16, 6, 17, 768, 48]
B_yz_.shape()            = [6, 17, 768, 768]
B_hat_pad_.shape()       = [6, 17, 768, 768]
B_hat_.shape()           = [6, 17, 512, 512]
Sample: 0, Time: 0
Sample: 0, Time: 0.1
Rank 0:
Total Simulation Time: 2min22.328s
 Time %  | Total Time  | Nr. Calls | Time per Call | Name                                             
------------------------------------------------------------------------------------------------------
 64.498% | 1min31.799s |       170 |     539.993ms | SSP_RK3::integrate                               
 64.130% | 1min31.275s |       510 |     178.971ms | IncompressibleEuler_MPI::dudt                    
 63.835% | 1min30.855s |       510 |     178.147ms | IncompressibleEuler_MPI::computeBhat             
 53.299% | 1min15.860s |      1023 |      74.154ms | Transpose::eval                                  
 48.000% |  1min8.318s |     16320 |       4.186ms | Transpose::communication                         
 34.712% |     49.405s |       510 |      96.872ms | IncompressibleEuler_MPI::compute_B_yz            
 18.198% |     25.901s |       510 |      50.786ms | IncompressibleEuler_MPI::compute_u_yz_trans      
  3.118% |      4.437s |       510 |       8.700ms | IncompressibleEuler_MPI::compute_B__hat_pad      
  3.117% |      4.437s |       510 |       8.699ms | CUFFT_C2C::forward                               
  2.564% |      3.649s |         2 |        1.824s | SnapshotWriter::write_snapshot                   
  1.918% |      2.730s |       510 |       5.353ms | IncompressibleEuler_MPI::compute_B_xyz_trans_pad 
  1.918% |      2.730s |       510 |       5.353ms | CUFFT_R2C::forward                               
  1.905% |      2.711s |         1 |        2.711s | FFTWFFT_R2C::forward                             
  1.879% |      2.674s |         1 |        2.674s | FFTWFFT_R2C::backward                            
  1.866% |      2.655s |      3060 |     867.764us | copy_to_padded                                   
  1.866% |      2.655s |      1020 |       2.603ms | IncompressibleEuler_MPI::compute_B_xyz_trans     
  1.497% |      2.130s |       510 |       4.176ms | IncompressibleEuler_MPI::compute_u_yz_trans_pad  
  1.052% |      1.498s |      6120 |     244.763us | copy_from_padded                                 
  0.980% |      1.394s |       510 |       2.734ms | IncompressibleEuler_MPI::compute_u_xyz_trans     
  0.979% |      1.394s |       510 |       2.733ms | CUFFT_R2C::backward                              
  0.857% |      1.219s |       510 |       2.391ms | IncompressibleEuler_MPI::compute_u_yz            
  0.857% |      1.219s |       510 |       2.391ms | CUFFT_C2C::backward                              
  0.806% |      1.147s |         1 |        1.147s | leray                                            
  0.769% |      1.095s |       170 |       6.439ms | CFL::dt                                          
rank 5
u_hat_pad_.shape()       = [3, 16, 768, 768]
u_yz_.shape()            = [3, 16, 768, 768]
trans_u_sendbuf_.shape() = [16, 3, 48, 768, 17]
trans_u_recvbuf_.shape() = [16, 3, 48, 768, 17]
u_yz_trans_.shape()      = [3, 48, 768, 257]
u_yz_trans_pad_.shape()  = [3, 48, 768, 385]
u_xyz_trans_.shape()     = [3, 48, 768, 768]
B_xyz_trans_.shape()     = [6, 48, 768, 768]
B_yz_trans_pad_.shape()  = [6, 48, 768, 385]
B_yz_trans_.shape()      = [6, 48, 768, 257]
trans_B_sendbuf_.shape() = [16, 6, 17, 768, 48]
trans_B_recvbuf_.shape() = [16, 6, 17, 768, 48]
B_yz_.shape()            = [6, 16, 768, 768]
B_hat_pad_.shape()       = [6, 16, 768, 768]
B_hat_.shape()           = [6, 16, 512, 512]
Rank 5:
Total Simulation Time: 2min21.066s
 Time %  | Total Time  | Nr. Calls | Time per Call | Name                                             
------------------------------------------------------------------------------------------------------
 65.731% | 1min32.725s |       170 |     545.440ms | SSP_RK3::integrate                               
 65.386% | 1min32.238s |       510 |     180.858ms | IncompressibleEuler_MPI::dudt                    
 65.110% | 1min31.848s |       510 |     180.094ms | IncompressibleEuler_MPI::computeBhat             
 54.655% | 1min17.099s |      1023 |      75.366ms | Transpose::eval                                  
 49.327% |  1min9.584s |     16320 |       4.264ms | Transpose::communication                         
 36.061% |     50.870s |       510 |      99.744ms | IncompressibleEuler_MPI::compute_B_yz            
 18.203% |     25.679s |       510 |      50.351ms | IncompressibleEuler_MPI::compute_u_yz_trans      
  3.051% |      4.304s |       510 |       8.440ms | IncompressibleEuler_MPI::compute_B__hat_pad      
  3.051% |      4.304s |       510 |       8.438ms | CUFFT_C2C::forward                               
  1.936% |      2.731s |       510 |       5.354ms | IncompressibleEuler_MPI::compute_B_xyz_trans_pad 
  1.935% |      2.730s |       510 |       5.353ms | CUFFT_R2C::forward                               
  1.883% |      2.657s |      1020 |       2.604ms | IncompressibleEuler_MPI::compute_B_xyz_trans     
  1.868% |      2.635s |      3060 |     860.976us | copy_to_padded                                   
  1.515% |      2.138s |       510 |       4.191ms | IncompressibleEuler_MPI::compute_u_yz_trans_pad  
  1.043% |      1.471s |      6120 |     240.352us | copy_from_padded                                 
  1.008% |      1.421s |       170 |       8.361ms | CFL::dt                                          
  0.990% |      1.396s |       510 |       2.737ms | IncompressibleEuler_MPI::compute_u_xyz_trans     
  0.989% |      1.395s |       510 |       2.736ms | CUFFT_R2C::backward                              
  0.823% |      1.160s |         2 |     580.180ms | SnapshotWriter::write_snapshot                   
  0.814% |      1.148s |       510 |       2.252ms | IncompressibleEuler_MPI::compute_u_yz            
  0.814% |      1.148s |       510 |       2.251ms | CUFFT_C2C::backward                              
  0.527% |   743.167ms |         3 |     247.722ms | CUFFT_MPI::transpose                             
  0.357% |   503.720ms |         2 |     251.860ms | CUFFT_MPI::backward                              
  0.353% |   497.725ms |       510 |     975.931us | IncompressibleEuler_MPI::compute_u_hat_pad       
  0.302% |   426.087ms |       510 |     835.465us | IncompressibleEuler_MPI::compute_B__hat          
  0.276% |   389.169ms |       510 |     763.076us | IncompressibleEuler_MPI::computeDudt             
  0.174% |   245.682ms |         1 |     245.682ms | CUFFT_MPI::forward                               
rank 3
u_hat_pad_.shape()       = [3, 16, 768, 768]
u_yz_.shape()            = [3, 16, 768, 768]
trans_u_sendbuf_.shape() = [16, 3, 48, 768, 17]
trans_u_recvbuf_.shape() = [16, 3, 48, 768, 17]
u_yz_trans_.shape()      = [3, 48, 768, 257]
u_yz_trans_pad_.shape()  = [3, 48, 768, 385]
u_xyz_trans_.shape()     = [3, 48, 768, 768]
B_xyz_trans_.shape()     = [6, 48, 768, 768]
B_yz_trans_pad_.shape()  = [6, 48, 768, 385]
B_yz_trans_.shape()      = [6, 48, 768, 257]
trans_B_sendbuf_.shape() = [16, 6, 17, 768, 48]
trans_B_recvbuf_.shape() = [16, 6, 17, 768, 48]
B_yz_.shape()            = [6, 16, 768, 768]
B_hat_pad_.shape()       = [6, 16, 768, 768]
B_hat_.shape()           = [6, 16, 512, 512]
Rank 3:
Total Simulation Time: 2min21.118s
 Time %  | Total Time  | Nr. Calls | Time per Call | Name                                             
------------------------------------------------------------------------------------------------------
 65.632% | 1min32.618s |       170 |     544.813ms | SSP_RK3::integrate                               
 65.286% | 1min32.131s |       510 |     180.649ms | IncompressibleEuler_MPI::dudt                    
 65.010% | 1min31.742s |       510 |     179.886ms | IncompressibleEuler_MPI::computeBhat             
 54.562% | 1min16.997s |      1023 |      75.266ms | Transpose::eval                                  
 49.226% |  1min9.466s |     16320 |       4.257ms | Transpose::communication                         
 35.921% |     50.692s |       510 |      99.395ms | IncompressibleEuler_MPI::compute_B_yz            
 18.250% |     25.754s |       510 |      50.499ms | IncompressibleEuler_MPI::compute_u_yz_trans      
  3.047% |      4.299s |       510 |       8.430ms | IncompressibleEuler_MPI::compute_B__hat_pad      
  3.046% |      4.299s |       510 |       8.429ms | CUFFT_C2C::forward                               
  1.935% |      2.731s |       510 |       5.355ms | IncompressibleEuler_MPI::compute_B_xyz_trans_pad 
  1.935% |      2.731s |       510 |       5.354ms | CUFFT_R2C::forward                               
  1.882% |      2.656s |      1020 |       2.604ms | IncompressibleEuler_MPI::compute_B_xyz_trans     
  1.868% |      2.635s |      3060 |     861.268us | copy_to_padded                                   
  1.515% |      2.138s |       510 |       4.193ms | IncompressibleEuler_MPI::compute_u_yz_trans_pad  
  1.057% |      1.491s |       170 |       8.773ms | CFL::dt                                          
  1.042% |      1.470s |      6120 |     240.250us | copy_from_padded                                 
  0.989% |      1.396s |       510 |       2.738ms | IncompressibleEuler_MPI::compute_u_xyz_trans     
  0.989% |      1.396s |       510 |       2.737ms | CUFFT_R2C::backward                              
  0.884% |      1.247s |         2 |     623.534ms | SnapshotWriter::write_snapshot                   
  0.814% |      1.148s |       510 |       2.252ms | IncompressibleEuler_MPI::compute_u_yz            
  0.814% |      1.148s |       510 |       2.251ms | CUFFT_C2C::backward                              
  0.532% |   751.283ms |         3 |     250.428ms | CUFFT_MPI::transpose                             
  0.358% |   505.860ms |         2 |     252.930ms | CUFFT_MPI::backward                              
  0.353% |   497.735ms |       510 |     975.951us | IncompressibleEuler_MPI::compute_u_hat_pad       
  0.302% |   425.971ms |       510 |     835.238us | IncompressibleEuler_MPI::compute_B__hat          
  0.276% |   389.010ms |       510 |     762.765us | IncompressibleEuler_MPI::computeDudt             
  0.178% |   251.658ms |         1 |     251.658ms | CUFFT_MPI::forward                               
rank 11
u_hat_pad_.shape()       = [3, 16, 768, 768]
u_yz_.shape()            = [3, 16, 768, 768]
trans_u_sendbuf_.shape() = [16, 3, 48, 768, 17]
trans_u_recvbuf_.shape() = [16, 3, 48, 768, 17]
u_yz_trans_.shape()      = [3, 48, 768, 257]
u_yz_trans_pad_.shape()  = [3, 48, 768, 385]
u_xyz_trans_.shape()     = [3, 48, 768, 768]
B_xyz_trans_.shape()     = [6, 48, 768, 768]
B_yz_trans_pad_.shape()  = [6, 48, 768, 385]
B_yz_trans_.shape()      = [6, 48, 768, 257]
trans_B_sendbuf_.shape() = [16, 6, 17, 768, 48]
trans_B_recvbuf_.shape() = [16, 6, 17, 768, 48]
B_yz_.shape()            = [6, 16, 768, 768]
B_hat_pad_.shape()       = [6, 16, 768, 768]
B_hat_.shape()           = [6, 16, 512, 512]
Rank 11:
Total Simulation Time: 2min21.017s
 Time %  | Total Time  | Nr. Calls | Time per Call | Name                                             
------------------------------------------------------------------------------------------------------
 65.718% | 1min32.674s |       170 |     545.140ms | SSP_RK3::integrate                               
 65.373% | 1min32.187s |       510 |     180.758ms | IncompressibleEuler_MPI::dudt                    
 65.096% | 1min31.797s |       510 |     179.995ms | IncompressibleEuler_MPI::computeBhat             
 54.651% | 1min17.067s |      1023 |      75.334ms | Transpose::eval                                  
 49.347% |  1min9.588s |     16320 |       4.264ms | Transpose::communication                         
 36.024% |     50.800s |       510 |      99.608ms | IncompressibleEuler_MPI::compute_B_yz            
 18.238% |     25.718s |       510 |      50.428ms | IncompressibleEuler_MPI::compute_u_yz_trans      
  3.046% |      4.295s |       510 |       8.421ms | IncompressibleEuler_MPI::compute_B__hat_pad      
  3.045% |      4.294s |       510 |       8.420ms | CUFFT_C2C::forward                               
  1.936% |      2.730s |       510 |       5.354ms | IncompressibleEuler_MPI::compute_B_xyz_trans_pad 
  1.936% |      2.730s |       510 |       5.353ms | CUFFT_R2C::forward                               
  1.883% |      2.655s |      1020 |       2.603ms | IncompressibleEuler_MPI::compute_B_xyz_trans     
  1.862% |      2.626s |      3060 |     858.310us | copy_to_padded                                   
  1.510% |      2.130s |       510 |       4.176ms | IncompressibleEuler_MPI::compute_u_yz_trans_pad  
  1.056% |      1.489s |       170 |       8.759ms | CFL::dt                                          
  1.042% |      1.469s |      6120 |     240.032us | copy_from_padded                                 
  0.990% |      1.396s |       510 |       2.737ms | IncompressibleEuler_MPI::compute_u_xyz_trans     
  0.989% |      1.395s |       510 |       2.736ms | CUFFT_R2C::backward                              
  0.814% |      1.148s |       510 |       2.252ms | IncompressibleEuler_MPI::compute_u_yz            
  0.814% |      1.148s |       510 |       2.251ms | CUFFT_C2C::backward                              
  0.776% |      1.095s |         2 |     547.485ms | SnapshotWriter::write_snapshot                   
  0.524% |   739.594ms |         3 |     246.531ms | CUFFT_MPI::transpose                             
  0.356% |   502.537ms |         2 |     251.269ms | CUFFT_MPI::backward                              
  0.353% |   497.212ms |       510 |     974.925us | IncompressibleEuler_MPI::compute_u_hat_pad       
  0.302% |   425.549ms |       510 |     834.410us | IncompressibleEuler_MPI::compute_B__hat          
  0.276% |   389.075ms |       510 |     762.893us | IncompressibleEuler_MPI::computeDudt             
  0.173% |   243.320ms |         1 |     243.320ms | CUFFT_MPI::forward                               
rank 14
u_hat_pad_.shape()       = [3, 16, 768, 768]
u_yz_.shape()            = [3, 16, 768, 768]
trans_u_sendbuf_.shape() = [16, 3, 48, 768, 17]
trans_u_recvbuf_.shape() = [16, 3, 48, 768, 17]
u_yz_trans_.shape()      = [3, 48, 768, 257]
u_yz_trans_pad_.shape()  = [3, 48, 768, 385]
u_xyz_trans_.shape()     = [3, 48, 768, 768]
B_xyz_trans_.shape()     = [6, 48, 768, 768]
B_yz_trans_pad_.shape()  = [6, 48, 768, 385]
B_yz_trans_.shape()      = [6, 48, 768, 257]
trans_B_sendbuf_.shape() = [16, 6, 17, 768, 48]
trans_B_recvbuf_.shape() = [16, 6, 17, 768, 48]
B_yz_.shape()            = [6, 16, 768, 768]
B_hat_pad_.shape()       = [6, 16, 768, 768]
B_hat_.shape()           = [6, 16, 512, 512]
Rank 14:
Total Simulation Time: 2min21.093s
 Time %  | Total Time  | Nr. Calls | Time per Call | Name                                             
------------------------------------------------------------------------------------------------------
 65.273% | 1min32.095s |       170 |     541.735ms | SSP_RK3::integrate                               
 64.927% | 1min31.608s |       510 |     179.623ms | IncompressibleEuler_MPI::dudt                    
 64.651% | 1min31.218s |       510 |     178.859ms | IncompressibleEuler_MPI::computeBhat             
 54.214% | 1min16.491s |      1023 |      74.772ms | Transpose::eval                                  
 48.906% |  1min9.003s |     16320 |       4.228ms | Transpose::communication                         
 35.404% |     49.952s |       510 |      97.946ms | IncompressibleEuler_MPI::compute_B_yz            
 18.418% |     25.987s |       510 |      50.955ms | IncompressibleEuler_MPI::compute_u_yz_trans      
  3.040% |      4.289s |       510 |       8.410ms | IncompressibleEuler_MPI::compute_B__hat_pad      
  3.039% |      4.288s |       510 |       8.408ms | CUFFT_C2C::forward                               
  1.936% |      2.731s |       510 |       5.355ms | IncompressibleEuler_MPI::compute_B_xyz_trans_pad 
  1.935% |      2.731s |       510 |       5.355ms | CUFFT_R2C::forward                               
  1.882% |      2.656s |      1020 |       2.604ms | IncompressibleEuler_MPI::compute_B_xyz_trans     
  1.863% |      2.628s |      3060 |     858.861us | copy_to_padded                                   
  1.510% |      2.131s |       510 |       4.179ms | IncompressibleEuler_MPI::compute_u_yz_trans_pad  
  1.417% |      2.000s |       170 |      11.764ms | CFL::dt                                          
  1.042% |      1.470s |      6120 |     240.221us | copy_from_padded                                 
  0.990% |      1.397s |       510 |       2.739ms | IncompressibleEuler_MPI::compute_u_xyz_trans     
  0.990% |      1.396s |       510 |       2.738ms | CUFFT_R2C::backward                              
  0.876% |      1.236s |         2 |     617.873ms | SnapshotWriter::write_snapshot                   
  0.814% |      1.149s |       510 |       2.253ms | IncompressibleEuler_MPI::compute_u_yz            
  0.814% |      1.149s |       510 |       2.253ms | CUFFT_C2C::backward                              
  0.567% |   800.468ms |         3 |     266.823ms | CUFFT_MPI::transpose                             
  0.363% |   511.960ms |         2 |     255.980ms | CUFFT_MPI::backward                              
  0.353% |   497.620ms |       510 |     975.726us | IncompressibleEuler_MPI::compute_u_hat_pad       
  0.302% |   426.108ms |       510 |     835.506us | IncompressibleEuler_MPI::compute_B__hat          
  0.276% |   388.957ms |       510 |     762.661us | IncompressibleEuler_MPI::computeDudt             
  0.209% |   294.767ms |         1 |     294.767ms | CUFFT_MPI::forward                               
rank 7
u_hat_pad_.shape()       = [3, 16, 768, 768]
u_yz_.shape()            = [3, 16, 768, 768]
trans_u_sendbuf_.shape() = [16, 3, 48, 768, 17]
trans_u_recvbuf_.shape() = [16, 3, 48, 768, 17]
u_yz_trans_.shape()      = [3, 48, 768, 257]
u_yz_trans_pad_.shape()  = [3, 48, 768, 385]
u_xyz_trans_.shape()     = [3, 48, 768, 768]
B_xyz_trans_.shape()     = [6, 48, 768, 768]
B_yz_trans_pad_.shape()  = [6, 48, 768, 385]
B_yz_trans_.shape()      = [6, 48, 768, 257]
trans_B_sendbuf_.shape() = [16, 6, 17, 768, 48]
trans_B_recvbuf_.shape() = [16, 6, 17, 768, 48]
B_yz_.shape()            = [6, 16, 768, 768]
B_hat_pad_.shape()       = [6, 16, 768, 768]
B_hat_.shape()           = [6, 16, 512, 512]
Rank 7:
Total Simulation Time: 2min21.051s
 Time %  | Total Time  | Nr. Calls | Time per Call | Name                                             
------------------------------------------------------------------------------------------------------
 64.888% | 1min31.525s |       170 |     538.382ms | SSP_RK3::integrate                               
 64.542% | 1min31.038s |       510 |     178.505ms | IncompressibleEuler_MPI::dudt                    
 64.266% | 1min30.648s |       510 |     177.742ms | IncompressibleEuler_MPI::computeBhat             
 53.818% | 1min15.911s |      1023 |      74.204ms | Transpose::eval                                  
 48.504% |  1min8.416s |     16320 |       4.192ms | Transpose::communication                         
 34.829% |     49.127s |       510 |      96.327ms | IncompressibleEuler_MPI::compute_B_yz            
 18.600% |     26.235s |       510 |      51.442ms | IncompressibleEuler_MPI::compute_u_yz_trans      
  3.043% |      4.292s |       510 |       8.415ms | IncompressibleEuler_MPI::compute_B__hat_pad      
  3.042% |      4.291s |       510 |       8.414ms | CUFFT_C2C::forward                               
  1.936% |      2.731s |       510 |       5.354ms | IncompressibleEuler_MPI::compute_B_xyz_trans_pad 
  1.936% |      2.730s |       510 |       5.354ms | CUFFT_R2C::forward                               
  1.883% |      2.655s |      1020 |       2.603ms | IncompressibleEuler_MPI::compute_B_xyz_trans     
  1.867% |      2.633s |      3060 |     860.438us | copy_to_padded                                   
  1.865% |      2.631s |       170 |      15.475ms | CFL::dt                                          
  1.515% |      2.136s |       510 |       4.189ms | IncompressibleEuler_MPI::compute_u_yz_trans_pad  
  1.042% |      1.470s |      6120 |     240.127us | copy_from_padded                                 
  0.990% |      1.397s |       510 |       2.739ms | IncompressibleEuler_MPI::compute_u_xyz_trans     
  0.990% |      1.396s |       510 |       2.738ms | CUFFT_R2C::backward                              
  0.815% |      1.150s |       510 |       2.255ms | IncompressibleEuler_MPI::compute_u_yz            
  0.815% |      1.150s |       510 |       2.254ms | CUFFT_C2C::backward                              
  0.804% |      1.134s |         2 |     567.211ms | SnapshotWriter::write_snapshot                   
  0.538% |   758.306ms |         3 |     252.769ms | CUFFT_MPI::transpose                             
  0.367% |   517.380ms |         2 |     258.690ms | CUFFT_MPI::backward                              
  0.353% |   497.249ms |       510 |     974.999us | IncompressibleEuler_MPI::compute_u_hat_pad       
  0.302% |   425.619ms |       510 |     834.547us | IncompressibleEuler_MPI::compute_B__hat          
  0.276% |   388.945ms |       510 |     762.638us | IncompressibleEuler_MPI::computeDudt             
  0.175% |   247.160ms |         1 |     247.160ms | CUFFT_MPI::forward                               
rank 9
u_hat_pad_.shape()       = [3, 16, 768, 768]
u_yz_.shape()            = [3, 16, 768, 768]
trans_u_sendbuf_.shape() = [16, 3, 48, 768, 17]
trans_u_recvbuf_.shape() = [16, 3, 48, 768, 17]
u_yz_trans_.shape()      = [3, 48, 768, 257]
u_yz_trans_pad_.shape()  = [3, 48, 768, 385]
u_xyz_trans_.shape()     = [3, 48, 768, 768]
B_xyz_trans_.shape()     = [6, 48, 768, 768]
B_yz_trans_pad_.shape()  = [6, 48, 768, 385]
B_yz_trans_.shape()      = [6, 48, 768, 257]
trans_B_sendbuf_.shape() = [16, 6, 17, 768, 48]
trans_B_recvbuf_.shape() = [16, 6, 17, 768, 48]
B_yz_.shape()            = [6, 16, 768, 768]
B_hat_pad_.shape()       = [6, 16, 768, 768]
B_hat_.shape()           = [6, 16, 512, 512]
Rank 9:
Total Simulation Time: 2min21.042s
 Time %  | Total Time  | Nr. Calls | Time per Call | Name                                             
------------------------------------------------------------------------------------------------------
 65.726% | 1min32.701s |       170 |     545.301ms | SSP_RK3::integrate                               
 65.381% | 1min32.214s |       510 |     180.812ms | IncompressibleEuler_MPI::dudt                    
 65.104% | 1min31.825s |       510 |     180.048ms | IncompressibleEuler_MPI::computeBhat             
 54.650% | 1min17.079s |      1023 |      75.346ms | Transpose::eval                                  
 49.323% |  1min9.566s |     16320 |       4.263ms | Transpose::communication                         
 36.047% |     50.841s |       510 |      99.689ms | IncompressibleEuler_MPI::compute_B_yz            
 18.213% |     25.688s |       510 |      50.369ms | IncompressibleEuler_MPI::compute_u_yz_trans      
  3.052% |      4.305s |       510 |       8.441ms | IncompressibleEuler_MPI::compute_B__hat_pad      
  3.052% |      4.305s |       510 |       8.440ms | CUFFT_C2C::forward                               
  1.934% |      2.728s |       510 |       5.349ms | IncompressibleEuler_MPI::compute_B_xyz_trans_pad 
  1.934% |      2.728s |       510 |       5.349ms | CUFFT_R2C::forward                               
  1.883% |      2.656s |      1020 |       2.603ms | IncompressibleEuler_MPI::compute_B_xyz_trans     
  1.869% |      2.635s |      3060 |     861.257us | copy_to_padded                                   
  1.516% |      2.139s |       510 |       4.193ms | IncompressibleEuler_MPI::compute_u_yz_trans_pad  
  1.048% |      1.478s |       170 |       8.693ms | CFL::dt                                          
  1.042% |      1.470s |      6120 |     240.165us | copy_from_padded                                 
  0.989% |      1.395s |       510 |       2.734ms | IncompressibleEuler_MPI::compute_u_xyz_trans     
  0.988% |      1.394s |       510 |       2.733ms | CUFFT_R2C::backward                              
  0.813% |      1.147s |       510 |       2.249ms | IncompressibleEuler_MPI::compute_u_yz            
  0.813% |      1.147s |       510 |       2.249ms | CUFFT_C2C::backward                              
  0.782% |      1.102s |         2 |     551.229ms | SnapshotWriter::write_snapshot                   
  0.528% |   744.628ms |         3 |     248.209ms | CUFFT_MPI::transpose                             
  0.356% |   501.656ms |         2 |     250.828ms | CUFFT_MPI::backward                              
  0.353% |   497.581ms |       510 |     975.650us | IncompressibleEuler_MPI::compute_u_hat_pad       
  0.302% |   425.627ms |       510 |     834.563us | IncompressibleEuler_MPI::compute_B__hat          
  0.276% |   389.076ms |       510 |     762.894us | IncompressibleEuler_MPI::computeDudt             
  0.177% |   249.188ms |         1 |     249.188ms | CUFFT_MPI::forward                               
rank 10
u_hat_pad_.shape()       = [3, 16, 768, 768]
u_yz_.shape()            = [3, 16, 768, 768]
trans_u_sendbuf_.shape() = [16, 3, 48, 768, 17]
trans_u_recvbuf_.shape() = [16, 3, 48, 768, 17]
u_yz_trans_.shape()      = [3, 48, 768, 257]
u_yz_trans_pad_.shape()  = [3, 48, 768, 385]
u_xyz_trans_.shape()     = [3, 48, 768, 768]
B_xyz_trans_.shape()     = [6, 48, 768, 768]
B_yz_trans_pad_.shape()  = [6, 48, 768, 385]
B_yz_trans_.shape()      = [6, 48, 768, 257]
trans_B_sendbuf_.shape() = [16, 6, 17, 768, 48]
trans_B_recvbuf_.shape() = [16, 6, 17, 768, 48]
B_yz_.shape()            = [6, 16, 768, 768]
B_hat_pad_.shape()       = [6, 16, 768, 768]
B_hat_.shape()           = [6, 16, 512, 512]
Rank 10:
Total Simulation Time: 2min21.059s
 Time %  | Total Time  | Nr. Calls | Time per Call | Name                                             
------------------------------------------------------------------------------------------------------
 65.730% | 1min32.718s |       170 |     545.400ms | SSP_RK3::integrate                               
 65.385% | 1min32.231s |       510 |     180.845ms | IncompressibleEuler_MPI::dudt                    
 65.109% | 1min31.842s |       510 |     180.081ms | IncompressibleEuler_MPI::computeBhat             
 54.678% | 1min17.128s |      1023 |      75.394ms | Transpose::eval                                  
 49.389% |  1min9.667s |     16320 |       4.269ms | Transpose::communication                         
 36.074% |     50.885s |       510 |      99.775ms | IncompressibleEuler_MPI::compute_B_yz            
 18.214% |     25.692s |       510 |      50.376ms | IncompressibleEuler_MPI::compute_u_yz_trans      
  3.038% |      4.285s |       510 |       8.402ms | IncompressibleEuler_MPI::compute_B__hat_pad      
  3.037% |      4.284s |       510 |       8.400ms | CUFFT_C2C::forward                               
  1.936% |      2.731s |       510 |       5.355ms | IncompressibleEuler_MPI::compute_B_xyz_trans_pad 
  1.936% |      2.731s |       510 |       5.354ms | CUFFT_R2C::forward                               
  1.882% |      2.655s |      1020 |       2.603ms | IncompressibleEuler_MPI::compute_B_xyz_trans     
  1.856% |      2.619s |      3060 |     855.722us | copy_to_padded                                   
  1.504% |      2.122s |       510 |       4.161ms | IncompressibleEuler_MPI::compute_u_yz_trans_pad  
  1.042% |      1.469s |      6120 |     240.111us | copy_from_padded                                 
  1.000% |      1.411s |       170 |       8.298ms | CFL::dt                                          
  0.990% |      1.396s |       510 |       2.738ms | IncompressibleEuler_MPI::compute_u_xyz_trans     
  0.990% |      1.396s |       510 |       2.737ms | CUFFT_R2C::backward                              
  0.829% |      1.169s |         2 |     584.564ms | SnapshotWriter::write_snapshot                   
  0.815% |      1.149s |       510 |       2.253ms | IncompressibleEuler_MPI::compute_u_yz            
  0.814% |      1.149s |       510 |       2.253ms | CUFFT_C2C::backward                              
  0.524% |   739.407ms |         3 |     246.469ms | CUFFT_MPI::transpose                             
  0.357% |   503.767ms |         2 |     251.884ms | CUFFT_MPI::backward                              
  0.352% |   497.217ms |       510 |     974.936us | IncompressibleEuler_MPI::compute_u_hat_pad       
  0.302% |   426.058ms |       510 |     835.407us | IncompressibleEuler_MPI::compute_B__hat          
  0.276% |   388.945ms |       510 |     762.638us | IncompressibleEuler_MPI::computeDudt             
  0.171% |   241.881ms |         1 |     241.881ms | CUFFT_MPI::forward                               
rank 13
u_hat_pad_.shape()       = [3, 16, 768, 768]
u_yz_.shape()            = [3, 16, 768, 768]
trans_u_sendbuf_.shape() = [16, 3, 48, 768, 17]
trans_u_recvbuf_.shape() = [16, 3, 48, 768, 17]
u_yz_trans_.shape()      = [3, 48, 768, 257]
u_yz_trans_pad_.shape()  = [3, 48, 768, 385]
u_xyz_trans_.shape()     = [3, 48, 768, 768]
B_xyz_trans_.shape()     = [6, 48, 768, 768]
B_yz_trans_pad_.shape()  = [6, 48, 768, 385]
B_yz_trans_.shape()      = [6, 48, 768, 257]
trans_B_sendbuf_.shape() = [16, 6, 17, 768, 48]
trans_B_recvbuf_.shape() = [16, 6, 17, 768, 48]
B_yz_.shape()            = [6, 16, 768, 768]
B_hat_pad_.shape()       = [6, 16, 768, 768]
B_hat_.shape()           = [6, 16, 512, 512]
Rank 13:
Total Simulation Time: 2min21.128s
 Time %  | Total Time  | Nr. Calls | Time per Call | Name                                             
------------------------------------------------------------------------------------------------------
 65.512% | 1min32.456s |       170 |     543.859ms | SSP_RK3::integrate                               
 65.167% | 1min31.969s |       510 |     180.331ms | IncompressibleEuler_MPI::dudt                    
 64.891% | 1min31.580s |       510 |     179.568ms | IncompressibleEuler_MPI::computeBhat             
 54.434% | 1min16.821s |      1023 |      75.093ms | Transpose::eval                                  
 49.115% |  1min9.315s |     16320 |       4.247ms | Transpose::communication                         
 35.736% |     50.434s |       510 |      98.890ms | IncompressibleEuler_MPI::compute_B_yz            
 18.307% |     25.837s |       510 |      50.660ms | IncompressibleEuler_MPI::compute_u_yz_trans      
  3.055% |      4.312s |       510 |       8.455ms | IncompressibleEuler_MPI::compute_B__hat_pad      
  3.055% |      4.311s |       510 |       8.453ms | CUFFT_C2C::forward                               
  1.934% |      2.730s |       510 |       5.353ms | IncompressibleEuler_MPI::compute_B_xyz_trans_pad 
  1.934% |      2.730s |       510 |       5.352ms | CUFFT_R2C::forward                               
  1.882% |      2.656s |      1020 |       2.604ms | IncompressibleEuler_MPI::compute_B_xyz_trans     
  1.869% |      2.638s |      3060 |     862.158us | copy_to_padded                                   
  1.517% |      2.141s |       510 |       4.199ms | IncompressibleEuler_MPI::compute_u_yz_trans_pad  
  1.326% |      1.871s |       170 |      11.008ms | CFL::dt                                          
  1.042% |      1.471s |      6120 |     240.342us | copy_from_padded                                 
  0.989% |      1.396s |       510 |       2.737ms | IncompressibleEuler_MPI::compute_u_xyz_trans     
  0.989% |      1.395s |       510 |       2.736ms | CUFFT_R2C::backward                              
  0.813% |      1.147s |       510 |       2.250ms | IncompressibleEuler_MPI::compute_u_yz            
  0.813% |      1.147s |       510 |       2.250ms | CUFFT_C2C::backward                              
  0.736% |      1.039s |         2 |     519.572ms | SnapshotWriter::write_snapshot                   
  0.524% |   738.863ms |         3 |     246.288ms | CUFFT_MPI::transpose                             
  0.358% |   505.529ms |         2 |     252.764ms | CUFFT_MPI::backward                              
  0.353% |   497.644ms |       510 |     975.773us | IncompressibleEuler_MPI::compute_u_hat_pad       
  0.302% |   425.927ms |       510 |     835.150us | IncompressibleEuler_MPI::compute_B__hat          
  0.276% |   388.836ms |       510 |     762.423us | IncompressibleEuler_MPI::computeDudt             
  0.170% |   239.569ms |         1 |     239.569ms | CUFFT_MPI::forward                               
rank 8
u_hat_pad_.shape()       = [3, 16, 768, 768]
u_yz_.shape()            = [3, 16, 768, 768]
trans_u_sendbuf_.shape() = [16, 3, 48, 768, 17]
trans_u_recvbuf_.shape() = [16, 3, 48, 768, 17]
u_yz_trans_.shape()      = [3, 48, 768, 257]
u_yz_trans_pad_.shape()  = [3, 48, 768, 385]
u_xyz_trans_.shape()     = [3, 48, 768, 768]
B_xyz_trans_.shape()     = [6, 48, 768, 768]
B_yz_trans_pad_.shape()  = [6, 48, 768, 385]
B_yz_trans_.shape()      = [6, 48, 768, 257]
trans_B_sendbuf_.shape() = [16, 6, 17, 768, 48]
trans_B_recvbuf_.shape() = [16, 6, 17, 768, 48]
B_yz_.shape()            = [6, 16, 768, 768]
B_hat_pad_.shape()       = [6, 16, 768, 768]
B_hat_.shape()           = [6, 16, 512, 512]
Rank 8:
Total Simulation Time: 2min21.136s
 Time %  | Total Time  | Nr. Calls | Time per Call | Name                                             
------------------------------------------------------------------------------------------------------
 64.846% | 1min31.521s |       170 |     538.360ms | SSP_RK3::integrate                               
 64.501% | 1min31.034s |       510 |     178.498ms | IncompressibleEuler_MPI::dudt                    
 64.225% | 1min30.644s |       510 |     177.734ms | IncompressibleEuler_MPI::computeBhat             
 53.796% | 1min15.925s |      1023 |      74.218ms | Transpose::eval                                  
 48.477% |  1min8.418s |     16320 |       4.192ms | Transpose::communication                         
 34.810% |     49.129s |       510 |      96.331ms | IncompressibleEuler_MPI::compute_B_yz            
 18.595% |     26.244s |       510 |      51.460ms | IncompressibleEuler_MPI::compute_u_yz_trans      
  3.034% |      4.282s |       510 |       8.397ms | IncompressibleEuler_MPI::compute_B__hat_pad      
  3.034% |      4.282s |       510 |       8.396ms | CUFFT_C2C::forward                               
  1.934% |      2.730s |       510 |       5.353ms | IncompressibleEuler_MPI::compute_B_xyz_trans_pad 
  1.934% |      2.730s |       510 |       5.353ms | CUFFT_R2C::forward                               
  1.882% |      2.656s |      1020 |       2.604ms | IncompressibleEuler_MPI::compute_B_xyz_trans     
  1.863% |      2.629s |      3060 |     859.235us | copy_to_padded                                   
  1.812% |      2.557s |       170 |      15.041ms | CFL::dt                                          
  1.511% |      2.132s |       510 |       4.180ms | IncompressibleEuler_MPI::compute_u_yz_trans_pad  
  1.042% |      1.471s |      6120 |     240.321us | copy_from_padded                                 
  0.989% |      1.396s |       510 |       2.738ms | IncompressibleEuler_MPI::compute_u_xyz_trans     
  0.989% |      1.396s |       510 |       2.737ms | CUFFT_R2C::backward                              
  0.918% |      1.295s |         2 |     647.718ms | SnapshotWriter::write_snapshot                   
  0.813% |      1.148s |       510 |       2.250ms | IncompressibleEuler_MPI::compute_u_yz            
  0.813% |      1.147s |       510 |       2.250ms | CUFFT_C2C::backward                              
  0.580% |   817.956ms |         3 |     272.652ms | CUFFT_MPI::transpose                             
  0.369% |   520.179ms |         2 |     260.089ms | CUFFT_MPI::backward                              
  0.353% |   497.941ms |       510 |     976.354us | IncompressibleEuler_MPI::compute_u_hat_pad       
  0.302% |   426.098ms |       510 |     835.487us | IncompressibleEuler_MPI::compute_B__hat          
  0.276% |   389.087ms |       510 |     762.915us | IncompressibleEuler_MPI::computeDudt             
  0.215% |   304.010ms |         1 |     304.010ms | CUFFT_MPI::forward                               
rank 4
u_hat_pad_.shape()       = [3, 16, 768, 768]
u_yz_.shape()            = [3, 16, 768, 768]
trans_u_sendbuf_.shape() = [16, 3, 48, 768, 17]
trans_u_recvbuf_.shape() = [16, 3, 48, 768, 17]
u_yz_trans_.shape()      = [3, 48, 768, 257]
u_yz_trans_pad_.shape()  = [3, 48, 768, 385]
u_xyz_trans_.shape()     = [3, 48, 768, 768]
B_xyz_trans_.shape()     = [6, 48, 768, 768]
B_yz_trans_pad_.shape()  = [6, 48, 768, 385]
B_yz_trans_.shape()      = [6, 48, 768, 257]
trans_B_sendbuf_.shape() = [16, 6, 17, 768, 48]
trans_B_recvbuf_.shape() = [16, 6, 17, 768, 48]
B_yz_.shape()            = [6, 16, 768, 768]
B_hat_pad_.shape()       = [6, 16, 768, 768]
B_hat_.shape()           = [6, 16, 512, 512]
Rank 4:
Total Simulation Time: 2min21.026s
 Time %  | Total Time  | Nr. Calls | Time per Call | Name                                             
------------------------------------------------------------------------------------------------------
 65.716% | 1min32.676s |       170 |     545.152ms | SSP_RK3::integrate                               
 65.370% | 1min32.189s |       510 |     180.762ms | IncompressibleEuler_MPI::dudt                    
 65.094% | 1min31.799s |       510 |     179.999ms | IncompressibleEuler_MPI::computeBhat             
 54.649% | 1min17.069s |      1023 |      75.336ms | Transpose::eval                                  
 49.375% |  1min9.631s |     16320 |       4.267ms | Transpose::communication                         
 36.024% |     50.803s |       510 |      99.614ms | IncompressibleEuler_MPI::compute_B_yz            
 18.235% |     25.716s |       510 |      50.424ms | IncompressibleEuler_MPI::compute_u_yz_trans      
  3.047% |      4.297s |       510 |       8.426ms | IncompressibleEuler_MPI::compute_B__hat_pad      
  3.047% |      4.297s |       510 |       8.425ms | CUFFT_C2C::forward                               
  1.936% |      2.730s |       510 |       5.353ms | IncompressibleEuler_MPI::compute_B_xyz_trans_pad 
  1.936% |      2.730s |       510 |       5.352ms | CUFFT_R2C::forward                               
  1.883% |      2.655s |      1020 |       2.603ms | IncompressibleEuler_MPI::compute_B_xyz_trans     
  1.861% |      2.624s |      3060 |     857.567us | copy_to_padded                                   
  1.509% |      2.127s |       510 |       4.172ms | IncompressibleEuler_MPI::compute_u_yz_trans_pad  
  1.048% |      1.478s |       170 |       8.693ms | CFL::dt                                          
  1.042% |      1.469s |      6120 |     240.114us | copy_from_padded                                 
  0.990% |      1.396s |       510 |       2.737ms | IncompressibleEuler_MPI::compute_u_xyz_trans     
  0.989% |      1.395s |       510 |       2.736ms | CUFFT_R2C::backward                              
  0.815% |      1.149s |       510 |       2.252ms | IncompressibleEuler_MPI::compute_u_yz            
  0.814% |      1.148s |       510 |       2.252ms | CUFFT_C2C::backward                              
  0.788% |      1.111s |         2 |     555.301ms | SnapshotWriter::write_snapshot                   
  0.557% |   785.121ms |         3 |     261.707ms | CUFFT_MPI::transpose                             
  0.356% |   502.629ms |         2 |     251.315ms | CUFFT_MPI::backward                              
  0.353% |   497.379ms |       510 |     975.253us | IncompressibleEuler_MPI::compute_u_hat_pad       
  0.302% |   425.908ms |       510 |     835.113us | IncompressibleEuler_MPI::compute_B__hat          
  0.276% |   389.038ms |       510 |     762.820us | IncompressibleEuler_MPI::computeDudt             
  0.205% |   288.700ms |         1 |     288.700ms | CUFFT_MPI::forward                               
rank 12
u_hat_pad_.shape()       = [3, 16, 768, 768]
u_yz_.shape()            = [3, 16, 768, 768]
trans_u_sendbuf_.shape() = [16, 3, 48, 768, 17]
trans_u_recvbuf_.shape() = [16, 3, 48, 768, 17]
u_yz_trans_.shape()      = [3, 48, 768, 257]
u_yz_trans_pad_.shape()  = [3, 48, 768, 385]
u_xyz_trans_.shape()     = [3, 48, 768, 768]
B_xyz_trans_.shape()     = [6, 48, 768, 768]
B_yz_trans_pad_.shape()  = [6, 48, 768, 385]
B_yz_trans_.shape()      = [6, 48, 768, 257]
trans_B_sendbuf_.shape() = [16, 6, 17, 768, 48]
trans_B_recvbuf_.shape() = [16, 6, 17, 768, 48]
B_yz_.shape()            = [6, 16, 768, 768]
B_hat_pad_.shape()       = [6, 16, 768, 768]
B_hat_.shape()           = [6, 16, 512, 512]
Rank 12:
Total Simulation Time: 2min21.076s
 Time %  | Total Time  | Nr. Calls | Time per Call | Name                                             
------------------------------------------------------------------------------------------------------
 65.652% | 1min32.620s |       170 |     544.824ms | SSP_RK3::integrate                               
 65.307% | 1min32.133s |       510 |     180.653ms | IncompressibleEuler_MPI::dudt                    
 65.031% | 1min31.743s |       510 |     179.889ms | IncompressibleEuler_MPI::computeBhat             
 54.575% | 1min16.992s |      1023 |      75.261ms | Transpose::eval                                  
 49.263% |  1min9.498s |     16320 |       4.258ms | Transpose::communication                         
 35.930% |     50.689s |       510 |      99.390ms | IncompressibleEuler_MPI::compute_B_yz            
 18.254% |     25.752s |       510 |      50.495ms | IncompressibleEuler_MPI::compute_u_yz_trans      
  3.051% |      4.304s |       510 |       8.440ms | IncompressibleEuler_MPI::compute_B__hat_pad      
  3.051% |      4.304s |       510 |       8.439ms | CUFFT_C2C::forward                               
  1.936% |      2.732s |       510 |       5.356ms | IncompressibleEuler_MPI::compute_B_xyz_trans_pad 
  1.936% |      2.731s |       510 |       5.355ms | CUFFT_R2C::forward                               
  1.882% |      2.655s |      1020 |       2.603ms | IncompressibleEuler_MPI::compute_B_xyz_trans     
  1.868% |      2.636s |      3060 |     861.374us | copy_to_padded                                   
  1.516% |      2.139s |       510 |       4.195ms | IncompressibleEuler_MPI::compute_u_yz_trans_pad  
  1.063% |      1.499s |       170 |       8.819ms | CFL::dt                                          
  1.042% |      1.470s |      6120 |     240.167us | copy_from_padded                                 
  0.990% |      1.396s |       510 |       2.738ms | IncompressibleEuler_MPI::compute_u_xyz_trans     
  0.990% |      1.396s |       510 |       2.737ms | CUFFT_R2C::backward                              
  0.847% |      1.195s |         2 |     597.574ms | SnapshotWriter::write_snapshot                   
  0.815% |      1.149s |       510 |       2.254ms | IncompressibleEuler_MPI::compute_u_yz            
  0.815% |      1.149s |       510 |       2.253ms | CUFFT_C2C::backward                              
  0.565% |   797.036ms |         3 |     265.679ms | CUFFT_MPI::transpose                             
  0.358% |   505.380ms |         2 |     252.690ms | CUFFT_MPI::backward                              
  0.353% |   497.309ms |       510 |     975.115us | IncompressibleEuler_MPI::compute_u_hat_pad       
  0.302% |   425.991ms |       510 |     835.277us | IncompressibleEuler_MPI::compute_B__hat          
  0.276% |   389.180ms |       510 |     763.099us | IncompressibleEuler_MPI::computeDudt             
  0.211% |   297.887ms |         1 |     297.887ms | CUFFT_MPI::forward                               
rank 2
u_hat_pad_.shape()       = [3, 16, 768, 768]
u_yz_.shape()            = [3, 16, 768, 768]
trans_u_sendbuf_.shape() = [16, 3, 48, 768, 17]
trans_u_recvbuf_.shape() = [16, 3, 48, 768, 17]
u_yz_trans_.shape()      = [3, 48, 768, 257]
u_yz_trans_pad_.shape()  = [3, 48, 768, 385]
u_xyz_trans_.shape()     = [3, 48, 768, 768]
B_xyz_trans_.shape()     = [6, 48, 768, 768]
B_yz_trans_pad_.shape()  = [6, 48, 768, 385]
B_yz_trans_.shape()      = [6, 48, 768, 257]
trans_B_sendbuf_.shape() = [16, 6, 17, 768, 48]
trans_B_recvbuf_.shape() = [16, 6, 17, 768, 48]
B_yz_.shape()            = [6, 16, 768, 768]
B_hat_pad_.shape()       = [6, 16, 768, 768]
B_hat_.shape()           = [6, 16, 512, 512]
Rank 2:
Total Simulation Time: 2min21.085s
 Time %  | Total Time  | Nr. Calls | Time per Call | Name                                             
------------------------------------------------------------------------------------------------------
 65.520% | 1min32.438s |       170 |     543.752ms | SSP_RK3::integrate                               
 65.174% | 1min31.951s |       510 |     180.296ms | IncompressibleEuler_MPI::dudt                    
 64.898% | 1min31.562s |       510 |     179.533ms | IncompressibleEuler_MPI::computeBhat             
 54.492% | 1min16.880s |      1023 |      75.152ms | Transpose::eval                                  
 49.211% |  1min9.429s |     16320 |       4.254ms | Transpose::communication                         
 35.765% |     50.459s |       510 |      98.939ms | IncompressibleEuler_MPI::compute_B_yz            
 18.336% |     25.870s |       510 |      50.725ms | IncompressibleEuler_MPI::compute_u_yz_trans      
  3.019% |      4.259s |       510 |       8.351ms | IncompressibleEuler_MPI::compute_B__hat_pad      
  3.018% |      4.258s |       510 |       8.350ms | CUFFT_C2C::forward                               
  1.935% |      2.731s |       510 |       5.354ms | IncompressibleEuler_MPI::compute_B_xyz_trans_pad 
  1.935% |      2.730s |       510 |       5.354ms | CUFFT_R2C::forward                               
  1.882% |      2.655s |      1020 |       2.603ms | IncompressibleEuler_MPI::compute_B_xyz_trans     
  1.852% |      2.614s |      3060 |     854.098us | copy_to_padded                                   
  1.500% |      2.117s |       510 |       4.151ms | IncompressibleEuler_MPI::compute_u_yz_trans_pad  
  1.288% |      1.817s |       170 |      10.690ms | CFL::dt                                          
  1.042% |      1.469s |      6120 |     240.108us | copy_from_padded                                 
  0.990% |      1.396s |       510 |       2.738ms | IncompressibleEuler_MPI::compute_u_xyz_trans     
  0.989% |      1.396s |       510 |       2.737ms | CUFFT_R2C::backward                              
  0.814% |      1.149s |       510 |       2.253ms | IncompressibleEuler_MPI::compute_u_yz            
  0.814% |      1.149s |       510 |       2.253ms | CUFFT_C2C::backward                              
  0.756% |      1.067s |         2 |     533.462ms | SnapshotWriter::write_snapshot                   
  0.555% |   783.252ms |         3 |     261.084ms | CUFFT_MPI::transpose                             
  0.359% |   505.915ms |         2 |     252.957ms | CUFFT_MPI::backward                              
  0.352% |   497.295ms |       510 |     975.088us | IncompressibleEuler_MPI::compute_u_hat_pad       
  0.302% |   425.888ms |       510 |     835.075us | IncompressibleEuler_MPI::compute_B__hat          
  0.276% |   388.955ms |       510 |     762.657us | IncompressibleEuler_MPI::computeDudt             
  0.201% |   283.567ms |         1 |     283.567ms | CUFFT_MPI::forward                               
rank 15
u_hat_pad_.shape()       = [3, 16, 768, 768]
u_yz_.shape()            = [3, 16, 768, 768]
trans_u_sendbuf_.shape() = [16, 3, 48, 768, 17]
trans_u_recvbuf_.shape() = [16, 3, 48, 768, 17]
u_yz_trans_.shape()      = [3, 48, 768, 257]
u_yz_trans_pad_.shape()  = [3, 48, 768, 385]
u_xyz_trans_.shape()     = [3, 48, 768, 768]
B_xyz_trans_.shape()     = [6, 48, 768, 768]
B_yz_trans_pad_.shape()  = [6, 48, 768, 385]
B_yz_trans_.shape()      = [6, 48, 768, 257]
trans_B_sendbuf_.shape() = [16, 6, 17, 768, 48]
trans_B_recvbuf_.shape() = [16, 6, 17, 768, 48]
B_yz_.shape()            = [6, 16, 768, 768]
B_hat_pad_.shape()       = [6, 16, 768, 768]
B_hat_.shape()           = [6, 16, 512, 512]
Rank 15:
Total Simulation Time: 2min21.100s
 Time %  | Total Time  | Nr. Calls | Time per Call | Name                                             
------------------------------------------------------------------------------------------------------
 64.999% | 1min31.713s |       170 |     539.490ms | SSP_RK3::integrate                               
 64.654% | 1min31.226s |       510 |     178.875ms | IncompressibleEuler_MPI::dudt                    
 64.378% | 1min30.837s |       510 |     178.111ms | IncompressibleEuler_MPI::computeBhat             
 53.944% | 1min16.115s |      1023 |      74.404ms | Transpose::eval                                  
 48.632% |  1min8.619s |     16320 |       4.205ms | Transpose::communication                         
 35.007% |     49.395s |       510 |      96.852ms | IncompressibleEuler_MPI::compute_B_yz            
 18.546% |     26.169s |       510 |      51.311ms | IncompressibleEuler_MPI::compute_u_yz_trans      
  3.030% |      4.275s |       510 |       8.382ms | IncompressibleEuler_MPI::compute_B__hat_pad      
  3.029% |      4.274s |       510 |       8.381ms | CUFFT_C2C::forward                               
  1.935% |      2.730s |       510 |       5.354ms | IncompressibleEuler_MPI::compute_B_xyz_trans_pad 
  1.935% |      2.730s |       510 |       5.353ms | CUFFT_R2C::forward                               
  1.882% |      2.656s |      1020 |       2.604ms | IncompressibleEuler_MPI::compute_B_xyz_trans     
  1.870% |      2.639s |      3060 |     862.438us | copy_to_padded                                   
  1.709% |      2.411s |       170 |      14.183ms | CFL::dt                                          
  1.518% |      2.142s |       510 |       4.200ms | IncompressibleEuler_MPI::compute_u_yz_trans_pad  
  1.042% |      1.471s |      6120 |     240.297us | copy_from_padded                                 
  0.989% |      1.396s |       510 |       2.737ms | IncompressibleEuler_MPI::compute_u_xyz_trans     
  0.989% |      1.395s |       510 |       2.736ms | CUFFT_R2C::backward                              
  0.861% |      1.215s |         2 |     607.449ms | SnapshotWriter::write_snapshot                   
  0.814% |      1.148s |       510 |       2.251ms | IncompressibleEuler_MPI::compute_u_yz            
  0.813% |      1.148s |       510 |       2.251ms | CUFFT_C2C::backward                              
  0.565% |   797.338ms |         3 |     265.779ms | CUFFT_MPI::transpose                             
  0.366% |   516.605ms |         2 |     258.302ms | CUFFT_MPI::backward                              
  0.353% |   497.812ms |       510 |     976.103us | IncompressibleEuler_MPI::compute_u_hat_pad       
  0.302% |   425.950ms |       510 |     835.195us | IncompressibleEuler_MPI::compute_B__hat          
  0.276% |   388.989ms |       510 |     762.723us | IncompressibleEuler_MPI::computeDudt             
  0.203% |   286.985ms |         1 |     286.985ms | CUFFT_MPI::forward                               
rank 6
u_hat_pad_.shape()       = [3, 16, 768, 768]
u_yz_.shape()            = [3, 16, 768, 768]
trans_u_sendbuf_.shape() = [16, 3, 48, 768, 17]
trans_u_recvbuf_.shape() = [16, 3, 48, 768, 17]
u_yz_trans_.shape()      = [3, 48, 768, 257]
u_yz_trans_pad_.shape()  = [3, 48, 768, 385]
u_xyz_trans_.shape()     = [3, 48, 768, 768]
B_xyz_trans_.shape()     = [6, 48, 768, 768]
B_yz_trans_pad_.shape()  = [6, 48, 768, 385]
B_yz_trans_.shape()      = [6, 48, 768, 257]
trans_B_sendbuf_.shape() = [16, 6, 17, 768, 48]
trans_B_recvbuf_.shape() = [16, 6, 17, 768, 48]
B_yz_.shape()            = [6, 16, 768, 768]
B_hat_pad_.shape()       = [6, 16, 768, 768]
B_hat_.shape()           = [6, 16, 512, 512]
Rank 6:
Total Simulation Time: 2min21.034s
 Time %  | Total Time  | Nr. Calls | Time per Call | Name                                             
------------------------------------------------------------------------------------------------------
rank 1
u_hat_pad_.shape()       = [3, 16, 768, 768]
u_yz_.shape()            = [3, 16, 768, 768]
trans_u_sendbuf_.shape() = [16, 3, 48, 768, 17]
trans_u_recvbuf_.shape() = [16, 3, 48, 768, 17]
u_yz_trans_.shape()      = [3, 48, 768, 257]
u_yz_trans_pad_.shape()  = [3, 48, 768, 385]
u_xyz_trans_.shape()     = [3, 48, 768, 768]
B_xyz_trans_.shape()     = [6, 48, 768, 768]
B_yz_trans_pad_.shape()  = [6, 48, 768, 385]
B_yz_trans_.shape()      = [6, 48, 768, 257]
trans_B_sendbuf_.shape() = [16, 6, 17, 768, 48]
trans_B_recvbuf_.shape() = [16, 6, 17, 768, 48]
B_yz_.shape()            = [6, 16, 768, 768]
B_hat_pad_.shape()       = [6, 16, 768, 768]
B_hat_.shape()           = [6, 16, 512, 512]
Rank 1:
Total Simulation Time: 2min21.109s
 Time %  | Total Time  | Nr. Calls | Time per Call | Name                                             
------------------------------------------------------------------------------------------------------
 65.721% | 1min32.688s |       170 |     545.224ms | SSP_RK3::integrate                               
 65.375% | 1min32.201s |       510 |     180.786ms | IncompressibleEuler_MPI::dudt                    
 65.099% | 1min31.811s |       510 |     180.022ms | IncompressibleEuler_MPI::computeBhat             
 54.686% | 1min17.126s |      1023 |      75.392ms | Transpose::eval                                  
 49.418% |  1min9.696s |     16320 |       4.271ms | Transpose::communication                         
 36.060% |     50.857s |       510 |      99.720ms | IncompressibleEuler_MPI::compute_B_yz            
 18.237% |     25.720s |       510 |      50.432ms | IncompressibleEuler_MPI::compute_u_yz_trans      
  3.019% |      4.258s |       510 |       8.348ms | IncompressibleEuler_MPI::compute_B__hat_pad      
  3.018% |      4.257s |       510 |       8.347ms | CUFFT_C2C::forward                               
 65.271% | 1min32.102s |       170 |     541.779ms | SSP_RK3::integrate                               
 64.925% | 1min31.615s |       510 |     179.638ms | IncompressibleEuler_MPI::dudt                    
 64.649% | 1min31.226s |       510 |     178.874ms | IncompressibleEuler_MPI::computeBhat             
 54.188% | 1min16.463s |      1023 |      74.744ms | Transpose::eval                                  
 48.858% |  1min8.943s |     16320 |       4.224ms | Transpose::communication                         
 35.394% |     49.944s |       510 |      97.930ms | IncompressibleEuler_MPI::compute_B_yz            
 18.403% |     25.968s |       510 |      50.918ms | IncompressibleEuler_MPI::compute_u_yz_trans      
  3.060% |      4.317s |       510 |       8.466ms | IncompressibleEuler_MPI::compute_B__hat_pad      
  3.059% |      4.317s |       510 |       8.464ms | CUFFT_C2C::forward                               
  1.937% |      2.731s |       510 |       5.355ms | IncompressibleEuler_MPI::compute_B_xyz_trans_pad 
  1.936% |      2.731s |       510 |       5.355ms | CUFFT_R2C::forward                               
  1.883% |      2.655s |      1020 |       2.603ms | IncompressibleEuler_MPI::compute_B_xyz_trans     
  1.855% |      2.616s |      3060 |     855.016us | copy_to_padded                                   
  1.503% |      2.120s |       510 |       4.156ms | IncompressibleEuler_MPI::compute_u_yz_trans_pad  
  1.159% |      1.634s |       170 |       9.613ms | CFL::dt                                          
  1.042% |      1.469s |      6120 |     240.032us | copy_from_padded                                 
  0.990% |      1.396s |       510 |       2.738ms | IncompressibleEuler_MPI::compute_u_xyz_trans     
  0.990% |      1.396s |       510 |       2.737ms | CUFFT_R2C::backward                              
  1.936% |      2.732s |       510 |       5.356ms | IncompressibleEuler_MPI::compute_B_xyz_trans_pad 
  1.936% |      2.731s |       510 |       5.356ms | CUFFT_R2C::forward                               
  1.882% |      2.655s |      1020 |       2.603ms | IncompressibleEuler_MPI::compute_B_xyz_trans     
  1.867% |      2.635s |      3060 |     861.100us | copy_to_padded                                   
  1.515% |      2.138s |       510 |       4.193ms | IncompressibleEuler_MPI::compute_u_yz_trans_pad  
  1.491% |      2.104s |       170 |      12.377ms | CFL::dt                                          
  1.041% |      1.469s |      6120 |     240.075us | copy_from_padded                                 
  0.990% |      1.396s |       510 |       2.738ms | IncompressibleEuler_MPI::compute_u_xyz_trans     
  0.989% |      1.396s |       510 |       2.737ms | CUFFT_R2C::backward                              
  0.815% |      1.149s |       510 |       2.252ms | IncompressibleEuler_MPI::compute_u_yz            
  0.814% |      1.149s |       510 |       2.252ms | CUFFT_C2C::backward                              
  0.674% |   951.244ms |         2 |     475.622ms | SnapshotWriter::write_snapshot                   
  0.520% |   733.207ms |         3 |     244.402ms | CUFFT_MPI::transpose                             
  0.356% |   501.614ms |         2 |     250.807ms | CUFFT_MPI::backward                              
  0.353% |   497.339ms |       510 |     975.175us | IncompressibleEuler_MPI::compute_u_hat_pad       
  0.302% |   425.487ms |       510 |     834.288us | IncompressibleEuler_MPI::compute_B__hat          
  0.276% |   389.159ms |       510 |     763.056us | IncompressibleEuler_MPI::computeDudt             
  0.169% |   237.852ms |         1 |     237.852ms | CUFFT_MPI::forward                               
  0.814% |      1.149s |       510 |       2.252ms | IncompressibleEuler_MPI::compute_u_yz            
  0.814% |      1.148s |       510 |       2.252ms | CUFFT_C2C::backward                              
  0.809% |      1.141s |         2 |     570.717ms | SnapshotWriter::write_snapshot                   
  0.560% |   790.068ms |         3 |     263.356ms | CUFFT_MPI::transpose                             
  0.362% |   511.429ms |         2 |     255.715ms | CUFFT_MPI::backward                              
  0.352% |   497.358ms |       510 |     975.212us | IncompressibleEuler_MPI::compute_u_hat_pad       
  0.302% |   425.676ms |       510 |     834.659us | IncompressibleEuler_MPI::compute_B__hat          
  0.276% |   388.940ms |       510 |     762.627us | IncompressibleEuler_MPI::computeDudt             
  0.202% |   284.886ms |         1 |     284.886ms | CUFFT_MPI::forward                               
  0.528% |   751.938ms |         3 |     250.646ms | CUFFT_MPI::transpose                             
  0.370% |   526.084ms |       510 |       1.032ms | IncompressibleEuler_MPI::compute_u_hat_pad       
  0.362% |   515.515ms |         2 |     257.757ms | CUFFT_MPI::backward                              
  0.319% |   454.230ms |       510 |     890.647us | IncompressibleEuler_MPI::compute_B__hat          
  0.295% |   419.897ms |       510 |     823.327us | IncompressibleEuler_MPI::computeDudt             
  0.171% |   242.775ms |         1 |     242.775ms | CUFFT_MPI::forward                               


Batch Job Summary Report (version 21.01.1) for Job "tg_N512_ss_4" (37702310) on daint

Job information (1/3)
-----------------------------------------------------------------------------------------------------
             Submit            Eligible               Start                 End    Elapsed Time limit
------------------- ------------------- ------------------- ------------------- ---------- ----------
2022-04-14T14:27:37 2022-04-14T14:27:37 2022-04-14T18:07:18 2022-04-14T18:09:57   00:02:39   01:00:00
-----------------------------------------------------------------------------------------------------

Job information (2/3)
-------------------------------------------------------------
    Username      Account    Partition   NNodes        Energy
------------ ------------ ------------ -------- -------------
     trohner        s1069       normal       16    296.975 kJ

Job information (3/3) - GPU utilization data
----------------------------------------------------
   Node name       Usage      Max mem Execution time
------------ ----------- ------------ --------------
    nid04392        57 %     3853 MiB       00:02:22
    nid04391        58 %     3853 MiB       00:02:22
    nid05991        58 %     3853 MiB       00:02:22
    nid05863        59 %     3853 MiB       00:02:22
    nid05864        57 %     3853 MiB       00:02:22
    nid04393        57 %     3853 MiB       00:02:22
    nid05867        56 %     3853 MiB       00:02:22
    nid05865        57 %     3853 MiB       00:02:22
    nid04394        56 %     3853 MiB       00:02:22
    nid05862        59 %     3853 MiB       00:02:22
    nid05866        57 %     3853 MiB       00:02:22
    nid04395        56 %     3853 MiB       00:02:22
    nid05992        58 %     3853 MiB       00:02:22
    nid05990        57 %     3853 MiB       00:02:22
    nid04396        56 %     3853 MiB       00:02:22
    nid04390        59 %     3895 MiB       00:02:22

