ModuleCmd_Switch.c(179):ERROR:152: Module 'PrgEnv-cray' is currently not loaded
CMake(3):ERROR:105: Unable to locate a modulefile for 'CMake/3.21.3'
Info: Minimal padding size given from "N_phys_pad" is 768. Padded to 768 for speed.
Info: Minimal padding size given from "N_phys_pad" is 768. Padded to 768 for speed.
Info: Minimal padding size given from "N_phys_pad" is 768. Padded to 768 for speed.
Info: Minimal padding size given from "N_phys_pad" is 768. Padded to 768 for speed.
Info: Minimal padding size given from "N_phys_pad" is 768. Padded to 768 for speed.
Info: Minimal padding size given from "N_phys_pad" is 768. Padded to 768 for speed.
Info: Minimal padding size given from "N_phys_pad" is 768. Padded to 768 for speed.
Info: Minimal padding size given from "N_phys_pad" is 768. Padded to 768 for speed.
Running azeban with 8 MPI ranks.
Run configuration is
{
  "device": "cuda",
  "dimension": 3,
  "equation": {
    "name": "Euler",
    "visc": {
      "eps": 0.05,
      "type": "Quadratic"
    }
  },
  "grid": {
    "N_phys": 512,
    "N_phys_pad": ""
  },
  "init": {
    "name": "Taylor Green",
    "perturb": {
      "max": 0.025,
      "min": -0.025,
      "name": "Uniform"
    }
  },
  "num_samples": 1,
  "output": "tg_N512_strong_sample_2",
  "sample_idx_start": 0,
  "seed": 1,
  "snapshots": {
    "n": 1,
    "start": 0,
    "stop": 0.2
  },
  "time": 0.2,
  "timestepper": {
    "C": 0.5,
    "type": "SSP RK3"
  }
}
rank 0
u_hat_pad_.shape()       = [3, 33, 768, 768]
u_yz_.shape()            = [3, 33, 768, 768]
trans_u_sendbuf_.shape() = [8, 3, 96, 768, 33]
trans_u_recvbuf_.shape() = [8, 3, 96, 768, 33]
u_yz_trans_.shape()      = [3, 96, 768, 257]
u_yz_trans_pad_.shape()  = [3, 96, 768, 385]
u_xyz_trans_.shape()     = [3, 96, 768, 768]
B_xyz_trans_.shape()     = [6, 96, 768, 768]
B_yz_trans_pad_.shape()  = [6, 96, 768, 385]
B_yz_trans_.shape()      = [6, 96, 768, 257]
trans_B_sendbuf_.shape() = [8, 6, 33, 768, 96]
trans_B_recvbuf_.shape() = [8, 6, 33, 768, 96]
B_yz_.shape()            = [6, 33, 768, 768]
B_hat_pad_.shape()       = [6, 33, 768, 768]
B_hat_.shape()           = [6, 33, 512, 512]
Sample: 0, Time: 0
Sample: 0, Time: 0.2
Rank 0:
Total Simulation Time: 7min27.329s
 Time %  | Total Time  | Nr. Calls | Time per Call | Name                                             
------------------------------------------------------------------------------------------------------
 88.350% | 6min35.214s |       386 |        1.024s | SSP_RK3::integrate                               
 87.845% | 6min32.958s |      1158 |     339.342ms | IncompressibleEuler_MPI::dudt                    
 87.429% | 6min31.095s |      1158 |     337.733ms | IncompressibleEuler_MPI::computeBhat             
 74.994% | 5min35.471s |      2319 |     144.662ms | Transpose::eval                                  
 59.952% | 4min28.182s |     18528 |      14.474ms | Transpose::communication                         
 48.726% | 3min37.968s |      1158 |     188.228ms | IncompressibleEuler_MPI::compute_B_yz            
 26.028% | 1min56.432s |      1158 |     100.546ms | IncompressibleEuler_MPI::compute_u_yz_trans      
  2.767% |     12.377s |      1158 |      10.688ms | IncompressibleEuler_MPI::compute_B_xyz_trans_pad 
  2.767% |     12.376s |      1158 |      10.688ms | CUFFT_R2C::forward                               
  2.677% |     11.977s |      2316 |       5.171ms | IncompressibleEuler_MPI::compute_B_xyz_trans     
  2.385% |     10.669s |      1158 |       9.214ms | IncompressibleEuler_MPI::compute_B__hat_pad      
  2.385% |     10.669s |      1158 |       9.213ms | CUFFT_C2C::forward                               
  1.806% |      8.080s |      6948 |       1.163ms | copy_to_padded                                   
  1.479% |      6.614s |     13896 |     475.980us | copy_from_padded                                 
  1.408% |      6.300s |      1158 |       5.441ms | IncompressibleEuler_MPI::compute_u_xyz_trans     
  1.408% |      6.299s |      1158 |       5.440ms | CUFFT_R2C::backward                              
  1.195% |      5.348s |      1158 |       4.618ms | IncompressibleEuler_MPI::compute_u_yz            
  1.195% |      5.347s |      1158 |       4.618ms | CUFFT_C2C::backward                              
  1.156% |      5.173s |      1158 |       4.467ms | IncompressibleEuler_MPI::compute_u_yz_trans_pad  
  0.957% |      4.281s |         2 |        2.141s | SnapshotWriter::write_snapshot                   
  0.650% |      2.909s |      1158 |       2.512ms | IncompressibleEuler_MPI::compute_u_hat_pad       
  0.620% |      2.772s |         1 |        2.772s | FFTWFFT_R2C::forward                             
  0.601% |      2.690s |         1 |        2.690s | FFTWFFT_R2C::backward                            
  0.432% |      1.934s |      1158 |       1.670ms | IncompressibleEuler_MPI::compute_B__hat          
rank 4
u_hat_pad_.shape()       = [3, 32, 768, 768]
u_yz_.shape()            = [3, 32, 768, 768]
trans_u_sendbuf_.shape() = [8, 3, 96, 768, 33]
trans_u_recvbuf_.shape() = [8, 3, 96, 768, 33]
u_yz_trans_.shape()      = [3, 96, 768, 257]
u_yz_trans_pad_.shape()  = [3, 96, 768, 385]
u_xyz_trans_.shape()     = [3, 96, 768, 768]
B_xyz_trans_.shape()     = [6, 96, 768, 768]
B_yz_trans_pad_.shape()  = [6, 96, 768, 385]
B_yz_trans_.shape()      = [6, 96, 768, 257]
trans_B_sendbuf_.shape() = [8, 6, 33, 768, 96]
trans_B_recvbuf_.shape() = [8, 6, 33, 768, 96]
B_yz_.shape()            = [6, 32, 768, 768]
B_hat_pad_.shape()       = [6, 32, 768, 768]
B_hat_.shape()           = [6, 32, 512, 512]
Rank 4:
Total Simulation Time: 7min26.152s
 Time %  | Total Time  | Nr. Calls | Time per Call | Name                                             
------------------------------------------------------------------------------------------------------
 88.591% | 6min35.248s |       386 |        1.024s | SSP_RK3::integrate                               
 88.098% | 6min33.049s |      1158 |     339.420ms | IncompressibleEuler_MPI::dudt                    
 87.698% | 6min31.268s |      1158 |     337.883ms | IncompressibleEuler_MPI::computeBhat             
 75.452% | 5min36.628s |      2319 |     145.161ms | Transpose::eval                                  
 62.280% | 4min37.865s |     18528 |      14.997ms | Transpose::communication                         
 48.677% | 3min37.175s |      1158 |     187.543ms | IncompressibleEuler_MPI::compute_B_yz            
 26.534% | 1min58.382s |      1158 |     102.230ms | IncompressibleEuler_MPI::compute_u_yz_trans      
  2.774% |     12.378s |      1158 |      10.689ms | IncompressibleEuler_MPI::compute_B_xyz_trans_pad 
  2.774% |     12.377s |      1158 |      10.688ms | CUFFT_R2C::forward                               
  2.684% |     11.977s |      2316 |       5.171ms | IncompressibleEuler_MPI::compute_B_xyz_trans     
  2.317% |     10.338s |      1158 |       8.928ms | IncompressibleEuler_MPI::compute_B__hat_pad      
  2.317% |     10.337s |      1158 |       8.927ms | CUFFT_C2C::forward                               
  1.718% |      7.667s |      6948 |       1.103ms | copy_to_padded                                   
  1.466% |      6.542s |     13896 |     470.783us | copy_from_padded                                 
  1.412% |      6.299s |      1158 |       5.439ms | IncompressibleEuler_MPI::compute_u_xyz_trans     
  1.412% |      6.298s |      1158 |       5.438ms | CUFFT_R2C::backward                              
  1.162% |      5.183s |      1158 |       4.476ms | IncompressibleEuler_MPI::compute_u_yz            
  1.162% |      5.183s |      1158 |       4.475ms | CUFFT_C2C::backward                              
  1.159% |      5.173s |      1158 |       4.467ms | IncompressibleEuler_MPI::compute_u_yz_trans_pad  
  0.604% |      2.695s |       386 |       6.982ms | CFL::dt                                          
  0.559% |      2.496s |      1158 |       2.155ms | IncompressibleEuler_MPI::compute_u_hat_pad       
  0.437% |      1.950s |         2 |     975.122ms | SnapshotWriter::write_snapshot                   
  0.417% |      1.862s |      1158 |       1.608ms | IncompressibleEuler_MPI::compute_B__hat          
  0.399% |      1.780s |      1158 |       1.537ms | IncompressibleEuler_MPI::computeDudt             
  0.327% |      1.457s |         3 |     485.618ms | CUFFT_MPI::transpose                             
  0.220% |   981.911ms |         2 |     490.956ms | CUFFT_MPI::backward                              
  0.109% |   486.978ms |         1 |     486.978ms | CUFFT_MPI::forward                               
rank 1
u_hat_pad_.shape()       = [3, 32, 768, 768]
u_yz_.shape()            = [3, 32, 768, 768]
trans_u_sendbuf_.shape() = [8, 3, 96, 768, 33]
trans_u_recvbuf_.shape() = [8, 3, 96, 768, 33]
u_yz_trans_.shape()      = [3, 96, 768, 257]
u_yz_trans_pad_.shape()  = [3, 96, 768, 385]
u_xyz_trans_.shape()     = [3, 96, 768, 768]
B_xyz_trans_.shape()     = [6, 96, 768, 768]
B_yz_trans_pad_.shape()  = [6, 96, 768, 385]
B_yz_trans_.shape()      = [6, 96, 768, 257]
trans_B_sendbuf_.shape() = [8, 6, 33, 768, 96]
trans_B_recvbuf_.shape() = [8, 6, 33, 768, 96]
B_yz_.shape()            = [6, 32, 768, 768]
B_hat_pad_.shape()       = [6, 32, 768, 768]
B_hat_.shape()           = [6, 32, 512, 512]
Rank 1:
Total Simulation Time: 7min26.073s
 Time %  | Total Time  | Nr. Calls | Time per Call | Name                                             
------------------------------------------------------------------------------------------------------
 88.810% | 6min36.157s |       386 |        1.026s | SSP_RK3::integrate                               
 88.318% | 6min33.961s |      1158 |     340.208ms | IncompressibleEuler_MPI::dudt                    
 87.919% | 6min32.183s |      1158 |     338.673ms | IncompressibleEuler_MPI::computeBhat             
 75.682% | 5min37.596s |      2319 |     145.578ms | Transpose::eval                                  
 62.421% | 4min38.442s |     18528 |      15.028ms | Transpose::communication                         
 49.022% | 3min38.675s |      1158 |     188.839ms | IncompressibleEuler_MPI::compute_B_yz            
 26.420% | 1min57.852s |      1158 |     101.772ms | IncompressibleEuler_MPI::compute_u_yz_trans      
  2.775% |     12.378s |      1158 |      10.689ms | IncompressibleEuler_MPI::compute_B_xyz_trans_pad 
  2.775% |     12.377s |      1158 |      10.688ms | CUFFT_R2C::forward                               
  2.685% |     11.978s |      2316 |       5.172ms | IncompressibleEuler_MPI::compute_B_xyz_trans     
  2.317% |     10.337s |      1158 |       8.927ms | IncompressibleEuler_MPI::compute_B__hat_pad      
  2.317% |     10.336s |      1158 |       8.926ms | CUFFT_C2C::forward                               
  1.703% |      7.597s |      6948 |       1.093ms | copy_to_padded                                   
  1.470% |      6.556s |     13896 |     471.799us | copy_from_padded                                 
  1.412% |      6.297s |      1158 |       5.438ms | IncompressibleEuler_MPI::compute_u_xyz_trans     
  1.411% |      6.296s |      1158 |       5.437ms | CUFFT_R2C::backward                              
  1.162% |      5.183s |      1158 |       4.476ms | IncompressibleEuler_MPI::compute_u_yz            
  1.162% |      5.183s |      1158 |       4.476ms | CUFFT_C2C::backward                              
  1.161% |      5.180s |      1158 |       4.474ms | IncompressibleEuler_MPI::compute_u_yz_trans_pad  
  0.542% |      2.419s |      1158 |       2.089ms | IncompressibleEuler_MPI::compute_u_hat_pad       
  0.421% |      1.877s |       386 |       4.862ms | CFL::dt                                          
  0.421% |      1.876s |      1158 |       1.620ms | IncompressibleEuler_MPI::compute_B__hat          
  0.400% |      1.785s |         2 |     892.256ms | SnapshotWriter::write_snapshot                   
  0.398% |      1.777s |      1158 |       1.535ms | IncompressibleEuler_MPI::computeDudt             
  0.326% |      1.452s |         3 |     484.039ms | CUFFT_MPI::transpose                             
  0.219% |   975.820ms |         2 |     487.910ms | CUFFT_MPI::backward                              
  0.109% |   488.329ms |         1 |     488.329ms | CUFFT_MPI::forward                               
rank 5
u_hat_pad_.shape()       = [3, 32, 768, 768]
u_yz_.shape()            = [3, 32, 768, 768]
trans_u_sendbuf_.shape() = [8, 3, 96, 768, 33]
trans_u_recvbuf_.shape() = [8, 3, 96, 768, 33]
u_yz_trans_.shape()      = [3, 96, 768, 257]
u_yz_trans_pad_.shape()  = [3, 96, 768, 385]
u_xyz_trans_.shape()     = [3, 96, 768, 768]
B_xyz_trans_.shape()     = [6, 96, 768, 768]
B_yz_trans_pad_.shape()  = [6, 96, 768, 385]
B_yz_trans_.shape()      = [6, 96, 768, 257]
trans_B_sendbuf_.shape() = [8, 6, 33, 768, 96]
trans_B_recvbuf_.shape() = [8, 6, 33, 768, 96]
B_yz_.shape()            = [6, 32, 768, 768]
B_hat_pad_.shape()       = [6, 32, 768, 768]
B_hat_.shape()           = [6, 32, 512, 512]
Rank 5:
Total Simulation Time: 7min26.098s
 Time %  | Total Time  | Nr. Calls | Time per Call | Name                                             
------------------------------------------------------------------------------------------------------
 88.801% | 6min36.142s |       386 |        1.026s | SSP_RK3::integrate                               
 88.309% | 6min33.943s |      1158 |     340.193ms | IncompressibleEuler_MPI::dudt                    
 87.909% | 6min32.162s |      1158 |     338.655ms | IncompressibleEuler_MPI::computeBhat             
 75.658% | 5min37.509s |      2319 |     145.541ms | Transpose::eval                                  
 60.524% | 4min29.998s |     18528 |      14.572ms | Transpose::communication                         
 49.011% | 3min38.636s |      1158 |     188.805ms | IncompressibleEuler_MPI::compute_B_yz            
 26.407% | 1min57.803s |      1158 |     101.730ms | IncompressibleEuler_MPI::compute_u_yz_trans      
  2.775% |     12.380s |      1158 |      10.691ms | IncompressibleEuler_MPI::compute_B_xyz_trans_pad 
  2.775% |     12.379s |      1158 |      10.690ms | CUFFT_R2C::forward                               
  2.685% |     11.978s |      2316 |       5.172ms | IncompressibleEuler_MPI::compute_B_xyz_trans     
  2.318% |     10.342s |      1158 |       8.931ms | IncompressibleEuler_MPI::compute_B__hat_pad      
  2.318% |     10.341s |      1158 |       8.930ms | CUFFT_C2C::forward                               
  1.719% |      7.667s |      6948 |       1.104ms | copy_to_padded                                   
  1.467% |      6.543s |     13896 |     470.840us | copy_from_padded                                 
  1.412% |      6.300s |      1158 |       5.440ms | IncompressibleEuler_MPI::compute_u_xyz_trans     
  1.412% |      6.299s |      1158 |       5.439ms | CUFFT_R2C::backward                              
  1.162% |      5.186s |      1158 |       4.478ms | IncompressibleEuler_MPI::compute_u_yz            
  1.162% |      5.185s |      1158 |       4.478ms | CUFFT_C2C::backward                              
  1.160% |      5.173s |      1158 |       4.468ms | IncompressibleEuler_MPI::compute_u_yz_trans_pad  
  0.559% |      2.496s |      1158 |       2.155ms | IncompressibleEuler_MPI::compute_u_hat_pad       
  0.418% |      1.866s |       386 |       4.834ms | CFL::dt                                          
  0.417% |      1.862s |      1158 |       1.608ms | IncompressibleEuler_MPI::compute_B__hat          
  0.411% |      1.835s |         2 |     917.283ms | SnapshotWriter::write_snapshot                   
  0.399% |      1.780s |      1158 |       1.537ms | IncompressibleEuler_MPI::computeDudt             
  0.323% |      1.441s |         3 |     480.366ms | CUFFT_MPI::transpose                             
  0.219% |   975.622ms |         2 |     487.811ms | CUFFT_MPI::backward                              
  0.107% |   477.494ms |         1 |     477.494ms | CUFFT_MPI::forward                               
rank 3
u_hat_pad_.shape()       = [3, 32, 768, 768]
u_yz_.shape()            = [3, 32, 768, 768]
trans_u_sendbuf_.shape() = [8, 3, 96, 768, 33]
trans_u_recvbuf_.shape() = [8, 3, 96, 768, 33]
u_yz_trans_.shape()      = [3, 96, 768, 257]
u_yz_trans_pad_.shape()  = [3, 96, 768, 385]
u_xyz_trans_.shape()     = [3, 96, 768, 768]
B_xyz_trans_.shape()     = [6, 96, 768, 768]
B_yz_trans_pad_.shape()  = [6, 96, 768, 385]
B_yz_trans_.shape()      = [6, 96, 768, 257]
trans_B_sendbuf_.shape() = [8, 6, 33, 768, 96]
trans_B_recvbuf_.shape() = [8, 6, 33, 768, 96]
B_yz_.shape()            = [6, 32, 768, 768]
B_hat_pad_.shape()       = [6, 32, 768, 768]
B_hat_.shape()           = [6, 32, 512, 512]
Rank 3:
Total Simulation Time: 7min26.047s
 Time %  | Total Time  | Nr. Calls | Time per Call | Name                                             
------------------------------------------------------------------------------------------------------
 88.609% | 6min35.239s |       386 |        1.024s | SSP_RK3::integrate                               
 88.116% | 6min33.040s |      1158 |     339.413ms | IncompressibleEuler_MPI::dudt                    
 87.717% | 6min31.259s |      1158 |     337.875ms | IncompressibleEuler_MPI::computeBhat             
 75.470% | 5min36.633s |      2319 |     145.163ms | Transpose::eval                                  
 61.053% | 4min32.326s |     18528 |      14.698ms | Transpose::communication                         
 48.686% | 3min37.164s |      1158 |     187.533ms | IncompressibleEuler_MPI::compute_B_yz            
 26.545% | 1min58.401s |      1158 |     102.246ms | IncompressibleEuler_MPI::compute_u_yz_trans      
  2.775% |     12.378s |      1158 |      10.689ms | IncompressibleEuler_MPI::compute_B_xyz_trans_pad 
  2.775% |     12.377s |      1158 |      10.688ms | CUFFT_R2C::forward                               
  2.686% |     11.982s |      2316 |       5.174ms | IncompressibleEuler_MPI::compute_B_xyz_trans     
  2.313% |     10.319s |      1158 |       8.911ms | IncompressibleEuler_MPI::compute_B__hat_pad      
  2.313% |     10.318s |      1158 |       8.910ms | CUFFT_C2C::forward                               
  1.720% |      7.674s |      6948 |       1.104ms | copy_to_padded                                   
  1.468% |      6.546s |     13896 |     471.101us | copy_from_padded                                 
  1.412% |      6.299s |      1158 |       5.439ms | IncompressibleEuler_MPI::compute_u_xyz_trans     
  1.412% |      6.298s |      1158 |       5.439ms | CUFFT_R2C::backward                              
  1.161% |      5.178s |      1158 |       4.472ms | IncompressibleEuler_MPI::compute_u_yz_trans_pad  
  1.159% |      5.171s |      1158 |       4.465ms | IncompressibleEuler_MPI::compute_u_yz            
  1.159% |      5.170s |      1158 |       4.465ms | CUFFT_C2C::backward                              
  0.614% |      2.738s |       386 |       7.092ms | CFL::dt                                          
  0.560% |      2.497s |      1158 |       2.157ms | IncompressibleEuler_MPI::compute_u_hat_pad       
  0.418% |      1.862s |      1158 |       1.608ms | IncompressibleEuler_MPI::compute_B__hat          
  0.407% |      1.814s |         2 |     907.085ms | SnapshotWriter::write_snapshot                   
  0.399% |      1.780s |      1158 |       1.537ms | IncompressibleEuler_MPI::computeDudt             
  0.324% |      1.444s |         3 |     481.185ms | CUFFT_MPI::transpose                             
  0.220% |   979.844ms |         2 |     489.922ms | CUFFT_MPI::backward                              
  0.107% |   475.753ms |         1 |     475.753ms | CUFFT_MPI::forward                               
rank 2
u_hat_pad_.shape()       = [3, 32, 768, 768]
u_yz_.shape()            = [3, 32, 768, 768]
trans_u_sendbuf_.shape() = [8, 3, 96, 768, 33]
trans_u_recvbuf_.shape() = [8, 3, 96, 768, 33]
u_yz_trans_.shape()      = [3, 96, 768, 257]
u_yz_trans_pad_.shape()  = [3, 96, 768, 385]
u_xyz_trans_.shape()     = [3, 96, 768, 768]
B_xyz_trans_.shape()     = [6, 96, 768, 768]
B_yz_trans_pad_.shape()  = [6, 96, 768, 385]
B_yz_trans_.shape()      = [6, 96, 768, 257]
trans_B_sendbuf_.shape() = [8, 6, 33, 768, 96]
trans_B_recvbuf_.shape() = [8, 6, 33, 768, 96]
B_yz_.shape()            = [6, 32, 768, 768]
B_hat_pad_.shape()       = [6, 32, 768, 768]
B_hat_.shape()           = [6, 32, 512, 512]
Rank 2:
Total Simulation Time: 7min25.994s
 Time %  | Total Time  | Nr. Calls | Time per Call | Name                                             
------------------------------------------------------------------------------------------------------
 88.824% | 6min36.150s |       386 |        1.026s | SSP_RK3::integrate                               
 88.331% | 6min33.952s |      1158 |     340.200ms | IncompressibleEuler_MPI::dudt                    
 87.932% | 6min32.171s |      1158 |     338.662ms | IncompressibleEuler_MPI::computeBhat             
 75.644% | 5min37.367s |      2319 |     145.479ms | Transpose::eval                                  
 61.191% | 4min32.908s |     18528 |      14.729ms | Transpose::communication                         
 49.005% | 3min38.557s |      1158 |     188.737ms | IncompressibleEuler_MPI::compute_B_yz            
 26.400% | 1min57.742s |      1158 |     101.677ms | IncompressibleEuler_MPI::compute_u_yz_trans      
  2.779% |     12.394s |      1158 |      10.703ms | IncompressibleEuler_MPI::compute_B_xyz_trans_pad 
  2.779% |     12.393s |      1158 |      10.702ms | CUFFT_R2C::forward                               
  2.693% |     12.010s |      2316 |       5.186ms | IncompressibleEuler_MPI::compute_B_xyz_trans     
  2.329% |     10.387s |      1158 |       8.970ms | IncompressibleEuler_MPI::compute_B__hat_pad      
  2.329% |     10.387s |      1158 |       8.969ms | CUFFT_C2C::forward                               
  1.727% |      7.701s |      6948 |       1.108ms | copy_to_padded                                   
  1.474% |      6.575s |     13896 |     473.127us | copy_from_padded                                 
  1.414% |      6.305s |      1158 |       5.445ms | IncompressibleEuler_MPI::compute_u_xyz_trans     
  1.413% |      6.304s |      1158 |       5.444ms | CUFFT_R2C::backward                              
  1.167% |      5.203s |      1158 |       4.493ms | IncompressibleEuler_MPI::compute_u_yz            
  1.166% |      5.202s |      1158 |       4.493ms | CUFFT_C2C::backward                              
  1.165% |      5.196s |      1158 |       4.487ms | IncompressibleEuler_MPI::compute_u_yz_trans_pad  
  0.562% |      2.506s |      1158 |       2.164ms | IncompressibleEuler_MPI::compute_u_hat_pad       
  0.418% |      1.863s |      1158 |       1.609ms | IncompressibleEuler_MPI::compute_B__hat          
  0.409% |      1.823s |       386 |       4.722ms | CFL::dt                                          
  0.399% |      1.780s |      1158 |       1.537ms | IncompressibleEuler_MPI::computeDudt             
  0.397% |      1.771s |         2 |     885.337ms | SnapshotWriter::write_snapshot                   
  0.326% |      1.455s |         3 |     484.957ms | CUFFT_MPI::transpose                             
  0.218% |   974.473ms |         2 |     487.236ms | CUFFT_MPI::backward                              
  0.110% |   492.458ms |         1 |     492.458ms | CUFFT_MPI::forward                               
rank 6
u_hat_pad_.shape()       = [3, 32, 768, 768]
u_yz_.shape()            = [3, 32, 768, 768]
trans_u_sendbuf_.shape() = [8, 3, 96, 768, 33]
trans_u_recvbuf_.shape() = [8, 3, 96, 768, 33]
u_yz_trans_.shape()      = [3, 96, 768, 257]
u_yz_trans_pad_.shape()  = [3, 96, 768, 385]
u_xyz_trans_.shape()     = [3, 96, 768, 768]
B_xyz_trans_.shape()     = [6, 96, 768, 768]
B_yz_trans_pad_.shape()  = [6, 96, 768, 385]
B_yz_trans_.shape()      = [6, 96, 768, 257]
trans_B_sendbuf_.shape() = [8, 6, 33, 768, 96]
trans_B_recvbuf_.shape() = [8, 6, 33, 768, 96]
B_yz_.shape()            = [6, 32, 768, 768]
B_hat_pad_.shape()       = [6, 32, 768, 768]
B_hat_.shape()           = [6, 32, 512, 512]
Rank 6:
Total Simulation Time: 7min26.122s
 Time %  | Total Time  | Nr. Calls | Time per Call | Name                                             
------------------------------------------------------------------------------------------------------
 88.798% | 6min36.149s |       386 |        1.026s | SSP_RK3::integrate                               
 88.305% | 6min33.950s |      1158 |     340.198ms | IncompressibleEuler_MPI::dudt                    
 87.906% | 6min32.169s |      1158 |     338.661ms | IncompressibleEuler_MPI::computeBhat             
 75.667% | 5min37.565s |      2319 |     145.565ms | Transpose::eval                                  
 60.422% | 4min29.558s |     18528 |      14.549ms | Transpose::communication                         
 49.016% | 3min38.672s |      1158 |     188.836ms | IncompressibleEuler_MPI::compute_B_yz            
 26.411% | 1min57.823s |      1158 |     101.747ms | IncompressibleEuler_MPI::compute_u_yz_trans      
  2.775% |     12.378s |      1158 |      10.689ms | IncompressibleEuler_MPI::compute_B_xyz_trans_pad 
  2.774% |     12.377s |      1158 |      10.688ms | CUFFT_R2C::forward                               
  2.686% |     11.981s |      2316 |       5.173ms | IncompressibleEuler_MPI::compute_B_xyz_trans     
  2.310% |     10.305s |      1158 |       8.899ms | IncompressibleEuler_MPI::compute_B__hat_pad      
  2.310% |     10.304s |      1158 |       8.898ms | CUFFT_C2C::forward                               
  1.720% |      7.674s |      6948 |       1.104ms | copy_to_padded                                   
  1.467% |      6.546s |     13896 |     471.070us | copy_from_padded                                 
  1.412% |      6.299s |      1158 |       5.439ms | IncompressibleEuler_MPI::compute_u_xyz_trans     
  1.412% |      6.298s |      1158 |       5.438ms | CUFFT_R2C::backward                              
  1.161% |      5.178s |      1158 |       4.471ms | IncompressibleEuler_MPI::compute_u_yz_trans_pad  
  1.159% |      5.169s |      1158 |       4.464ms | IncompressibleEuler_MPI::compute_u_yz            
  1.159% |      5.169s |      1158 |       4.463ms | CUFFT_C2C::backward                              
  0.560% |      2.498s |      1158 |       2.157ms | IncompressibleEuler_MPI::compute_u_hat_pad       
  0.424% |      1.893s |       386 |       4.905ms | CFL::dt                                          
  0.417% |      1.862s |      1158 |       1.608ms | IncompressibleEuler_MPI::compute_B__hat          
  0.409% |      1.823s |         2 |     911.743ms | SnapshotWriter::write_snapshot                   
  0.399% |      1.780s |      1158 |       1.537ms | IncompressibleEuler_MPI::computeDudt             
  0.326% |      1.456s |         3 |     485.301ms | CUFFT_MPI::transpose                             
  0.219% |   976.112ms |         2 |     488.056ms | CUFFT_MPI::backward                              
  0.110% |   491.829ms |         1 |     491.829ms | CUFFT_MPI::forward                               
rank 7
u_hat_pad_.shape()       = [3, 32, 768, 768]
u_yz_.shape()            = [3, 32, 768, 768]
trans_u_sendbuf_.shape() = [8, 3, 96, 768, 33]
trans_u_recvbuf_.shape() = [8, 3, 96, 768, 33]
u_yz_trans_.shape()      = [3, 96, 768, 257]
u_yz_trans_pad_.shape()  = [3, 96, 768, 385]
u_xyz_trans_.shape()     = [3, 96, 768, 768]
B_xyz_trans_.shape()     = [6, 96, 768, 768]
B_yz_trans_pad_.shape()  = [6, 96, 768, 385]
B_yz_trans_.shape()      = [6, 96, 768, 257]
trans_B_sendbuf_.shape() = [8, 6, 33, 768, 96]
trans_B_recvbuf_.shape() = [8, 6, 33, 768, 96]
B_yz_.shape()            = [6, 32, 768, 768]
B_hat_pad_.shape()       = [6, 32, 768, 768]
B_hat_.shape()           = [6, 32, 512, 512]
Rank 7:
Total Simulation Time: 7min26.022s
 Time %  | Total Time  | Nr. Calls | Time per Call | Name                                             
------------------------------------------------------------------------------------------------------
 88.547% | 6min34.938s |       386 |        1.023s | SSP_RK3::integrate                               
 88.054% | 6min32.739s |      1158 |     339.153ms | IncompressibleEuler_MPI::dudt                    
 87.654% | 6min30.958s |      1158 |     337.615ms | IncompressibleEuler_MPI::computeBhat             
 75.395% | 5min36.279s |      2319 |     145.010ms | Transpose::eval                                  
 61.876% | 4min35.980s |     18528 |      14.895ms | Transpose::communication                         
 48.400% | 3min35.876s |      1158 |     186.421ms | IncompressibleEuler_MPI::compute_B_yz            
 26.756% | 1min59.336s |      1158 |     103.053ms | IncompressibleEuler_MPI::compute_u_yz_trans      
  2.777% |     12.386s |      1158 |      10.696ms | IncompressibleEuler_MPI::compute_B_xyz_trans_pad 
  2.777% |     12.385s |      1158 |      10.695ms | CUFFT_R2C::forward                               
  2.685% |     11.977s |      2316 |       5.172ms | IncompressibleEuler_MPI::compute_B_xyz_trans     
  2.321% |     10.352s |      1158 |       8.939ms | IncompressibleEuler_MPI::compute_B__hat_pad      
  2.321% |     10.351s |      1158 |       8.939ms | CUFFT_C2C::forward                               
  1.719% |      7.668s |      6948 |       1.104ms | copy_to_padded                                   
  1.467% |      6.543s |     13896 |     470.820us | copy_from_padded                                 
  1.413% |      6.302s |      1158 |       5.442ms | IncompressibleEuler_MPI::compute_u_xyz_trans     
  1.413% |      6.301s |      1158 |       5.442ms | CUFFT_R2C::backward                              
  1.164% |      5.190s |      1158 |       4.482ms | IncompressibleEuler_MPI::compute_u_yz            
  1.163% |      5.189s |      1158 |       4.481ms | CUFFT_C2C::backward                              
  1.160% |      5.174s |      1158 |       4.468ms | IncompressibleEuler_MPI::compute_u_yz_trans_pad  
  0.700% |      3.122s |       386 |       8.088ms | CFL::dt                                          
  0.560% |      2.496s |      1158 |       2.155ms | IncompressibleEuler_MPI::compute_u_hat_pad       
  0.418% |      1.862s |      1158 |       1.608ms | IncompressibleEuler_MPI::compute_B__hat          
  0.399% |      1.780s |      1158 |       1.537ms | IncompressibleEuler_MPI::computeDudt             
  0.383% |      1.706s |         2 |     853.141ms | SnapshotWriter::write_snapshot                   
  0.327% |      1.459s |         3 |     486.491ms | CUFFT_MPI::transpose                             
  0.220% |   981.487ms |         2 |     490.743ms | CUFFT_MPI::backward                              
  0.110% |   490.029ms |         1 |     490.029ms | CUFFT_MPI::forward                               
  0.417% |      1.863s |      1158 |       1.609ms | IncompressibleEuler_MPI::computeDudt             
  0.346% |      1.547s |       386 |       4.008ms | CFL::dt                                          
  0.324% |      1.447s |         3 |     482.376ms | CUFFT_MPI::transpose                             
  0.255% |      1.141s |         1 |        1.141s | leray                                            
  0.219% |   980.790ms |         2 |     490.395ms | CUFFT_MPI::backward                              
  0.107% |   478.477ms |         1 |     478.477ms | CUFFT_MPI::forward                               


Batch Job Summary Report (version 21.01.1) for Job "tg_N512_ss_2" (37854973) on daint

Job information (1/3)
-----------------------------------------------------------------------------------------------------
             Submit            Eligible               Start                 End    Elapsed Time limit
------------------- ------------------- ------------------- ------------------- ---------- ----------
2022-04-21T14:23:35 2022-04-21T14:23:35 2022-04-21T14:34:03 2022-04-21T14:41:55   00:07:52   00:30:00
-----------------------------------------------------------------------------------------------------

Job information (2/3)
-------------------------------------------------------------
    Username      Account    Partition   NNodes        Energy
------------ ------------ ------------ -------- -------------
     trohner        s1069       normal        8    493.708 kJ

Job information (3/3) - GPU utilization data
----------------------------------------------------
   Node name       Usage      Max mem Execution time
------------ ----------- ------------ --------------
    nid05837        70 %     7423 MiB       00:07:27
    nid05834        70 %     7423 MiB       00:07:27
    nid05836        70 %     7423 MiB       00:07:27
    nid05839        70 %     7423 MiB       00:07:28
    nid05840        70 %     7423 MiB       00:07:28
    nid05838        70 %     7423 MiB       00:07:27
    nid05835        70 %     7423 MiB       00:07:27
    nid05833        71 %     7465 MiB       00:07:28

