ModuleCmd_Switch.c(179):ERROR:152: Module 'PrgEnv-cray' is currently not loaded
CMake(3):ERROR:105: Unable to locate a modulefile for 'CMake/3.21.3'
Info: Minimal padding size given from "N_phys_pad" is 768. Padded to 768 for speed.
Info: Minimal padding size given from "N_phys_pad" is 768. Padded to 768 for speed.
Info: Minimal padding size given from "N_phys_pad" is 768. Padded to 768 for speed.
Info: Minimal padding size given from "N_phys_pad" is 768. Padded to 768 for speed.
Running azeban with 4 MPI ranks.
Run configuration is
{
  "device": "cuda",
  "dimension": 3,
  "equation": {
    "name": "Euler",
    "visc": {
      "eps": 0.05,
      "type": "Quadratic"
    }
  },
  "grid": {
    "N_phys": 512,
    "N_phys_pad": ""
  },
  "init": {
    "name": "Taylor Green",
    "perturb": {
      "max": 0.025,
      "min": -0.025,
      "name": "Uniform"
    }
  },
  "num_samples": 1,
  "output": "tg_N512_strong_sample_1",
  "sample_idx_start": 0,
  "seed": 1,
  "snapshots": {
    "n": 1,
    "start": 0,
    "stop": 0.1
  },
  "time": 0.1,
  "timestepper": {
    "C": 0.5,
    "type": "SSP RK3"
  }
}
rank 0
u_hat_pad_.shape()       = [3, 65, 768, 768]
u_yz_.shape()            = [3, 65, 768, 768]
trans_u_sendbuf_.shape() = [4, 3, 192, 768, 65]
trans_u_recvbuf_.shape() = [4, 3, 192, 768, 65]
u_yz_trans_.shape()      = [3, 192, 768, 257]
u_yz_trans_pad_.shape()  = [3, 192, 768, 385]
u_xyz_trans_.shape()     = [3, 192, 768, 768]
B_xyz_trans_.shape()     = [6, 192, 768, 768]
B_yz_trans_pad_.shape()  = [6, 192, 768, 385]
B_yz_trans_.shape()      = [6, 192, 768, 257]
trans_B_sendbuf_.shape() = [4, 6, 65, 768, 192]
trans_B_recvbuf_.shape() = [4, 6, 65, 768, 192]
B_yz_.shape()            = [6, 65, 768, 768]
B_hat_pad_.shape()       = [6, 65, 768, 768]
B_hat_.shape()           = [6, 65, 512, 512]
Sample: 0, Time: 0
Sample: 0, Time: 0.1
Rank 0:
Total Simulation Time: 6min23.549s
 Time %  | Total Time  | Nr. Calls | Time per Call | Name                                             
------------------------------------------------------------------------------------------------------
 85.924% | 5min29.559s |       170 |        1.939s | SSP_RK3::integrate                               
 85.416% | 5min27.613s |       510 |     642.378ms | IncompressibleEuler_MPI::dudt                    
 85.006% | 5min26.038s |       510 |     639.291ms | IncompressibleEuler_MPI::computeBhat             
 64.659% |  4min8.000s |      1023 |     242.424ms | Transpose::eval                                  
 54.557% | 3min29.254s |      4080 |      51.288ms | Transpose::communication                         
 42.519% | 2min43.081s |       510 |     319.766ms | IncompressibleEuler_MPI::compute_B_yz            
 21.585% | 1min22.789s |       510 |     162.332ms | IncompressibleEuler_MPI::compute_u_yz_trans      
  7.367% |     28.255s |       510 |      55.402ms | IncompressibleEuler_MPI::compute_B__hat_pad      
  7.367% |     28.255s |       510 |      55.401ms | CUFFT_C2C::forward                               
  4.876% |     18.702s |      3060 |       6.112ms | copy_to_padded                                   
  4.262% |     16.348s |       510 |      32.055ms | IncompressibleEuler_MPI::compute_u_yz_trans_pad  
  2.840% |     10.891s |       510 |      21.355ms | IncompressibleEuler_MPI::compute_B_xyz_trans_pad 
  2.839% |     10.891s |       510 |      21.354ms | CUFFT_R2C::forward                               
  2.743% |     10.519s |      1020 |      10.313ms | IncompressibleEuler_MPI::compute_B_xyz_trans     
  1.501% |      5.756s |      6120 |     940.580us | copy_from_padded                                 
  1.472% |      5.645s |         2 |        2.822s | SnapshotWriter::write_snapshot                   
  1.442% |      5.529s |       510 |      10.841ms | IncompressibleEuler_MPI::compute_u_xyz_trans     
  1.441% |      5.528s |       510 |      10.840ms | CUFFT_R2C::backward                              
  1.203% |      4.613s |       510 |       9.045ms | IncompressibleEuler_MPI::compute_u_yz            
  1.203% |      4.612s |       510 |       9.044ms | CUFFT_C2C::backward                              
  0.749% |      2.873s |         3 |     957.829ms | CUFFT_MPI::transpose                             
  0.721% |      2.764s |         1 |        2.764s | FFTWFFT_R2C::forward                             
  0.703% |      2.695s |         1 |        2.695s | FFTWFFT_R2C::backward                            
  0.614% |      2.355s |       510 |       4.619ms | IncompressibleEuler_MPI::compute_u_hat_pad       
rank 1
u_hat_pad_.shape()       = [3, 64, 768, 768]
u_yz_.shape()            = [3, 64, 768, 768]
trans_u_sendbuf_.shape() = [4, 3, 192, 768, 65]
trans_u_recvbuf_.shape() = [4, 3, 192, 768, 65]
u_yz_trans_.shape()      = [3, 192, 768, 257]
u_yz_trans_pad_.shape()  = [3, 192, 768, 385]
u_xyz_trans_.shape()     = [3, 192, 768, 768]
B_xyz_trans_.shape()     = [6, 192, 768, 768]
B_yz_trans_pad_.shape()  = [6, 192, 768, 385]
B_yz_trans_.shape()      = [6, 192, 768, 257]
trans_B_sendbuf_.shape() = [4, 6, 65, 768, 192]
trans_B_recvbuf_.shape() = [4, 6, 65, 768, 192]
B_yz_.shape()            = [6, 64, 768, 768]
B_hat_pad_.shape()       = [6, 64, 768, 768]
B_hat_.shape()           = [6, 64, 512, 512]
Rank 1:
Total Simulation Time: 6min22.283s
 Time %  | Total Time  | Nr. Calls | Time per Call | Name                                             
------------------------------------------------------------------------------------------------------
 86.088% | 5min29.101s |       170 |        1.936s | SSP_RK3::integrate                               
 85.584% | 5min27.174s |       510 |     641.518ms | IncompressibleEuler_MPI::dudt                    
 85.182% | 5min25.635s |       510 |     638.501ms | IncompressibleEuler_MPI::computeBhat             
 64.941% |  4min8.259s |      1023 |     242.678ms | Transpose::eval                                  
 55.137% | 3min30.781s |      4080 |      51.662ms | Transpose::communication                         
 42.321% | 2min41.786s |       510 |     317.227ms | IncompressibleEuler_MPI::compute_B_yz            
 22.065% | 1min24.351s |       510 |     165.395ms | IncompressibleEuler_MPI::compute_u_yz_trans      
  7.284% |     27.845s |       510 |      54.598ms | IncompressibleEuler_MPI::compute_B__hat_pad      
  7.284% |     27.845s |       510 |      54.598ms | CUFFT_C2C::forward                               
  4.847% |     18.528s |      3060 |       6.055ms | copy_to_padded                                   
  4.277% |     16.349s |       510 |      32.057ms | IncompressibleEuler_MPI::compute_u_yz_trans_pad  
  2.850% |     10.893s |       510 |      21.359ms | IncompressibleEuler_MPI::compute_B_xyz_trans_pad 
  2.849% |     10.893s |       510 |      21.359ms | CUFFT_R2C::forward                               
  2.751% |     10.516s |      1020 |      10.310ms | IncompressibleEuler_MPI::compute_B_xyz_trans     
  1.497% |      5.724s |      6120 |     935.351us | copy_from_padded                                 
  1.446% |      5.528s |       510 |      10.840ms | IncompressibleEuler_MPI::compute_u_xyz_trans     
  1.446% |      5.528s |       510 |      10.839ms | CUFFT_R2C::backward                              
  1.192% |      4.558s |       510 |       8.937ms | IncompressibleEuler_MPI::compute_u_yz            
  1.192% |      4.557s |       510 |       8.936ms | CUFFT_C2C::backward                              
  0.837% |      3.199s |         2 |        1.600s | SnapshotWriter::write_snapshot                   
  0.751% |      2.873s |         3 |     957.505ms | CUFFT_MPI::transpose                             
  0.570% |      2.179s |       510 |       4.273ms | IncompressibleEuler_MPI::compute_u_hat_pad       
  0.560% |      2.140s |       170 |      12.588ms | CFL::dt                                          
  0.499% |      1.909s |         2 |     954.451ms | CUFFT_MPI::backward                              
  0.425% |      1.625s |       510 |       3.187ms | IncompressibleEuler_MPI::compute_B__hat          
  0.403% |      1.539s |       510 |       3.017ms | IncompressibleEuler_MPI::computeDudt             
  0.258% |   987.245ms |         1 |     987.245ms | CUFFT_MPI::forward                               
rank 3
u_hat_pad_.shape()       = [3, 64, 768, 768]
u_yz_.shape()            = [3, 64, 768, 768]
trans_u_sendbuf_.shape() = [4, 3, 192, 768, 65]
trans_u_recvbuf_.shape() = [4, 3, 192, 768, 65]
u_yz_trans_.shape()      = [3, 192, 768, 257]
u_yz_trans_pad_.shape()  = [3, 192, 768, 385]
u_xyz_trans_.shape()     = [3, 192, 768, 768]
B_xyz_trans_.shape()     = [6, 192, 768, 768]
B_yz_trans_pad_.shape()  = [6, 192, 768, 385]
B_yz_trans_.shape()      = [6, 192, 768, 257]
trans_B_sendbuf_.shape() = [4, 6, 65, 768, 192]
trans_B_recvbuf_.shape() = [4, 6, 65, 768, 192]
B_yz_.shape()            = [6, 64, 768, 768]
B_hat_pad_.shape()       = [6, 64, 768, 768]
B_hat_.shape()           = [6, 64, 512, 512]
Rank 3:
Total Simulation Time: 6min22.334s
 Time %  | Total Time  | Nr. Calls | Time per Call | Name                                             
------------------------------------------------------------------------------------------------------
 86.154% | 5min29.398s |       170 |        1.938s | SSP_RK3::integrate                               
 85.650% | 5min27.471s |       510 |     642.100ms | IncompressibleEuler_MPI::dudt                    
 85.248% | 5min25.931s |       510 |     639.081ms | IncompressibleEuler_MPI::computeBhat             
 64.605% |  4min7.007s |      1023 |     241.454ms | Transpose::eval                                  
 54.793% | 3min29.493s |      4080 |      51.346ms | Transpose::communication                         
 42.246% | 2min41.520s |       510 |     316.706ms | IncompressibleEuler_MPI::compute_B_yz            
 21.803% | 1min23.362s |       510 |     163.455ms | IncompressibleEuler_MPI::compute_u_yz_trans      
  7.281% |     27.837s |       510 |      54.582ms | IncompressibleEuler_MPI::compute_B__hat_pad      
  7.281% |     27.836s |       510 |      54.581ms | CUFFT_C2C::forward                               
  5.254% |     20.088s |      3060 |       6.565ms | copy_to_padded                                   
  4.684% |     17.909s |       510 |      35.116ms | IncompressibleEuler_MPI::compute_u_yz_trans_pad  
  2.849% |     10.894s |       510 |      21.360ms | IncompressibleEuler_MPI::compute_B_xyz_trans_pad 
  2.849% |     10.893s |       510 |      21.359ms | CUFFT_R2C::forward                               
  2.750% |     10.516s |      1020 |      10.310ms | IncompressibleEuler_MPI::compute_B_xyz_trans     
  1.497% |      5.725s |      6120 |     935.377us | copy_from_padded                                 
  1.446% |      5.529s |       510 |      10.840ms | IncompressibleEuler_MPI::compute_u_xyz_trans     
  1.446% |      5.528s |       510 |      10.840ms | CUFFT_R2C::backward                              
  1.192% |      4.558s |       510 |       8.936ms | IncompressibleEuler_MPI::compute_u_yz            
  1.192% |      4.557s |       510 |       8.935ms | CUFFT_C2C::backward                              
  0.839% |      3.210s |         2 |        1.605s | SnapshotWriter::write_snapshot                   
  0.751% |      2.871s |         3 |     957.084ms | CUFFT_MPI::transpose                             
  0.570% |      2.179s |       510 |       4.273ms | IncompressibleEuler_MPI::compute_u_hat_pad       
  0.499% |      1.910s |         2 |     954.874ms | CUFFT_MPI::backward                              
  0.495% |      1.892s |       170 |      11.129ms | CFL::dt                                          
  0.425% |      1.625s |       510 |       3.187ms | IncompressibleEuler_MPI::compute_B__hat          
  0.402% |      1.539s |       510 |       3.017ms | IncompressibleEuler_MPI::computeDudt             
  0.258% |   985.155ms |         1 |     985.155ms | CUFFT_MPI::forward                               
rank 2
u_hat_pad_.shape()       = [3, 64, 768, 768]
u_yz_.shape()            = [3, 64, 768, 768]
trans_u_sendbuf_.shape() = [4, 3, 192, 768, 65]
trans_u_recvbuf_.shape() = [4, 3, 192, 768, 65]
u_yz_trans_.shape()      = [3, 192, 768, 257]
u_yz_trans_pad_.shape()  = [3, 192, 768, 385]
u_xyz_trans_.shape()     = [3, 192, 768, 768]
B_xyz_trans_.shape()     = [6, 192, 768, 768]
B_yz_trans_pad_.shape()  = [6, 192, 768, 385]
B_yz_trans_.shape()      = [6, 192, 768, 257]
trans_B_sendbuf_.shape() = [4, 6, 65, 768, 192]
trans_B_recvbuf_.shape() = [4, 6, 65, 768, 192]
B_yz_.shape()            = [6, 64, 768, 768]
B_hat_pad_.shape()       = [6, 64, 768, 768]
B_hat_.shape()           = [6, 64, 512, 512]
Rank 2:
Total Simulation Time: 6min22.239s
 Time %  | Total Time  | Nr. Calls | Time per Call | Name                                             
------------------------------------------------------------------------------------------------------
 86.100% | 5min29.107s |       170 |        1.936s | SSP_RK3::integrate                               
 85.595% | 5min27.176s |       510 |     641.522ms | IncompressibleEuler_MPI::dudt                    
 85.185% | 5min25.611s |       510 |     638.453ms | IncompressibleEuler_MPI::computeBhat             
 64.950% |  4min8.265s |      1023 |     242.683ms | Transpose::eval                                  
 55.131% | 3min30.731s |      4080 |      51.650ms | Transpose::communication                         
 42.326% | 2min41.788s |       510 |     317.231ms | IncompressibleEuler_MPI::compute_B_yz            
 22.067% | 1min24.347s |       510 |     165.386ms | IncompressibleEuler_MPI::compute_u_yz_trans      
  7.282% |     27.836s |       510 |      54.580ms | IncompressibleEuler_MPI::compute_B__hat_pad      
  7.282% |     27.836s |       510 |      54.580ms | CUFFT_C2C::forward                               
  4.844% |     18.517s |      3060 |       6.051ms | copy_to_padded                                   
  4.277% |     16.347s |       510 |      32.053ms | IncompressibleEuler_MPI::compute_u_yz_trans_pad  
  2.850% |     10.893s |       510 |      21.358ms | IncompressibleEuler_MPI::compute_B_xyz_trans_pad 
  2.850% |     10.892s |       510 |      21.357ms | CUFFT_R2C::forward                               
  2.751% |     10.516s |      1020 |      10.310ms | IncompressibleEuler_MPI::compute_B_xyz_trans     
  1.498% |      5.724s |      6120 |     935.344us | copy_from_padded                                 
  1.447% |      5.530s |       510 |      10.843ms | IncompressibleEuler_MPI::compute_u_xyz_trans     
  1.447% |      5.529s |       510 |      10.842ms | CUFFT_R2C::backward                              
  1.192% |      4.556s |       510 |       8.933ms | IncompressibleEuler_MPI::compute_u_yz            
  1.192% |      4.555s |       510 |       8.932ms | CUFFT_C2C::backward                              
  0.842% |      3.219s |         2 |        1.609s | SnapshotWriter::write_snapshot                   
  0.753% |      2.879s |         3 |     959.648ms | CUFFT_MPI::transpose                             
  0.568% |      2.171s |       510 |       4.256ms | IncompressibleEuler_MPI::compute_u_hat_pad       
  0.542% |      2.072s |       170 |      12.191ms | CFL::dt                                          
  0.502% |      1.917s |         2 |     958.697ms | CUFFT_MPI::backward                              
  0.425% |      1.625s |       510 |       3.187ms | IncompressibleEuler_MPI::compute_B__hat          
  0.409% |      1.564s |       510 |       3.067ms | IncompressibleEuler_MPI::computeDudt             
  0.258% |   985.194ms |         1 |     985.194ms | CUFFT_MPI::forward                               
  0.498% |      1.909s |         2 |     954.445ms | CUFFT_MPI::backward                              
  0.431% |      1.654s |       510 |       3.243ms | IncompressibleEuler_MPI::compute_B__hat          
  0.410% |      1.574s |       510 |       3.086ms | IncompressibleEuler_MPI::computeDudt             
  0.300% |      1.150s |         1 |        1.150s | leray                                            
  0.258% |   988.356ms |         1 |     988.356ms | CUFFT_MPI::forward                               
  0.121% |   463.102ms |       170 |       2.724ms | CFL::dt                                          


Batch Job Summary Report (version 21.01.1) for Job "tg_N512_ss_1" (37702307) on daint

Job information (1/3)
-----------------------------------------------------------------------------------------------------
             Submit            Eligible               Start                 End    Elapsed Time limit
------------------- ------------------- ------------------- ------------------- ---------- ----------
2022-04-14T14:27:26 2022-04-14T14:27:26 2022-04-14T18:04:02 2022-04-14T18:10:48   00:06:46   01:00:00
-----------------------------------------------------------------------------------------------------

Job information (2/3)
-------------------------------------------------------------
    Username      Account    Partition   NNodes        Energy
------------ ------------ ------------ -------- -------------
     trohner        s1069       normal        4    215.845 kJ

Job information (3/3) - GPU utilization data
----------------------------------------------------
   Node name       Usage      Max mem Execution time
------------ ----------- ------------ --------------
    nid07078        74 %    14565 MiB       00:06:23
    nid07079        73 %    14565 MiB       00:06:23
    nid07077        74 %    14607 MiB       00:06:24

