ModuleCmd_Switch.c(179):ERROR:152: Module 'PrgEnv-cray' is currently not loaded
CMake(3):ERROR:105: Unable to locate a modulefile for 'CMake/3.21.3'
Info: Minimal padding size given from "N_phys_pad" is 384. Padded to 384 for speed.
Running azeban in single-node mode.
Run cofiguration is
{
  "device": "cuda",
  "dimension": 3,
  "equation": {
    "name": "Euler",
    "visc": {
      "eps": 0.05,
      "type": "Quadratic"
    }
  },
  "grid": {
    "N_phys": 256,
    "N_phys_pad": ""
  },
  "init": {
    "name": "Taylor Green",
    "perturb": {
      "max": 0.025,
      "min": -0.025,
      "name": "Uniform"
    }
  },
  "num_samples": 8,
  "output": "tg_N256_strong_1",
  "sample_idx_start": 0,
  "seed": 1,
  "snapshots": {
    "n": 1,
    "start": 0,
    "stop": 1
  },
  "time": 1,
  "timestepper": {
    "C": 0.5,
    "type": "SSP RK3"
  }
}
Sample 0, Time 0
Sample 0, Time 1
Sample 1, Time 0
Sample 1, Time 1
Sample 2, Time 0
Sample 2, Time 1
Sample 3, Time 0
Sample 3, Time 1
Sample 4, Time 0
Sample 4, Time 1
Sample 5, Time 0
Sample 5, Time 1
Sample 6, Time 0
Sample 6, Time 1
Sample 7, Time 0
Sample 7, Time 1
Rank 0:
Total Simulation Time: 14min39.959s
 Time %  | Total Time   | Nr. Calls | Time per Call | Name                             
---------------------------------------------------------------------------------------
 96.480% |  14min8.984s |      5036 |     168.583ms | SSP_RK3::integrate               
 93.196% | 13min40.084s |     15108 |      54.281ms | IncompressibleEuler::dudt        
 44.204% |  6min28.978s |     15116 |      25.733ms | CUFFT_R2C::forward               
 22.337% |  3min16.559s |     15108 |      13.010ms | CUFFT_R2C::backward              
 10.813% |  1min35.148s |     15108 |       6.298ms | IncompressibleEuler::computeB    
  6.937% |   1min1.047s |     45324 |       1.347ms | copy_to_padded                   
  2.993% |      26.335s |     15108 |       1.743ms | IncompressibleEuler::computeDudt 
  1.832% |      16.124s |        16 |        1.008s | SnapshotWriter::write_snapshot   
  0.640% |       5.632s |        16 |     351.971ms | FFTWFFT_R2C::backward            
  0.003% |     26.876ms |         8 |       3.360ms | leray                            


Batch Job Summary Report (version 21.01.1) for Job "tg_N256_strong_1" (38129167) on daint

Job information (1/3)
-----------------------------------------------------------------------------------------------------
             Submit            Eligible               Start                 End    Elapsed Time limit
------------------- ------------------- ------------------- ------------------- ---------- ----------
2022-05-02T09:45:45 2022-05-02T09:45:46 2022-05-02T09:46:21 2022-05-02T10:01:16   00:14:55 1-00:00:00
-----------------------------------------------------------------------------------------------------

Job information (2/3)
-------------------------------------------------------------
    Username      Account    Partition   NNodes        Energy
------------ ------------ ------------ -------- -------------
     trohner        s1069       normal        1    203.925 kJ

Job information (3/3) - GPU utilization data
----------------------------------------------------
   Node name       Usage      Max mem Execution time
------------ ----------- ------------ --------------
    nid06388        95 %     6193 MiB       00:14:40

