ModuleCmd_Switch.c(179):ERROR:152: Module 'PrgEnv-cray' is currently not loaded
CMake(3):ERROR:105: Unable to locate a modulefile for 'CMake/3.21.3'
Info: Minimal padding size given from "N_phys_pad" is 384. Padded to 384 for speed.
Info: Minimal padding size given from "N_phys_pad" is 384. Padded to 384 for speed.
Info: Minimal padding size given from "N_phys_pad" is 384. Padded to 384 for speed.
Info: Minimal padding size given from "N_phys_pad" is 384. Padded to 384 for speed.
Info: Minimal padding size given from "N_phys_pad" is 384. Padded to 384 for speed.
Info: Minimal padding size given from "N_phys_pad" is 384. Padded to 384 for speed.
Info: Minimal padding size given from "N_phys_pad" is 384. Padded to 384 for speed.
Info: Minimal padding size given from "N_phys_pad" is 384. Padded to 384 for speed.
Running azeban in single-node mode.
Run cofiguration is
{
  "device": "cuda",
  "dimension": 3,
  "equation": {
    "name": "Euler",
    "visc": {
      "eps": 0.05,
      "type": "Quadratic"
    }
  },
  "grid": {
    "N_phys": 256,
    "N_phys_pad": ""
  },
  "init": {
    "name": "Taylor Green",
    "perturb": {
      "max": 0.025,
      "min": -0.025,
      "name": "Uniform"
    }
  },
  "num_samples": 1,
  "output": "tg_N256_strong_8",
  "sample_idx_start": 6,
  "seed": 7,
  "snapshots": {
    "n": 1,
    "start": 0,
    "stop": 1
  },
  "time": 1,
  "timestepper": {
    "C": 0.5,
    "type": "SSP RK3"
  }
}
Sample 6, Time 0
Sample 6, Time 1
Rank 6:
Total Simulation Time: 1min51.566s
 Time %  | Total Time  | Nr. Calls | Time per Call | Name                             
--------------------------------------------------------------------------------------
 93.762% | 1min44.607s |       621 |     168.449ms | SSP_RK3::integrate               
 90.568% | 1min41.043s |      1863 |      54.237ms | IncompressibleEuler::dudt        
 42.945% |     47.912s |      1864 |      25.704ms | CUFFT_R2C::forward               
 21.699% |     24.209s |      1863 |      12.995ms | CUFFT_R2C::backward              
 10.517% |     11.734s |      1863 |       6.298ms | IncompressibleEuler::computeB    
  6.748% |      7.528s |      5589 |       1.347ms | copy_to_padded                   
  3.294% |      3.675s |         2 |        1.838s | SnapshotWriter::write_snapshot   
  2.910% |      3.247s |      1863 |       1.743ms | IncompressibleEuler::computeDudt 
  0.626% |   698.605ms |         2 |     349.302ms | FFTWFFT_R2C::backward            
  0.003% |     3.491ms |         1 |       3.491ms | leray                            
Running azeban in single-node mode.
Run cofiguration is
{
  "device": "cuda",
  "dimension": 3,
  "equation": {
    "name": "Euler",
    "visc": {
      "eps": 0.05,
      "type": "Quadratic"
    }
  },
  "grid": {
    "N_phys": 256,
    "N_phys_pad": ""
  },
  "init": {
    "name": "Taylor Green",
    "perturb": {
      "max": 0.025,
      "min": -0.025,
      "name": "Uniform"
    }
  },
  "num_samples": 1,
  "output": "tg_N256_strong_8",
  "sample_idx_start": 5,
  "seed": 6,
  "snapshots": {
    "n": 1,
    "start": 0,
    "stop": 1
  },
  "time": 1,
  "timestepper": {
    "C": 0.5,
    "type": "SSP RK3"
  }
}
Sample 5, Time 0
Sample 5, Time 1
Rank 5:
Total Simulation Time: 1min51.087s
 Time %  | Total Time  | Nr. Calls | Time per Call | Name                             
--------------------------------------------------------------------------------------
 93.724% | 1min44.115s |       618 |     168.470ms | SSP_RK3::integrate               
 90.531% | 1min40.568s |      1854 |      54.244ms | IncompressibleEuler::dudt        
 42.926% |     47.686s |      1855 |      25.706ms | CUFFT_R2C::forward               
 21.693% |     24.098s |      1854 |      12.998ms | CUFFT_R2C::backward              
 10.512% |     11.677s |      1854 |       6.298ms | IncompressibleEuler::computeB    
  6.744% |      7.491s |      5562 |       1.347ms | copy_to_padded                   
  3.321% |      3.689s |         2 |        1.844s | SnapshotWriter::write_snapshot   
  2.910% |      3.233s |      1854 |       1.744ms | IncompressibleEuler::computeDudt 
  0.635% |   705.371ms |         2 |     352.686ms | FFTWFFT_R2C::backward            
  0.003% |     3.296ms |         1 |       3.296ms | leray                            
Running azeban in single-node mode.
Run cofiguration is
{
  "device": "cuda",
  "dimension": 3,
  "equation": {
    "name": "Euler",
    "visc": {
      "eps": 0.05,
      "type": "Quadratic"
    }
  },
  "grid": {
    "N_phys": 256,
    "N_phys_pad": ""
  },
  "init": {
    "name": "Taylor Green",
    "perturb": {
      "max": 0.025,
      "min": -0.025,
      "name": "Uniform"
    }
  },
  "num_samples": 1,
  "output": "tg_N256_strong_8",
  "sample_idx_start": 3,
  "seed": 4,
  "snapshots": {
    "n": 1,
    "start": 0,
    "stop": 1
  },
  "time": 1,
  "timestepper": {
    "C": 0.5,
    "type": "SSP RK3"
  }
}
Sample 3, Time 0
Sample 3, Time 1
Rank 3:
Total Simulation Time: 1min55.358s
 Time %  | Total Time  | Nr. Calls | Time per Call | Name                             
--------------------------------------------------------------------------------------
 93.928% | 1min48.354s |       643 |     168.512ms | SSP_RK3::integrate               
 90.730% | 1min44.664s |      1929 |      54.258ms | IncompressibleEuler::dudt        
 43.035% |     49.645s |      1930 |      25.723ms | CUFFT_R2C::forward               
 21.746% |     25.086s |      1929 |      13.005ms | CUFFT_R2C::backward              
 10.532% |     12.149s |      1929 |       6.298ms | IncompressibleEuler::computeB    
  6.756% |      7.794s |      5787 |       1.347ms | copy_to_padded                   
  3.227% |      3.723s |         2 |        1.861s | SnapshotWriter::write_snapshot   
  2.915% |      3.363s |      1929 |       1.743ms | IncompressibleEuler::computeDudt 
  0.610% |   703.662ms |         2 |     351.831ms | FFTWFFT_R2C::backward            
  0.003% |     3.291ms |         1 |       3.291ms | leray                            
Running azeban in single-node mode.
Run cofiguration is
{
  "device": "cuda",
  "dimension": 3,
  "equation": {
    "name": "Euler",
    "visc": {
      "eps": 0.05,
      "type": "Quadratic"
    }
  },
  "grid": {
    "N_phys": 256,
    "N_phys_pad": ""
  },
  "init": {
    "name": "Taylor Green",
    "perturb": {
      "max": 0.025,
      "min": -0.025,
      "name": "Uniform"
    }
  },
  "num_samples": 1,
  "output": "tg_N256_strong_8",
  "sample_idx_start": 2,
  "seed": 3,
  "snapshots": {
    "n": 1,
    "start": 0,
    "stop": 1
  },
  "time": 1,
  "timestepper": {
    "C": 0.5,
    "type": "SSP RK3"
  }
}
Sample 2, Time 0
Sample 2, Time 1
Rank 2:
Total Simulation Time: 1min55.434s
 Time %  | Total Time  | Nr. Calls | Time per Call | Name                             
--------------------------------------------------------------------------------------
 93.725% | 1min48.190s |       642 |     168.520ms | SSP_RK3::integrate               
 90.533% | 1min44.506s |      1926 |      54.260ms | IncompressibleEuler::dudt        
 42.935% |     49.562s |      1927 |      25.720ms | CUFFT_R2C::forward               
 21.696% |     25.044s |      1926 |      13.003ms | CUFFT_R2C::backward              
 10.510% |     12.132s |      1926 |       6.299ms | IncompressibleEuler::computeB    
  6.742% |      7.783s |      5778 |       1.347ms | copy_to_padded                   
  3.431% |      3.960s |         2 |        1.980s | SnapshotWriter::write_snapshot   
  2.909% |      3.357s |      1926 |       1.743ms | IncompressibleEuler::computeDudt 
  0.604% |   697.442ms |         2 |     348.721ms | FFTWFFT_R2C::backward            
  0.003% |     3.615ms |         1 |       3.615ms | leray                            
Running azeban in single-node mode.
Run cofiguration is
{
  "device": "cuda",
  "dimension": 3,
  "equation": {
    "name": "Euler",
    "visc": {
      "eps": 0.05,
      "type": "Quadratic"
    }
  },
  "grid": {
    "N_phys": 256,
    "N_phys_pad": ""
  },
  "init": {
    "name": "Taylor Green",
    "perturb": {
      "max": 0.025,
      "min": -0.025,
      "name": "Uniform"
    }
  },
  "num_samples": 1,
  "output": "tg_N256_strong_8",
  "sample_idx_start": 1,
  "seed": 2,
  "snapshots": {
    "n": 1,
    "start": 0,
    "stop": 1
  },
  "time": 1,
  "timestepper": {
    "C": 0.5,
    "type": "SSP RK3"
  }
}
Sample 1, Time 0
Sample 1, Time 1
Rank 1:
Total Simulation Time: 1min56.806s
 Time %  | Total Time  | Nr. Calls | Time per Call | Name                             
--------------------------------------------------------------------------------------
 94.028% | 1min49.830s |       652 |     168.452ms | SSP_RK3::integrate               
 90.825% | 1min46.089s |      1956 |      54.238ms | IncompressibleEuler::dudt        
 43.072% |     50.310s |      1957 |      25.708ms | CUFFT_R2C::forward               
 21.763% |     25.420s |      1956 |      12.996ms | CUFFT_R2C::backward              
 10.547% |     12.319s |      1956 |       6.298ms | IncompressibleEuler::computeB    
  6.766% |      7.903s |      5868 |       1.347ms | copy_to_padded                   
  3.160% |      3.691s |         2 |        1.846s | SnapshotWriter::write_snapshot   
  2.919% |      3.409s |      1956 |       1.743ms | IncompressibleEuler::computeDudt 
  0.625% |   730.096ms |         2 |     365.048ms | FFTWFFT_R2C::backward            
  0.003% |     3.290ms |         1 |       3.290ms | leray                            
Running azeban in single-node mode.
Run cofiguration is
{
  "device": "cuda",
  "dimension": 3,
  "equation": {
    "name": "Euler",
    "visc": {
      "eps": 0.05,
      "type": "Quadratic"
    }
  },
  "grid": {
    "N_phys": 256,
    "N_phys_pad": ""
  },
  "init": {
    "name": "Taylor Green",
    "perturb": {
      "max": 0.025,
      "min": -0.025,
      "name": "Uniform"
    }
  },
  "num_samples": 1,
  "output": "tg_N256_strong_8",
  "sample_idx_start": 4,
  "seed": 5,
  "snapshots": {
    "n": 1,
    "start": 0,
    "stop": 1
  },
  "time": 1,
  "timestepper": {
    "C": 0.5,
    "type": "SSP RK3"
  }
}
Sample 4, Time 0
Sample 4, Time 1
Rank 4:
Total Simulation Time: 1min54.025s
 Time %  | Total Time  | Nr. Calls | Time per Call | Name                             
--------------------------------------------------------------------------------------
 93.848% | 1min47.010s |       635 |     168.519ms | SSP_RK3::integrate               
 90.652% | 1min43.366s |      1905 |      54.260ms | IncompressibleEuler::dudt        
 42.991% |     49.021s |      1906 |      25.719ms | CUFFT_R2C::forward               
 21.723% |     24.770s |      1905 |      13.003ms | CUFFT_R2C::backward              
 10.523% |     11.999s |      1905 |       6.299ms | IncompressibleEuler::computeB    
  6.751% |      7.698s |      5715 |       1.347ms | copy_to_padded                   
  3.274% |      3.733s |         2 |        1.867s | SnapshotWriter::write_snapshot   
  2.913% |      3.321s |      1905 |       1.743ms | IncompressibleEuler::computeDudt 
  0.637% |   726.649ms |         2 |     363.324ms | FFTWFFT_R2C::backward            
  0.003% |     3.600ms |         1 |       3.600ms | leray                            
Running azeban in single-node mode.
Run cofiguration is
{
  "device": "cuda",
  "dimension": 3,
  "equation": {
    "name": "Euler",
    "visc": {
      "eps": 0.05,
      "type": "Quadratic"
    }
  },
  "grid": {
    "N_phys": 256,
    "N_phys_pad": ""
  },
  "init": {
    "name": "Taylor Green",
    "perturb": {
      "max": 0.025,
      "min": -0.025,
      "name": "Uniform"
    }
  },
  "num_samples": 1,
  "output": "tg_N256_strong_8",
  "sample_idx_start": 7,
  "seed": 8,
  "snapshots": {
    "n": 1,
    "start": 0,
    "stop": 1
  },
  "time": 1,
  "timestepper": {
    "C": 0.5,
    "type": "SSP RK3"
  }
}
Sample 7, Time 0
Sample 7, Time 1
Rank 7:
Total Simulation Time: 1min51.639s
 Time %  | Total Time  | Nr. Calls | Time per Call | Name                             
--------------------------------------------------------------------------------------
 93.518% | 1min44.403s |       620 |     168.392ms | SSP_RK3::integrate               
 90.331% | 1min40.845s |      1860 |      54.218ms | IncompressibleEuler::dudt        
 42.817% |     47.800s |      1861 |      25.685ms | CUFFT_R2C::forward               
 21.635% |     24.153s |      1860 |      12.985ms | CUFFT_R2C::backward              
 10.493% |     11.715s |      1860 |       6.298ms | IncompressibleEuler::computeB    
  6.735% |      7.519s |      5580 |       1.347ms | copy_to_padded                   
  3.548% |      3.961s |         2 |        1.981s | SnapshotWriter::write_snapshot   
  2.905% |      3.243s |      1860 |       1.744ms | IncompressibleEuler::computeDudt 
  0.636% |   709.710ms |         2 |     354.855ms | FFTWFFT_R2C::backward            
  0.003% |     3.292ms |         1 |       3.292ms | leray                            
Running azeban in single-node mode.
Run cofiguration is
{
  "device": "cuda",
  "dimension": 3,
  "equation": {
    "name": "Euler",
    "visc": {
      "eps": 0.05,
      "type": "Quadratic"
    }
  },
  "grid": {
    "N_phys": 256,
    "N_phys_pad": ""
  },
  "init": {
    "name": "Taylor Green",
    "perturb": {
      "max": 0.025,
      "min": -0.025,
      "name": "Uniform"
    }
  },
  "num_samples": 1,
  "output": "tg_N256_strong_8",
  "sample_idx_start": 0,
  "seed": 1,
  "snapshots": {
    "n": 1,
    "start": 0,
    "stop": 1
  },
  "time": 1,
  "timestepper": {
    "C": 0.5,
    "type": "SSP RK3"
  }
}
Sample 0, Time 0
Sample 0, Time 1
Rank 0:
Total Simulation Time: 1min54.658s
 Time %  | Total Time  | Nr. Calls | Time per Call | Name                             
--------------------------------------------------------------------------------------
 93.993% | 1min47.770s |       640 |     168.391ms | SSP_RK3::integrate               
 90.789% | 1min44.097s |      1920 |      54.217ms | IncompressibleEuler::dudt        
 43.044% |     49.353s |      1921 |      25.691ms | CUFFT_R2C::forward               
 21.750% |     24.938s |      1920 |      12.988ms | CUFFT_R2C::backward              
 10.548% |     12.094s |      1920 |       6.299ms | IncompressibleEuler::computeB    
  6.770% |      7.763s |      5760 |       1.348ms | copy_to_padded                   
  3.143% |      3.604s |         2 |        1.802s | SnapshotWriter::write_snapshot   
  2.920% |      3.348s |      1920 |       1.744ms | IncompressibleEuler::computeDudt 
  0.612% |   701.583ms |         2 |     350.791ms | FFTWFFT_R2C::backward            
  0.003% |     3.489ms |         1 |       3.489ms | leray                            


Batch Job Summary Report (version 21.01.1) for Job "tg_N256_strong_8" (38129182) on daint

Job information (1/3)
-----------------------------------------------------------------------------------------------------
             Submit            Eligible               Start                 End    Elapsed Time limit
------------------- ------------------- ------------------- ------------------- ---------- ----------
2022-05-02T09:45:58 2022-05-02T09:45:58 2022-05-02T09:46:21 2022-05-02T09:48:32   00:02:11 1-00:00:00
-----------------------------------------------------------------------------------------------------

Job information (2/3)
-------------------------------------------------------------
    Username      Account    Partition   NNodes        Energy
------------ ------------ ------------ -------- -------------
     trohner        s1069       normal        8    205.743 kJ

Job information (3/3) - GPU utilization data
----------------------------------------------------
   Node name       Usage      Max mem Execution time
------------ ----------- ------------ --------------
    nid03428        92 %     6193 MiB       00:01:56
    nid03432        89 %     6193 MiB       00:01:57
    nid03429        92 %     6193 MiB       00:01:56
    nid03433        89 %     6193 MiB       00:01:57
    nid03430        91 %     6193 MiB       00:01:57
    nid03427        93 %     6193 MiB       00:01:56
    nid03431        88 %     6193 MiB       00:01:56
    nid03426        91 %     6193 MiB       00:01:57

