ModuleCmd_Switch.c(179):ERROR:152: Module 'PrgEnv-cray' is currently not loaded
CMake(3):ERROR:105: Unable to locate a modulefile for 'CMake/3.21.3'
Info: Minimal padding size given from "N_phys_pad" is 384. Padded to 384 for speed.
Running azeban in single-node mode.
Run cofiguration is
{
  "device": "cuda",
  "dimension": 3,
  "equation": {
    "name": "Euler",
    "visc": {
      "eps": 0.05,
      "type": "Quadratic"
    }
  },
  "grid": {
    "N_phys": 256,
    "N_phys_pad": ""
  },
  "init": {
    "name": "Taylor Green",
    "perturb": {
      "max": 0.025,
      "min": -0.025,
      "name": "Uniform"
    }
  },
  "num_samples": 8,
  "output": "tg_N256_strong_1",
  "sample_idx_start": 0,
  "seed": 1,
  "snapshots": {
    "n": 1,
    "start": 0,
    "stop": 5
  },
  "time": 5,
  "timestepper": {
    "C": 0.5,
    "type": "SSP RK3"
  }
}
Sample 0, Time 0
Sample 0, Time 5
Sample 1, Time 0
Sample 1, Time 5
Sample 2, Time 0
Sample 2, Time 5
Sample 3, Time 0
Sample 3, Time 5
Sample 4, Time 0
Sample 4, Time 5
Sample 5, Time 0
Sample 5, Time 5
Sample 6, Time 0
Sample 6, Time 5
Sample 7, Time 0
Sample 7, Time 5
Rank 0:
Total Simulation Time: 47min25.038s
 Time %  | Total Time   | Nr. Calls | Time per Call | Name                             
---------------------------------------------------------------------------------------
 99.007% | 46min56.797s |     16718 |     168.489ms | SSP_RK3::integrate               
 95.631% | 45min20.748s |     50154 |      54.248ms | IncompressibleEuler::dudt        
 45.403% | 21min31.736s |     50162 |      25.751ms | CUFFT_R2C::forward               
 22.953% | 10min53.022s |     50154 |      13.020ms | CUFFT_R2C::backward              
 11.103% |  5min15.889s |     50154 |       6.298ms | IncompressibleEuler::computeB    
  7.110% |  3min22.278s |    150462 |       1.344ms | copy_to_padded                   
  3.055% |  1min26.912s |     50154 |       1.733ms | IncompressibleEuler::computeDudt 
  0.462% |      13.150s |        16 |     821.895ms | SnapshotWriter::write_snapshot   
  0.196% |       5.568s |        16 |     347.995ms | FFTWFFT_R2C::backward            
  0.001% |     26.384ms |         8 |       3.298ms | leray                            


Batch Job Summary Report (version 21.01.1) for Job "tg_N256_strong_1" (38137347) on daint

Job information (1/3)
-----------------------------------------------------------------------------------------------------
             Submit            Eligible               Start                 End    Elapsed Time limit
------------------- ------------------- ------------------- ------------------- ---------- ----------
2022-05-02T16:18:11 2022-05-02T16:18:11 2022-05-03T03:34:44 2022-05-03T04:22:21   00:47:37 1-00:00:00
-----------------------------------------------------------------------------------------------------

Job information (2/3)
-------------------------------------------------------------
    Username      Account    Partition   NNodes        Energy
------------ ------------ ------------ -------- -------------
     trohner        s1069       normal        1    647.384 kJ

Job information (3/3) - GPU utilization data
----------------------------------------------------
   Node name       Usage      Max mem Execution time
------------ ----------- ------------ --------------
    nid06508        98 %     6193 MiB       00:47:25

