ModuleCmd_Switch.c(179):ERROR:152: Module 'PrgEnv-cray' is currently not loaded
CMake(3):ERROR:105: Unable to locate a modulefile for 'CMake/3.21.3'
Info: Minimal padding size given from "N_phys_pad" is 384. Padded to 384 for speed.
Info: Minimal padding size given from "N_phys_pad" is 384. Padded to 384 for speed.
Running azeban in single-node mode.
Run cofiguration is
{
  "device": "cuda",
  "dimension": 3,
  "equation": {
    "name": "Euler",
    "visc": {
      "eps": 0.05,
      "type": "Quadratic"
    }
  },
  "grid": {
    "N_phys": 256,
    "N_phys_pad": ""
  },
  "init": {
    "name": "Taylor Green",
    "perturb": {
      "max": 0.025,
      "min": -0.025,
      "name": "Uniform"
    }
  },
  "num_samples": 1,
  "output": "tg_N256_weak_2",
  "sample_idx_start": 1,
  "seed": 2,
  "snapshots": {
    "n": 10,
    "start": 0,
    "stop": 1
  },
  "time": 1,
  "timestepper": {
    "C": 0.5,
    "type": "SSP RK3"
  }
}
Sample 1, Time 0
Sample 1, Time 0.1
Sample 1, Time 0.2
Sample 1, Time 0.3
Sample 1, Time 0.4
Sample 1, Time 0.5
Sample 1, Time 0.6
Sample 1, Time 0.7
Sample 1, Time 0.8
Sample 1, Time 0.9
Sample 1, Time 1
Rank 1:
Total Simulation Time: 42min39.753s
 Time %  | Total Time   | Nr. Calls | Time per Call | Name                             
---------------------------------------------------------------------------------------
 98.684% |  42min6.066s |     15964 |     158.235ms | SSP_RK3::integrate               
 95.098% | 40min34.265s |     47892 |      50.828ms | IncompressibleEuler::dudt        
 48.160% | 20min32.784s |     47893 |      25.740ms | CUFFT_R2C::forward               
 24.337% | 10min22.963s |     47892 |      13.008ms | CUFFT_R2C::backward              
 11.777% |   5min1.462s |     47892 |       6.295ms | IncompressibleEuler::computeB    
  7.565% |  3min13.649s |    143676 |       1.348ms | copy_to_padded                   
  3.261% |  1min23.485s |     47892 |       1.743ms | IncompressibleEuler::computeDudt 
  0.858% |      21.955s |     15964 |       1.375ms | CFL::dt                          
  0.369% |       9.455s |        11 |     859.530ms | SnapshotWriter::write_snapshot   
  0.150% |       3.829s |        11 |     348.063ms | FFTWFFT_R2C::backward            
  0.000% |      3.310ms |         1 |       3.310ms | leray                            
Running azeban in single-node mode.
Run cofiguration is
{
  "device": "cuda",
  "dimension": 3,
  "equation": {
    "name": "Euler",
    "visc": {
      "eps": 0.05,
      "type": "Quadratic"
    }
  },
  "grid": {
    "N_phys": 256,
    "N_phys_pad": ""
  },
  "init": {
    "name": "Taylor Green",
    "perturb": {
      "max": 0.025,
      "min": -0.025,
      "name": "Uniform"
    }
  },
  "num_samples": 1,
  "output": "tg_N256_weak_2",
  "sample_idx_start": 0,
  "seed": 1,
  "snapshots": {
    "n": 10,
    "start": 0,
    "stop": 1
  },
  "time": 1,
  "timestepper": {
    "C": 0.5,
    "type": "SSP RK3"
  }
}
Sample 0, Time 0
Sample 0, Time 0.1
Sample 0, Time 0.2
Sample 0, Time 0.3
Sample 0, Time 0.4
Sample 0, Time 0.5
Sample 0, Time 0.6
Sample 0, Time 0.7
Sample 0, Time 0.8
Sample 0, Time 0.9
Sample 0, Time 1
Rank 0:
Total Simulation Time: 42min48.713s
 Time %  | Total Time   | Nr. Calls | Time per Call | Name                             
---------------------------------------------------------------------------------------
 98.657% | 42min14.213s |     16002 |     158.369ms | SSP_RK3::integrate               
 95.078% | 40min42.273s |     48006 |      50.874ms | IncompressibleEuler::dudt        
 48.163% | 20min37.158s |     48007 |      25.770ms | CUFFT_R2C::forward               
 24.340% | 10min25.213s |     48006 |      13.024ms | CUFFT_R2C::backward              
 11.763% |   5min2.167s |     48006 |       6.294ms | IncompressibleEuler::computeB    
  7.554% |  3min14.037s |    144018 |       1.347ms | copy_to_padded                   
  3.258% |  1min23.679s |     48006 |       1.743ms | IncompressibleEuler::computeDudt 
  0.854% |      21.934s |     16002 |       1.371ms | CFL::dt                          
  0.400% |      10.284s |        11 |     934.901ms | SnapshotWriter::write_snapshot   
  0.156% |       3.996s |        11 |     363.291ms | FFTWFFT_R2C::backward            
  0.000% |      3.286ms |         1 |       3.286ms | leray                            


Batch Job Summary Report (version 21.01.1) for Job "tg_N256_weak_2" (37702298) on daint

Job information (1/3)
-----------------------------------------------------------------------------------------------------
             Submit            Eligible               Start                 End    Elapsed Time limit
------------------- ------------------- ------------------- ------------------- ---------- ----------
2022-04-14T14:26:58 2022-04-14T14:26:58 2022-04-14T18:04:02 2022-04-14T18:47:10   00:43:08   01:00:00
-----------------------------------------------------------------------------------------------------

Job information (2/3)
-------------------------------------------------------------
    Username      Account    Partition   NNodes        Energy
------------ ------------ ------------ -------- -------------
     trohner        s1069       normal        2   1159.031 kJ

Job information (3/3) - GPU utilization data
----------------------------------------------------
   Node name       Usage      Max mem Execution time
------------ ----------- ------------ --------------
    nid05003        98 %     6193 MiB       00:42:49
    nid05002        99 %     6193 MiB       00:42:49

