ModuleCmd_Switch.c(179):ERROR:152: Module 'PrgEnv-cray' is currently not loaded
CMake(3):ERROR:105: Unable to locate a modulefile for 'CMake/3.21.3'
Info: Minimal padding size given from "N_phys_pad" is 384. Padded to 384 for speed.
Info: Minimal padding size given from "N_phys_pad" is 384. Padded to 384 for speed.
Running azeban in single-node mode.
Run cofiguration is
{
  "device": "cuda",
  "dimension": 3,
  "equation": {
    "name": "Euler",
    "visc": {
      "eps": 0.05,
      "type": "Quadratic"
    }
  },
  "grid": {
    "N_phys": 256,
    "N_phys_pad": ""
  },
  "init": {
    "name": "Taylor Green",
    "perturb": {
      "max": 0.025,
      "min": -0.025,
      "name": "Uniform"
    }
  },
  "num_samples": 1,
  "output": "tg_N256_weak_2",
  "sample_idx_start": 0,
  "seed": 1,
  "snapshots": {
    "n": 1,
    "start": 0,
    "stop": 2
  },
  "time": 2,
  "timestepper": {
    "C": 0.5,
    "type": "SSP RK3"
  }
}
Sample 0, Time 0
Sample 0, Time 2
Rank 0:
Total Simulation Time: 3min34.065s
 Time %  | Total Time  | Nr. Calls | Time per Call | Name                             
--------------------------------------------------------------------------------------
 96.835% | 3min27.291s |      1230 |     168.529ms | SSP_RK3::integrate               
 93.538% | 3min20.233s |      3690 |      54.264ms | IncompressibleEuler::dudt        
 44.370% | 1min34.981s |      3691 |      25.733ms | CUFFT_R2C::forward               
 22.421% |     47.995s |      3690 |      13.007ms | CUFFT_R2C::backward              
 10.857% |     23.241s |      3690 |       6.298ms | IncompressibleEuler::computeB    
  6.965% |     14.910s |     11070 |       1.347ms | copy_to_padded                   
  3.004% |      6.432s |      3690 |       1.743ms | IncompressibleEuler::computeDudt 
  1.983% |      4.244s |         2 |        2.122s | SnapshotWriter::write_snapshot   
  0.323% |   692.238ms |         2 |     346.119ms | FFTWFFT_R2C::backward            
  0.002% |     3.591ms |         1 |       3.591ms | leray                            
Running azeban in single-node mode.
Run cofiguration is
{
  "device": "cuda",
  "dimension": 3,
  "equation": {
    "name": "Euler",
    "visc": {
      "eps": 0.05,
      "type": "Quadratic"
    }
  },
  "grid": {
    "N_phys": 256,
    "N_phys_pad": ""
  },
  "init": {
    "name": "Taylor Green",
    "perturb": {
      "max": 0.025,
      "min": -0.025,
      "name": "Uniform"
    }
  },
  "num_samples": 1,
  "output": "tg_N256_weak_2",
  "sample_idx_start": 1,
  "seed": 2,
  "snapshots": {
    "n": 1,
    "start": 0,
    "stop": 2
  },
  "time": 2,
  "timestepper": {
    "C": 0.5,
    "type": "SSP RK3"
  }
}
Sample 1, Time 0
Sample 1, Time 2
Rank 1:
Total Simulation Time: 3min34.223s
 Time %  | Total Time  | Nr. Calls | Time per Call | Name                             
--------------------------------------------------------------------------------------
 96.854% | 3min27.484s |      1231 |     168.549ms | SSP_RK3::integrate               
 93.557% | 3min20.419s |      3693 |      54.270ms | IncompressibleEuler::dudt        
 44.372% | 1min35.054s |      3694 |      25.732ms | CUFFT_R2C::forward               
 22.422% |     48.033s |      3693 |      13.006ms | CUFFT_R2C::backward              
 10.858% |     23.261s |      3693 |       6.299ms | IncompressibleEuler::computeB    
  6.966% |     14.923s |     11079 |       1.347ms | copy_to_padded                   
  3.005% |      6.437s |      3693 |       1.743ms | IncompressibleEuler::computeDudt 
  1.965% |      4.209s |         2 |        2.105s | SnapshotWriter::write_snapshot   
  0.328% |   702.454ms |         2 |     351.227ms | FFTWFFT_R2C::backward            
  0.002% |     3.592ms |         1 |       3.592ms | leray                            


Batch Job Summary Report (version 21.01.1) for Job "tg_N256_weak_2" (38036212) on daint

Job information (1/3)
-----------------------------------------------------------------------------------------------------
             Submit            Eligible               Start                 End    Elapsed Time limit
------------------- ------------------- ------------------- ------------------- ---------- ----------
2022-04-28T11:56:04 2022-04-28T11:56:04 2022-04-28T12:00:21 2022-04-28T12:04:11   00:03:50   01:00:00
-----------------------------------------------------------------------------------------------------

Job information (2/3)
-------------------------------------------------------------
    Username      Account    Partition   NNodes        Energy
------------ ------------ ------------ -------- -------------
     trohner        s1069       normal        2     94.833 kJ

Job information (3/3) - GPU utilization data
----------------------------------------------------
   Node name       Usage      Max mem Execution time
------------ ----------- ------------ --------------
    nid03388        96 %     6193 MiB       00:03:34

