ModuleCmd_Switch.c(179):ERROR:152: Module 'PrgEnv-cray' is currently not loaded
CMake(3):ERROR:105: Unable to locate a modulefile for 'CMake/3.21.3'
Info: Minimal padding size given from "N_phys_pad" is 384. Padded to 384 for speed.
Info: Minimal padding size given from "N_phys_pad" is 384. Padded to 384 for speed.
Info: Minimal padding size given from "N_phys_pad" is 384. Padded to 384 for speed.
Info: Minimal padding size given from "N_phys_pad" is 384. Padded to 384 for speed.
Info: Minimal padding size given from "N_phys_pad" is 384. Padded to 384 for speed.
Info: Minimal padding size given from "N_phys_pad" is 384. Padded to 384 for speed.
Info: Minimal padding size given from "N_phys_pad" is 384. Padded to 384 for speed.
Info: Minimal padding size given from "N_phys_pad" is 384. Padded to 384 for speed.
Running azeban in single-node mode.
Run cofiguration is
{
  "device": "cuda",
  "dimension": 3,
  "equation": {
    "name": "Euler",
    "visc": {
      "eps": 0.05,
      "type": "Quadratic"
    }
  },
  "grid": {
    "N_phys": 256,
    "N_phys_pad": ""
  },
  "init": {
    "name": "Taylor Green",
    "perturb": {
      "max": 0.025,
      "min": -0.025,
      "name": "Uniform"
    }
  },
  "num_samples": 1,
  "output": "tg_N256_weak_8",
  "sample_idx_start": 1,
  "seed": 2,
  "snapshots": {
    "n": 1,
    "start": 0,
    "stop": 2
  },
  "time": 2,
  "timestepper": {
    "C": 0.5,
    "type": "SSP RK3"
  }
}
Sample 1, Time 0
Sample 1, Time 2
Rank 1:
Total Simulation Time: 3min33.666s
 Time %  | Total Time  | Nr. Calls | Time per Call | Name                             
--------------------------------------------------------------------------------------
 97.094% | 3min27.457s |      1231 |     168.527ms | SSP_RK3::integrate               
 93.788% | 3min20.393s |      3693 |      54.263ms | IncompressibleEuler::dudt        
 44.477% | 1min35.032s |      3694 |      25.726ms | CUFFT_R2C::forward               
 22.474% |     48.019s |      3693 |      13.003ms | CUFFT_R2C::backward              
 10.887% |     23.262s |      3693 |       6.299ms | IncompressibleEuler::computeB    
  6.984% |     14.923s |     11079 |       1.347ms | copy_to_padded                   
  3.013% |      6.439s |      3693 |       1.743ms | IncompressibleEuler::computeDudt 
  1.839% |      3.929s |         2 |        1.964s | SnapshotWriter::write_snapshot   
  0.326% |   697.356ms |         2 |     348.678ms | FFTWFFT_R2C::backward            
  0.002% |     3.605ms |         1 |       3.605ms | leray                            
Running azeban in single-node mode.
Run cofiguration is
{
  "device": "cuda",
  "dimension": 3,
  "equation": {
    "name": "Euler",
    "visc": {
      "eps": 0.05,
      "type": "Quadratic"
    }
  },
  "grid": {
    "N_phys": 256,
    "N_phys_pad": ""
  },
  "init": {
    "name": "Taylor Green",
    "perturb": {
      "max": 0.025,
      "min": -0.025,
      "name": "Uniform"
    }
  },
  "num_samples": 1,
  "output": "tg_N256_weak_8",
  "sample_idx_start": 6,
  "seed": 7,
  "snapshots": {
    "n": 1,
    "start": 0,
    "stop": 2
  },
  "time": 2,
  "timestepper": {
    "C": 0.5,
    "type": "SSP RK3"
  }
}
Sample 6, Time 0
Sample 6, Time 2
Rank 6:
Total Simulation Time: 3min30.922s
 Time %  | Total Time  | Nr. Calls | Time per Call | Name                             
--------------------------------------------------------------------------------------
 97.106% | 3min24.818s |      1215 |     168.574ms | SSP_RK3::integrate               
 93.800% | 3min17.845s |      3645 |      54.279ms | IncompressibleEuler::dudt        
 44.497% | 1min33.854s |      3646 |      25.742ms | CUFFT_R2C::forward               
 22.484% |     47.425s |      3645 |      13.011ms | CUFFT_R2C::backward              
 10.883% |     22.956s |      3645 |       6.298ms | IncompressibleEuler::computeB    
  6.982% |     14.728s |     10935 |       1.347ms | copy_to_padded                   
  3.012% |      6.353s |      3645 |       1.743ms | IncompressibleEuler::computeDudt 
  1.813% |      3.824s |         2 |        1.912s | SnapshotWriter::write_snapshot   
  0.328% |   692.510ms |         2 |     346.255ms | FFTWFFT_R2C::backward            
  0.002% |     3.293ms |         1 |       3.293ms | leray                            
Running azeban in single-node mode.
Run cofiguration is
{
  "device": "cuda",
  "dimension": 3,
  "equation": {
    "name": "Euler",
    "visc": {
      "eps": 0.05,
      "type": "Quadratic"
    }
  },
  "grid": {
    "N_phys": 256,
    "N_phys_pad": ""
  },
  "init": {
    "name": "Taylor Green",
    "perturb": {
      "max": 0.025,
      "min": -0.025,
      "name": "Uniform"
    }
  },
  "num_samples": 1,
  "output": "tg_N256_weak_8",
  "sample_idx_start": 0,
  "seed": 1,
  "snapshots": {
    "n": 1,
    "start": 0,
    "stop": 2
  },
  "time": 2,
  "timestepper": {
    "C": 0.5,
    "type": "SSP RK3"
  }
}
Sample 0, Time 0
Sample 0, Time 2
Rank 0:
Total Simulation Time: 3min33.628s
 Time %  | Total Time  | Nr. Calls | Time per Call | Name                             
--------------------------------------------------------------------------------------
 96.976% | 3min27.169s |      1230 |     168.430ms | SSP_RK3::integrate               
 93.672% | 3min20.110s |      3690 |      54.230ms | IncompressibleEuler::dudt        
 44.405% | 1min34.862s |      3691 |      25.701ms | CUFFT_R2C::forward               
 22.442% |     47.942s |      3690 |      12.992ms | CUFFT_R2C::backward              
 10.880% |     23.243s |      3690 |       6.299ms | IncompressibleEuler::computeB    
  6.983% |     14.918s |     11070 |       1.348ms | copy_to_padded                   
  3.012% |      6.435s |      3690 |       1.744ms | IncompressibleEuler::computeDudt 
  1.961% |      4.189s |         2 |        2.094s | SnapshotWriter::write_snapshot   
  0.325% |   694.124ms |         2 |     347.062ms | FFTWFFT_R2C::backward            
  0.002% |     3.591ms |         1 |       3.591ms | leray                            
Running azeban in single-node mode.
Run cofiguration is
{
  "device": "cuda",
  "dimension": 3,
  "equation": {
    "name": "Euler",
    "visc": {
      "eps": 0.05,
      "type": "Quadratic"
    }
  },
  "grid": {
    "N_phys": 256,
    "N_phys_pad": ""
  },
  "init": {
    "name": "Taylor Green",
    "perturb": {
      "max": 0.025,
      "min": -0.025,
      "name": "Uniform"
    }
  },
  "num_samples": 1,
  "output": "tg_N256_weak_8",
  "sample_idx_start": 2,
  "seed": 3,
  "snapshots": {
    "n": 1,
    "start": 0,
    "stop": 2
  },
  "time": 2,
  "timestepper": {
    "C": 0.5,
    "type": "SSP RK3"
  }
}
Sample 2, Time 0
Sample 2, Time 2
Rank 2:
Total Simulation Time: 3min32.470s
 Time %  | Total Time  | Nr. Calls | Time per Call | Name                             
--------------------------------------------------------------------------------------
 97.183% | 3min26.485s |      1225 |     168.559ms | SSP_RK3::integrate               
 93.874% | 3min19.454s |      3675 |      54.273ms | IncompressibleEuler::dudt        
 44.527% | 1min34.607s |      3676 |      25.736ms | CUFFT_R2C::forward               
 22.498% |     47.801s |      3675 |      13.007ms | CUFFT_R2C::backward              
 10.894% |     23.146s |      3675 |       6.298ms | IncompressibleEuler::computeB    
  6.989% |     14.850s |     11025 |       1.347ms | copy_to_padded                   
  3.015% |      6.406s |      3675 |       1.743ms | IncompressibleEuler::computeDudt 
  1.743% |      3.704s |         2 |        1.852s | SnapshotWriter::write_snapshot   
  0.331% |   702.662ms |         2 |     351.331ms | FFTWFFT_R2C::backward            
  0.002% |     3.301ms |         1 |       3.301ms | leray                            
Running azeban in single-node mode.
Run cofiguration is
{
  "device": "cuda",
  "dimension": 3,
  "equation": {
    "name": "Euler",
    "visc": {
      "eps": 0.05,
      "type": "Quadratic"
    }
  },
  "grid": {
    "N_phys": 256,
    "N_phys_pad": ""
  },
  "init": {
    "name": "Taylor Green",
    "perturb": {
      "max": 0.025,
      "min": -0.025,
      "name": "Uniform"
    }
  },
  "num_samples": 1,
  "output": "tg_N256_weak_8",
  "sample_idx_start": 4,
  "seed": 5,
  "snapshots": {
    "n": 1,
    "start": 0,
    "stop": 2
  },
  "time": 2,
  "timestepper": {
    "C": 0.5,
    "type": "SSP RK3"
  }
}
Sample 4, Time 0
Sample 4, Time 2
Rank 4:
Total Simulation Time: 3min28.216s
 Time %  | Total Time  | Nr. Calls | Time per Call | Name                             
--------------------------------------------------------------------------------------
 97.049% | 3min22.072s |      1199 |     168.533ms | SSP_RK3::integrate               
 93.744% | 3min15.191s |      3597 |      54.265ms | IncompressibleEuler::dudt        
 44.464% | 1min32.582s |      3598 |      25.732ms | CUFFT_R2C::forward               
 22.468% |     46.782s |      3597 |      13.006ms | CUFFT_R2C::backward              
 10.880% |     22.654s |      3597 |       6.298ms | IncompressibleEuler::computeB    
  6.980% |     14.533s |     10791 |       1.347ms | copy_to_padded                   
  3.011% |      6.270s |      3597 |       1.743ms | IncompressibleEuler::computeDudt 
  1.856% |      3.865s |         2 |        1.932s | SnapshotWriter::write_snapshot   
  0.347% |   723.329ms |         2 |     361.664ms | FFTWFFT_R2C::backward            
  0.002% |     3.296ms |         1 |       3.296ms | leray                            
Running azeban in single-node mode.
Run cofiguration is
{
  "device": "cuda",
  "dimension": 3,
  "equation": {
    "name": "Euler",
    "visc": {
      "eps": 0.05,
      "type": "Quadratic"
    }
  },
  "grid": {
    "N_phys": 256,
    "N_phys_pad": ""
  },
  "init": {
    "name": "Taylor Green",
    "perturb": {
      "max": 0.025,
      "min": -0.025,
      "name": "Uniform"
    }
  },
  "num_samples": 1,
  "output": "tg_N256_weak_8",
  "sample_idx_start": 7,
  "seed": 8,
  "snapshots": {
    "n": 1,
    "start": 0,
    "stop": 2
  },
  "time": 2,
  "timestepper": {
    "C": 0.5,
    "type": "SSP RK3"
  }
}
Sample 7, Time 0
Sample 7, Time 2
Rank 7:
Total Simulation Time: 3min31.514s
 Time %  | Total Time  | Nr. Calls | Time per Call | Name                             
--------------------------------------------------------------------------------------
 97.202% | 3min25.596s |      1220 |     168.522ms | SSP_RK3::integrate               
 93.892% | 3min18.595s |      3660 |      54.261ms | IncompressibleEuler::dudt        
 44.536% | 1min34.200s |      3661 |      25.731ms | CUFFT_R2C::forward               
 22.505% |     47.602s |      3660 |      13.006ms | CUFFT_R2C::backward              
 10.898% |     23.051s |      3660 |       6.298ms | IncompressibleEuler::computeB    
  6.992% |     14.789s |     10980 |       1.347ms | copy_to_padded                   
  3.017% |      6.381s |      3660 |       1.743ms | IncompressibleEuler::computeDudt 
  1.719% |      3.636s |         2 |        1.818s | SnapshotWriter::write_snapshot   
  0.324% |   684.828ms |         2 |     342.414ms | FFTWFFT_R2C::backward            
  0.002% |     3.610ms |         1 |       3.610ms | leray                            
Running azeban in single-node mode.
Run cofiguration is
{
  "device": "cuda",
  "dimension": 3,
  "equation": {
    "name": "Euler",
    "visc": {
      "eps": 0.05,
      "type": "Quadratic"
    }
  },
  "grid": {
    "N_phys": 256,
    "N_phys_pad": ""
  },
  "init": {
    "name": "Taylor Green",
    "perturb": {
      "max": 0.025,
      "min": -0.025,
      "name": "Uniform"
    }
  },
  "num_samples": 1,
  "output": "tg_N256_weak_8",
  "sample_idx_start": 3,
  "seed": 4,
  "snapshots": {
    "n": 1,
    "start": 0,
    "stop": 2
  },
  "time": 2,
  "timestepper": {
    "C": 0.5,
    "type": "SSP RK3"
  }
}
Sample 3, Time 0
Sample 3, Time 2
Rank 3:
Total Simulation Time: 3min35.399s
 Time %  | Total Time  | Nr. Calls | Time per Call | Name                             
--------------------------------------------------------------------------------------
 97.191% | 3min29.349s |      1243 |     168.422ms | SSP_RK3::integrate               
 93.879% | 3min22.214s |      3729 |      54.227ms | IncompressibleEuler::dudt        
 44.511% | 1min35.877s |      3730 |      25.704ms | CUFFT_R2C::forward               
 22.494% |     48.451s |      3729 |      12.993ms | CUFFT_R2C::backward              
 10.903% |     23.486s |      3729 |       6.298ms | IncompressibleEuler::computeB    
  6.999% |     15.075s |     11187 |       1.348ms | copy_to_padded                   
  3.019% |      6.503s |      3729 |       1.744ms | IncompressibleEuler::computeDudt 
  1.750% |      3.769s |         2 |        1.884s | SnapshotWriter::write_snapshot   
  0.324% |   697.815ms |         2 |     348.907ms | FFTWFFT_R2C::backward            
  0.002% |     3.294ms |         1 |       3.294ms | leray                            
Running azeban in single-node mode.
Run cofiguration is
{
  "device": "cuda",
  "dimension": 3,
  "equation": {
    "name": "Euler",
    "visc": {
      "eps": 0.05,
      "type": "Quadratic"
    }
  },
  "grid": {
    "N_phys": 256,
    "N_phys_pad": ""
  },
  "init": {
    "name": "Taylor Green",
    "perturb": {
      "max": 0.025,
      "min": -0.025,
      "name": "Uniform"
    }
  },
  "num_samples": 1,
  "output": "tg_N256_weak_8",
  "sample_idx_start": 5,
  "seed": 6,
  "snapshots": {
    "n": 1,
    "start": 0,
    "stop": 2
  },
  "time": 2,
  "timestepper": {
    "C": 0.5,
    "type": "SSP RK3"
  }
}
Sample 5, Time 0
Sample 5, Time 2
Rank 5:
Total Simulation Time: 3min29.604s
 Time %  | Total Time  | Nr. Calls | Time per Call | Name                             
--------------------------------------------------------------------------------------
 97.137% | 3min23.603s |      1208 |     168.545ms | SSP_RK3::integrate               
 93.830% | 3min16.671s |      3624 |      54.269ms | IncompressibleEuler::dudt        
 44.507% | 1min33.290s |      3625 |      25.735ms | CUFFT_R2C::forward               
 22.488% |     47.137s |      3624 |      13.007ms | CUFFT_R2C::backward              
 10.889% |     22.823s |      3624 |       6.298ms | IncompressibleEuler::computeB    
  6.986% |     14.644s |     10872 |       1.347ms | copy_to_padded                   
  3.014% |      6.318s |      3624 |       1.744ms | IncompressibleEuler::computeDudt 
  1.775% |      3.720s |         2 |        1.860s | SnapshotWriter::write_snapshot   
  0.332% |   696.502ms |         2 |     348.251ms | FFTWFFT_R2C::backward            
  0.002% |     3.301ms |         1 |       3.301ms | leray                            


Batch Job Summary Report (version 21.01.1) for Job "tg_N256_weak_8" (38036220) on daint

Job information (1/3)
-----------------------------------------------------------------------------------------------------
             Submit            Eligible               Start                 End    Elapsed Time limit
------------------- ------------------- ------------------- ------------------- ---------- ----------
2022-04-28T11:56:14 2022-04-28T11:56:14 2022-04-28T12:00:21 2022-04-28T12:04:13   00:03:52   01:00:00
-----------------------------------------------------------------------------------------------------

Job information (2/3)
-------------------------------------------------------------
    Username      Account    Partition   NNodes        Energy
------------ ------------ ------------ -------- -------------
     trohner        s1069       normal        8    388.781 kJ

Job information (3/3) - GPU utilization data
----------------------------------------------------
   Node name       Usage      Max mem Execution time
------------ ----------- ------------ --------------
    nid04631        95 %     6193 MiB       00:03:35

