ModuleCmd_Switch.c(179):ERROR:152: Module 'PrgEnv-cray' is currently not loaded
CMake(3):ERROR:105: Unable to locate a modulefile for 'CMake/3.21.3'
Info: Minimal padding size given from "N_phys_pad" is 384. Padded to 384 for speed.
Running azeban in single-node mode.
Run cofiguration is
{
  "device": "cuda",
  "dimension": 3,
  "equation": {
    "name": "Euler",
    "visc": {
      "eps": 0.05,
      "type": "Quadratic"
    }
  },
  "grid": {
    "N_phys": 256,
    "N_phys_pad": ""
  },
  "init": {
    "name": "Taylor Green",
    "perturb": {
      "max": 0.025,
      "min": -0.025,
      "name": "Uniform"
    }
  },
  "num_samples": 1,
  "output": "tg_N256_weak_1",
  "sample_idx_start": 0,
  "seed": 1,
  "snapshots": {
    "n": 10,
    "start": 0,
    "stop": 1
  },
  "time": 1,
  "timestepper": {
    "C": 0.5,
    "type": "SSP RK3"
  }
}
Sample 0, Time 0
Sample 0, Time 0.1
Sample 0, Time 0.2
Sample 0, Time 0.3
Sample 0, Time 0.4
Sample 0, Time 0.5
Sample 0, Time 0.6
Sample 0, Time 0.7
Sample 0, Time 0.8
Sample 0, Time 0.9
Sample 0, Time 1
Rank 0:
Total Simulation Time: 42min52.366s
 Time %  | Total Time   | Nr. Calls | Time per Call | Name                             
---------------------------------------------------------------------------------------
 98.483% | 42min13.344s |     16002 |     158.314ms | SSP_RK3::integrate               
 94.909% | 40min41.395s |     48006 |      50.856ms | IncompressibleEuler::dudt        
 48.073% | 20min36.616s |     48007 |      25.759ms | CUFFT_R2C::forward               
 24.295% | 10min24.948s |     48006 |      13.018ms | CUFFT_R2C::backward              
 11.747% |   5min2.168s |     48006 |       6.294ms | IncompressibleEuler::computeB    
  7.543% |  3min14.021s |    144018 |       1.347ms | copy_to_padded                   
  3.253% |  1min23.672s |     48006 |       1.743ms | IncompressibleEuler::computeDudt 
  0.851% |      21.892s |     16002 |       1.368ms | CFL::dt                          
  0.361% |       9.295s |        11 |     845.033ms | SnapshotWriter::write_snapshot   
  0.147% |       3.782s |        11 |     343.801ms | FFTWFFT_R2C::backward            
  0.000% |      3.583ms |         1 |       3.583ms | leray                            


Batch Job Summary Report (version 21.01.1) for Job "tg_N256_weak_1" (37702295) on daint

Job information (1/3)
-----------------------------------------------------------------------------------------------------
             Submit            Eligible               Start                 End    Elapsed Time limit
------------------- ------------------- ------------------- ------------------- ---------- ----------
2022-04-14T14:26:51 2022-04-14T14:26:51 2022-04-14T14:35:37 2022-04-14T15:18:47   00:43:10   01:00:00
-----------------------------------------------------------------------------------------------------

Job information (2/3)
-------------------------------------------------------------
    Username      Account    Partition   NNodes        Energy
------------ ------------ ------------ -------- -------------
     trohner        s1069       normal        1    590.852 kJ

Job information (3/3) - GPU utilization data
----------------------------------------------------
   Node name       Usage      Max mem Execution time
------------ ----------- ------------ --------------
    nid07679        99 %     6193 MiB       00:42:53

