ModuleCmd_Switch.c(179):ERROR:152: Module 'PrgEnv-cray' is currently not loaded
CMake(3):ERROR:105: Unable to locate a modulefile for 'CMake/3.21.3'
Info: Minimal padding size given from "N_phys_pad" is 384. Padded to 384 for speed.
Info: Minimal padding size given from "N_phys_pad" is 384. Padded to 384 for speed.
Info: Minimal padding size given from "N_phys_pad" is 384. Padded to 384 for speed.
Info: Minimal padding size given from "N_phys_pad" is 384. Padded to 384 for speed.
Running azeban in single-node mode.
Run cofiguration is
{
  "device": "cuda",
  "dimension": 3,
  "equation": {
    "name": "Euler",
    "visc": {
      "eps": 0.05,
      "type": "Quadratic"
    }
  },
  "grid": {
    "N_phys": 256,
    "N_phys_pad": ""
  },
  "init": {
    "name": "Taylor Green",
    "perturb": {
      "max": 0.025,
      "min": -0.025,
      "name": "Uniform"
    }
  },
  "num_samples": 1,
  "output": "tg_N256_weak_4",
  "sample_idx_start": 0,
  "seed": 1,
  "snapshots": {
    "n": 1,
    "start": 0,
    "stop": 2
  },
  "time": 2,
  "timestepper": {
    "C": 0.5,
    "type": "SSP RK3"
  }
}
Sample 0, Time 0
Sample 0, Time 2
Rank 0:
Total Simulation Time: 3min33.490s
 Time %  | Total Time  | Nr. Calls | Time per Call | Name                             
--------------------------------------------------------------------------------------
 97.089% | 3min27.274s |      1230 |     168.516ms | SSP_RK3::integrate               
 93.782% | 3min20.216s |      3690 |      54.259ms | IncompressibleEuler::dudt        
 44.475% | 1min34.950s |      3691 |      25.725ms | CUFFT_R2C::forward               
 22.476% |     47.983s |      3690 |      13.004ms | CUFFT_R2C::backward              
 10.886% |     23.240s |      3690 |       6.298ms | IncompressibleEuler::computeB    
  6.984% |     14.909s |     11070 |       1.347ms | copy_to_padded                   
  3.013% |      6.433s |      3690 |       1.743ms | IncompressibleEuler::computeDudt 
  1.747% |      3.729s |         2 |        1.865s | SnapshotWriter::write_snapshot   
  0.332% |   708.492ms |         2 |     354.246ms | FFTWFFT_R2C::backward            
  0.002% |     3.306ms |         1 |       3.306ms | leray                            
Running azeban in single-node mode.
Run cofiguration is
{
  "device": "cuda",
  "dimension": 3,
  "equation": {
    "name": "Euler",
    "visc": {
      "eps": 0.05,
      "type": "Quadratic"
    }
  },
  "grid": {
    "N_phys": 256,
    "N_phys_pad": ""
  },
  "init": {
    "name": "Taylor Green",
    "perturb": {
      "max": 0.025,
      "min": -0.025,
      "name": "Uniform"
    }
  },
  "num_samples": 1,
  "output": "tg_N256_weak_4",
  "sample_idx_start": 2,
  "seed": 3,
  "snapshots": {
    "n": 1,
    "start": 0,
    "stop": 2
  },
  "time": 2,
  "timestepper": {
    "C": 0.5,
    "type": "SSP RK3"
  }
}
Sample 2, Time 0
Sample 2, Time 2
Rank 2:
Total Simulation Time: 3min32.776s
 Time %  | Total Time  | Nr. Calls | Time per Call | Name                             
--------------------------------------------------------------------------------------
 97.073% | 3min26.547s |      1225 |     168.610ms | SSP_RK3::integrate               
 93.769% | 3min19.517s |      3675 |      54.290ms | IncompressibleEuler::dudt        
 44.476% | 1min34.635s |      3676 |      25.744ms | CUFFT_R2C::forward               
 22.473% |     47.817s |      3675 |      13.011ms | CUFFT_R2C::backward              
 10.878% |     23.146s |      3675 |       6.298ms | IncompressibleEuler::computeB    
  6.979% |     14.849s |     11025 |       1.347ms | copy_to_padded                   
  3.011% |      6.406s |      3675 |       1.743ms | IncompressibleEuler::computeDudt 
  1.756% |      3.736s |         2 |        1.868s | SnapshotWriter::write_snapshot   
  0.340% |   723.751ms |         2 |     361.876ms | FFTWFFT_R2C::backward            
  0.002% |     3.587ms |         1 |       3.587ms | leray                            
Running azeban in single-node mode.
Run cofiguration is
{
  "device": "cuda",
  "dimension": 3,
  "equation": {
    "name": "Euler",
    "visc": {
      "eps": 0.05,
      "type": "Quadratic"
    }
  },
  "grid": {
    "N_phys": 256,
    "N_phys_pad": ""
  },
  "init": {
    "name": "Taylor Green",
    "perturb": {
      "max": 0.025,
      "min": -0.025,
      "name": "Uniform"
    }
  },
  "num_samples": 1,
  "output": "tg_N256_weak_4",
  "sample_idx_start": 3,
  "seed": 4,
  "snapshots": {
    "n": 1,
    "start": 0,
    "stop": 2
  },
  "time": 2,
  "timestepper": {
    "C": 0.5,
    "type": "SSP RK3"
  }
}
Sample 3, Time 0
Sample 3, Time 2
Rank 3:
Total Simulation Time: 3min35.519s
 Time %  | Total Time  | Nr. Calls | Time per Call | Name                             
--------------------------------------------------------------------------------------
 97.101% | 3min29.270s |      1243 |     168.359ms | SSP_RK3::integrate               
 93.799% | 3min22.154s |      3729 |      54.211ms | IncompressibleEuler::dudt        
 44.474% | 1min35.849s |      3730 |      25.697ms | CUFFT_R2C::forward               
 22.473% |     48.435s |      3729 |      12.989ms | CUFFT_R2C::backward              
 10.899% |     23.490s |      3729 |       6.299ms | IncompressibleEuler::computeB    
  6.994% |     15.073s |     11187 |       1.347ms | copy_to_padded                   
  3.002% |      6.470s |      3729 |       1.735ms | IncompressibleEuler::computeDudt 
  1.744% |      3.759s |         2 |        1.879s | SnapshotWriter::write_snapshot   
  0.330% |   710.808ms |         2 |     355.404ms | FFTWFFT_R2C::backward            
  0.002% |     3.599ms |         1 |       3.599ms | leray                            
Running azeban in single-node mode.
Run cofiguration is
{
  "device": "cuda",
  "dimension": 3,
  "equation": {
    "name": "Euler",
    "visc": {
      "eps": 0.05,
      "type": "Quadratic"
    }
  },
  "grid": {
    "N_phys": 256,
    "N_phys_pad": ""
  },
  "init": {
    "name": "Taylor Green",
    "perturb": {
      "max": 0.025,
      "min": -0.025,
      "name": "Uniform"
    }
  },
  "num_samples": 1,
  "output": "tg_N256_weak_4",
  "sample_idx_start": 1,
  "seed": 2,
  "snapshots": {
    "n": 1,
    "start": 0,
    "stop": 2
  },
  "time": 2,
  "timestepper": {
    "C": 0.5,
    "type": "SSP RK3"
  }
}
Sample 1, Time 0
Sample 1, Time 2
Rank 1:
Total Simulation Time: 3min33.652s
 Time %  | Total Time  | Nr. Calls | Time per Call | Name                             
--------------------------------------------------------------------------------------
 97.111% | 3min27.479s |      1231 |     168.545ms | SSP_RK3::integrate               
 93.804% | 3min20.415s |      3693 |      54.269ms | IncompressibleEuler::dudt        
 44.497% | 1min35.069s |      3694 |      25.736ms | CUFFT_R2C::forward               
 22.485% |     48.040s |      3693 |      13.008ms | CUFFT_R2C::backward              
 10.886% |     23.258s |      3693 |       6.298ms | IncompressibleEuler::computeB    
  6.984% |     14.921s |     11079 |       1.347ms | copy_to_padded                   
  3.013% |      6.437s |      3693 |       1.743ms | IncompressibleEuler::computeDudt 
  1.725% |      3.685s |         2 |        1.842s | SnapshotWriter::write_snapshot   
  0.325% |   694.954ms |         2 |     347.477ms | FFTWFFT_R2C::backward            
  0.002% |     3.287ms |         1 |       3.287ms | leray                            


Batch Job Summary Report (version 21.01.1) for Job "tg_N256_weak_4" (38036213) on daint

Job information (1/3)
-----------------------------------------------------------------------------------------------------
             Submit            Eligible               Start                 End    Elapsed Time limit
------------------- ------------------- ------------------- ------------------- ---------- ----------
2022-04-28T11:56:07 2022-04-28T11:56:07 2022-04-28T12:00:21 2022-04-28T12:04:15   00:03:54   01:00:00
-----------------------------------------------------------------------------------------------------

Job information (2/3)
-------------------------------------------------------------
    Username      Account    Partition   NNodes        Energy
------------ ------------ ------------ -------- -------------
     trohner        s1069       normal        4 not available kJ

Job information (3/3) - GPU utilization data
----------------------------------------------------
   Node name       Usage      Max mem Execution time
------------ ----------- ------------ --------------
    nid04884        95 %     6193 MiB       00:03:35
    nid04885        95 %     6193 MiB       00:03:35
    nid03561        96 %     6193 MiB       00:03:35

