ModuleCmd_Switch.c(179):ERROR:152: Module 'PrgEnv-cray' is currently not loaded
CMake(3):ERROR:105: Unable to locate a modulefile for 'CMake/3.21.3'
Info: Minimal padding size given from "N_phys_pad" is 384. Padded to 384 for speed.
Info: Minimal padding size given from "N_phys_pad" is 384. Padded to 384 for speed.
Info: Minimal padding size given from "N_phys_pad" is 384. Padded to 384 for speed.
Info: Minimal padding size given from "N_phys_pad" is 384. Padded to 384 for speed.
Info: Minimal padding size given from "N_phys_pad" is 384. Padded to 384 for speed.
Info: Minimal padding size given from "N_phys_pad" is 384. Padded to 384 for speed.
Info: Minimal padding size given from "N_phys_pad" is 384. Padded to 384 for speed.
Info: Minimal padding size given from "N_phys_pad" is 384. Padded to 384 for speed.
Running azeban in single-node mode.
Run cofiguration is
{
  "device": "cuda",
  "dimension": 3,
  "equation": {
    "name": "Euler",
    "visc": {
      "eps": 0.05,
      "type": "Quadratic"
    }
  },
  "grid": {
    "N_phys": 256,
    "N_phys_pad": ""
  },
  "init": {
    "name": "Taylor Green",
    "perturb": {
      "max": 0.025,
      "min": -0.025,
      "name": "Uniform"
    }
  },
  "num_samples": 1,
  "output": "tg_N256_weak_8",
  "sample_idx_start": 7,
  "seed": 8,
  "snapshots": {
    "n": 10,
    "start": 0,
    "stop": 1
  },
  "time": 1,
  "timestepper": {
    "C": 0.5,
    "type": "SSP RK3"
  }
}
Sample 7, Time 0
Sample 7, Time 0.1
Sample 7, Time 0.2
Sample 7, Time 0.3
Sample 7, Time 0.4
Sample 7, Time 0.5
Sample 7, Time 0.6
Sample 7, Time 0.7
Sample 7, Time 0.8
Sample 7, Time 0.9
Sample 7, Time 1
Rank 7:
Total Simulation Time: 42min46.634s
 Time %  | Total Time   | Nr. Calls | Time per Call | Name                             
---------------------------------------------------------------------------------------
 98.688% | 42min12.963s |     15993 |     158.379ms | SSP_RK3::integrate               
 95.108% | 40min41.073s |     47979 |      50.878ms | IncompressibleEuler::dudt        
 48.179% | 20min36.583s |     47980 |      25.773ms | CUFFT_R2C::forward               
 24.348% | 10min24.911s |     47979 |      13.025ms | CUFFT_R2C::backward              
 11.766% |   5min2.001s |     47979 |       6.294ms | IncompressibleEuler::computeB    
  7.555% |  3min13.922s |    143937 |       1.347ms | copy_to_padded                   
  3.258% |  1min23.629s |     47979 |       1.743ms | IncompressibleEuler::computeDudt 
  0.856% |      21.974s |     15993 |       1.374ms | CFL::dt                          
  0.362% |       9.279s |        11 |     843.531ms | SnapshotWriter::write_snapshot   
  0.147% |       3.766s |        11 |     342.353ms | FFTWFFT_R2C::backward            
  0.000% |      3.293ms |         1 |       3.293ms | leray                            
Running azeban in single-node mode.
Run cofiguration is
{
  "device": "cuda",
  "dimension": 3,
  "equation": {
    "name": "Euler",
    "visc": {
      "eps": 0.05,
      "type": "Quadratic"
    }
  },
  "grid": {
    "N_phys": 256,
    "N_phys_pad": ""
  },
  "init": {
    "name": "Taylor Green",
    "perturb": {
      "max": 0.025,
      "min": -0.025,
      "name": "Uniform"
    }
  },
  "num_samples": 1,
  "output": "tg_N256_weak_8",
  "sample_idx_start": 2,
  "seed": 3,
  "snapshots": {
    "n": 10,
    "start": 0,
    "stop": 1
  },
  "time": 1,
  "timestepper": {
    "C": 0.5,
    "type": "SSP RK3"
  }
}
Sample 2, Time 0
Sample 2, Time 0.1
Sample 2, Time 0.2
Sample 2, Time 0.3
Sample 2, Time 0.4
Sample 2, Time 0.5
Sample 2, Time 0.6
Sample 2, Time 0.7
Sample 2, Time 0.8
Sample 2, Time 0.9
Sample 2, Time 1
Rank 2:
Total Simulation Time: 42min47.776s
 Time %  | Total Time   | Nr. Calls | Time per Call | Name                             
---------------------------------------------------------------------------------------
 98.692% | 42min14.178s |     16008 |     158.307ms | SSP_RK3::integrate               
 95.111% | 40min42.228s |     48024 |      50.854ms | IncompressibleEuler::dudt        
 48.175% | 20min37.020s |     48025 |      25.758ms | CUFFT_R2C::forward               
 24.345% | 10min25.113s |     48024 |      13.017ms | CUFFT_R2C::backward              
 11.772% |   5min2.272s |     48024 |       6.294ms | IncompressibleEuler::computeB    
  7.559% |  3min14.102s |    144072 |       1.347ms | copy_to_padded                   
  3.260% |  1min23.718s |     48024 |       1.743ms | IncompressibleEuler::computeDudt 
  0.854% |      21.925s |     16008 |       1.370ms | CFL::dt                          
  0.361% |       9.266s |        11 |     842.356ms | SnapshotWriter::write_snapshot   
  0.147% |       3.770s |        11 |     342.743ms | FFTWFFT_R2C::backward            
  0.000% |      3.296ms |         1 |       3.296ms | leray                            
Running azeban in single-node mode.
Run cofiguration is
{
  "device": "cuda",
  "dimension": 3,
  "equation": {
    "name": "Euler",
    "visc": {
      "eps": 0.05,
      "type": "Quadratic"
    }
  },
  "grid": {
    "N_phys": 256,
    "N_phys_pad": ""
  },
  "init": {
    "name": "Taylor Green",
    "perturb": {
      "max": 0.025,
      "min": -0.025,
      "name": "Uniform"
    }
  },
  "num_samples": 1,
  "output": "tg_N256_weak_8",
  "sample_idx_start": 6,
  "seed": 7,
  "snapshots": {
    "n": 10,
    "start": 0,
    "stop": 1
  },
  "time": 1,
  "timestepper": {
    "C": 0.5,
    "type": "SSP RK3"
  }
}
Sample 6, Time 0
Sample 6, Time 0.1
Sample 6, Time 0.2
Sample 6, Time 0.3
Sample 6, Time 0.4
Sample 6, Time 0.5
Sample 6, Time 0.6
Sample 6, Time 0.7
Sample 6, Time 0.8
Sample 6, Time 0.9
Sample 6, Time 1
Rank 6:
Total Simulation Time: 41min58.771s
 Time %  | Total Time   | Nr. Calls | Time per Call | Name                             
---------------------------------------------------------------------------------------
 98.674% | 41min25.360s |     15706 |     158.243ms | SSP_RK3::integrate               
 95.099% | 39min55.313s |     47118 |      50.836ms | IncompressibleEuler::dudt        
 48.175% | 20min13.419s |     47119 |      25.752ms | CUFFT_R2C::forward               
 24.345% | 10min13.199s |     47118 |      13.014ms | CUFFT_R2C::backward              
 11.775% |  4min56.594s |     47118 |       6.295ms | IncompressibleEuler::computeB    
  7.560% |  3min10.429s |    141354 |       1.347ms | copy_to_padded                   
  3.245% |  1min21.746s |     47118 |       1.735ms | IncompressibleEuler::computeDudt 
  0.857% |      21.597s |     15706 |       1.375ms | CFL::dt                          
  0.374% |       9.412s |        11 |     855.622ms | SnapshotWriter::write_snapshot   
  0.152% |       3.834s |        11 |     348.578ms | FFTWFFT_R2C::backward            
  0.000% |      3.280ms |         1 |       3.280ms | leray                            
Running azeban in single-node mode.
Run cofiguration is
{
  "device": "cuda",
  "dimension": 3,
  "equation": {
    "name": "Euler",
    "visc": {
      "eps": 0.05,
      "type": "Quadratic"
    }
  },
  "grid": {
    "N_phys": 256,
    "N_phys_pad": ""
  },
  "init": {
    "name": "Taylor Green",
    "perturb": {
      "max": 0.025,
      "min": -0.025,
      "name": "Uniform"
    }
  },
  "num_samples": 1,
  "output": "tg_N256_weak_8",
  "sample_idx_start": 4,
  "seed": 5,
  "snapshots": {
    "n": 10,
    "start": 0,
    "stop": 1
  },
  "time": 1,
  "timestepper": {
    "C": 0.5,
    "type": "SSP RK3"
  }
}
Sample 4, Time 0
Sample 4, Time 0.1
Sample 4, Time 0.2
Sample 4, Time 0.3
Sample 4, Time 0.4
Sample 4, Time 0.5
Sample 4, Time 0.6
Sample 4, Time 0.7
Sample 4, Time 0.8
Sample 4, Time 0.9
Sample 4, Time 1
Rank 4:
Total Simulation Time: 42min50.402s
 Time %  | Total Time   | Nr. Calls | Time per Call | Name                             
---------------------------------------------------------------------------------------
 98.683% | 42min16.552s |     16024 |     158.297ms | SSP_RK3::integrate               
 95.098% | 40min44.410s |     48072 |      50.849ms | IncompressibleEuler::dudt        
 48.169% | 20min38.132s |     48073 |      25.755ms | CUFFT_R2C::forward               
 24.342% | 10min25.686s |     48072 |      13.016ms | CUFFT_R2C::backward              
 11.772% |   5min2.584s |     48072 |       6.294ms | IncompressibleEuler::computeB    
  7.559% |  3min14.298s |    144216 |       1.347ms | copy_to_padded                   
  3.260% |  1min23.803s |     48072 |       1.743ms | IncompressibleEuler::computeDudt 
  0.858% |      22.059s |     16024 |       1.377ms | CFL::dt                          
  0.364% |       9.367s |        11 |     851.516ms | SnapshotWriter::write_snapshot   
  0.151% |       3.871s |        11 |     351.899ms | FFTWFFT_R2C::backward            
  0.000% |      3.294ms |         1 |       3.294ms | leray                            
Running azeban in single-node mode.
Run cofiguration is
{
  "device": "cuda",
  "dimension": 3,
  "equation": {
    "name": "Euler",
    "visc": {
      "eps": 0.05,
      "type": "Quadratic"
    }
  },
  "grid": {
    "N_phys": 256,
    "N_phys_pad": ""
  },
  "init": {
    "name": "Taylor Green",
    "perturb": {
      "max": 0.025,
      "min": -0.025,
      "name": "Uniform"
    }
  },
  "num_samples": 1,
  "output": "tg_N256_weak_8",
  "sample_idx_start": 1,
  "seed": 2,
  "snapshots": {
    "n": 10,
    "start": 0,
    "stop": 1
  },
  "time": 1,
  "timestepper": {
    "C": 0.5,
    "type": "SSP RK3"
  }
}
Sample 1, Time 0
Sample 1, Time 0.1
Sample 1, Time 0.2
Sample 1, Time 0.3
Sample 1, Time 0.4
Sample 1, Time 0.5
Sample 1, Time 0.6
Sample 1, Time 0.7
Sample 1, Time 0.8
Sample 1, Time 0.9
Sample 1, Time 1
Rank 1:
Total Simulation Time: 42min38.657s
 Time %  | Total Time   | Nr. Calls | Time per Call | Name                             
---------------------------------------------------------------------------------------
 98.682% |  42min4.934s |     15964 |     158.164ms | SSP_RK3::integrate               
 95.093% | 40min33.113s |     47892 |      50.804ms | IncompressibleEuler::dudt        
 48.151% | 20min32.018s |     47893 |      25.724ms | CUFFT_R2C::forward               
 24.332% | 10min22.580s |     47892 |      13.000ms | CUFFT_R2C::backward              
 11.782% |   5min1.457s |     47892 |       6.295ms | IncompressibleEuler::computeB    
  7.568% |  3min13.646s |    143676 |       1.348ms | copy_to_padded                   
  3.264% |  1min23.510s |     47892 |       1.744ms | IncompressibleEuler::computeDudt 
  0.858% |      21.960s |     15964 |       1.376ms | CFL::dt                          
  0.367% |       9.394s |        11 |     854.031ms | SnapshotWriter::write_snapshot   
  0.151% |       3.875s |        11 |     352.246ms | FFTWFFT_R2C::backward            
  0.000% |      3.298ms |         1 |       3.298ms | leray                            
Running azeban in single-node mode.
Run cofiguration is
{
  "device": "cuda",
  "dimension": 3,
  "equation": {
    "name": "Euler",
    "visc": {
      "eps": 0.05,
      "type": "Quadratic"
    }
  },
  "grid": {
    "N_phys": 256,
    "N_phys_pad": ""
  },
  "init": {
    "name": "Taylor Green",
    "perturb": {
      "max": 0.025,
      "min": -0.025,
      "name": "Uniform"
    }
  },
  "num_samples": 1,
  "output": "tg_N256_weak_8",
  "sample_idx_start": 5,
  "seed": 6,
  "snapshots": {
    "n": 10,
    "start": 0,
    "stop": 1
  },
  "time": 1,
  "timestepper": {
    "C": 0.5,
    "type": "SSP RK3"
  }
}
Sample 5, Time 0
Sample 5, Time 0.1
Sample 5, Time 0.2
Sample 5, Time 0.3
Sample 5, Time 0.4
Sample 5, Time 0.5
Sample 5, Time 0.6
Sample 5, Time 0.7
Sample 5, Time 0.8
Sample 5, Time 0.9
Sample 5, Time 1
Rank 5:
Total Simulation Time: 42min21.882s
 Time %  | Total Time   | Nr. Calls | Time per Call | Name                             
---------------------------------------------------------------------------------------
 98.686% | 41min48.492s |     15841 |     158.354ms | SSP_RK3::integrate               
 95.107% | 40min17.506s |     47523 |      50.870ms | IncompressibleEuler::dudt        
 48.178% | 20min24.636s |     47524 |      25.769ms | CUFFT_R2C::forward               
 24.346% | 10min18.840s |     47523 |      13.022ms | CUFFT_R2C::backward              
 11.768% |  4min59.128s |     47523 |       6.294ms | IncompressibleEuler::computeB    
  7.556% |  3min12.071s |    142569 |       1.347ms | copy_to_padded                   
  3.258% |  1min22.814s |     47523 |       1.743ms | IncompressibleEuler::computeDudt 
  0.854% |      21.712s |     15841 |       1.371ms | CFL::dt                          
  0.365% |       9.288s |        11 |     844.384ms | SnapshotWriter::write_snapshot   
  0.150% |       3.811s |        11 |     346.413ms | FFTWFFT_R2C::backward            
  0.000% |      3.591ms |         1 |       3.591ms | leray                            
Running azeban in single-node mode.
Run cofiguration is
{
  "device": "cuda",
  "dimension": 3,
  "equation": {
    "name": "Euler",
    "visc": {
      "eps": 0.05,
      "type": "Quadratic"
    }
  },
  "grid": {
    "N_phys": 256,
    "N_phys_pad": ""
  },
  "init": {
    "name": "Taylor Green",
    "perturb": {
      "max": 0.025,
      "min": -0.025,
      "name": "Uniform"
    }
  },
  "num_samples": 1,
  "output": "tg_N256_weak_8",
  "sample_idx_start": 3,
  "seed": 4,
  "snapshots": {
    "n": 10,
    "start": 0,
    "stop": 1
  },
  "time": 1,
  "timestepper": {
    "C": 0.5,
    "type": "SSP RK3"
  }
}
Sample 3, Time 0
Sample 3, Time 0.1
Sample 3, Time 0.2
Sample 3, Time 0.3
Sample 3, Time 0.4
Sample 3, Time 0.5
Sample 3, Time 0.6
Sample 3, Time 0.7
Sample 3, Time 0.8
Sample 3, Time 0.9
Sample 3, Time 1
Rank 3:
Total Simulation Time: 42min41.138s
 Time %  | Total Time   | Nr. Calls | Time per Call | Name                             
---------------------------------------------------------------------------------------
 98.693% |  42min7.658s |     15968 |     158.295ms | SSP_RK3::integrate               
 95.111% | 40min35.929s |     47904 |      50.850ms | IncompressibleEuler::dudt        
 48.175% | 20min33.831s |     47905 |      25.756ms | CUFFT_R2C::forward               
 24.346% | 10min23.540s |     47904 |      13.016ms | CUFFT_R2C::backward              
 11.773% |   5min1.521s |     47904 |       6.294ms | IncompressibleEuler::computeB    
  7.559% |  3min13.601s |    143712 |       1.347ms | copy_to_padded                   
  3.259% |  1min23.468s |     47904 |       1.742ms | IncompressibleEuler::computeDudt 
  0.854% |      21.868s |     15968 |       1.369ms | CFL::dt                          
  0.359% |       9.201s |        11 |     836.480ms | SnapshotWriter::write_snapshot   
  0.147% |       3.774s |        11 |     343.097ms | FFTWFFT_R2C::backward            
  0.000% |      3.309ms |         1 |       3.309ms | leray                            
Running azeban in single-node mode.
Run cofiguration is
{
  "device": "cuda",
  "dimension": 3,
  "equation": {
    "name": "Euler",
    "visc": {
      "eps": 0.05,
      "type": "Quadratic"
    }
  },
  "grid": {
    "N_phys": 256,
    "N_phys_pad": ""
  },
  "init": {
    "name": "Taylor Green",
    "perturb": {
      "max": 0.025,
      "min": -0.025,
      "name": "Uniform"
    }
  },
  "num_samples": 1,
  "output": "tg_N256_weak_8",
  "sample_idx_start": 0,
  "seed": 1,
  "snapshots": {
    "n": 10,
    "start": 0,
    "stop": 1
  },
  "time": 1,
  "timestepper": {
    "C": 0.5,
    "type": "SSP RK3"
  }
}
Sample 0, Time 0
Sample 0, Time 0.1
Sample 0, Time 0.2
Sample 0, Time 0.3
Sample 0, Time 0.4
Sample 0, Time 0.5
Sample 0, Time 0.6
Sample 0, Time 0.7
Sample 0, Time 0.8
Sample 0, Time 0.9
Sample 0, Time 1
Rank 0:
Total Simulation Time: 42min47.465s
 Time %  | Total Time   | Nr. Calls | Time per Call | Name                             
---------------------------------------------------------------------------------------
 98.686% | 42min13.736s |     16002 |     158.339ms | SSP_RK3::integrate               
 95.106% | 40min41.818s |     48006 |      50.865ms | IncompressibleEuler::dudt        
 48.173% | 20min36.837s |     48007 |      25.764ms | CUFFT_R2C::forward               
 24.346% | 10min25.085s |     48006 |      13.021ms | CUFFT_R2C::backward              
 11.769% |   5min2.168s |     48006 |       6.294ms | IncompressibleEuler::computeB    
  7.557% |  3min14.035s |    144018 |       1.347ms | copy_to_padded                   
  3.259% |  1min23.669s |     48006 |       1.743ms | IncompressibleEuler::computeDudt 
  0.857% |      22.012s |     16002 |       1.376ms | CFL::dt                          
  0.362% |       9.289s |        11 |     844.449ms | SnapshotWriter::write_snapshot   
  0.149% |       3.817s |        11 |     346.958ms | FFTWFFT_R2C::backward            
  0.000% |      3.288ms |         1 |       3.288ms | leray                            


Batch Job Summary Report (version 21.01.1) for Job "tg_N256_weak_8" (37702305) on daint

Job information (1/3)
-----------------------------------------------------------------------------------------------------
             Submit            Eligible               Start                 End    Elapsed Time limit
------------------- ------------------- ------------------- ------------------- ---------- ----------
2022-04-14T14:27:11 2022-04-14T14:27:12 2022-04-14T18:04:02 2022-04-14T18:47:15   00:43:13   01:00:00
-----------------------------------------------------------------------------------------------------

Job information (2/3)
-------------------------------------------------------------
    Username      Account    Partition   NNodes        Energy
------------ ------------ ------------ -------- -------------
     trohner        s1069       normal        8   4794.230 kJ

Job information (3/3) - GPU utilization data
----------------------------------------------------
   Node name       Usage      Max mem Execution time
------------ ----------- ------------ --------------
    nid06887        97 %     6193 MiB       00:42:51
    nid06882        98 %     6193 MiB       00:42:51
    nid06883        99 %     6193 MiB       00:42:51
    nid06886        98 %     6193 MiB       00:42:51
    nid06885        99 %     6193 MiB       00:42:51
    nid06884        98 %     6193 MiB       00:42:51
    nid06888        99 %     6193 MiB       00:42:51
    nid06881        99 %     6193 MiB       00:42:51

