ModuleCmd_Switch.c(179):ERROR:152: Module 'PrgEnv-cray' is currently not loaded
CMake(3):ERROR:105: Unable to locate a modulefile for 'CMake/3.21.3'
Info: Minimal padding size given from "N_phys_pad" is 384. Padded to 384 for speed.
Running azeban in single-node mode.
Run cofiguration is
{
  "device": "cuda",
  "dimension": 3,
  "equation": {
    "name": "Euler",
    "visc": {
      "eps": 0.05,
      "type": "Quadratic"
    }
  },
  "grid": {
    "N_phys": 256,
    "N_phys_pad": ""
  },
  "init": {
    "name": "Taylor Green",
    "perturb": {
      "max": 0.025,
      "min": -0.025,
      "name": "Uniform"
    }
  },
  "num_samples": 1,
  "output": "tg_N256_weak_1",
  "sample_idx_start": 0,
  "seed": 1,
  "snapshots": {
    "n": 1,
    "start": 0,
    "stop": 2
  },
  "time": 2,
  "timestepper": {
    "C": 0.5,
    "type": "SSP RK3"
  }
}
Sample 0, Time 0
Sample 0, Time 2
Rank 0:
Total Simulation Time: 3min34.476s
 Time %  | Total Time  | Nr. Calls | Time per Call | Name                             
--------------------------------------------------------------------------------------
 96.634% | 3min27.256s |      1230 |     168.501ms | SSP_RK3::integrate               
 93.343% | 3min20.198s |      3690 |      54.254ms | IncompressibleEuler::dudt        
 44.276% | 1min34.961s |      3691 |      25.728ms | CUFFT_R2C::forward               
 22.374% |     47.986s |      3690 |      13.004ms | CUFFT_R2C::backward              
 10.835% |     23.239s |      3690 |       6.298ms | IncompressibleEuler::computeB    
  6.951% |     14.908s |     11070 |       1.347ms | copy_to_padded                   
  2.998% |      6.431s |      3690 |       1.743ms | IncompressibleEuler::computeDudt 
  2.005% |      4.301s |         2 |        2.150s | SnapshotWriter::write_snapshot   
  0.343% |   734.876ms |         2 |     367.438ms | FFTWFFT_R2C::backward            
  0.002% |     3.294ms |         1 |       3.294ms | leray                            


Batch Job Summary Report (version 21.01.1) for Job "tg_N256_weak_1" (38036211) on daint

Job information (1/3)
-----------------------------------------------------------------------------------------------------
             Submit            Eligible               Start                 End    Elapsed Time limit
------------------- ------------------- ------------------- ------------------- ---------- ----------
2022-04-28T11:56:01 2022-04-28T11:56:01 2022-04-28T12:00:21 2022-04-28T12:04:11   00:03:50   01:00:00
-----------------------------------------------------------------------------------------------------

Job information (2/3)
-------------------------------------------------------------
    Username      Account    Partition   NNodes        Energy
------------ ------------ ------------ -------- -------------
     trohner        s1069       normal        1     47.630 kJ

Job information (3/3) - GPU utilization data
----------------------------------------------------
   Node name       Usage      Max mem Execution time
------------ ----------- ------------ --------------
    nid06926        96 %     6193 MiB       00:03:34

