ModuleCmd_Switch.c(179):ERROR:152: Module 'PrgEnv-cray' is currently not loaded
CMake(3):ERROR:105: Unable to locate a modulefile for 'CMake/3.21.3'
Info: Minimal padding size given from "N_phys_pad" is 384. Padded to 384 for speed.
Running azeban in single-node mode.
Run cofiguration is
{
  "device": "cuda",
  "dimension": 3,
  "equation": {
    "name": "Euler",
    "visc": {
      "eps": 0.05,
      "type": "Quadratic"
    }
  },
  "grid": {
    "N_phys": 256,
    "N_phys_pad": ""
  },
  "init": {
    "name": "Taylor Green",
    "perturb": {
      "max": 0.025,
      "min": -0.025,
      "name": "Uniform"
    }
  },
  "num_samples": 1,
  "output": "tg_N256_time",
  "sample_idx_start": 0,
  "seed": 1,
  "snapshots": {
    "n": 50,
    "start": 0,
    "stop": 5
  },
  "time": 5,
  "timestepper": {
    "C": 0.5,
    "type": "SSP RK3"
  }
}
Sample 0, Time 0
Sample 0, Time 0.1
Sample 0, Time 0.2
Sample 0, Time 0.3
Sample 0, Time 0.4
Sample 0, Time 0.5
Sample 0, Time 0.6
Sample 0, Time 0.7
Sample 0, Time 0.8
Sample 0, Time 0.9
Sample 0, Time 1
Sample 0, Time 1.1
Sample 0, Time 1.2
Sample 0, Time 1.3
Sample 0, Time 1.4
Sample 0, Time 1.5
Sample 0, Time 1.6
Sample 0, Time 1.7
Sample 0, Time 1.8
Sample 0, Time 1.9
Sample 0, Time 2
Sample 0, Time 2.1
Sample 0, Time 2.2
Sample 0, Time 2.3
Sample 0, Time 2.4
Sample 0, Time 2.5
Sample 0, Time 2.6
Sample 0, Time 2.7
Sample 0, Time 2.8
Sample 0, Time 2.9
Sample 0, Time 3
Sample 0, Time 3.1
Sample 0, Time 3.2
Sample 0, Time 3.3
Sample 0, Time 3.4
Sample 0, Time 3.5
Sample 0, Time 3.6
Sample 0, Time 3.7
Sample 0, Time 3.8
Sample 0, Time 3.9
Sample 0, Time 4
Sample 0, Time 4.1
Sample 0, Time 4.2
Sample 0, Time 4.3
Sample 0, Time 4.4
Sample 0, Time 4.5
Sample 0, Time 4.6
Sample 0, Time 4.7
Sample 0, Time 4.8
Sample 0, Time 4.9
Sample 0, Time 5
Rank 0:
Total Simulation Time: 6min39.682s
 Time %  | Total Time  | Nr. Calls | Time per Call | Name                             
--------------------------------------------------------------------------------------
 89.108% | 5min56.151s |      2112 |     168.632ms | SSP_RK3::integrate               
 86.076% | 5min44.030s |      6336 |      54.298ms | IncompressibleEuler::dudt        
 40.834% | 2min43.207s |      6337 |      25.755ms | CUFFT_R2C::forward               
 20.635% | 1min22.476s |      6336 |      13.017ms | CUFFT_R2C::backward              
  9.984% |     39.904s |      6336 |       6.298ms | IncompressibleEuler::computeB    
  9.000% |     35.973s |        51 |     705.360ms | SnapshotWriter::write_snapshot   
  6.405% |     25.601s |     19008 |       1.347ms | copy_to_padded                   
  4.362% |     17.434s |        51 |     341.834ms | FFTWFFT_R2C::backward            
  2.764% |     11.046s |      6336 |       1.743ms | IncompressibleEuler::computeDudt 
  0.001% |     3.599ms |         1 |       3.599ms | leray                            


Batch Job Summary Report (version 21.01.1) for Job "tg_N256_time" (38034493) on daint

Job information (1/3)
-----------------------------------------------------------------------------------------------------
             Submit            Eligible               Start                 End    Elapsed Time limit
------------------- ------------------- ------------------- ------------------- ---------- ----------
2022-04-28T10:15:11 2022-04-28T10:15:11 2022-04-28T20:03:12 2022-04-28T20:10:29   00:07:17 1-00:00:00
-----------------------------------------------------------------------------------------------------

Job information (2/3)
-------------------------------------------------------------
    Username      Account    Partition   NNodes        Energy
------------ ------------ ------------ -------- -------------
     trohner        s1069       normal        1     84.217 kJ

Job information (3/3) - GPU utilization data
----------------------------------------------------
   Node name       Usage      Max mem Execution time
------------ ----------- ------------ --------------
    nid06842        88 %     6193 MiB       00:06:39

