ModuleCmd_Switch.c(179):ERROR:152: Module 'PrgEnv-cray' is currently not loaded
CMake(3):ERROR:105: Unable to locate a modulefile for 'CMake/3.21.3'
Info: Minimal padding size given from "N_phys_pad" is 768. Padded to 768 for speed.
Info: Minimal padding size given from "N_phys_pad" is 768. Padded to 768 for speed.
Info: Minimal padding size given from "N_phys_pad" is 768. Padded to 768 for speed.
Info: Minimal padding size given from "N_phys_pad" is 768. Padded to 768 for speed.
Running azeban with 4 MPI ranks.
Run configuration is
{
  "device": "cuda",
  "dimension": 3,
  "equation": {
    "name": "Euler",
    "visc": {
      "eps": 0.05,
      "type": "Quadratic"
    }
  },
  "grid": {
    "N_phys": 512,
    "N_phys_pad": ""
  },
  "init": {
    "name": "Taylor Green",
    "perturb": {
      "max": 0.025,
      "min": -0.025,
      "name": "Uniform"
    }
  },
  "num_samples": 8,
  "output": "tg_N512_strong_1",
  "sample_idx_start": 0,
  "seed": 1,
  "snapshots": {
    "n": 1,
    "start": 0,
    "stop": 0.2
  },
  "time": 0.2,
  "timestepper": {
    "C": 0.5,
    "type": "SSP RK3"
  }
}
rank 0
u_hat_pad_.shape()       = [3, 65, 768, 768]
u_yz_.shape()            = [3, 65, 768, 768]
trans_u_sendbuf_.shape() = [4, 3, 192, 768, 65]
trans_u_recvbuf_.shape() = [4, 3, 192, 768, 65]
u_yz_trans_.shape()      = [3, 192, 768, 257]
u_yz_trans_pad_.shape()  = [3, 192, 768, 385]
u_xyz_trans_.shape()     = [3, 192, 768, 768]
B_xyz_trans_.shape()     = [6, 192, 768, 768]
B_yz_trans_pad_.shape()  = [6, 192, 768, 385]
B_yz_trans_.shape()      = [6, 192, 768, 257]
trans_B_sendbuf_.shape() = [4, 6, 65, 768, 192]
trans_B_recvbuf_.shape() = [4, 6, 65, 768, 192]
B_yz_.shape()            = [6, 65, 768, 768]
B_hat_pad_.shape()       = [6, 65, 768, 768]
B_hat_.shape()           = [6, 65, 512, 512]
Sample: 0, Time: 0
Sample: 0, Time: 0.2
Sample: 1, Time: 0
Sample: 1, Time: 0.2
Sample: 2, Time: 0
Sample: 2, Time: 0.2
Sample: 3, Time: 0
Sample: 3, Time: 0.2
Sample: 4, Time: 0
Sample: 4, Time: 0.2
Sample: 5, Time: 0
Sample: 5, Time: 0.2
Sample: 6, Time: 0
Sample: 6, Time: 0.2
Sample: 7, Time: 0
Sample: 7, Time: 0.2
Rank 0:
Total Simulation Time: 2h3min40.466s
 Time %  | Total Time     | Nr. Calls | Time per Call | Name                                             
---------------------------------------------------------------------------------------------------------
 96.651% | 1h59min31.947s |      3089 |        2.322s | SSP_RK3::integrate                               
 96.174% | 1h58min56.575s |      9267 |     770.106ms | IncompressibleEuler_MPI::dudt                    
 95.789% | 1h58min27.993s |      9267 |     767.022ms | IncompressibleEuler_MPI::computeBhat             
 83.916% | 1h43min46.925s |     18558 |     335.539ms | Transpose::eval                                  
 60.242% | 1h14min30.208s |     74136 |      60.297ms | Transpose::communication                         
 54.842% |  1h7min49.503s |      9267 |     439.139ms | IncompressibleEuler_MPI::compute_B_yz            
 28.858% |   35min41.420s |      9267 |     231.080ms | IncompressibleEuler_MPI::compute_u_yz_trans      
  2.668% |    3min17.961s |      9267 |      21.362ms | IncompressibleEuler_MPI::compute_B_xyz_trans_pad 
  2.668% |    3min17.954s |      9267 |      21.361ms | CUFFT_R2C::forward                               
  2.575% |    3min11.094s |     18534 |      10.310ms | IncompressibleEuler_MPI::compute_B_xyz_trans     
  2.264% |    2min48.001s |      9267 |      18.129ms | IncompressibleEuler_MPI::compute_B__hat_pad      
  2.264% |    2min47.995s |      9267 |      18.128ms | CUFFT_C2C::forward                               
  1.688% |     2min5.270s |     55602 |       2.253ms | copy_to_padded                                   
  1.409% |    1min44.532s |    111204 |     939.998us | copy_from_padded                                 
  1.354% |    1min40.498s |      9267 |      10.845ms | IncompressibleEuler_MPI::compute_u_xyz_trans     
  1.354% |    1min40.489s |      9267 |      10.844ms | CUFFT_R2C::backward                              
  1.134% |    1min24.116s |      9267 |       9.077ms | IncompressibleEuler_MPI::compute_u_yz            
  1.133% |    1min24.108s |      9267 |       9.076ms | CUFFT_C2C::backward                              
  1.112% |    1min22.504s |      9267 |       8.903ms | IncompressibleEuler_MPI::compute_u_yz_trans_pad  
  0.607% |        45.025s |        16 |        2.814s | SnapshotWriter::write_snapshot                   
rank 3
u_hat_pad_.shape()       = [3, 64, 768, 768]
u_yz_.shape()            = [3, 64, 768, 768]
trans_u_sendbuf_.shape() = [4, 3, 192, 768, 65]
trans_u_recvbuf_.shape() = [4, 3, 192, 768, 65]
u_yz_trans_.shape()      = [3, 192, 768, 257]
u_yz_trans_pad_.shape()  = [3, 192, 768, 385]
u_xyz_trans_.shape()     = [3, 192, 768, 768]
B_xyz_trans_.shape()     = [6, 192, 768, 768]
B_yz_trans_pad_.shape()  = [6, 192, 768, 385]
B_yz_trans_.shape()      = [6, 192, 768, 257]
trans_B_sendbuf_.shape() = [4, 6, 65, 768, 192]
trans_B_recvbuf_.shape() = [4, 6, 65, 768, 192]
B_yz_.shape()            = [6, 64, 768, 768]
B_hat_pad_.shape()       = [6, 64, 768, 768]
B_hat_.shape()           = [6, 64, 512, 512]
Rank 3:
Total Simulation Time: 2h3min39.280s
 Time %  | Total Time     | Nr. Calls | Time per Call | Name                                             
---------------------------------------------------------------------------------------------------------
 96.626% | 1h59min28.941s |      3089 |        2.321s | SSP_RK3::integrate                               
 96.154% | 1h58min53.915s |      9267 |     769.819ms | IncompressibleEuler_MPI::dudt                    
 95.777% | 1h58min25.952s |      9267 |     766.802ms | IncompressibleEuler_MPI::computeBhat             
 84.004% | 1h43min52.483s |     18558 |     335.838ms | Transpose::eval                                  
 60.755% |  1h15min7.602s |     74136 |      60.802ms | Transpose::communication                         
 54.397% |  1h7min15.843s |      9267 |     435.507ms | IncompressibleEuler_MPI::compute_B_yz            
 29.391% |   36min20.599s |      9267 |     235.308ms | IncompressibleEuler_MPI::compute_u_yz_trans      
  2.668% |    3min17.938s |      9267 |      21.359ms | IncompressibleEuler_MPI::compute_B_xyz_trans_pad 
  2.668% |    3min17.930s |      9267 |      21.359ms | CUFFT_R2C::forward                               
  2.576% |    3min11.108s |     18534 |      10.311ms | IncompressibleEuler_MPI::compute_B_xyz_trans     
  2.230% |    2min45.426s |      9267 |      17.851ms | IncompressibleEuler_MPI::compute_B__hat_pad      
  2.230% |    2min45.420s |      9267 |      17.850ms | CUFFT_C2C::forward                               
  1.646% |     2min2.113s |     55602 |       2.196ms | copy_to_padded                                   
  1.403% |    1min44.063s |    111204 |     935.787us | copy_from_padded                                 
  1.354% |    1min40.462s |      9267 |      10.841ms | IncompressibleEuler_MPI::compute_u_xyz_trans     
  1.354% |    1min40.453s |      9267 |      10.840ms | CUFFT_R2C::backward                              
  1.116% |    1min22.822s |      9267 |       8.937ms | IncompressibleEuler_MPI::compute_u_yz            
  1.116% |    1min22.813s |      9267 |       8.936ms | CUFFT_C2C::backward                              
  1.112% |    1min22.517s |      9267 |       8.904ms | IncompressibleEuler_MPI::compute_u_yz_trans_pad  
  0.534% |        39.610s |      9267 |       4.274ms | IncompressibleEuler_MPI::compute_u_hat_pad       
  0.398% |        29.547s |      9267 |       3.188ms | IncompressibleEuler_MPI::compute_B__hat          
  0.377% |        27.962s |      9267 |       3.017ms | IncompressibleEuler_MPI::computeDudt             
  0.338% |        25.064s |        16 |        1.567s | SnapshotWriter::write_snapshot                   
  0.292% |        21.670s |      3089 |       7.015ms | CFL::dt                                          
  0.281% |        20.821s |        24 |     867.554ms | CUFFT_MPI::transpose                             
  0.205% |        15.186s |        16 |     949.123ms | CUFFT_MPI::backward                              
  0.079% |         5.825s |         8 |     728.080ms | CUFFT_MPI::forward                               
rank 1
u_hat_pad_.shape()       = [3, 64, 768, 768]
u_yz_.shape()            = [3, 64, 768, 768]
trans_u_sendbuf_.shape() = [4, 3, 192, 768, 65]
trans_u_recvbuf_.shape() = [4, 3, 192, 768, 65]
u_yz_trans_.shape()      = [3, 192, 768, 257]
u_yz_trans_pad_.shape()  = [3, 192, 768, 385]
u_xyz_trans_.shape()     = [3, 192, 768, 768]
B_xyz_trans_.shape()     = [6, 192, 768, 768]
B_yz_trans_pad_.shape()  = [6, 192, 768, 385]
B_yz_trans_.shape()      = [6, 192, 768, 257]
trans_B_sendbuf_.shape() = [4, 6, 65, 768, 192]
trans_B_recvbuf_.shape() = [4, 6, 65, 768, 192]
B_yz_.shape()            = [6, 64, 768, 768]
B_hat_pad_.shape()       = [6, 64, 768, 768]
B_hat_.shape()           = [6, 64, 512, 512]
Rank 1:
Total Simulation Time: 2h3min39.178s
 Time %  | Total Time     | Nr. Calls | Time per Call | Name                                             
---------------------------------------------------------------------------------------------------------
 96.583% | 1h59min25.662s |      3089 |        2.320s | SSP_RK3::integrate                               
 96.106% | 1h58min50.267s |      9267 |     769.426ms | IncompressibleEuler_MPI::dudt                    
 95.732% | 1h58min22.544s |      9267 |     766.434ms | IncompressibleEuler_MPI::computeBhat             
 83.978% | 1h43min50.511s |     18558 |     335.732ms | Transpose::eval                                  
 61.986% | 1h16min38.880s |     74136 |      62.033ms | Transpose::communication                         
 54.665% |  1h7min35.700s |      9267 |     437.650ms | IncompressibleEuler_MPI::compute_B_yz            
 29.098% |   35min58.815s |      9267 |     232.957ms | IncompressibleEuler_MPI::compute_u_yz_trans      
  2.667% |    3min17.900s |      9267 |      21.355ms | IncompressibleEuler_MPI::compute_B_xyz_trans_pad 
  2.667% |    3min17.891s |      9267 |      21.354ms | CUFFT_R2C::forward                               
  2.576% |    3min11.105s |     18534 |      10.311ms | IncompressibleEuler_MPI::compute_B_xyz_trans     
  2.222% |    2min44.825s |      9267 |      17.786ms | IncompressibleEuler_MPI::compute_B__hat_pad      
  2.222% |    2min44.820s |      9267 |      17.786ms | CUFFT_C2C::forward                               
  1.635% |     2min1.305s |     55602 |       2.182ms | copy_to_padded                                   
  1.406% |    1min44.331s |    111204 |     938.195us | copy_from_padded                                 
  1.354% |    1min40.478s |      9267 |      10.843ms | IncompressibleEuler_MPI::compute_u_xyz_trans     
  1.354% |    1min40.470s |      9267 |      10.842ms | CUFFT_R2C::backward                              
  1.112% |    1min22.500s |      9267 |       8.903ms | IncompressibleEuler_MPI::compute_u_yz            
  1.112% |    1min22.492s |      9267 |       8.902ms | CUFFT_C2C::backward                              
  1.111% |    1min22.391s |      9267 |       8.891ms | IncompressibleEuler_MPI::compute_u_yz_trans_pad  
  0.525% |        38.930s |      9267 |       4.201ms | IncompressibleEuler_MPI::compute_u_hat_pad       
  0.402% |        29.831s |      9267 |       3.219ms | IncompressibleEuler_MPI::compute_B__hat          
  0.374% |        27.712s |      9267 |       2.990ms | IncompressibleEuler_MPI::computeDudt             
  0.340% |        25.192s |        16 |        1.575s | SnapshotWriter::write_snapshot                   
  0.333% |        24.729s |      3089 |       8.006ms | CFL::dt                                          
  0.280% |        20.806s |        24 |     866.923ms | CUFFT_MPI::transpose                             
  0.204% |        15.157s |        16 |     947.338ms | CUFFT_MPI::backward                              
  0.079% |         5.838s |         8 |     729.757ms | CUFFT_MPI::forward                               
rank 2
u_hat_pad_.shape()       = [3, 64, 768, 768]
u_yz_.shape()            = [3, 64, 768, 768]
trans_u_sendbuf_.shape() = [4, 3, 192, 768, 65]
trans_u_recvbuf_.shape() = [4, 3, 192, 768, 65]
u_yz_trans_.shape()      = [3, 192, 768, 257]
u_yz_trans_pad_.shape()  = [3, 192, 768, 385]
u_xyz_trans_.shape()     = [3, 192, 768, 768]
B_xyz_trans_.shape()     = [6, 192, 768, 768]
B_yz_trans_pad_.shape()  = [6, 192, 768, 385]
B_yz_trans_.shape()      = [6, 192, 768, 257]
trans_B_sendbuf_.shape() = [4, 6, 65, 768, 192]
trans_B_recvbuf_.shape() = [4, 6, 65, 768, 192]
B_yz_.shape()            = [6, 64, 768, 768]
B_hat_pad_.shape()       = [6, 64, 768, 768]
B_hat_.shape()           = [6, 64, 512, 512]
Rank 2:
Total Simulation Time: 2h3min39.236s
 Time %  | Total Time     | Nr. Calls | Time per Call | Name                                             
---------------------------------------------------------------------------------------------------------
 96.585% | 1h59min25.895s |      3089 |        2.320s | SSP_RK3::integrate                               
 96.113% | 1h58min50.883s |      9267 |     769.492ms | IncompressibleEuler_MPI::dudt                    
 95.736% | 1h58min22.916s |      9267 |     766.474ms | IncompressibleEuler_MPI::computeBhat             
 83.963% | 1h43min49.449s |     18558 |     335.675ms | Transpose::eval                                  
 57.917% | 1h11min37.006s |     74136 |      57.961ms | Transpose::communication                         
 54.667% |  1h7min35.855s |      9267 |     437.667ms | IncompressibleEuler_MPI::compute_B_yz            
 29.080% |   35min57.538s |      9267 |     232.819ms | IncompressibleEuler_MPI::compute_u_yz_trans      
  2.668% |    3min17.941s |      9267 |      21.360ms | IncompressibleEuler_MPI::compute_B_xyz_trans_pad 
  2.668% |    3min17.933s |      9267 |      21.359ms | CUFFT_R2C::forward                               
  2.576% |    3min11.089s |     18534 |      10.310ms | IncompressibleEuler_MPI::compute_B_xyz_trans     
  2.230% |    2min45.481s |      9267 |      17.857ms | IncompressibleEuler_MPI::compute_B__hat_pad      
  2.230% |    2min45.475s |      9267 |      17.856ms | CUFFT_C2C::forward                               
  1.646% |     2min2.088s |     55602 |       2.196ms | copy_to_padded                                   
  1.402% |    1min44.040s |    111204 |     935.580us | copy_from_padded                                 
  1.354% |    1min40.460s |      9267 |      10.841ms | IncompressibleEuler_MPI::compute_u_xyz_trans     
  1.354% |    1min40.451s |      9267 |      10.840ms | CUFFT_R2C::backward                              
  1.117% |    1min22.851s |      9267 |       8.940ms | IncompressibleEuler_MPI::compute_u_yz            
  1.117% |    1min22.842s |      9267 |       8.939ms | CUFFT_C2C::backward                              
  1.112% |    1min22.496s |      9267 |       8.902ms | IncompressibleEuler_MPI::compute_u_yz_trans_pad  
  0.534% |        39.605s |      9267 |       4.274ms | IncompressibleEuler_MPI::compute_u_hat_pad       
  0.398% |        29.537s |      9267 |       3.187ms | IncompressibleEuler_MPI::compute_B__hat          
  0.377% |        27.962s |      9267 |       3.017ms | IncompressibleEuler_MPI::computeDudt             
  0.352% |        26.121s |        16 |        1.633s | SnapshotWriter::write_snapshot                   
  0.324% |        24.020s |      3089 |       7.776ms | CFL::dt                                          
  0.282% |        20.898s |        24 |     870.746ms | CUFFT_MPI::transpose                             
  0.205% |        15.225s |        16 |     951.561ms | CUFFT_MPI::backward                              
  0.079% |         5.862s |         8 |     732.761ms | CUFFT_MPI::forward                               
  0.577% |        42.785s |      9267 |       4.617ms | IncompressibleEuler_MPI::compute_u_hat_pad       
  0.405% |        30.052s |      9267 |       3.243ms | IncompressibleEuler_MPI::compute_B__hat          
  0.385% |        28.590s |      9267 |       3.085ms | IncompressibleEuler_MPI::computeDudt             
  0.333% |        24.710s |         8 |        3.089s | FFTWFFT_R2C::forward                             
  0.281% |        20.888s |         8 |        2.611s | FFTWFFT_R2C::backward                            
  0.280% |        20.763s |        24 |     865.135ms | CUFFT_MPI::transpose                             
  0.204% |        15.144s |        16 |     946.491ms | CUFFT_MPI::backward                              
  0.123% |         9.133s |         8 |        1.142s | leray                                            
  0.114% |         8.424s |      3089 |       2.727ms | CFL::dt                                          
  0.078% |         5.810s |         8 |     726.200ms | CUFFT_MPI::forward                               


Batch Job Summary Report (version 21.01.1) for Job "tg_N512_strong_1" (37857735) on daint

Job information (1/3)
-----------------------------------------------------------------------------------------------------
             Submit            Eligible               Start                 End    Elapsed Time limit
------------------- ------------------- ------------------- ------------------- ---------- ----------
2022-04-21T16:18:23 2022-04-21T16:18:23 2022-04-21T16:20:24 2022-04-21T18:24:39   02:04:15 1-00:00:00
-----------------------------------------------------------------------------------------------------

Job information (2/3)
-------------------------------------------------------------
    Username      Account    Partition   NNodes        Energy
------------ ------------ ------------ -------- -------------
     trohner        s1069       normal        4   4078.101 kJ

Job information (3/3) - GPU utilization data
----------------------------------------------------
   Node name       Usage      Max mem Execution time
------------ ----------- ------------ --------------
    nid03579        70 %    14565 MiB       02:03:42
    nid03580        69 %    14565 MiB       02:03:42
    nid03581        70 %    14565 MiB       02:03:42
    nid03578        70 %    14607 MiB       02:03:42

