ModuleCmd_Switch.c(179):ERROR:152: Module 'PrgEnv-cray' is currently not loaded
CMake(3):ERROR:105: Unable to locate a modulefile for 'CMake/3.21.3'
Info: Minimal padding size given from "N_phys_pad" is 768. Padded to 768 for speed.
Info: Minimal padding size given from "N_phys_pad" is 768. Padded to 768 for speed.
Info: Minimal padding size given from "N_phys_pad" is 768. Padded to 768 for speed.
Info: Minimal padding size given from "N_phys_pad" is 768. Padded to 768 for speed.
Info: Minimal padding size given from "N_phys_pad" is 768. Padded to 768 for speed.
Info: Minimal padding size given from "N_phys_pad" is 768. Padded to 768 for speed.
Info: Minimal padding size given from "N_phys_pad" is 768. Padded to 768 for speed.
Info: Minimal padding size given from "N_phys_pad" is 768. Padded to 768 for speed.
Running azeban with 8 MPI ranks.
Run configuration is
{
  "device": "cuda",
  "dimension": 3,
  "equation": {
    "name": "Euler",
    "visc": {
      "eps": 0.05,
      "type": "Quadratic"
    }
  },
  "grid": {
    "N_phys": 512,
    "N_phys_pad": ""
  },
  "init": {
    "name": "Taylor Green",
    "perturb": {
      "max": 0.025,
      "min": -0.025,
      "name": "Uniform"
    }
  },
  "num_samples": 8,
  "output": "tg_N512_strong_1",
  "sample_idx_start": 0,
  "seed": 1,
  "snapshots": {
    "n": 1,
    "start": 0,
    "stop": 1
  },
  "time": 1,
  "timestepper": {
    "C": 0.5,
    "type": "SSP RK3"
  }
}
rank 0
u_hat_pad_.shape()       = [3, 33, 768, 768]
u_yz_.shape()            = [3, 33, 768, 768]
trans_u_sendbuf_.shape() = [8, 3, 96, 768, 33]
trans_u_recvbuf_.shape() = [8, 3, 96, 768, 33]
u_yz_trans_.shape()      = [3, 96, 768, 257]
u_yz_trans_pad_.shape()  = [3, 96, 768, 385]
u_xyz_trans_.shape()     = [3, 96, 768, 768]
B_xyz_trans_.shape()     = [6, 96, 768, 768]
B_yz_trans_pad_.shape()  = [6, 96, 768, 385]
B_yz_trans_.shape()      = [6, 96, 768, 257]
trans_B_sendbuf_.shape() = [8, 6, 33, 768, 96]
trans_B_recvbuf_.shape() = [8, 6, 33, 768, 96]
B_yz_.shape()            = [6, 33, 768, 768]
B_hat_pad_.shape()       = [6, 33, 768, 768]
B_hat_.shape()           = [6, 33, 512, 512]
Sample: 0, Time: 0
Sample: 0, Time: 1
Sample: 1, Time: 0
Sample: 1, Time: 1
Sample: 2, Time: 0
Sample: 2, Time: 1
Sample: 3, Time: 0
Sample: 3, Time: 1
Sample: 4, Time: 0
Sample: 4, Time: 1
Sample: 5, Time: 0
Sample: 5, Time: 1
Sample: 6, Time: 0
Sample: 6, Time: 1
Sample: 7, Time: 0
Sample: 7, Time: 1
Rank 0:
Total Simulation Time: 3h20min19.223s
 Time %  | Total Time     | Nr. Calls | Time per Call | Name                                             
---------------------------------------------------------------------------------------------------------
 98.101% | 3h16min30.983s |     11274 |        1.046s | SSP_RK3::integrate                               
 97.553% | 3h15min25.158s |     33822 |     346.673ms | IncompressibleEuler_MPI::dudt                    
 97.100% | 3h14min30.649s |     33822 |     345.061ms | IncompressibleEuler_MPI::computeBhat             
 81.829% | 2h43min55.179s |     67668 |     145.345ms | Transpose::eval                                  
 64.985% | 2h10min10.745s |    541152 |      14.434ms | Transpose::communication                         
 52.740% | 1h45min38.952s |     33822 |     187.421ms | IncompressibleEuler_MPI::compute_B_yz            
 29.017% |    58min7.625s |     33822 |     103.117ms | IncompressibleEuler_MPI::compute_u_yz_trans      
  3.073% |     6min9.302s |     33822 |      10.919ms | IncompressibleEuler_MPI::compute_u_xyz_trans     
  3.013% |     6min2.150s |     33822 |      10.708ms | IncompressibleEuler_MPI::compute_B_xyz_trans_pad 
  3.013% |     6min2.105s |     33822 |      10.706ms | CUFFT_R2C::forward                               
  2.918% |    5min50.662s |     67644 |       5.184ms | IncompressibleEuler_MPI::compute_B_xyz_trans     
  2.597% |    5min12.145s |     33822 |       9.229ms | IncompressibleEuler_MPI::compute_B__hat_pad      
  2.597% |    5min12.118s |     33822 |       9.228ms | CUFFT_C2C::forward                               
  1.970% |    3min56.750s |    202932 |       1.167ms | copy_to_padded                                   
  1.613% |    3min13.857s |    405864 |     477.641us | copy_from_padded                                 
  1.533% |     3min4.232s |     33822 |       5.447ms | CUFFT_R2C::backward                              
  1.302% |    2min36.460s |     33822 |       4.626ms | IncompressibleEuler_MPI::compute_u_yz            
  1.302% |    2min36.445s |     33822 |       4.626ms | CUFFT_C2C::backward                              
  1.261% |    2min31.570s |     33822 |       4.481ms | IncompressibleEuler_MPI::compute_u_yz_trans_pad  
  0.708% |    1min25.140s |     33822 |       2.517ms | IncompressibleEuler_MPI::compute_u_hat_pad       
rank 5
u_hat_pad_.shape()       = [3, 32, 768, 768]
u_yz_.shape()            = [3, 32, 768, 768]
trans_u_sendbuf_.shape() = [8, 3, 96, 768, 33]
trans_u_recvbuf_.shape() = [8, 3, 96, 768, 33]
u_yz_trans_.shape()      = [3, 96, 768, 257]
u_yz_trans_pad_.shape()  = [3, 96, 768, 385]
u_xyz_trans_.shape()     = [3, 96, 768, 768]
B_xyz_trans_.shape()     = [6, 96, 768, 768]
B_yz_trans_pad_.shape()  = [6, 96, 768, 385]
B_yz_trans_.shape()      = [6, 96, 768, 257]
trans_B_sendbuf_.shape() = [8, 6, 33, 768, 96]
trans_B_recvbuf_.shape() = [8, 6, 33, 768, 96]
B_yz_.shape()            = [6, 32, 768, 768]
B_hat_pad_.shape()       = [6, 32, 768, 768]
B_hat_.shape()           = [6, 32, 512, 512]
Rank 5:
Total Simulation Time: 3h20min17.825s
 Time %  | Total Time     | Nr. Calls | Time per Call | Name                                             
---------------------------------------------------------------------------------------------------------
 98.196% | 3h16min41.041s |     11274 |        1.047s | SSP_RK3::integrate                               
 97.666% | 3h15min37.386s |     33822 |     347.034ms | IncompressibleEuler_MPI::dudt                    
 97.232% | 3h14min45.178s |     33822 |     345.490ms | IncompressibleEuler_MPI::computeBhat             
 82.377% | 2h44min59.963s |     67668 |     146.302ms | Transpose::eval                                  
 67.840% | 2h15min52.833s |    541152 |      15.066ms | Transpose::communication                         
 52.739% | 1h45min38.126s |     33822 |     187.397ms | IncompressibleEuler_MPI::compute_B_yz            
 29.567% |   59min13.295s |     33822 |     105.059ms | IncompressibleEuler_MPI::compute_u_yz_trans      
  3.011% |     6min1.889s |     33822 |      10.700ms | IncompressibleEuler_MPI::compute_B_xyz_trans_pad 
  3.011% |     6min1.852s |     33822 |      10.699ms | CUFFT_R2C::forward                               
  2.912% |    5min50.007s |     67644 |       5.174ms | IncompressibleEuler_MPI::compute_B_xyz_trans     
  2.911% |    5min49.874s |     33822 |      10.345ms | IncompressibleEuler_MPI::compute_u_xyz_trans     
  2.516% |     5min2.412s |     33822 |       8.941ms | IncompressibleEuler_MPI::compute_B__hat_pad      
  2.516% |     5min2.387s |     33822 |       8.941ms | CUFFT_C2C::forward                               
  1.858% |    3min43.276s |    202932 |       1.100ms | copy_to_padded                                   
  1.588% |    3min10.806s |    405864 |     470.123us | copy_from_padded                                 
  1.531% |     3min3.989s |     33822 |       5.440ms | CUFFT_R2C::backward                              
  1.262% |    2min31.612s |     33822 |       4.483ms | IncompressibleEuler_MPI::compute_u_yz            
  1.261% |    2min31.597s |     33822 |       4.482ms | CUFFT_C2C::backward                              
  1.252% |    2min30.458s |     33822 |       4.449ms | IncompressibleEuler_MPI::compute_u_yz_trans_pad  
  0.606% |    1min12.860s |     33822 |       2.154ms | IncompressibleEuler_MPI::compute_u_hat_pad       
  0.453% |        54.444s |     33822 |       1.610ms | IncompressibleEuler_MPI::compute_B__hat          
  0.435% |        52.257s |     33822 |       1.545ms | IncompressibleEuler_MPI::computeDudt             
  0.127% |        15.299s |        16 |     956.168ms | SnapshotWriter::write_snapshot                   
  0.093% |        11.170s |        24 |     465.401ms | CUFFT_MPI::transpose                             
  0.069% |         8.248s |        16 |     515.484ms | CUFFT_MPI::backward                              
  0.025% |         3.018s |         8 |     377.292ms | CUFFT_MPI::forward                               
rank 4
u_hat_pad_.shape()       = [3, 32, 768, 768]
u_yz_.shape()            = [3, 32, 768, 768]
trans_u_sendbuf_.shape() = [8, 3, 96, 768, 33]
trans_u_recvbuf_.shape() = [8, 3, 96, 768, 33]
u_yz_trans_.shape()      = [3, 96, 768, 257]
u_yz_trans_pad_.shape()  = [3, 96, 768, 385]
u_xyz_trans_.shape()     = [3, 96, 768, 768]
B_xyz_trans_.shape()     = [6, 96, 768, 768]
B_yz_trans_pad_.shape()  = [6, 96, 768, 385]
B_yz_trans_.shape()      = [6, 96, 768, 257]
trans_B_sendbuf_.shape() = [8, 6, 33, 768, 96]
trans_B_recvbuf_.shape() = [8, 6, 33, 768, 96]
B_yz_.shape()            = [6, 32, 768, 768]
B_hat_pad_.shape()       = [6, 32, 768, 768]
B_hat_.shape()           = [6, 32, 512, 512]
Rank 4:
Total Simulation Time: 3h20min17.780s
 Time %  | Total Time     | Nr. Calls | Time per Call | Name                                             
---------------------------------------------------------------------------------------------------------
 98.202% | 3h16min41.749s |     11274 |        1.047s | SSP_RK3::integrate                               
 97.668% | 3h15min37.520s |     33822 |     347.038ms | IncompressibleEuler_MPI::dudt                    
 97.236% | 3h14min45.574s |     33822 |     345.502ms | IncompressibleEuler_MPI::computeBhat             
 82.294% | 2h44min49.860s |     67668 |     146.153ms | Transpose::eval                                  
 68.188% | 2h16min34.690s |    541152 |      15.143ms | Transpose::communication                         
 52.513% | 1h45min10.935s |     33822 |     186.593ms | IncompressibleEuler_MPI::compute_B_yz            
 29.709% |   59min30.313s |     33822 |     105.562ms | IncompressibleEuler_MPI::compute_u_yz_trans      
  3.010% |     6min1.733s |     33822 |      10.695ms | IncompressibleEuler_MPI::compute_B_xyz_trans_pad 
  3.010% |     6min1.700s |     33822 |      10.694ms | CUFFT_R2C::forward                               
  2.998% |     6min0.311s |     33822 |      10.653ms | IncompressibleEuler_MPI::compute_u_xyz_trans     
  2.912% |    5min49.961s |     67644 |       5.174ms | IncompressibleEuler_MPI::compute_B_xyz_trans     
  2.515% |     5min2.289s |     33822 |       8.938ms | IncompressibleEuler_MPI::compute_B__hat_pad      
  2.515% |     5min2.264s |     33822 |       8.937ms | CUFFT_C2C::forward                               
  1.862% |    3min43.735s |    202932 |       1.103ms | copy_to_padded                                   
  1.587% |    3min10.753s |    405864 |     469.992us | copy_from_padded                                 
  1.531% |     3min4.016s |     33822 |       5.441ms | CUFFT_R2C::backward                              
  1.261% |    2min31.497s |     33822 |       4.479ms | IncompressibleEuler_MPI::compute_u_yz            
  1.260% |    2min31.481s |     33822 |       4.479ms | CUFFT_C2C::backward                              
  1.257% |    2min31.082s |     33822 |       4.467ms | IncompressibleEuler_MPI::compute_u_yz_trans_pad  
  0.606% |    1min12.833s |     33822 |       2.153ms | IncompressibleEuler_MPI::compute_u_hat_pad       
  0.452% |        54.373s |     33822 |       1.608ms | IncompressibleEuler_MPI::compute_B__hat          
  0.433% |        51.978s |     33822 |       1.537ms | IncompressibleEuler_MPI::computeDudt             
  0.116% |        13.972s |        16 |     873.267ms | SnapshotWriter::write_snapshot                   
  0.092% |        11.101s |        24 |     462.552ms | CUFFT_MPI::transpose                             
  0.069% |         8.234s |        16 |     514.646ms | CUFFT_MPI::backward                              
  0.025% |         2.963s |         8 |     370.416ms | CUFFT_MPI::forward                               
rank 1
u_hat_pad_.shape()       = [3, 32, 768, 768]
u_yz_.shape()            = [3, 32, 768, 768]
trans_u_sendbuf_.shape() = [8, 3, 96, 768, 33]
trans_u_recvbuf_.shape() = [8, 3, 96, 768, 33]
u_yz_trans_.shape()      = [3, 96, 768, 257]
u_yz_trans_pad_.shape()  = [3, 96, 768, 385]
u_xyz_trans_.shape()     = [3, 96, 768, 768]
B_xyz_trans_.shape()     = [6, 96, 768, 768]
B_yz_trans_pad_.shape()  = [6, 96, 768, 385]
B_yz_trans_.shape()      = [6, 96, 768, 257]
trans_B_sendbuf_.shape() = [8, 6, 33, 768, 96]
trans_B_recvbuf_.shape() = [8, 6, 33, 768, 96]
B_yz_.shape()            = [6, 32, 768, 768]
B_hat_pad_.shape()       = [6, 32, 768, 768]
B_hat_.shape()           = [6, 32, 512, 512]
Rank 1:
Total Simulation Time: 3h20min17.802s
 Time %  | Total Time     | Nr. Calls | Time per Call | Name                                             
---------------------------------------------------------------------------------------------------------
 98.198% | 3h16min41.195s |     11274 |        1.047s | SSP_RK3::integrate                               
 97.663% | 3h15min36.973s |     33822 |     347.022ms | IncompressibleEuler_MPI::dudt                    
 97.230% | 3h14min44.895s |     33822 |     345.482ms | IncompressibleEuler_MPI::computeBhat             
 82.396% |  2h45min2.169s |     67668 |     146.335ms | Transpose::eval                                  
 68.386% | 2h16min58.533s |    541152 |      15.187ms | Transpose::communication                         
 52.752% | 1h45min39.681s |     33822 |     187.443ms | IncompressibleEuler_MPI::compute_B_yz            
 29.572% |   59min13.936s |     33822 |     105.078ms | IncompressibleEuler_MPI::compute_u_yz_trans      
  3.009% |     6min1.558s |     33822 |      10.690ms | IncompressibleEuler_MPI::compute_B_xyz_trans_pad 
  3.008% |     6min1.534s |     33822 |      10.689ms | CUFFT_R2C::forward                               
  2.914% |    5min50.144s |     67644 |       5.176ms | IncompressibleEuler_MPI::compute_B_xyz_trans     
  2.900% |    5min48.510s |     33822 |      10.304ms | IncompressibleEuler_MPI::compute_u_xyz_trans     
  2.509% |     5min1.470s |     33822 |       8.913ms | IncompressibleEuler_MPI::compute_B__hat_pad      
  2.508% |     5min1.444s |     33822 |       8.913ms | CUFFT_C2C::forward                               
  1.864% |    3min43.964s |    202932 |       1.104ms | copy_to_padded                                   
  1.588% |    3min10.878s |    405864 |     470.300us | copy_from_padded                                 
  1.531% |     3min3.939s |     33822 |       5.438ms | CUFFT_R2C::backward                              
  1.258% |    2min31.218s |     33822 |       4.471ms | IncompressibleEuler_MPI::compute_u_yz_trans_pad  
  1.257% |    2min31.058s |     33822 |       4.466ms | IncompressibleEuler_MPI::compute_u_yz            
  1.257% |    2min31.041s |     33822 |       4.466ms | CUFFT_C2C::backward                              
  0.606% |    1min12.879s |     33822 |       2.155ms | IncompressibleEuler_MPI::compute_u_hat_pad       
  0.453% |        54.387s |     33822 |       1.608ms | IncompressibleEuler_MPI::compute_B__hat          
  0.433% |        51.981s |     33822 |       1.537ms | IncompressibleEuler_MPI::computeDudt             
  0.124% |        14.872s |        16 |     929.479ms | SnapshotWriter::write_snapshot                   
  0.093% |        11.173s |        24 |     465.555ms | CUFFT_MPI::transpose                             
  0.069% |         8.240s |        16 |     514.988ms | CUFFT_MPI::backward                              
  0.025% |         3.030s |         8 |     378.748ms | CUFFT_MPI::forward                               
  0.470% |        56.493s |     33822 |       1.670ms | IncompressibleEuler_MPI::compute_B__hat          
  0.453% |        54.420s |     33822 |       1.609ms | IncompressibleEuler_MPI::computeDudt             
  0.302% |        36.326s |        16 |        2.270s | SnapshotWriter::write_snapshot                   
  0.206% |        24.801s |         8 |        3.100s | FFTWFFT_R2C::forward                             
  0.174% |        20.927s |         8 |        2.616s | FFTWFFT_R2C::backward                            
  0.092% |        11.048s |        24 |     460.331ms | CUFFT_MPI::transpose                             
  0.076% |         9.128s |         8 |        1.141s | leray                                            
  0.068% |         8.213s |        16 |     513.334ms | CUFFT_MPI::backward                              
  0.024% |         2.932s |         8 |     366.517ms | CUFFT_MPI::forward                               
rank 2
u_hat_pad_.shape()       = [3, 32, 768, 768]
u_yz_.shape()            = [3, 32, 768, 768]
trans_u_sendbuf_.shape() = [8, 3, 96, 768, 33]
trans_u_recvbuf_.shape() = [8, 3, 96, 768, 33]
u_yz_trans_.shape()      = [3, 96, 768, 257]
u_yz_trans_pad_.shape()  = [3, 96, 768, 385]
u_xyz_trans_.shape()     = [3, 96, 768, 768]
B_xyz_trans_.shape()     = [6, 96, 768, 768]
B_yz_trans_pad_.shape()  = [6, 96, 768, 385]
B_yz_trans_.shape()      = [6, 96, 768, 257]
trans_B_sendbuf_.shape() = [8, 6, 33, 768, 96]
trans_B_recvbuf_.shape() = [8, 6, 33, 768, 96]
B_yz_.shape()            = [6, 32, 768, 768]
B_hat_pad_.shape()       = [6, 32, 768, 768]
B_hat_.shape()           = [6, 32, 512, 512]
Rank 2:
Total Simulation Time: 3h20min17.755s
 Time %  | Total Time     | Nr. Calls | Time per Call | Name                                             
---------------------------------------------------------------------------------------------------------
 98.202% | 3h16min41.673s |     11274 |        1.047s | SSP_RK3::integrate                               
 97.668% | 3h15min37.463s |     33822 |     347.036ms | IncompressibleEuler_MPI::dudt                    
 97.236% | 3h14min45.524s |     33822 |     345.501ms | IncompressibleEuler_MPI::computeBhat             
 82.360% | 2h44min57.861s |     67668 |     146.271ms | Transpose::eval                                  
 68.852% | 2h17min54.417s |    541152 |      15.290ms | Transpose::communication                         
 52.730% | 1h45min36.913s |     33822 |     187.361ms | IncompressibleEuler_MPI::compute_B_yz            
 29.559% |   59min12.374s |     33822 |     105.031ms | IncompressibleEuler_MPI::compute_u_yz_trans      
  3.014% |     6min2.244s |     33822 |      10.710ms | IncompressibleEuler_MPI::compute_B_xyz_trans_pad 
  3.014% |     6min2.207s |     33822 |      10.709ms | CUFFT_R2C::forward                               
  2.919% |    5min50.827s |     67644 |       5.186ms | IncompressibleEuler_MPI::compute_B_xyz_trans     
  2.901% |    5min48.649s |     33822 |      10.308ms | IncompressibleEuler_MPI::compute_u_xyz_trans     
  2.523% |     5min3.232s |     33822 |       8.966ms | IncompressibleEuler_MPI::compute_B__hat_pad      
  2.523% |     5min3.206s |     33822 |       8.965ms | CUFFT_C2C::forward                               
  1.872% |    3min44.967s |    202932 |       1.109ms | copy_to_padded                                   
  1.595% |    3min11.655s |    405864 |     472.216us | copy_from_padded                                 
  1.533% |     3min4.220s |     33822 |       5.447ms | CUFFT_R2C::backward                              
  1.264% |    2min31.861s |     33822 |       4.490ms | IncompressibleEuler_MPI::compute_u_yz            
  1.264% |    2min31.844s |     33822 |       4.490ms | CUFFT_C2C::backward                              
  1.263% |    2min31.750s |     33822 |       4.487ms | IncompressibleEuler_MPI::compute_u_yz_trans_pad  
  0.608% |    1min13.107s |     33822 |       2.162ms | IncompressibleEuler_MPI::compute_u_hat_pad       
  0.452% |        54.369s |     33822 |       1.608ms | IncompressibleEuler_MPI::compute_B__hat          
  0.433% |        51.984s |     33822 |       1.537ms | IncompressibleEuler_MPI::computeDudt             
  0.115% |        13.853s |        16 |     865.829ms | SnapshotWriter::write_snapshot                   
  0.093% |        11.178s |        24 |     465.744ms | CUFFT_MPI::transpose                             
  0.068% |         8.228s |        16 |     514.256ms | CUFFT_MPI::backward                              
  0.025% |         3.046s |         8 |     380.792ms | CUFFT_MPI::forward                               
rank 7
u_hat_pad_.shape()       = [3, 32, 768, 768]
u_yz_.shape()            = [3, 32, 768, 768]
trans_u_sendbuf_.shape() = [8, 3, 96, 768, 33]
trans_u_recvbuf_.shape() = [8, 3, 96, 768, 33]
u_yz_trans_.shape()      = [3, 96, 768, 257]
u_yz_trans_pad_.shape()  = [3, 96, 768, 385]
u_xyz_trans_.shape()     = [3, 96, 768, 768]
B_xyz_trans_.shape()     = [6, 96, 768, 768]
B_yz_trans_pad_.shape()  = [6, 96, 768, 385]
B_yz_trans_.shape()      = [6, 96, 768, 257]
trans_B_sendbuf_.shape() = [8, 6, 33, 768, 96]
trans_B_recvbuf_.shape() = [8, 6, 33, 768, 96]
B_yz_.shape()            = [6, 32, 768, 768]
B_hat_pad_.shape()       = [6, 32, 768, 768]
B_hat_.shape()           = [6, 32, 512, 512]
Rank 7:
Total Simulation Time: 3h20min17.879s
 Time %  | Total Time     | Nr. Calls | Time per Call | Name                                             
---------------------------------------------------------------------------------------------------------
 98.193% | 3h16min40.751s |     11274 |        1.047s | SSP_RK3::integrate                               
 97.659% | 3h15min36.576s |     33822 |     347.010ms | IncompressibleEuler_MPI::dudt                    
 97.226% | 3h14min44.530s |     33822 |     345.471ms | IncompressibleEuler_MPI::computeBhat             
 82.641% | 2h45min31.727s |     67668 |     146.771ms | Transpose::eval                                  
 68.530% | 2h17min15.857s |    541152 |      15.219ms | Transpose::communication                         
 52.684% | 1h45min31.498s |     33822 |     187.201ms | IncompressibleEuler_MPI::compute_B_yz            
 29.886% |   59min51.619s |     33822 |     106.192ms | IncompressibleEuler_MPI::compute_u_yz_trans      
  3.009% |     6min1.652s |     33822 |      10.693ms | IncompressibleEuler_MPI::compute_B_xyz_trans_pad 
  3.009% |     6min1.621s |     33822 |      10.692ms | CUFFT_R2C::forward                               
  2.912% |    5min49.964s |     67644 |       5.174ms | IncompressibleEuler_MPI::compute_B_xyz_trans     
  2.643% |    5min17.613s |     33822 |       9.391ms | IncompressibleEuler_MPI::compute_u_xyz_trans     
  2.514% |     5min2.133s |     33822 |       8.933ms | IncompressibleEuler_MPI::compute_B__hat_pad      
  2.514% |     5min2.108s |     33822 |       8.932ms | CUFFT_C2C::forward                               
  1.862% |    3min43.759s |    202932 |       1.103ms | copy_to_padded                                   
  1.587% |    3min10.753s |    405864 |     469.993us | copy_from_padded                                 
  1.531% |     3min4.002s |     33822 |       5.440ms | CUFFT_R2C::backward                              
  1.261% |    2min31.509s |     33822 |       4.480ms | IncompressibleEuler_MPI::compute_u_yz            
  1.261% |    2min31.491s |     33822 |       4.479ms | CUFFT_C2C::backward                              
  1.257% |    2min31.101s |     33822 |       4.468ms | IncompressibleEuler_MPI::compute_u_yz_trans_pad  
  0.606% |    1min12.836s |     33822 |       2.154ms | IncompressibleEuler_MPI::compute_u_hat_pad       
  0.453% |        54.381s |     33822 |       1.608ms | IncompressibleEuler_MPI::compute_B__hat          
  0.433% |        51.984s |     33822 |       1.537ms | IncompressibleEuler_MPI::computeDudt             
  0.132% |        15.890s |        16 |     993.139ms | SnapshotWriter::write_snapshot                   
  0.094% |        11.298s |        24 |     470.738ms | CUFFT_MPI::transpose                             
  0.069% |         8.250s |        16 |     515.638ms | CUFFT_MPI::backward                              
  0.026% |         3.144s |         8 |     392.989ms | CUFFT_MPI::forward                               
rank 6
u_hat_pad_.shape()       = [3, 32, 768, 768]
u_yz_.shape()            = [3, 32, 768, 768]
trans_u_sendbuf_.shape() = [8, 3, 96, 768, 33]
trans_u_recvbuf_.shape() = [8, 3, 96, 768, 33]
u_yz_trans_.shape()      = [3, 96, 768, 257]
u_yz_trans_pad_.shape()  = [3, 96, 768, 385]
u_xyz_trans_.shape()     = [3, 96, 768, 768]
B_xyz_trans_.shape()     = [6, 96, 768, 768]
B_yz_trans_pad_.shape()  = [6, 96, 768, 385]
B_yz_trans_.shape()      = [6, 96, 768, 257]
trans_B_sendbuf_.shape() = [8, 6, 33, 768, 96]
trans_B_recvbuf_.shape() = [8, 6, 33, 768, 96]
B_yz_.shape()            = [6, 32, 768, 768]
B_hat_pad_.shape()       = [6, 32, 768, 768]
B_hat_.shape()           = [6, 32, 512, 512]
Rank 6:
Total Simulation Time: 3h20min17.729s
 Time %  | Total Time     | Nr. Calls | Time per Call | Name                                             
---------------------------------------------------------------------------------------------------------
 98.201% | 3h16min41.587s |     11274 |        1.047s | SSP_RK3::integrate                               
 97.667% | 3h15min37.361s |     33822 |     347.033ms | IncompressibleEuler_MPI::dudt                    
 97.234% | 3h14min45.334s |     33822 |     345.495ms | IncompressibleEuler_MPI::computeBhat             
 82.396% |  2h45min2.156s |     67668 |     146.334ms | Transpose::eval                                  
 68.639% | 2h17min28.869s |    541152 |      15.243ms | Transpose::communication                         
 52.761% | 1h45min40.624s |     33822 |     187.470ms | IncompressibleEuler_MPI::compute_B_yz            
 29.565% |   59min12.989s |     33822 |     105.050ms | IncompressibleEuler_MPI::compute_u_yz_trans      
  3.011% |     6min1.828s |     33822 |      10.698ms | IncompressibleEuler_MPI::compute_B_xyz_trans_pad 
  3.010% |     6min1.792s |     33822 |      10.697ms | CUFFT_R2C::forward                               
  2.912% |    5min49.952s |     67644 |       5.173ms | IncompressibleEuler_MPI::compute_B_xyz_trans     
  2.893% |    5min47.661s |     33822 |      10.279ms | IncompressibleEuler_MPI::compute_u_xyz_trans     
  2.515% |     5min2.281s |     33822 |       8.937ms | IncompressibleEuler_MPI::compute_B__hat_pad      
  2.515% |     5min2.257s |     33822 |       8.937ms | CUFFT_C2C::forward                               
  1.862% |    3min43.758s |    202932 |       1.103ms | copy_to_padded                                   
  1.587% |    3min10.754s |    405864 |     469.995us | copy_from_padded                                 
  1.532% |     3min4.067s |     33822 |       5.442ms | CUFFT_R2C::backward                              
  1.261% |    2min31.548s |     33822 |       4.481ms | IncompressibleEuler_MPI::compute_u_yz            
  1.261% |    2min31.533s |     33822 |       4.480ms | CUFFT_C2C::backward                              
  1.257% |    2min31.097s |     33822 |       4.467ms | IncompressibleEuler_MPI::compute_u_yz_trans_pad  
  0.606% |    1min12.834s |     33822 |       2.153ms | IncompressibleEuler_MPI::compute_u_hat_pad       
  0.453% |        54.382s |     33822 |       1.608ms | IncompressibleEuler_MPI::compute_B__hat          
  0.432% |        51.975s |     33822 |       1.537ms | IncompressibleEuler_MPI::computeDudt             
  0.119% |        14.295s |        16 |     893.433ms | SnapshotWriter::write_snapshot                   
  0.093% |        11.201s |        24 |     466.723ms | CUFFT_MPI::transpose                             
  0.069% |         8.232s |        16 |     514.516ms | CUFFT_MPI::backward                              
  0.026% |         3.066s |         8 |     383.195ms | CUFFT_MPI::forward                               
rank 3
u_hat_pad_.shape()       = [3, 32, 768, 768]
u_yz_.shape()            = [3, 32, 768, 768]
trans_u_sendbuf_.shape() = [8, 3, 96, 768, 33]
trans_u_recvbuf_.shape() = [8, 3, 96, 768, 33]
u_yz_trans_.shape()      = [3, 96, 768, 257]
u_yz_trans_pad_.shape()  = [3, 96, 768, 385]
u_xyz_trans_.shape()     = [3, 96, 768, 768]
B_xyz_trans_.shape()     = [6, 96, 768, 768]
B_yz_trans_pad_.shape()  = [6, 96, 768, 385]
B_yz_trans_.shape()      = [6, 96, 768, 257]
trans_B_sendbuf_.shape() = [8, 6, 33, 768, 96]
trans_B_recvbuf_.shape() = [8, 6, 33, 768, 96]
B_yz_.shape()            = [6, 32, 768, 768]
B_hat_pad_.shape()       = [6, 32, 768, 768]
B_hat_.shape()           = [6, 32, 512, 512]
Rank 3:
Total Simulation Time: 3h20min17.855s
 Time %  | Total Time     | Nr. Calls | Time per Call | Name                                             
---------------------------------------------------------------------------------------------------------
 98.195% | 3h16min40.932s |     11274 |        1.047s | SSP_RK3::integrate                               
 97.660% | 3h15min36.676s |     33822 |     347.013ms | IncompressibleEuler_MPI::dudt                    
 97.228% | 3h14min44.737s |     33822 |     345.477ms | IncompressibleEuler_MPI::computeBhat             
 82.266% | 2h44min46.600s |     67668 |     146.105ms | Transpose::eval                                  
 68.620% | 2h17min26.630s |    541152 |      15.239ms | Transpose::communication                         
 52.502% |  1h45min9.617s |     33822 |     186.554ms | IncompressibleEuler_MPI::compute_B_yz            
 29.692% |   59min28.355s |     33822 |     105.504ms | IncompressibleEuler_MPI::compute_u_yz_trans      
  3.015% |     6min2.301s |     33822 |      10.712ms | IncompressibleEuler_MPI::compute_B_xyz_trans_pad 
  3.014% |     6min2.267s |     33822 |      10.711ms | CUFFT_R2C::forward                               
  2.994% |    5min59.844s |     33822 |      10.639ms | IncompressibleEuler_MPI::compute_u_xyz_trans     
  2.918% |    5min50.649s |     67644 |       5.184ms | IncompressibleEuler_MPI::compute_B_xyz_trans     
  2.521% |     5min2.919s |     33822 |       8.956ms | IncompressibleEuler_MPI::compute_B__hat_pad      
  2.520% |     5min2.893s |     33822 |       8.955ms | CUFFT_C2C::forward                               
  1.870% |    3min44.703s |    202932 |       1.107ms | copy_to_padded                                   
  1.593% |    3min11.440s |    405864 |     471.685us | copy_from_padded                                 
  1.533% |     3min4.259s |     33822 |       5.448ms | CUFFT_R2C::backward                              
  1.263% |    2min31.799s |     33822 |       4.488ms | IncompressibleEuler_MPI::compute_u_yz            
  1.263% |    2min31.782s |     33822 |       4.488ms | CUFFT_C2C::backward                              
  1.262% |    2min31.606s |     33822 |       4.482ms | IncompressibleEuler_MPI::compute_u_yz_trans_pad  
  0.608% |    1min13.056s |     33822 |       2.160ms | IncompressibleEuler_MPI::compute_u_hat_pad       
  0.453% |        54.391s |     33822 |       1.608ms | IncompressibleEuler_MPI::compute_B__hat          
  0.433% |        51.982s |     33822 |       1.537ms | IncompressibleEuler_MPI::computeDudt             
  0.128% |        15.428s |        16 |     964.252ms | SnapshotWriter::write_snapshot                   
  0.093% |        11.178s |        24 |     465.747ms | CUFFT_MPI::transpose                             
  0.069% |         8.251s |        16 |     515.679ms | CUFFT_MPI::backward                              
  0.025% |         3.024s |         8 |     377.956ms | CUFFT_MPI::forward                               


Batch Job Summary Report (version 21.01.1) for Job "tg_N512_strong_1" (38072047) on daint

Job information (1/3)
-----------------------------------------------------------------------------------------------------
             Submit            Eligible               Start                 End    Elapsed Time limit
------------------- ------------------- ------------------- ------------------- ---------- ----------
2022-04-29T18:09:16 2022-04-29T18:09:16 2022-04-29T21:19:05 2022-04-30T00:40:06   03:21:01 1-00:00:00
-----------------------------------------------------------------------------------------------------

Job information (2/3)
-------------------------------------------------------------
    Username      Account    Partition   NNodes        Energy
------------ ------------ ------------ -------- -------------
     trohner        s1069       normal        8  13693.460 kJ

Job information (3/3) - GPU utilization data
----------------------------------------------------
   Node name       Usage      Max mem Execution time
------------ ----------- ------------ --------------
    nid04617        77 %     7423 MiB       03:20:30
    nid06701        77 %     7423 MiB       03:20:30
    nid05295        76 %     7423 MiB       03:20:30
    nid05042        77 %     7423 MiB       03:20:30
    nid06702        77 %     7423 MiB       03:20:30
    nid02859        77 %     7423 MiB       03:20:30
    nid04622        77 %     7423 MiB       03:20:30
    nid02853        78 %     7465 MiB       03:20:30

