ModuleCmd_Switch.c(179):ERROR:152: Module 'PrgEnv-cray' is currently not loaded
CMake(3):ERROR:105: Unable to locate a modulefile for 'CMake/3.21.3'
Info: Minimal padding size given from "N_phys_pad" is 768. Padded to 768 for speed.
Info: Minimal padding size given from "N_phys_pad" is 768. Padded to 768 for speed.
Info: Minimal padding size given from "N_phys_pad" is 768. Padded to 768 for speed.
Info: Minimal padding size given from "N_phys_pad" is 768. Padded to 768 for speed.
Info: Minimal padding size given from "N_phys_pad" is 768. Padded to 768 for speed.
Info: Minimal padding size given from "N_phys_pad" is 768. Padded to 768 for speed.
Info: Minimal padding size given from "N_phys_pad" is 768. Padded to 768 for speed.
Info: Minimal padding size given from "N_phys_pad" is 768. Padded to 768 for speed.
Info: Minimal padding size given from "N_phys_pad" is 768. Padded to 768 for speed.
Info: Minimal padding size given from "N_phys_pad" is 768. Padded to 768 for speed.
Info: Minimal padding size given from "N_phys_pad" is 768. Padded to 768 for speed.
Info: Minimal padding size given from "N_phys_pad" is 768. Padded to 768 for speed.
Info: Minimal padding size given from "N_phys_pad" is 768. Padded to 768 for speed.
Info: Minimal padding size given from "N_phys_pad" is 768. Padded to 768 for speed.
Info: Minimal padding size given from "N_phys_pad" is 768. Padded to 768 for speed.
Info: Minimal padding size given from "N_phys_pad" is 768. Padded to 768 for speed.
Running azeban with 4 MPI ranks.
Run configuration is
{
  "device": "cuda",
  "dimension": 3,
  "equation": {
    "name": "Euler",
    "visc": {
      "eps": 0.05,
      "type": "Quadratic"
    }
  },
  "grid": {
    "N_phys": 512,
    "N_phys_pad": ""
  },
  "init": {
    "name": "Taylor Green",
    "perturb": {
      "max": 0.025,
      "min": -0.025,
      "name": "Uniform"
    }
  },
  "num_samples": 2,
  "output": "tg_N512_strong_4",
  "sample_idx_start": 0,
  "seed": 1,
  "snapshots": {
    "n": 1,
    "start": 0,
    "stop": 0.2
  },
  "time": 0.2,
  "timestepper": {
    "C": 0.5,
    "type": "SSP RK3"
  }
}
rank 0
u_hat_pad_.shape()       = [3, 65, 768, 768]
u_yz_.shape()            = [3, 65, 768, 768]
trans_u_sendbuf_.shape() = [4, 3, 192, 768, 65]
trans_u_recvbuf_.shape() = [4, 3, 192, 768, 65]
u_yz_trans_.shape()      = [3, 192, 768, 257]
u_yz_trans_pad_.shape()  = [3, 192, 768, 385]
u_xyz_trans_.shape()     = [3, 192, 768, 768]
B_xyz_trans_.shape()     = [6, 192, 768, 768]
B_yz_trans_pad_.shape()  = [6, 192, 768, 385]
B_yz_trans_.shape()      = [6, 192, 768, 257]
trans_B_sendbuf_.shape() = [4, 6, 65, 768, 192]
trans_B_recvbuf_.shape() = [4, 6, 65, 768, 192]
B_yz_.shape()            = [6, 65, 768, 768]
B_hat_pad_.shape()       = [6, 65, 768, 768]
B_hat_.shape()           = [6, 65, 512, 512]
Sample: 0, Time: 0
Sample: 0, Time: 0.2
Sample: 1, Time: 0
Sample: 1, Time: 0.2
Rank 0:
Total Simulation Time: 31min12.126s
 Time %  | Total Time   | Nr. Calls | Time per Call | Name                                             
-------------------------------------------------------------------------------------------------------
 95.566% | 29min49.111s |       772 |        2.318s | SSP_RK3::integrate                               
 95.093% | 29min40.267s |      2316 |     768.682ms | IncompressibleEuler_MPI::dudt                    
 94.712% | 29min33.121s |      2316 |     765.596ms | IncompressibleEuler_MPI::computeBhat             
 82.958% | 25min53.082s |      4638 |     334.860ms | Transpose::eval                                  
 58.065% |  18min7.041s |     18528 |      58.670ms | Transpose::communication                         
 53.592% | 16min43.314s |      2316 |     433.210ms | IncompressibleEuler_MPI::compute_B_yz            
 29.146% |   9min5.653s |      2316 |     235.601ms | IncompressibleEuler_MPI::compute_u_yz_trans      
  2.642% |      49.463s |      2316 |      21.357ms | IncompressibleEuler_MPI::compute_B_xyz_trans_pad 
  2.642% |      49.461s |      2316 |      21.356ms | CUFFT_R2C::forward                               
  2.551% |      47.754s |      4632 |      10.310ms | IncompressibleEuler_MPI::compute_B_xyz_trans     
  2.242% |      41.973s |      2316 |      18.123ms | IncompressibleEuler_MPI::compute_B__hat_pad      
  2.242% |      41.972s |      2316 |      18.123ms | CUFFT_C2C::forward                               
  1.672% |      31.306s |     13896 |       2.253ms | copy_to_padded                                   
  1.395% |      26.125s |     27792 |     940.031us | copy_from_padded                                 
  1.341% |      25.109s |      2316 |      10.841ms | IncompressibleEuler_MPI::compute_u_xyz_trans     
  1.341% |      25.106s |      2316 |      10.840ms | CUFFT_R2C::backward                              
  1.123% |      21.019s |      2316 |       9.075ms | IncompressibleEuler_MPI::compute_u_yz            
  1.123% |      21.017s |      2316 |       9.074ms | CUFFT_C2C::backward                              
  1.101% |      20.619s |      2316 |       8.903ms | IncompressibleEuler_MPI::compute_u_yz_trans_pad  
  0.611% |      11.431s |         4 |        2.858s | SnapshotWriter::write_snapshot                   
  0.571% |      10.692s |      2316 |       4.616ms | IncompressibleEuler_MPI::compute_u_hat_pad       
  0.401% |       7.510s |      2316 |       3.243ms | IncompressibleEuler_MPI::compute_B__hat          
  0.382% |       7.145s |      2316 |       3.085ms | IncompressibleEuler_MPI::computeDudt             
Running azeban with 4 MPI ranks.
Run configuration is
{
  "device": "cuda",
  "dimension": 3,
  "equation": {
    "name": "Euler",
    "visc": {
      "eps": 0.05,
      "type": "Quadratic"
    }
  },
  "grid": {
    "N_phys": 512,
    "N_phys_pad": ""
  },
  "init": {
    "name": "Taylor Green",
    "perturb": {
      "max": 0.025,
      "min": -0.025,
      "name": "Uniform"
    }
  },
  "num_samples": 2,
  "output": "tg_N512_strong_4",
  "sample_idx_start": 2,
  "seed": 2,
  "snapshots": {
    "n": 1,
    "start": 0,
    "stop": 0.2
  },
  "time": 0.2,
  "timestepper": {
    "C": 0.5,
    "type": "SSP RK3"
  }
}
rank 0
u_hat_pad_.shape()       = [3, 65, 768, 768]
u_yz_.shape()            = [3, 65, 768, 768]
trans_u_sendbuf_.shape() = [4, 3, 192, 768, 65]
trans_u_recvbuf_.shape() = [4, 3, 192, 768, 65]
u_yz_trans_.shape()      = [3, 192, 768, 257]
u_yz_trans_pad_.shape()  = [3, 192, 768, 385]
u_xyz_trans_.shape()     = [3, 192, 768, 768]
B_xyz_trans_.shape()     = [6, 192, 768, 768]
B_yz_trans_pad_.shape()  = [6, 192, 768, 385]
B_yz_trans_.shape()      = [6, 192, 768, 257]
trans_B_sendbuf_.shape() = [4, 6, 65, 768, 192]
trans_B_recvbuf_.shape() = [4, 6, 65, 768, 192]
B_yz_.shape()            = [6, 65, 768, 768]
B_hat_pad_.shape()       = [6, 65, 768, 768]
B_hat_.shape()           = [6, 65, 512, 512]
Sample: 2, Time: 0
Sample: 2, Time: 0.2
Sample: 3, Time: 0
Sample: 3, Time: 0.2
Rank 4:
Total Simulation Time: 31min1.404s
 Time %  | Total Time   | Nr. Calls | Time per Call | Name                                             
-------------------------------------------------------------------------------------------------------
 95.546% | 29min38.499s |       772 |        2.304s | SSP_RK3::integrate                               
 95.071% | 29min29.658s |      2316 |     764.101ms | IncompressibleEuler_MPI::dudt                    
 94.687% | 29min22.508s |      2316 |     761.014ms | IncompressibleEuler_MPI::computeBhat             
 82.865% | 25min42.455s |      4638 |     332.569ms | Transpose::eval                                  
 59.315% | 18min24.086s |     18528 |      59.590ms | Transpose::communication                         
 53.855% | 16min42.457s |      2316 |     432.840ms | IncompressibleEuler_MPI::compute_B_yz            
 28.788% |  8min55.864s |      2316 |     231.375ms | IncompressibleEuler_MPI::compute_u_yz_trans      
  2.658% |      49.473s |      2316 |      21.362ms | IncompressibleEuler_MPI::compute_B_xyz_trans_pad 
  2.658% |      49.472s |      2316 |      21.361ms | CUFFT_R2C::forward                               
  2.566% |      47.756s |      4632 |      10.310ms | IncompressibleEuler_MPI::compute_B_xyz_trans     
  2.255% |      41.981s |      2316 |      18.127ms | IncompressibleEuler_MPI::compute_B__hat_pad      
  2.255% |      41.980s |      2316 |      18.126ms | CUFFT_C2C::forward                               
  1.682% |      31.307s |     13896 |       2.253ms | copy_to_padded                                   
  1.404% |      26.126s |     27792 |     940.040us | copy_from_padded                                 
  1.349% |      25.115s |      2316 |      10.844ms | IncompressibleEuler_MPI::compute_u_xyz_trans     
  1.349% |      25.113s |      2316 |      10.843ms | CUFFT_R2C::backward                              
  1.129% |      21.023s |      2316 |       9.077ms | IncompressibleEuler_MPI::compute_u_yz            
  1.129% |      21.021s |      2316 |       9.077ms | CUFFT_C2C::backward                              
  1.108% |      20.619s |      2316 |       8.903ms | IncompressibleEuler_MPI::compute_u_yz_trans_pad  
  0.606% |      11.284s |         4 |        2.821s | SnapshotWriter::write_snapshot                   
  0.574% |      10.692s |      2316 |       4.617ms | IncompressibleEuler_MPI::compute_u_hat_pad       
  0.403% |       7.511s |      2316 |       3.243ms | IncompressibleEuler_MPI::compute_B__hat          
  0.384% |       7.144s |      2316 |       3.085ms | IncompressibleEuler_MPI::computeDudt             
Running azeban with 4 MPI ranks.
Run configuration is
{
  "device": "cuda",
  "dimension": 3,
  "equation": {
    "name": "Euler",
    "visc": {
      "eps": 0.05,
      "type": "Quadratic"
    }
  },
  "grid": {
    "N_phys": 512,
    "N_phys_pad": ""
  },
  "init": {
    "name": "Taylor Green",
    "perturb": {
      "max": 0.025,
      "min": -0.025,
      "name": "Uniform"
    }
  },
  "num_samples": 2,
  "output": "tg_N512_strong_4",
  "sample_idx_start": 4,
  "seed": 3,
  "snapshots": {
    "n": 1,
    "start": 0,
    "stop": 0.2
  },
  "time": 0.2,
  "timestepper": {
    "C": 0.5,
    "type": "SSP RK3"
  }
}
rank 0
u_hat_pad_.shape()       = [3, 65, 768, 768]
u_yz_.shape()            = [3, 65, 768, 768]
trans_u_sendbuf_.shape() = [4, 3, 192, 768, 65]
trans_u_recvbuf_.shape() = [4, 3, 192, 768, 65]
u_yz_trans_.shape()      = [3, 192, 768, 257]
u_yz_trans_pad_.shape()  = [3, 192, 768, 385]
u_xyz_trans_.shape()     = [3, 192, 768, 768]
B_xyz_trans_.shape()     = [6, 192, 768, 768]
B_yz_trans_pad_.shape()  = [6, 192, 768, 385]
B_yz_trans_.shape()      = [6, 192, 768, 257]
trans_B_sendbuf_.shape() = [4, 6, 65, 768, 192]
trans_B_recvbuf_.shape() = [4, 6, 65, 768, 192]
B_yz_.shape()            = [6, 65, 768, 768]
B_hat_pad_.shape()       = [6, 65, 768, 768]
B_hat_.shape()           = [6, 65, 512, 512]
Sample: 4, Time: 0
Sample: 4, Time: 0.2
Sample: 5, Time: 0
Sample: 5, Time: 0.2
Rank 8:
Total Simulation Time: 31min3.342s
 Time %  | Total Time   | Nr. Calls | Time per Call | Name                                             
-------------------------------------------------------------------------------------------------------
 95.518% | 29min39.820s |       772 |        2.305s | SSP_RK3::integrate                               
 95.043% | 29min30.977s |      2316 |     764.671ms | IncompressibleEuler_MPI::dudt                    
 94.660% | 29min23.831s |      2316 |     761.585ms | IncompressibleEuler_MPI::computeBhat             
 82.845% | 25min43.679s |      4638 |     332.833ms | Transpose::eval                                  
 57.595% | 17min53.196s |     18528 |      57.923ms | Transpose::communication                         
 53.963% | 16min45.511s |      2316 |     434.158ms | IncompressibleEuler_MPI::compute_B_yz            
 28.661% |  8min54.059s |      2316 |     230.595ms | IncompressibleEuler_MPI::compute_u_yz_trans      
  2.656% |      49.491s |      2316 |      21.369ms | IncompressibleEuler_MPI::compute_B_xyz_trans_pad 
  2.656% |      49.490s |      2316 |      21.369ms | CUFFT_R2C::forward                               
  2.563% |      47.761s |      4632 |      10.311ms | IncompressibleEuler_MPI::compute_B_xyz_trans     
  2.255% |      42.011s |      2316 |      18.139ms | IncompressibleEuler_MPI::compute_B__hat_pad      
  2.254% |      42.009s |      2316 |      18.139ms | CUFFT_C2C::forward                               
  1.680% |      31.306s |     13896 |       2.253ms | copy_to_padded                                   
  1.402% |      26.126s |     27792 |     940.065us | copy_from_padded                                 
  1.348% |      25.124s |      2316 |      10.848ms | IncompressibleEuler_MPI::compute_u_xyz_trans     
  1.348% |      25.122s |      2316 |      10.847ms | CUFFT_R2C::backward                              
  1.129% |      21.037s |      2316 |       9.084ms | IncompressibleEuler_MPI::compute_u_yz            
  1.129% |      21.036s |      2316 |       9.083ms | CUFFT_C2C::backward                              
  1.106% |      20.618s |      2316 |       8.902ms | IncompressibleEuler_MPI::compute_u_yz_trans_pad  
  0.636% |      11.847s |         4 |        2.962s | SnapshotWriter::write_snapshot                   
  0.574% |      10.693s |      2316 |       4.617ms | IncompressibleEuler_MPI::compute_u_hat_pad       
  0.403% |       7.511s |      2316 |       3.243ms | IncompressibleEuler_MPI::compute_B__hat          
  0.383% |       7.145s |      2316 |       3.085ms | IncompressibleEuler_MPI::computeDudt             
Running azeban with 4 MPI ranks.
Run configuration is
{
  "device": "cuda",
  "dimension": 3,
  "equation": {
    "name": "Euler",
    "visc": {
      "eps": 0.05,
      "type": "Quadratic"
    }
  },
  "grid": {
    "N_phys": 512,
    "N_phys_pad": ""
  },
  "init": {
    "name": "Taylor Green",
    "perturb": {
      "max": 0.025,
      "min": -0.025,
      "name": "Uniform"
    }
  },
  "num_samples": 2,
  "output": "tg_N512_strong_4",
  "sample_idx_start": 6,
  "seed": 4,
  "snapshots": {
    "n": 1,
    "start": 0,
    "stop": 0.2
  },
  "time": 0.2,
  "timestepper": {
    "C": 0.5,
    "type": "SSP RK3"
  }
}
rank 0
u_hat_pad_.shape()       = [3, 65, 768, 768]
u_yz_.shape()            = [3, 65, 768, 768]
trans_u_sendbuf_.shape() = [4, 3, 192, 768, 65]
trans_u_recvbuf_.shape() = [4, 3, 192, 768, 65]
u_yz_trans_.shape()      = [3, 192, 768, 257]
u_yz_trans_pad_.shape()  = [3, 192, 768, 385]
u_xyz_trans_.shape()     = [3, 192, 768, 768]
B_xyz_trans_.shape()     = [6, 192, 768, 768]
B_yz_trans_pad_.shape()  = [6, 192, 768, 385]
B_yz_trans_.shape()      = [6, 192, 768, 257]
trans_B_sendbuf_.shape() = [4, 6, 65, 768, 192]
trans_B_recvbuf_.shape() = [4, 6, 65, 768, 192]
B_yz_.shape()            = [6, 65, 768, 768]
B_hat_pad_.shape()       = [6, 65, 768, 768]
B_hat_.shape()           = [6, 65, 512, 512]
Sample: 6, Time: 0
Sample: 6, Time: 0.2
Sample: 7, Time: 0
Sample: 7, Time: 0.2
Rank 12:
Total Simulation Time: 31min29.982s
 Time %  | Total Time   | Nr. Calls | Time per Call | Name                                             
-------------------------------------------------------------------------------------------------------
 95.629% |  30min7.368s |       772 |        2.341s | SSP_RK3::integrate                               
 95.161% | 29min58.524s |      2316 |     776.565ms | IncompressibleEuler_MPI::dudt                    
 94.783% | 29min51.379s |      2316 |     773.479ms | IncompressibleEuler_MPI::computeBhat             
 83.138% | 26min11.297s |      4638 |     338.788ms | Transpose::eval                                  
 59.937% | 18min52.801s |     18528 |      61.140ms | Transpose::communication                         
 54.228% |  17min4.899s |      2316 |     442.530ms | IncompressibleEuler_MPI::compute_B_yz            
 28.690% |   9min2.236s |      2316 |     234.126ms | IncompressibleEuler_MPI::compute_u_yz_trans      
  2.618% |      49.478s |      2316 |      21.364ms | IncompressibleEuler_MPI::compute_B_xyz_trans_pad 
  2.618% |      49.476s |      2316 |      21.363ms | CUFFT_R2C::forward                               
  2.527% |      47.757s |      4632 |      10.310ms | IncompressibleEuler_MPI::compute_B_xyz_trans     
  2.223% |      42.014s |      2316 |      18.141ms | IncompressibleEuler_MPI::compute_B__hat_pad      
  2.223% |      42.012s |      2316 |      18.140ms | CUFFT_C2C::forward                               
  1.657% |      31.308s |     13896 |       2.253ms | copy_to_padded                                   
  1.382% |      26.127s |     27792 |     940.082us | copy_from_padded                                 
  1.329% |      25.119s |      2316 |      10.846ms | IncompressibleEuler_MPI::compute_u_xyz_trans     
  1.329% |      25.116s |      2316 |      10.845ms | CUFFT_R2C::backward                              
  1.113% |      21.038s |      2316 |       9.084ms | IncompressibleEuler_MPI::compute_u_yz            
  1.113% |      21.036s |      2316 |       9.083ms | CUFFT_C2C::backward                              
  1.091% |      20.620s |      2316 |       8.903ms | IncompressibleEuler_MPI::compute_u_yz_trans_pad  
  0.599% |      11.325s |         4 |        2.831s | SnapshotWriter::write_snapshot                   
  0.566% |      10.692s |      2316 |       4.617ms | IncompressibleEuler_MPI::compute_u_hat_pad       
  0.397% |       7.511s |      2316 |       3.243ms | IncompressibleEuler_MPI::compute_B__hat          
  0.378% |       7.146s |      2316 |       3.085ms | IncompressibleEuler_MPI::computeDudt             
rank 1
u_hat_pad_.shape()       = [3, 64, 768, 768]
u_yz_.shape()            = [3, 64, 768, 768]
trans_u_sendbuf_.shape() = [4, 3, 192, 768, 65]
trans_u_recvbuf_.shape() = [4, 3, 192, 768, 65]
u_yz_trans_.shape()      = [3, 192, 768, 257]
u_yz_trans_pad_.shape()  = [3, 192, 768, 385]
u_xyz_trans_.shape()     = [3, 192, 768, 768]
B_xyz_trans_.shape()     = [6, 192, 768, 768]
B_yz_trans_pad_.shape()  = [6, 192, 768, 385]
B_yz_trans_.shape()      = [6, 192, 768, 257]
trans_B_sendbuf_.shape() = [4, 6, 65, 768, 192]
trans_B_recvbuf_.shape() = [4, 6, 65, 768, 192]
B_yz_.shape()            = [6, 64, 768, 768]
B_hat_pad_.shape()       = [6, 64, 768, 768]
B_hat_.shape()           = [6, 64, 512, 512]
Rank 9:
Total Simulation Time: 31min2.143s
 Time %  | Total Time   | Nr. Calls | Time per Call | Name                                             
-------------------------------------------------------------------------------------------------------
 95.524% | 29min38.788s |       772 |        2.304s | SSP_RK3::integrate                               
 95.055% | 29min30.061s |      2316 |     764.275ms | IncompressibleEuler_MPI::dudt                    
 94.679% | 29min23.055s |      2316 |     761.250ms | IncompressibleEuler_MPI::computeBhat             
 82.961% | 25min44.848s |      4638 |     333.085ms | Transpose::eval                                  
 62.028% | 19min15.055s |     18528 |      62.341ms | Transpose::communication                         
 53.601% | 16min38.133s |      2316 |     430.973ms | IncompressibleEuler_MPI::compute_B_yz            
 29.139% |   9min2.608s |      2316 |     234.287ms | IncompressibleEuler_MPI::compute_u_yz_trans      
  2.658% |      49.491s |      2316 |      21.369ms | IncompressibleEuler_MPI::compute_B_xyz_trans_pad 
  2.658% |      49.489s |      2316 |      21.368ms | CUFFT_R2C::forward                               
  2.565% |      47.759s |      4632 |      10.311ms | IncompressibleEuler_MPI::compute_B_xyz_trans     
  2.220% |      41.338s |      2316 |      17.849ms | IncompressibleEuler_MPI::compute_B__hat_pad      
  2.220% |      41.336s |      2316 |      17.848ms | CUFFT_C2C::forward                               
  1.637% |      30.490s |     13896 |       2.194ms | copy_to_padded                                   
  1.396% |      25.998s |     27792 |     935.450us | copy_from_padded                                 
  1.350% |      25.130s |      2316 |      10.850ms | IncompressibleEuler_MPI::compute_u_xyz_trans     
  1.349% |      25.128s |      2316 |      10.850ms | CUFFT_R2C::backward                              
  1.112% |      20.699s |      2316 |       8.937ms | IncompressibleEuler_MPI::compute_u_yz            
  1.111% |      20.696s |      2316 |       8.936ms | CUFFT_C2C::backward                              
  1.107% |      20.620s |      2316 |       8.903ms | IncompressibleEuler_MPI::compute_u_yz_trans_pad  
  0.530% |       9.874s |      2316 |       4.264ms | IncompressibleEuler_MPI::compute_u_hat_pad       
  0.396% |       7.383s |      2316 |       3.188ms | IncompressibleEuler_MPI::compute_B__hat          
  0.376% |       7.005s |      2316 |       3.024ms | IncompressibleEuler_MPI::computeDudt             
  0.351% |       6.531s |         4 |        1.633s | SnapshotWriter::write_snapshot                   
  0.350% |       6.509s |       772 |       8.431ms | CFL::dt                                          
  0.292% |       5.447s |         6 |     907.793ms | CUFFT_MPI::transpose                             
  0.205% |       3.819s |         4 |     954.830ms | CUFFT_MPI::backward                              
  0.090% |       1.675s |         2 |     837.383ms | CUFFT_MPI::forward                               
rank 1
u_hat_pad_.shape()       = [3, 64, 768, 768]
u_yz_.shape()            = [3, 64, 768, 768]
trans_u_sendbuf_.shape() = [4, 3, 192, 768, 65]
trans_u_recvbuf_.shape() = [4, 3, 192, 768, 65]
u_yz_trans_.shape()      = [3, 192, 768, 257]
u_yz_trans_pad_.shape()  = [3, 192, 768, 385]
u_xyz_trans_.shape()     = [3, 192, 768, 768]
B_xyz_trans_.shape()     = [6, 192, 768, 768]
B_yz_trans_pad_.shape()  = [6, 192, 768, 385]
B_yz_trans_.shape()      = [6, 192, 768, 257]
trans_B_sendbuf_.shape() = [4, 6, 65, 768, 192]
trans_B_recvbuf_.shape() = [4, 6, 65, 768, 192]
B_yz_.shape()            = [6, 64, 768, 768]
B_hat_pad_.shape()       = [6, 64, 768, 768]
B_hat_.shape()           = [6, 64, 512, 512]
Rank 1:
Total Simulation Time: 31min10.786s
 Time %  | Total Time   | Nr. Calls | Time per Call | Name                                             
-------------------------------------------------------------------------------------------------------
 95.554% | 29min47.610s |       772 |        2.316s | SSP_RK3::integrate                               
 95.086% | 29min38.859s |      2316 |     768.074ms | IncompressibleEuler_MPI::dudt                    
 94.712% | 29min31.869s |      2316 |     765.055ms | IncompressibleEuler_MPI::computeBhat             
 83.052% | 25min53.720s |      4638 |     334.998ms | Transpose::eval                                  
 61.930% | 19min18.581s |     18528 |      62.531ms | Transpose::communication                         
 53.452% | 16min39.972s |      2316 |     431.767ms | IncompressibleEuler_MPI::compute_B_yz            
 29.380% |   9min9.637s |      2316 |     237.322ms | IncompressibleEuler_MPI::compute_u_yz_trans      
  2.644% |      49.473s |      2316 |      21.361ms | IncompressibleEuler_MPI::compute_B_xyz_trans_pad 
  2.644% |      49.471s |      2316 |      21.361ms | CUFFT_R2C::forward                               
  2.553% |      47.756s |      4632 |      10.310ms | IncompressibleEuler_MPI::compute_B_xyz_trans     
  2.209% |      41.318s |      2316 |      17.840ms | IncompressibleEuler_MPI::compute_B__hat_pad      
  2.209% |      41.317s |      2316 |      17.840ms | CUFFT_C2C::forward                               
  1.631% |      30.513s |     13896 |       2.196ms | copy_to_padded                                   
  1.390% |      25.995s |     27792 |     935.352us | copy_from_padded                                 
  1.342% |      25.109s |      2316 |      10.841ms | IncompressibleEuler_MPI::compute_u_xyz_trans     
  1.342% |      25.107s |      2316 |      10.841ms | CUFFT_R2C::backward                              
  1.106% |      20.686s |      2316 |       8.932ms | IncompressibleEuler_MPI::compute_u_yz            
  1.106% |      20.684s |      2316 |       8.931ms | CUFFT_C2C::backward                              
  1.102% |      20.620s |      2316 |       8.903ms | IncompressibleEuler_MPI::compute_u_yz_trans_pad  
  0.529% |       9.898s |      2316 |       4.274ms | IncompressibleEuler_MPI::compute_u_hat_pad       
  0.395% |       7.382s |      2316 |       3.187ms | IncompressibleEuler_MPI::compute_B__hat          
  0.374% |       6.988s |      2316 |       3.017ms | IncompressibleEuler_MPI::computeDudt             
  0.355% |       6.641s |         4 |        1.660s | SnapshotWriter::write_snapshot                   
  0.333% |       6.230s |       772 |       8.070ms | CFL::dt                                          
  0.292% |       5.462s |         6 |     910.310ms | CUFFT_MPI::transpose                             
  0.205% |       3.833s |         4 |     958.371ms | CUFFT_MPI::backward                              
  0.090% |       1.676s |         2 |     837.815ms | CUFFT_MPI::forward                               
rank 2
u_hat_pad_.shape()       = [3, 64, 768, 768]
u_yz_.shape()            = [3, 64, 768, 768]
trans_u_sendbuf_.shape() = [4, 3, 192, 768, 65]
trans_u_recvbuf_.shape() = [4, 3, 192, 768, 65]
u_yz_trans_.shape()      = [3, 192, 768, 257]
u_yz_trans_pad_.shape()  = [3, 192, 768, 385]
u_xyz_trans_.shape()     = [3, 192, 768, 768]
B_xyz_trans_.shape()     = [6, 192, 768, 768]
B_yz_trans_pad_.shape()  = [6, 192, 768, 385]
B_yz_trans_.shape()      = [6, 192, 768, 257]
trans_B_sendbuf_.shape() = [4, 6, 65, 768, 192]
trans_B_recvbuf_.shape() = [4, 6, 65, 768, 192]
B_yz_.shape()            = [6, 64, 768, 768]
B_hat_pad_.shape()       = [6, 64, 768, 768]
B_hat_.shape()           = [6, 64, 512, 512]
Rank 2:
Total Simulation Time: 31min10.665s
 Time %  | Total Time   | Nr. Calls | Time per Call | Name                                             
-------------------------------------------------------------------------------------------------------
 95.561% | 29min47.626s |       772 |        2.316s | SSP_RK3::integrate                               
 95.093% | 29min38.877s |      2316 |     768.082ms | IncompressibleEuler_MPI::dudt                    
 94.720% | 29min31.887s |      2316 |     765.063ms | IncompressibleEuler_MPI::computeBhat             
 83.056% | 25min53.692s |      4638 |     334.992ms | Transpose::eval                                  
 57.696% | 17min59.292s |     18528 |      58.252ms | Transpose::communication                         
 53.457% | 16min40.002s |      2316 |     431.780ms | IncompressibleEuler_MPI::compute_B_yz            
 29.380% |   9min9.597s |      2316 |     237.304ms | IncompressibleEuler_MPI::compute_u_yz_trans      
  2.645% |      49.485s |      2316 |      21.367ms | IncompressibleEuler_MPI::compute_B_xyz_trans_pad 
  2.645% |      49.482s |      2316 |      21.365ms | CUFFT_R2C::forward                               
  2.553% |      47.756s |      4632 |      10.310ms | IncompressibleEuler_MPI::compute_B_xyz_trans     
  2.209% |      41.327s |      2316 |      17.844ms | IncompressibleEuler_MPI::compute_B__hat_pad      
  2.209% |      41.326s |      2316 |      17.844ms | CUFFT_C2C::forward                               
  1.631% |      30.513s |     13896 |       2.196ms | copy_to_padded                                   
  1.390% |      25.994s |     27792 |     935.318us | copy_from_padded                                 
  1.343% |      25.114s |      2316 |      10.844ms | IncompressibleEuler_MPI::compute_u_xyz_trans     
  1.342% |      25.112s |      2316 |      10.843ms | CUFFT_R2C::backward                              
  1.106% |      20.693s |      2316 |       8.935ms | IncompressibleEuler_MPI::compute_u_yz            
  1.106% |      20.691s |      2316 |       8.934ms | CUFFT_C2C::backward                              
  1.102% |      20.619s |      2316 |       8.903ms | IncompressibleEuler_MPI::compute_u_yz_trans_pad  
  0.529% |       9.897s |      2316 |       4.273ms | IncompressibleEuler_MPI::compute_u_hat_pad       
  0.395% |       7.380s |      2316 |       3.187ms | IncompressibleEuler_MPI::compute_B__hat          
  0.374% |       6.988s |      2316 |       3.017ms | IncompressibleEuler_MPI::computeDudt             
  0.342% |       6.396s |       772 |       8.285ms | CFL::dt                                          
  0.336% |       6.290s |         4 |        1.572s | SnapshotWriter::write_snapshot                   
  0.290% |       5.431s |         6 |     905.228ms | CUFFT_MPI::transpose                             
  0.204% |       3.819s |         4 |     954.720ms | CUFFT_MPI::backward                              
  0.089% |       1.660s |         2 |     829.880ms | CUFFT_MPI::forward                               
rank 1
u_hat_pad_.shape()       = [3, 64, 768, 768]
u_yz_.shape()            = [3, 64, 768, 768]
trans_u_sendbuf_.shape() = [4, 3, 192, 768, 65]
trans_u_recvbuf_.shape() = [4, 3, 192, 768, 65]
u_yz_trans_.shape()      = [3, 192, 768, 257]
u_yz_trans_pad_.shape()  = [3, 192, 768, 385]
u_xyz_trans_.shape()     = [3, 192, 768, 768]
B_xyz_trans_.shape()     = [6, 192, 768, 768]
B_yz_trans_pad_.shape()  = [6, 192, 768, 385]
B_yz_trans_.shape()      = [6, 192, 768, 257]
trans_B_sendbuf_.shape() = [4, 6, 65, 768, 192]
trans_B_recvbuf_.shape() = [4, 6, 65, 768, 192]
B_yz_.shape()            = [6, 64, 768, 768]
B_hat_pad_.shape()       = [6, 64, 768, 768]
B_hat_.shape()           = [6, 64, 512, 512]
Rank 13:
Total Simulation Time: 31min28.722s
 Time %  | Total Time   | Nr. Calls | Time per Call | Name                                             
-------------------------------------------------------------------------------------------------------
 95.623% |  30min6.043s |       772 |        2.339s | SSP_RK3::integrate                               
 95.159% | 29min57.293s |      2316 |     776.033ms | IncompressibleEuler_MPI::dudt                    
 94.789% | 29min50.301s |      2316 |     773.014ms | IncompressibleEuler_MPI::computeBhat             
 83.249% | 26min12.342s |      4638 |     339.013ms | Transpose::eval                                  
 62.559% | 19min41.562s |     18528 |      63.772ms | Transpose::communication                         
 54.086% |  17min1.534s |      2316 |     441.077ms | IncompressibleEuler_MPI::compute_B_yz            
 28.943% |   9min6.652s |      2316 |     236.033ms | IncompressibleEuler_MPI::compute_u_yz_trans      
  2.619% |      49.468s |      2316 |      21.359ms | IncompressibleEuler_MPI::compute_B_xyz_trans_pad 
  2.619% |      49.465s |      2316 |      21.358ms | CUFFT_R2C::forward                               
  2.529% |      47.775s |      4632 |      10.314ms | IncompressibleEuler_MPI::compute_B_xyz_trans     
  2.181% |      41.199s |      2316 |      17.789ms | IncompressibleEuler_MPI::compute_B__hat_pad      
  2.181% |      41.198s |      2316 |      17.788ms | CUFFT_C2C::forward                               
  1.617% |      30.537s |     13896 |       2.198ms | copy_to_padded                                   
  1.377% |      26.015s |     27792 |     936.048us | copy_from_padded                                 
  1.329% |      25.105s |      2316 |      10.840ms | IncompressibleEuler_MPI::compute_u_xyz_trans     
  1.329% |      25.103s |      2316 |      10.839ms | CUFFT_R2C::backward                              
  1.093% |      20.637s |      2316 |       8.911ms | IncompressibleEuler_MPI::compute_u_yz_trans_pad  
  1.092% |      20.628s |      2316 |       8.907ms | IncompressibleEuler_MPI::compute_u_yz            
  1.092% |      20.625s |      2316 |       8.905ms | CUFFT_C2C::backward                              
  0.524% |       9.904s |      2316 |       4.276ms | IncompressibleEuler_MPI::compute_u_hat_pad       
  0.391% |       7.383s |      2316 |       3.188ms | IncompressibleEuler_MPI::compute_B__hat          
  0.370% |       6.988s |      2316 |       3.017ms | IncompressibleEuler_MPI::computeDudt             
  0.335% |       6.329s |         4 |        1.582s | SnapshotWriter::write_snapshot                   
  0.315% |       5.950s |       772 |       7.708ms | CFL::dt                                          
  0.291% |       5.491s |         6 |     915.165ms | CUFFT_MPI::transpose                             
  0.204% |       3.853s |         4 |     963.357ms | CUFFT_MPI::backward                              
  0.089% |       1.685s |         2 |     842.416ms | CUFFT_MPI::forward                               
rank 3
u_hat_pad_.shape()       = [3, 64, 768, 768]
u_yz_.shape()            = [3, 64, 768, 768]
trans_u_sendbuf_.shape() = [4, 3, 192, 768, 65]
trans_u_recvbuf_.shape() = [4, 3, 192, 768, 65]
u_yz_trans_.shape()      = [3, 192, 768, 257]
u_yz_trans_pad_.shape()  = [3, 192, 768, 385]
u_xyz_trans_.shape()     = [3, 192, 768, 768]
B_xyz_trans_.shape()     = [6, 192, 768, 768]
B_yz_trans_pad_.shape()  = [6, 192, 768, 385]
B_yz_trans_.shape()      = [6, 192, 768, 257]
trans_B_sendbuf_.shape() = [4, 6, 65, 768, 192]
trans_B_recvbuf_.shape() = [4, 6, 65, 768, 192]
B_yz_.shape()            = [6, 64, 768, 768]
B_hat_pad_.shape()       = [6, 64, 768, 768]
B_hat_.shape()           = [6, 64, 512, 512]
Rank 3:
Total Simulation Time: 31min10.742s
 Time %  | Total Time   | Nr. Calls | Time per Call | Name                                             
-------------------------------------------------------------------------------------------------------
 95.596% | 29min48.361s |       772 |        2.317s | SSP_RK3::integrate                               
 95.129% | 29min39.609s |      2316 |     768.398ms | IncompressibleEuler_MPI::dudt                    
 94.755% | 29min32.617s |      2316 |     765.378ms | IncompressibleEuler_MPI::computeBhat             
 83.091% | 25min54.424s |      4638 |     335.150ms | Transpose::eval                                  
 60.714% | 18min55.797s |     18528 |      61.302ms | Transpose::communication                         
 53.180% | 16min34.852s |      2316 |     429.556ms | IncompressibleEuler_MPI::compute_B_yz            
 29.693% |  9min15.473s |      2316 |     239.841ms | IncompressibleEuler_MPI::compute_u_yz_trans      
  2.645% |      49.482s |      2316 |      21.365ms | IncompressibleEuler_MPI::compute_B_xyz_trans_pad 
  2.645% |      49.480s |      2316 |      21.364ms | CUFFT_R2C::forward                               
  2.553% |      47.754s |      4632 |      10.310ms | IncompressibleEuler_MPI::compute_B_xyz_trans     
  2.209% |      41.333s |      2316 |      17.847ms | IncompressibleEuler_MPI::compute_B__hat_pad      
  2.209% |      41.332s |      2316 |      17.846ms | CUFFT_C2C::forward                               
  1.631% |      30.511s |     13896 |       2.196ms | copy_to_padded                                   
  1.390% |      25.995s |     27792 |     935.337us | copy_from_padded                                 
  1.342% |      25.112s |      2316 |      10.843ms | IncompressibleEuler_MPI::compute_u_xyz_trans     
  1.342% |      25.111s |      2316 |      10.842ms | CUFFT_R2C::backward                              
  1.106% |      20.696s |      2316 |       8.936ms | IncompressibleEuler_MPI::compute_u_yz            
  1.106% |      20.694s |      2316 |       8.935ms | CUFFT_C2C::backward                              
  1.102% |      20.619s |      2316 |       8.903ms | IncompressibleEuler_MPI::compute_u_yz_trans_pad  
  0.529% |       9.896s |      2316 |       4.273ms | IncompressibleEuler_MPI::compute_u_hat_pad       
  0.395% |       7.382s |      2316 |       3.187ms | IncompressibleEuler_MPI::compute_B__hat          
  0.374% |       6.988s |      2316 |       3.017ms | IncompressibleEuler_MPI::computeDudt             
  0.338% |       6.323s |         4 |        1.581s | SnapshotWriter::write_snapshot                   
  0.302% |       5.647s |       772 |       7.315ms | CFL::dt                                          
  0.290% |       5.431s |         6 |     905.163ms | CUFFT_MPI::transpose                             
  0.204% |       3.813s |         4 |     953.217ms | CUFFT_MPI::backward                              
  0.089% |       1.665s |         2 |     832.677ms | CUFFT_MPI::forward                               
rank 2
u_hat_pad_.shape()       = [3, 64, 768, 768]
u_yz_.shape()            = [3, 64, 768, 768]
trans_u_sendbuf_.shape() = [4, 3, 192, 768, 65]
trans_u_recvbuf_.shape() = [4, 3, 192, 768, 65]
u_yz_trans_.shape()      = [3, 192, 768, 257]
u_yz_trans_pad_.shape()  = [3, 192, 768, 385]
u_xyz_trans_.shape()     = [3, 192, 768, 768]
B_xyz_trans_.shape()     = [6, 192, 768, 768]
B_yz_trans_pad_.shape()  = [6, 192, 768, 385]
B_yz_trans_.shape()      = [6, 192, 768, 257]
trans_B_sendbuf_.shape() = [4, 6, 65, 768, 192]
trans_B_recvbuf_.shape() = [4, 6, 65, 768, 192]
B_yz_.shape()            = [6, 64, 768, 768]
B_hat_pad_.shape()       = [6, 64, 768, 768]
B_hat_.shape()           = [6, 64, 512, 512]
Rank 6:
Total Simulation Time: 31min0.147s
 Time %  | Total Time   | Nr. Calls | Time per Call | Name                                             
-------------------------------------------------------------------------------------------------------
 95.566% | 29min37.664s |       772 |        2.303s | SSP_RK3::integrate                               
 95.095% | 29min28.909s |      2316 |     763.778ms | IncompressibleEuler_MPI::dudt                    
 94.719% | 29min21.919s |      2316 |     760.759ms | IncompressibleEuler_MPI::computeBhat             
 82.988% | 25min43.706s |      4638 |     332.839ms | Transpose::eval                                  
 57.944% | 17min57.836s |     18528 |      58.173ms | Transpose::communication                         
 53.770% | 16min40.193s |      2316 |     431.862ms | IncompressibleEuler_MPI::compute_B_yz            
 28.997% |  8min59.388s |      2316 |     232.897ms | IncompressibleEuler_MPI::compute_u_yz_trans      
  2.660% |      49.478s |      2316 |      21.363ms | IncompressibleEuler_MPI::compute_B_xyz_trans_pad 
  2.660% |      49.476s |      2316 |      21.363ms | CUFFT_R2C::forward                               
  2.568% |      47.762s |      4632 |      10.311ms | IncompressibleEuler_MPI::compute_B_xyz_trans     
  2.223% |      41.358s |      2316 |      17.857ms | IncompressibleEuler_MPI::compute_B__hat_pad      
  2.223% |      41.356s |      2316 |      17.857ms | CUFFT_C2C::forward                               
  1.641% |      30.517s |     13896 |       2.196ms | copy_to_padded                                   
  1.398% |      26.004s |     27792 |     935.660us | copy_from_padded                                 
  1.350% |      25.112s |      2316 |      10.843ms | IncompressibleEuler_MPI::compute_u_xyz_trans     
  1.350% |      25.109s |      2316 |      10.841ms | CUFFT_R2C::backward                              
  1.113% |      20.709s |      2316 |       8.942ms | IncompressibleEuler_MPI::compute_u_yz            
  1.113% |      20.706s |      2316 |       8.940ms | CUFFT_C2C::backward                              
  1.109% |      20.621s |      2316 |       8.904ms | IncompressibleEuler_MPI::compute_u_yz_trans_pad  
  0.532% |       9.900s |      2316 |       4.274ms | IncompressibleEuler_MPI::compute_u_hat_pad       
  0.397% |       7.384s |      2316 |       3.188ms | IncompressibleEuler_MPI::compute_B__hat          
  0.376% |       6.988s |      2316 |       3.017ms | IncompressibleEuler_MPI::computeDudt             
  0.341% |       6.341s |         4 |        1.585s | SnapshotWriter::write_snapshot                   
  0.311% |       5.786s |       772 |       7.494ms | CFL::dt                                          
  0.293% |       5.454s |         6 |     909.059ms | CUFFT_MPI::transpose                             
  0.205% |       3.822s |         4 |     955.382ms | CUFFT_MPI::backward                              
  0.090% |       1.680s |         2 |     840.051ms | CUFFT_MPI::forward                               
rank 2
u_hat_pad_.shape()       = [3, 64, 768, 768]
u_yz_.shape()            = [3, 64, 768, 768]
trans_u_sendbuf_.shape() = [4, 3, 192, 768, 65]
trans_u_recvbuf_.shape() = [4, 3, 192, 768, 65]
u_yz_trans_.shape()      = [3, 192, 768, 257]
u_yz_trans_pad_.shape()  = [3, 192, 768, 385]
u_xyz_trans_.shape()     = [3, 192, 768, 768]
B_xyz_trans_.shape()     = [6, 192, 768, 768]
B_yz_trans_pad_.shape()  = [6, 192, 768, 385]
B_yz_trans_.shape()      = [6, 192, 768, 257]
trans_B_sendbuf_.shape() = [4, 6, 65, 768, 192]
trans_B_recvbuf_.shape() = [4, 6, 65, 768, 192]
B_yz_.shape()            = [6, 64, 768, 768]
B_hat_pad_.shape()       = [6, 64, 768, 768]
B_hat_.shape()           = [6, 64, 512, 512]
Rank 14:
Total Simulation Time: 31min28.782s
 Time %  | Total Time   | Nr. Calls | Time per Call | Name                                             
-------------------------------------------------------------------------------------------------------
rank 3
u_hat_pad_.shape()       = [3, 64, 768, 768]
u_yz_.shape()            = [3, 64, 768, 768]
trans_u_sendbuf_.shape() = [4, 3, 192, 768, 65]
trans_u_recvbuf_.shape() = [4, 3, 192, 768, 65]
u_yz_trans_.shape()      = [3, 192, 768, 257]
u_yz_trans_pad_.shape()  = [3, 192, 768, 385]
u_xyz_trans_.shape()     = [3, 192, 768, 768]
B_xyz_trans_.shape()     = [6, 192, 768, 768]
B_yz_trans_pad_.shape()  = [6, 192, 768, 385]
B_yz_trans_.shape()      = [6, 192, 768, 257]
trans_B_sendbuf_.shape() = [4, 6, 65, 768, 192]
trans_B_recvbuf_.shape() = [4, 6, 65, 768, 192]
B_yz_.shape()            = [6, 64, 768, 768]
B_hat_pad_.shape()       = [6, 64, 768, 768]
B_hat_.shape()           = [6, 64, 512, 512]
Rank 7:
Total Simulation Time: 31min0.211s
 Time %  | Total Time   | Nr. Calls | Time per Call | Name                                             
-------------------------------------------------------------------------------------------------------
 95.621% |  30min6.067s |       772 |        2.339s | SSP_RK3::integrate                               
 95.157% | 29min57.312s |      2316 |     776.042ms | IncompressibleEuler_MPI::dudt                    
 94.787% | 29min50.325s |      2316 |     773.025ms | IncompressibleEuler_MPI::computeBhat             
 83.239% | 26min12.212s |      4638 |     338.985ms | Transpose::eval                                  
 57.941% | 18min14.388s |     18528 |      59.067ms | Transpose::communication                         
 54.082% |  17min1.498s |      2316 |     441.061ms | IncompressibleEuler_MPI::compute_B_yz            
 28.937% |   9min6.554s |      2316 |     235.991ms | IncompressibleEuler_MPI::compute_u_yz_trans      
  2.620% |      49.483s |      2316 |      21.366ms | IncompressibleEuler_MPI::compute_B_xyz_trans_pad 
  2.620% |      49.482s |      2316 |      21.365ms | CUFFT_R2C::forward                               
 95.565% | 29min37.717s |       772 |        2.303s | SSP_RK3::integrate                               
 95.095% | 29min28.963s |      2316 |     763.801ms | IncompressibleEuler_MPI::dudt                    
 94.719% | 29min21.973s |      2316 |     760.783ms | IncompressibleEuler_MPI::computeBhat             
 82.994% | 25min43.855s |      4638 |     332.871ms | Transpose::eval                                  
 59.959% | 18min35.369s |     18528 |      60.199ms | Transpose::communication                         
 53.433% | 16min33.972s |      2316 |     429.176ms | IncompressibleEuler_MPI::compute_B_yz            
 29.338% |   9min5.748s |      2316 |     235.643ms | IncompressibleEuler_MPI::compute_u_yz_trans      
  2.659% |      49.468s |      2316 |      21.359ms | IncompressibleEuler_MPI::compute_B_xyz_trans_pad 
  2.659% |      49.467s |      2316 |      21.359ms | CUFFT_R2C::forward                               
  2.528% |      47.756s |      4632 |      10.310ms | IncompressibleEuler_MPI::compute_B_xyz_trans     
  2.188% |      41.317s |      2316 |      17.840ms | IncompressibleEuler_MPI::compute_B__hat_pad      
  2.187% |      41.316s |      2316 |      17.839ms | CUFFT_C2C::forward                               
  1.616% |      30.514s |     13896 |       2.196ms | copy_to_padded                                   
  1.376% |      25.996s |     27792 |     935.393us | copy_from_padded                                 
  1.330% |      25.114s |      2316 |      10.844ms | IncompressibleEuler_MPI::compute_u_xyz_trans     
  1.329% |      25.111s |      2316 |      10.842ms | CUFFT_R2C::backward                              
  1.095% |      20.686s |      2316 |       8.932ms | IncompressibleEuler_MPI::compute_u_yz            
  1.095% |      20.685s |      2316 |       8.931ms | CUFFT_C2C::backward                              
  2.568% |      47.776s |      4632 |      10.314ms | IncompressibleEuler_MPI::compute_B_xyz_trans     
  2.220% |      41.290s |      2316 |      17.828ms | IncompressibleEuler_MPI::compute_B__hat_pad      
  2.220% |      41.289s |      2316 |      17.828ms | CUFFT_C2C::forward                               
  1.641% |      30.535s |     13896 |       2.197ms | copy_to_padded                                   
  1.399% |      26.016s |     27792 |     936.107us | copy_from_padded                                 
  1.350% |      25.107s |      2316 |      10.841ms | IncompressibleEuler_MPI::compute_u_xyz_trans     
  1.350% |      25.105s |      2316 |      10.840ms | CUFFT_R2C::backward                              
  1.111% |      20.671s |      2316 |       8.925ms | IncompressibleEuler_MPI::compute_u_yz            
  1.111% |      20.669s |      2316 |       8.924ms | CUFFT_C2C::backward                              
  1.092% |      20.620s |      2316 |       8.903ms | IncompressibleEuler_MPI::compute_u_yz_trans_pad  
  0.524% |       9.898s |      2316 |       4.274ms | IncompressibleEuler_MPI::compute_u_hat_pad       
  0.391% |       7.381s |      2316 |       3.187ms | IncompressibleEuler_MPI::compute_B__hat          
  0.370% |       6.988s |      2316 |       3.017ms | IncompressibleEuler_MPI::computeDudt             
  0.353% |       6.666s |         4 |        1.667s | SnapshotWriter::write_snapshot                   
  0.304% |       5.744s |       772 |       7.440ms | CFL::dt                                          
  0.291% |       5.506s |         6 |     917.615ms | CUFFT_MPI::transpose                             
  0.204% |       3.856s |         4 |     963.933ms | CUFFT_MPI::backward                              
  0.090% |       1.697s |         2 |     848.621ms | CUFFT_MPI::forward                               
  1.109% |      20.636s |      2316 |       8.910ms | IncompressibleEuler_MPI::compute_u_yz_trans_pad  
  0.532% |       9.904s |      2316 |       4.276ms | IncompressibleEuler_MPI::compute_u_hat_pad       
  0.397% |       7.383s |      2316 |       3.188ms | IncompressibleEuler_MPI::compute_B__hat          
  0.376% |       6.989s |      2316 |       3.018ms | IncompressibleEuler_MPI::computeDudt             
  0.357% |       6.635s |         4 |        1.659s | SnapshotWriter::write_snapshot                   
  0.299% |       5.553s |       772 |       7.193ms | CFL::dt                                          
  0.294% |       5.471s |         6 |     911.799ms | CUFFT_MPI::transpose                             
  0.206% |       3.828s |         4 |     957.121ms | CUFFT_MPI::backward                              
  0.091% |       1.690s |         2 |     844.806ms | CUFFT_MPI::forward                               
rank 3
u_hat_pad_.shape()       = [3, 64, 768, 768]
u_yz_.shape()            = [3, 64, 768, 768]
trans_u_sendbuf_.shape() = [4, 3, 192, 768, 65]
trans_u_recvbuf_.shape() = [4, 3, 192, 768, 65]
u_yz_trans_.shape()      = [3, 192, 768, 257]
u_yz_trans_pad_.shape()  = [3, 192, 768, 385]
u_xyz_trans_.shape()     = [3, 192, 768, 768]
B_xyz_trans_.shape()     = [6, 192, 768, 768]
B_yz_trans_pad_.shape()  = [6, 192, 768, 385]
B_yz_trans_.shape()      = [6, 192, 768, 257]
trans_B_sendbuf_.shape() = [4, 6, 65, 768, 192]
trans_B_recvbuf_.shape() = [4, 6, 65, 768, 192]
B_yz_.shape()            = [6, 64, 768, 768]
B_hat_pad_.shape()       = [6, 64, 768, 768]
B_hat_.shape()           = [6, 64, 512, 512]
Rank 11:
Total Simulation Time: 31min2.087s
 Time %  | Total Time   | Nr. Calls | Time per Call | Name                                             
-------------------------------------------------------------------------------------------------------
 95.541% | 29min39.059s |       772 |        2.304s | SSP_RK3::integrate                               
 95.071% | 29min30.309s |      2316 |     764.382ms | IncompressibleEuler_MPI::dudt                    
 94.694% | 29min23.291s |      2316 |     761.352ms | IncompressibleEuler_MPI::computeBhat             
 82.972% | 25min45.008s |      4638 |     333.119ms | Transpose::eval                                  
 59.628% | 18min30.327s |     18528 |      59.927ms | Transpose::communication                         
 53.543% | 16min37.013s |      2316 |     430.489ms | IncompressibleEuler_MPI::compute_B_yz            
 29.209% |   9min3.898s |      2316 |     234.844ms | IncompressibleEuler_MPI::compute_u_yz_trans      
  2.658% |      49.499s |      2316 |      21.372ms | IncompressibleEuler_MPI::compute_B_xyz_trans_pad 
  2.658% |      49.497s |      2316 |      21.372ms | CUFFT_R2C::forward                               
  2.565% |      47.759s |      4632 |      10.311ms | IncompressibleEuler_MPI::compute_B_xyz_trans     
  2.222% |      41.370s |      2316 |      17.863ms | IncompressibleEuler_MPI::compute_B__hat_pad      
  2.222% |      41.369s |      2316 |      17.862ms | CUFFT_C2C::forward                               
  1.639% |      30.513s |     13896 |       2.196ms | copy_to_padded                                   
  1.396% |      25.998s |     27792 |     935.434us | copy_from_padded                                 
  1.349% |      25.121s |      2316 |      10.847ms | IncompressibleEuler_MPI::compute_u_xyz_trans     
  1.349% |      25.119s |      2316 |      10.846ms | CUFFT_R2C::backward                              
  1.112% |      20.714s |      2316 |       8.944ms | IncompressibleEuler_MPI::compute_u_yz            
  1.112% |      20.712s |      2316 |       8.943ms | CUFFT_C2C::backward                              
  1.107% |      20.620s |      2316 |       8.903ms | IncompressibleEuler_MPI::compute_u_yz_trans_pad  
  0.531% |       9.897s |      2316 |       4.273ms | IncompressibleEuler_MPI::compute_u_hat_pad       
  0.396% |       7.382s |      2316 |       3.188ms | IncompressibleEuler_MPI::compute_B__hat          
  0.377% |       7.013s |      2316 |       3.028ms | IncompressibleEuler_MPI::computeDudt             
  0.344% |       6.399s |       772 |       8.289ms | CFL::dt                                          
  0.341% |       6.352s |         4 |        1.588s | SnapshotWriter::write_snapshot                   
  0.292% |       5.432s |         6 |     905.365ms | CUFFT_MPI::transpose                             
  0.205% |       3.811s |         4 |     952.763ms | CUFFT_MPI::backward                              
  0.090% |       1.668s |         2 |     834.204ms | CUFFT_MPI::forward                               
rank 3
u_hat_pad_.shape()       = [3, 64, 768, 768]
u_yz_.shape()            = [3, 64, 768, 768]
trans_u_sendbuf_.shape() = [4, 3, 192, 768, 65]
trans_u_recvbuf_.shape() = [4, 3, 192, 768, 65]
u_yz_trans_.shape()      = [3, 192, 768, 257]
u_yz_trans_pad_.shape()  = [3, 192, 768, 385]
u_xyz_trans_.shape()     = [3, 192, 768, 768]
B_xyz_trans_.shape()     = [6, 192, 768, 768]
B_yz_trans_pad_.shape()  = [6, 192, 768, 385]
B_yz_trans_.shape()      = [6, 192, 768, 257]
trans_B_sendbuf_.shape() = [4, 6, 65, 768, 192]
trans_B_recvbuf_.shape() = [4, 6, 65, 768, 192]
B_yz_.shape()            = [6, 64, 768, 768]
B_hat_pad_.shape()       = [6, 64, 768, 768]
B_hat_.shape()           = [6, 64, 512, 512]
Rank 15:
Total Simulation Time: 31min28.662s
 Time %  | Total Time   | Nr. Calls | Time per Call | Name                                             
-------------------------------------------------------------------------------------------------------
 95.655% |  30min6.596s |       772 |        2.340s | SSP_RK3::integrate                               
 95.190% | 29min57.817s |      2316 |     776.259ms | IncompressibleEuler_MPI::dudt                    
 94.820% | 29min50.834s |      2316 |     773.245ms | IncompressibleEuler_MPI::computeBhat             
 83.274% | 26min12.755s |      4638 |     339.102ms | Transpose::eval                                  
 60.555% |  19min3.686s |     18528 |      61.727ms | Transpose::communication                         
 53.818% | 16min56.438s |      2316 |     438.876ms | IncompressibleEuler_MPI::compute_B_yz            
 29.236% |  9min12.167s |      2316 |     238.414ms | IncompressibleEuler_MPI::compute_u_yz_trans      
  2.619% |      49.470s |      2316 |      21.360ms | IncompressibleEuler_MPI::compute_B_xyz_trans_pad 
  2.619% |      49.468s |      2316 |      21.359ms | CUFFT_R2C::forward                               
rank 1
u_hat_pad_.shape()       = [3, 64, 768, 768]
u_yz_.shape()            = [3, 64, 768, 768]
trans_u_sendbuf_.shape() = [4, 3, 192, 768, 65]
trans_u_recvbuf_.shape() = [4, 3, 192, 768, 65]
u_yz_trans_.shape()      = [3, 192, 768, 257]
u_yz_trans_pad_.shape()  = [3, 192, 768, 385]
u_xyz_trans_.shape()     = [3, 192, 768, 768]
B_xyz_trans_.shape()     = [6, 192, 768, 768]
B_yz_trans_pad_.shape()  = [6, 192, 768, 385]
B_yz_trans_.shape()      = [6, 192, 768, 257]
trans_B_sendbuf_.shape() = [4, 6, 65, 768, 192]
trans_B_recvbuf_.shape() = [4, 6, 65, 768, 192]
B_yz_.shape()            = [6, 64, 768, 768]
B_hat_pad_.shape()       = [6, 64, 768, 768]
B_hat_.shape()           = [6, 64, 512, 512]
Rank 5:
Total Simulation Time: 31min0.116s
 Time %  | Total Time   | Nr. Calls | Time per Call | Name                                             
-------------------------------------------------------------------------------------------------------
  2.529% |      47.759s |      4632 |      10.311ms | IncompressibleEuler_MPI::compute_B_xyz_trans     
  2.188% |      41.316s |      2316 |      17.839ms | IncompressibleEuler_MPI::compute_B__hat_pad      
  2.187% |      41.314s |      2316 |      17.839ms | CUFFT_C2C::forward                               
  1.614% |      30.484s |     13896 |       2.194ms | copy_to_padded                                   
  1.377% |      25.998s |     27792 |     935.432us | copy_from_padded                                 
  1.329% |      25.109s |      2316 |      10.842ms | IncompressibleEuler_MPI::compute_u_xyz_trans     
  1.329% |      25.107s |      2316 |      10.841ms | CUFFT_R2C::backward                              
  1.095% |      20.688s |      2316 |       8.933ms | IncompressibleEuler_MPI::compute_u_yz            
  1.095% |      20.686s |      2316 |       8.932ms | CUFFT_C2C::backward                              
 95.568% | 29min37.685s |       772 |        2.303s | SSP_RK3::integrate                               
 95.097% | 29min28.911s |      2316 |     763.778ms | IncompressibleEuler_MPI::dudt                    
 94.721% | 29min21.926s |      2316 |     760.763ms | IncompressibleEuler_MPI::computeBhat             
 82.995% | 25min43.803s |      4638 |     332.860ms | Transpose::eval                                  
 61.993% | 19min13.144s |     18528 |      62.238ms | Transpose::communication                         
 53.773% | 16min40.249s |      2316 |     431.886ms | IncompressibleEuler_MPI::compute_B_yz            
 29.000% |  8min59.428s |      2316 |     232.914ms | IncompressibleEuler_MPI::compute_u_yz_trans      
  2.660% |      49.480s |      2316 |      21.364ms | IncompressibleEuler_MPI::compute_B_xyz_trans_pad 
  2.660% |      49.477s |      2316 |      21.363ms | CUFFT_R2C::forward                               
  1.092% |      20.621s |      2316 |       8.904ms | IncompressibleEuler_MPI::compute_u_yz_trans_pad  
  0.522% |       9.868s |      2316 |       4.261ms | IncompressibleEuler_MPI::compute_u_hat_pad       
  0.391% |       7.382s |      2316 |       3.188ms | IncompressibleEuler_MPI::compute_B__hat          
  0.370% |       6.980s |      2316 |       3.014ms | IncompressibleEuler_MPI::computeDudt             
  0.337% |       6.373s |         4 |        1.593s | SnapshotWriter::write_snapshot                   
  0.290% |       5.486s |         6 |     914.347ms | CUFFT_MPI::transpose                             
  0.283% |       5.338s |       772 |       6.914ms | CFL::dt                                          
  0.204% |       3.844s |         4 |     960.913ms | CUFFT_MPI::backward                              
  0.089% |       1.690s |         2 |     844.859ms | CUFFT_MPI::forward                               
  2.567% |      47.757s |      4632 |      10.310ms | IncompressibleEuler_MPI::compute_B_xyz_trans     
  2.221% |      41.322s |      2316 |      17.842ms | IncompressibleEuler_MPI::compute_B__hat_pad      
  2.221% |      41.321s |      2316 |      17.842ms | CUFFT_C2C::forward                               
  1.639% |      30.485s |     13896 |       2.194ms | copy_to_padded                                   
  1.398% |      25.997s |     27792 |     935.405us | copy_from_padded                                 
  1.350% |      25.110s |      2316 |      10.842ms | IncompressibleEuler_MPI::compute_u_xyz_trans     
  1.350% |      25.108s |      2316 |      10.841ms | CUFFT_R2C::backward                              
  1.112% |      20.691s |      2316 |       8.934ms | IncompressibleEuler_MPI::compute_u_yz            
  1.112% |      20.688s |      2316 |       8.933ms | CUFFT_C2C::backward                              
  1.109% |      20.621s |      2316 |       8.904ms | IncompressibleEuler_MPI::compute_u_yz_trans_pad  
  0.531% |       9.868s |      2316 |       4.261ms | IncompressibleEuler_MPI::compute_u_hat_pad       
  0.397% |       7.383s |      2316 |       3.188ms | IncompressibleEuler_MPI::compute_B__hat          
  0.375% |       6.980s |      2316 |       3.014ms | IncompressibleEuler_MPI::computeDudt             
  0.339% |       6.297s |         4 |        1.574s | SnapshotWriter::write_snapshot                   
  0.308% |       5.738s |       772 |       7.432ms | CFL::dt                                          
  0.293% |       5.455s |         6 |     909.233ms | CUFFT_MPI::transpose                             
  0.206% |       3.824s |         4 |     956.046ms | CUFFT_MPI::backward                              
  0.090% |       1.679s |         2 |     839.260ms | CUFFT_MPI::forward                               
rank 2
u_hat_pad_.shape()       = [3, 64, 768, 768]
u_yz_.shape()            = [3, 64, 768, 768]
trans_u_sendbuf_.shape() = [4, 3, 192, 768, 65]
trans_u_recvbuf_.shape() = [4, 3, 192, 768, 65]
u_yz_trans_.shape()      = [3, 192, 768, 257]
u_yz_trans_pad_.shape()  = [3, 192, 768, 385]
u_xyz_trans_.shape()     = [3, 192, 768, 768]
B_xyz_trans_.shape()     = [6, 192, 768, 768]
B_yz_trans_pad_.shape()  = [6, 192, 768, 385]
B_yz_trans_.shape()      = [6, 192, 768, 257]
trans_B_sendbuf_.shape() = [4, 6, 65, 768, 192]
trans_B_recvbuf_.shape() = [4, 6, 65, 768, 192]
B_yz_.shape()            = [6, 64, 768, 768]
B_hat_pad_.shape()       = [6, 64, 768, 768]
B_hat_.shape()           = [6, 64, 512, 512]
Rank 10:
Total Simulation Time: 31min2.043s
 Time %  | Total Time   | Nr. Calls | Time per Call | Name                                             
-------------------------------------------------------------------------------------------------------
 95.529% | 29min38.797s |       772 |        2.304s | SSP_RK3::integrate                               
 95.059% | 29min30.045s |      2316 |     764.268ms | IncompressibleEuler_MPI::dudt                    
 94.684% | 29min23.056s |      2316 |     761.250ms | IncompressibleEuler_MPI::computeBhat             
 82.966% | 25min44.867s |      4638 |     333.089ms | Transpose::eval                                  
 56.957% | 17min40.562s |     18528 |      57.241ms | Transpose::communication                         
 53.606% | 16min38.163s |      2316 |     430.986ms | IncompressibleEuler_MPI::compute_B_yz            
 29.140% |   9min2.607s |      2316 |     234.286ms | IncompressibleEuler_MPI::compute_u_yz_trans      
  2.657% |      49.474s |      2316 |      21.362ms | IncompressibleEuler_MPI::compute_B_xyz_trans_pad 
  2.657% |      49.473s |      2316 |      21.361ms | CUFFT_R2C::forward                               
  2.565% |      47.757s |      4632 |      10.310ms | IncompressibleEuler_MPI::compute_B_xyz_trans     
  2.220% |      41.334s |      2316 |      17.847ms | IncompressibleEuler_MPI::compute_B__hat_pad      
  2.220% |      41.332s |      2316 |      17.846ms | CUFFT_C2C::forward                               
  1.639% |      30.512s |     13896 |       2.196ms | copy_to_padded                                   
  1.396% |      25.997s |     27792 |     935.406us | copy_from_padded                                 
  1.348% |      25.109s |      2316 |      10.842ms | IncompressibleEuler_MPI::compute_u_xyz_trans     
  1.348% |      25.107s |      2316 |      10.841ms | CUFFT_R2C::backward                              
  1.112% |      20.699s |      2316 |       8.937ms | IncompressibleEuler_MPI::compute_u_yz            
  1.112% |      20.697s |      2316 |       8.937ms | CUFFT_C2C::backward                              
  1.107% |      20.618s |      2316 |       8.902ms | IncompressibleEuler_MPI::compute_u_yz_trans_pad  
  0.532% |       9.898s |      2316 |       4.274ms | IncompressibleEuler_MPI::compute_u_hat_pad       
  0.396% |       7.381s |      2316 |       3.187ms | IncompressibleEuler_MPI::compute_B__hat          
  0.375% |       6.988s |      2316 |       3.017ms | IncompressibleEuler_MPI::computeDudt             
  0.358% |       6.661s |       772 |       8.629ms | CFL::dt                                          
  0.342% |       6.372s |         4 |        1.593s | SnapshotWriter::write_snapshot                   
  0.293% |       5.448s |         6 |     907.938ms | CUFFT_MPI::transpose                             
  0.205% |       3.814s |         4 |     953.457ms | CUFFT_MPI::backward                              
  0.090% |       1.681s |         2 |     840.561ms | CUFFT_MPI::forward                               
  0.318% |       5.950s |         2 |        2.975s | FFTWFFT_R2C::forward                             
  0.290% |       5.435s |         6 |     905.915ms | CUFFT_MPI::transpose                             
  0.283% |       5.294s |         2 |        2.647s | FFTWFFT_R2C::backward                            
  0.204% |       3.816s |         4 |     954.005ms | CUFFT_MPI::backward                              
  0.129% |       2.412s |       772 |       3.125ms | CFL::dt                                          
  0.122% |       2.283s |         2 |        1.142s | leray                                            
  0.089% |       1.667s |         2 |     833.489ms | CUFFT_MPI::forward                               
  0.318% |       5.914s |         2 |        2.957s | FFTWFFT_R2C::forward                             
  0.293% |       5.456s |         6 |     909.384ms | CUFFT_MPI::transpose                             
  0.287% |       5.348s |         2 |        2.674s | FFTWFFT_R2C::backward                            
  0.205% |       3.823s |         4 |     955.646ms | CUFFT_MPI::backward                              
  0.131% |       2.443s |       772 |       3.165ms | CFL::dt                                          
  0.123% |       2.284s |         2 |        1.142s | leray                                            
  0.090% |       1.681s |         2 |     840.629ms | CUFFT_MPI::forward                               
  0.312% |       5.899s |         2 |        2.949s | FFTWFFT_R2C::forward                             
  0.291% |       5.492s |         6 |     915.390ms | CUFFT_MPI::transpose                             
  0.279% |       5.282s |         2 |        2.641s | FFTWFFT_R2C::backward                            
  0.204% |       3.850s |         4 |     962.525ms | CUFFT_MPI::backward                              
  0.121% |       2.282s |         2 |        1.141s | leray                                            
  0.112% |       2.113s |       772 |       2.737ms | CFL::dt                                          
  0.089% |       1.690s |         2 |     844.869ms | CUFFT_MPI::forward                               
  0.317% |       5.898s |         2 |        2.949s | FFTWFFT_R2C::forward                             
  0.292% |       5.435s |         6 |     905.829ms | CUFFT_MPI::transpose                             
  0.285% |       5.318s |         2 |        2.659s | FFTWFFT_R2C::backward                            
  0.204% |       3.809s |         4 |     952.250ms | CUFFT_MPI::backward                              
  0.139% |       2.587s |       772 |       3.351ms | CFL::dt                                          
  0.122% |       2.283s |         2 |        1.141s | leray                                            
  0.090% |       1.674s |         2 |     836.753ms | CUFFT_MPI::forward                               


Batch Job Summary Report (version 21.01.1) for Job "tg_N512_strong_4" (37857737) on daint

Job information (1/3)
-----------------------------------------------------------------------------------------------------
             Submit            Eligible               Start                 End    Elapsed Time limit
------------------- ------------------- ------------------- ------------------- ---------- ----------
2022-04-21T16:18:30 2022-04-21T16:18:30 2022-04-21T16:20:24 2022-04-21T16:52:24   00:32:00 1-00:00:00
-----------------------------------------------------------------------------------------------------

Job information (2/3)
-------------------------------------------------------------
    Username      Account    Partition   NNodes        Energy
------------ ------------ ------------ -------- -------------
     trohner        s1069       normal       16   4097.245 kJ

Job information (3/3) - GPU utilization data
----------------------------------------------------
   Node name       Usage      Max mem Execution time
------------ ----------- ------------ --------------
    nid06363        68 %    14565 MiB       00:31:30
    nid06446        68 %    14565 MiB       00:31:31
    nid07366        68 %    14565 MiB       00:31:30
    nid06441        69 %    14565 MiB       00:31:31
    nid06426        69 %    14607 MiB       00:31:31
    nid07367        68 %    14565 MiB       00:31:31
    nid06444        69 %    14607 MiB       00:31:31
    nid06425        68 %    14565 MiB       00:31:31
    nid06400        68 %    14565 MiB       00:31:30
    nid06448        69 %    14607 MiB       00:31:31
    nid06443        69 %    14565 MiB       00:31:31
    nid06442        68 %    14565 MiB       00:31:31
    nid06445        69 %    14565 MiB       00:31:30
    nid06447        69 %    14565 MiB       00:31:31
    nid06449        68 %    14565 MiB       00:31:30
    nid05612        69 %    14607 MiB       00:31:31

