ModuleCmd_Switch.c(179):ERROR:152: Module 'PrgEnv-cray' is currently not loaded
CMake(3):ERROR:105: Unable to locate a modulefile for 'CMake/3.21.3'
Info: Minimal padding size given from "N_phys_pad" is 384. Padded to 384 for speed.
Info: Minimal padding size given from "N_phys_pad" is 384. Padded to 384 for speed.
Info: Minimal padding size given from "N_phys_pad" is 384. Padded to 384 for speed.
Info: Minimal padding size given from "N_phys_pad" is 384. Padded to 384 for speed.
Info: Minimal padding size given from "N_phys_pad" is 384. Padded to 384 for speed.
Info: Minimal padding size given from "N_phys_pad" is 384. Padded to 384 for speed.
Info: Minimal padding size given from "N_phys_pad" is 384. Padded to 384 for speed.
Info: Minimal padding size given from "N_phys_pad" is 384. Padded to 384 for speed.
Running azeban with 8 MPI ranks.
Run configuration is
{
  "device": "cuda",
  "dimension": 3,
  "equation": {
    "name": "Euler",
    "visc": {
      "eps": 0.05,
      "type": "Quadratic"
    }
  },
  "grid": {
    "N_phys": 256,
    "N_phys_pad": ""
  },
  "init": {
    "name": "Taylor Green",
    "perturb": {
      "max": 0.025,
      "min": -0.025,
      "name": "Uniform"
    }
  },
  "num_samples": 1,
  "output": "tg_N256_strong_sample_8",
  "sample_idx_start": 0,
  "seed": 1,
  "snapshots": {
    "n": 1,
    "start": 0,
    "stop": 0.5
  },
  "time": 0.5,
  "timestepper": {
    "C": 0.5,
    "type": "SSP RK3"
  }
}
rank 0
u_hat_pad_.shape()       = [3, 17, 384, 384]
u_yz_.shape()            = [3, 17, 384, 384]
trans_u_sendbuf_.shape() = [8, 3, 48, 384, 17]
trans_u_recvbuf_.shape() = [8, 3, 48, 384, 17]
u_yz_trans_.shape()      = [3, 48, 384, 129]
u_yz_trans_pad_.shape()  = [3, 48, 384, 193]
u_xyz_trans_.shape()     = [3, 48, 384, 384]
B_xyz_trans_.shape()     = [6, 48, 384, 384]
B_yz_trans_pad_.shape()  = [6, 48, 384, 193]
B_yz_trans_.shape()      = [6, 48, 384, 129]
trans_B_sendbuf_.shape() = [8, 6, 17, 384, 48]
trans_B_recvbuf_.shape() = [8, 6, 17, 384, 48]
B_yz_.shape()            = [6, 17, 384, 384]
B_hat_pad_.shape()       = [6, 17, 384, 384]
B_hat_.shape()           = [6, 17, 256, 256]
Sample: 0, Time: 0
Sample: 0, Time: 0.5
Rank 0:
Total Simulation Time: 1min47.594s
 Time %  | Total Time  | Nr. Calls | Time per Call | Name                                             
------------------------------------------------------------------------------------------------------
 91.245% | 1min38.174s |       606 |     162.003ms | SSP_RK3::integrate                               
 90.797% | 1min37.692s |      1818 |      53.736ms | IncompressibleEuler_MPI::dudt                    
 90.416% | 1min37.282s |      1818 |      53.511ms | IncompressibleEuler_MPI::computeBhat             
 80.234% | 1min26.327s |      3639 |      23.723ms | Transpose::eval                                  
 52.970% |     56.992s |     29088 |       1.959ms | Transpose::communication                         
 52.376% |     56.354s |      1818 |      30.998ms | IncompressibleEuler_MPI::compute_B_yz            
 27.735% |     29.842s |      1818 |      16.414ms | IncompressibleEuler_MPI::compute_u_yz_trans      
  2.297% |      2.471s |      3636 |     679.730us | IncompressibleEuler_MPI::compute_B_xyz_trans     
  2.189% |      2.355s |      1818 |       1.295ms | IncompressibleEuler_MPI::compute_B_xyz_trans_pad 
  2.188% |      2.354s |      1818 |       1.295ms | CUFFT_R2C::forward                               
  1.844% |      1.984s |      1818 |       1.091ms | IncompressibleEuler_MPI::compute_B__hat_pad      
  1.843% |      1.983s |      1818 |       1.091ms | CUFFT_C2C::forward                               
  1.442% |      1.551s |     10908 |     142.192us | copy_to_padded                                   
  1.377% |      1.481s |     21816 |      67.889us | copy_from_padded                                 
  1.149% |      1.236s |      1818 |     679.979us | IncompressibleEuler_MPI::compute_u_xyz_trans     
  1.148% |      1.235s |      1818 |     679.509us | CUFFT_R2C::backward                              
  0.973% |      1.047s |      1818 |     575.806us | IncompressibleEuler_MPI::compute_u_yz_trans_pad  
  0.942% |      1.014s |      1818 |     557.671us | IncompressibleEuler_MPI::compute_u_yz            
  0.942% |      1.013s |      1818 |     557.383us | CUFFT_C2C::backward                              
  0.627% |   674.430ms |       606 |       1.113ms | CFL::dt                                          
  0.517% |   556.361ms |         2 |     278.180ms | SnapshotWriter::write_snapshot                   
  0.470% |   506.216ms |      1818 |     278.446us | IncompressibleEuler_MPI::compute_u_hat_pad       
  0.433% |   466.407ms |      1818 |     256.549us | IncompressibleEuler_MPI::compute_B__hat          
  0.380% |   409.020ms |      1818 |     224.983us | IncompressibleEuler_MPI::computeDudt             
rank 6
u_hat_pad_.shape()       = [3, 16, 384, 384]
u_yz_.shape()            = [3, 16, 384, 384]
trans_u_sendbuf_.shape() = [8, 3, 48, 384, 17]
trans_u_recvbuf_.shape() = [8, 3, 48, 384, 17]
u_yz_trans_.shape()      = [3, 48, 384, 129]
u_yz_trans_pad_.shape()  = [3, 48, 384, 193]
u_xyz_trans_.shape()     = [3, 48, 384, 384]
B_xyz_trans_.shape()     = [6, 48, 384, 384]
B_yz_trans_pad_.shape()  = [6, 48, 384, 193]
B_yz_trans_.shape()      = [6, 48, 384, 129]
trans_B_sendbuf_.shape() = [8, 6, 17, 384, 48]
trans_B_recvbuf_.shape() = [8, 6, 17, 384, 48]
B_yz_.shape()            = [6, 16, 384, 384]
B_hat_pad_.shape()       = [6, 16, 384, 384]
B_hat_.shape()           = [6, 16, 256, 256]
Rank 6:
Total Simulation Time: 1min47.430s
 Time %  | Total Time  | Nr. Calls | Time per Call | Name                                             
------------------------------------------------------------------------------------------------------
 91.660% | 1min38.470s |       606 |     162.492ms | SSP_RK3::integrate                               
 91.238% | 1min38.018s |      1818 |      53.915ms | IncompressibleEuler_MPI::dudt                    
 90.859% | 1min37.610s |      1818 |      53.691ms | IncompressibleEuler_MPI::computeBhat             
 80.880% | 1min26.890s |      3639 |      23.877ms | Transpose::eval                                  
 60.178% |  1min4.649s |     29088 |       2.223ms | Transpose::communication                         
 53.229% |     57.184s |      1818 |      31.454ms | IncompressibleEuler_MPI::compute_B_yz            
 27.529% |     29.575s |      1818 |      16.268ms | IncompressibleEuler_MPI::compute_u_yz_trans      
  2.301% |      2.472s |      3636 |     679.749us | IncompressibleEuler_MPI::compute_B_xyz_trans     
  2.193% |      2.356s |      1818 |       1.296ms | IncompressibleEuler_MPI::compute_B_xyz_trans_pad 
  2.192% |      2.355s |      1818 |       1.295ms | CUFFT_R2C::forward                               
  1.733% |      1.861s |      1818 |       1.024ms | IncompressibleEuler_MPI::compute_B__hat_pad      
  1.732% |      1.860s |      1818 |       1.023ms | CUFFT_C2C::forward                               
  1.420% |      1.526s |     10908 |     139.879us | copy_to_padded                                   
  1.359% |      1.460s |     21816 |      66.908us | copy_from_padded                                 
  1.151% |      1.236s |      1818 |     679.982us | IncompressibleEuler_MPI::compute_u_xyz_trans     
  1.150% |      1.235s |      1818 |     679.504us | CUFFT_R2C::backward                              
  0.975% |      1.047s |      1818 |     576.170us | IncompressibleEuler_MPI::compute_u_yz_trans_pad  
  0.882% |   947.156ms |      1818 |     520.988us | IncompressibleEuler_MPI::compute_u_yz            
  0.881% |   946.533ms |      1818 |     520.645us | CUFFT_C2C::backward                              
  0.506% |   543.650ms |       606 |     897.113us | CFL::dt                                          
  0.447% |   480.234ms |      1818 |     264.155us | IncompressibleEuler_MPI::compute_u_hat_pad       
  0.414% |   445.057ms |      1818 |     244.806us | IncompressibleEuler_MPI::compute_B__hat          
  0.379% |   406.643ms |      1818 |     223.676us | IncompressibleEuler_MPI::computeDudt             
  0.216% |   231.899ms |         2 |     115.949ms | SnapshotWriter::write_snapshot                   
  0.171% |   184.236ms |         3 |      61.412ms | CUFFT_MPI::transpose                             
  0.113% |   121.839ms |         2 |      60.919ms | CUFFT_MPI::backward                              
  0.060% |    64.243ms |         1 |      64.243ms | CUFFT_MPI::forward                               
rank 3
u_hat_pad_.shape()       = [3, 16, 384, 384]
u_yz_.shape()            = [3, 16, 384, 384]
trans_u_sendbuf_.shape() = [8, 3, 48, 384, 17]
trans_u_recvbuf_.shape() = [8, 3, 48, 384, 17]
u_yz_trans_.shape()      = [3, 48, 384, 129]
u_yz_trans_pad_.shape()  = [3, 48, 384, 193]
u_xyz_trans_.shape()     = [3, 48, 384, 384]
B_xyz_trans_.shape()     = [6, 48, 384, 384]
B_yz_trans_pad_.shape()  = [6, 48, 384, 193]
B_yz_trans_.shape()      = [6, 48, 384, 129]
trans_B_sendbuf_.shape() = [8, 6, 17, 384, 48]
trans_B_recvbuf_.shape() = [8, 6, 17, 384, 48]
B_yz_.shape()            = [6, 16, 384, 384]
B_hat_pad_.shape()       = [6, 16, 384, 384]
B_hat_.shape()           = [6, 16, 256, 256]
Rank 3:
Total Simulation Time: 1min47.413s
 Time %  | Total Time  | Nr. Calls | Time per Call | Name                                             
------------------------------------------------------------------------------------------------------
 91.428% | 1min38.206s |       606 |     162.056ms | SSP_RK3::integrate                               
 91.007% | 1min37.753s |      1818 |      53.770ms | IncompressibleEuler_MPI::dudt                    
 90.627% | 1min37.345s |      1818 |      53.545ms | IncompressibleEuler_MPI::computeBhat             
 80.643% | 1min26.621s |      3639 |      23.803ms | Transpose::eval                                  
 63.175% |  1min7.858s |     29088 |       2.333ms | Transpose::communication                         
 53.002% |     56.931s |      1818 |      31.315ms | IncompressibleEuler_MPI::compute_B_yz            
 27.521% |     29.561s |      1818 |      16.260ms | IncompressibleEuler_MPI::compute_u_yz_trans      
  2.300% |      2.470s |      3636 |     679.443us | IncompressibleEuler_MPI::compute_B_xyz_trans     
  2.193% |      2.356s |      1818 |       1.296ms | IncompressibleEuler_MPI::compute_B_xyz_trans_pad 
  2.192% |      2.355s |      1818 |       1.295ms | CUFFT_R2C::forward                               
  1.736% |      1.865s |      1818 |       1.026ms | IncompressibleEuler_MPI::compute_B__hat_pad      
  1.735% |      1.864s |      1818 |       1.025ms | CUFFT_C2C::forward                               
  1.418% |      1.524s |     10908 |     139.672us | copy_to_padded                                   
  1.357% |      1.457s |     21816 |      66.809us | copy_from_padded                                 
  1.151% |      1.236s |      1818 |     679.852us | IncompressibleEuler_MPI::compute_u_xyz_trans     
  1.150% |      1.235s |      1818 |     679.355us | CUFFT_R2C::backward                              
  0.974% |      1.046s |      1818 |     575.545us | IncompressibleEuler_MPI::compute_u_yz_trans_pad  
  0.885% |   950.602ms |      1818 |     522.884us | IncompressibleEuler_MPI::compute_u_yz            
  0.884% |   949.964ms |      1818 |     522.532us | CUFFT_C2C::backward                              
  0.768% |   824.559ms |       606 |       1.361ms | CFL::dt                                          
  0.446% |   479.221ms |      1818 |     263.598us | IncompressibleEuler_MPI::compute_u_hat_pad       
  0.413% |   444.013ms |      1818 |     244.232us | IncompressibleEuler_MPI::compute_B__hat          
  0.379% |   406.826ms |      1818 |     223.777us | IncompressibleEuler_MPI::computeDudt             
  0.185% |   198.467ms |         2 |      99.233ms | SnapshotWriter::write_snapshot                   
  0.167% |   179.007ms |         3 |      59.669ms | CUFFT_MPI::transpose                             
  0.114% |   121.976ms |         2 |      60.988ms | CUFFT_MPI::backward                              
  0.055% |    58.878ms |         1 |      58.878ms | CUFFT_MPI::forward                               
  0.282% |   303.426ms |         1 |     303.426ms | FFTWFFT_R2C::forward                             
  0.277% |   298.464ms |         1 |     298.464ms | FFTWFFT_R2C::backward                            
  0.168% |   181.206ms |         3 |      60.402ms | CUFFT_MPI::transpose                             
  0.133% |   143.564ms |         1 |     143.564ms | leray                                            
  0.115% |   123.866ms |         2 |      61.933ms | CUFFT_MPI::backward                              
  0.055% |    59.211ms |         1 |      59.211ms | CUFFT_MPI::forward                               
rank 4
u_hat_pad_.shape()       = [3, 16, 384, 384]
u_yz_.shape()            = [3, 16, 384, 384]
trans_u_sendbuf_.shape() = [8, 3, 48, 384, 17]
trans_u_recvbuf_.shape() = [8, 3, 48, 384, 17]
u_yz_trans_.shape()      = [3, 48, 384, 129]
u_yz_trans_pad_.shape()  = [3, 48, 384, 193]
u_xyz_trans_.shape()     = [3, 48, 384, 384]
B_xyz_trans_.shape()     = [6, 48, 384, 384]
B_yz_trans_pad_.shape()  = [6, 48, 384, 193]
B_yz_trans_.shape()      = [6, 48, 384, 129]
trans_B_sendbuf_.shape() = [8, 6, 17, 384, 48]
trans_B_recvbuf_.shape() = [8, 6, 17, 384, 48]
B_yz_.shape()            = [6, 16, 384, 384]
B_hat_pad_.shape()       = [6, 16, 384, 384]
B_hat_.shape()           = [6, 16, 256, 256]
Rank 4:
Total Simulation Time: 1min47.435s
 Time %  | Total Time  | Nr. Calls | Time per Call | Name                                             
------------------------------------------------------------------------------------------------------
 91.431% | 1min38.229s |       606 |     162.094ms | SSP_RK3::integrate                               
 91.009% | 1min37.776s |      1818 |      53.782ms | IncompressibleEuler_MPI::dudt                    
 90.630% | 1min37.368s |      1818 |      53.558ms | IncompressibleEuler_MPI::computeBhat             
 80.646% | 1min26.642s |      3639 |      23.809ms | Transpose::eval                                  
 61.494% |  1min6.066s |     29088 |       2.271ms | Transpose::communication                         
 53.012% |     56.954s |      1818 |      31.328ms | IncompressibleEuler_MPI::compute_B_yz            
 27.511% |     29.557s |      1818 |      16.258ms | IncompressibleEuler_MPI::compute_u_yz_trans      
  2.301% |      2.472s |      3636 |     679.894us | IncompressibleEuler_MPI::compute_B_xyz_trans     
  2.193% |      2.356s |      1818 |       1.296ms | IncompressibleEuler_MPI::compute_B_xyz_trans_pad 
  2.192% |      2.355s |      1818 |       1.295ms | CUFFT_R2C::forward                               
  1.737% |      1.866s |      1818 |       1.026ms | IncompressibleEuler_MPI::compute_B__hat_pad      
  1.736% |      1.865s |      1818 |       1.026ms | CUFFT_C2C::forward                               
  1.419% |      1.524s |     10908 |     139.756us | copy_to_padded                                   
  1.358% |      1.459s |     21816 |      66.892us | copy_from_padded                                 
  1.150% |      1.235s |      1818 |     679.558us | IncompressibleEuler_MPI::compute_u_xyz_trans     
  1.149% |      1.235s |      1818 |     679.144us | CUFFT_R2C::backward                              
  0.974% |      1.047s |      1818 |     575.809us | IncompressibleEuler_MPI::compute_u_yz_trans_pad  
  0.885% |   950.671ms |      1818 |     522.921us | IncompressibleEuler_MPI::compute_u_yz            
  0.884% |   950.079ms |      1818 |     522.596us | CUFFT_C2C::backward                              
  0.722% |   775.438ms |       606 |       1.280ms | CFL::dt                                          
  0.446% |   479.494ms |      1818 |     263.748us | IncompressibleEuler_MPI::compute_u_hat_pad       
  0.415% |   445.529ms |      1818 |     245.065us | IncompressibleEuler_MPI::compute_B__hat          
  0.378% |   406.442ms |      1818 |     223.565us | IncompressibleEuler_MPI::computeDudt             
  0.229% |   245.613ms |         2 |     122.807ms | SnapshotWriter::write_snapshot                   
  0.178% |   191.717ms |         3 |      63.906ms | CUFFT_MPI::transpose                             
  0.115% |   123.016ms |         2 |      61.508ms | CUFFT_MPI::backward                              
  0.066% |    70.530ms |         1 |      70.530ms | CUFFT_MPI::forward                               
rank 7
u_hat_pad_.shape()       = [3, 16, 384, 384]
u_yz_.shape()            = [3, 16, 384, 384]
trans_u_sendbuf_.shape() = [8, 3, 48, 384, 17]
trans_u_recvbuf_.shape() = [8, 3, 48, 384, 17]
u_yz_trans_.shape()      = [3, 48, 384, 129]
u_yz_trans_pad_.shape()  = [3, 48, 384, 193]
u_xyz_trans_.shape()     = [3, 48, 384, 384]
B_xyz_trans_.shape()     = [6, 48, 384, 384]
B_yz_trans_pad_.shape()  = [6, 48, 384, 193]
B_yz_trans_.shape()      = [6, 48, 384, 129]
trans_B_sendbuf_.shape() = [8, 6, 17, 384, 48]
trans_B_recvbuf_.shape() = [8, 6, 17, 384, 48]
B_yz_.shape()            = [6, 16, 384, 384]
B_hat_pad_.shape()       = [6, 16, 384, 384]
B_hat_.shape()           = [6, 16, 256, 256]
Rank 7:
Total Simulation Time: 1min47.422s
 Time %  | Total Time  | Nr. Calls | Time per Call | Name                                             
------------------------------------------------------------------------------------------------------
 91.356% | 1min38.136s |       606 |     161.941ms | SSP_RK3::integrate                               
 90.934% | 1min37.683s |      1818 |      53.731ms | IncompressibleEuler_MPI::dudt                    
 90.554% | 1min37.275s |      1818 |      53.507ms | IncompressibleEuler_MPI::computeBhat             
 80.568% | 1min26.547s |      3639 |      23.783ms | Transpose::eval                                  
 58.328% |  1min2.657s |     29088 |       2.154ms | Transpose::communication                         
 52.455% |     56.348s |      1818 |      30.994ms | IncompressibleEuler_MPI::compute_B_yz            
 27.992% |     30.069s |      1818 |      16.540ms | IncompressibleEuler_MPI::compute_u_yz_trans      
  2.301% |      2.472s |      3636 |     679.794us | IncompressibleEuler_MPI::compute_B_xyz_trans     
  2.193% |      2.356s |      1818 |       1.296ms | IncompressibleEuler_MPI::compute_B_xyz_trans_pad 
  2.192% |      2.355s |      1818 |       1.295ms | CUFFT_R2C::forward                               
  1.736% |      1.865s |      1818 |       1.026ms | IncompressibleEuler_MPI::compute_B__hat_pad      
  1.735% |      1.864s |      1818 |       1.025ms | CUFFT_C2C::forward                               
  1.420% |      1.525s |     10908 |     139.794us | copy_to_padded                                   
  1.358% |      1.458s |     21816 |      66.852us | copy_from_padded                                 
  1.152% |      1.237s |      1818 |     680.477us | IncompressibleEuler_MPI::compute_u_xyz_trans     
  1.151% |      1.236s |      1818 |     679.985us | CUFFT_R2C::backward                              
  0.975% |      1.047s |      1818 |     575.894us | IncompressibleEuler_MPI::compute_u_yz_trans_pad  
  0.885% |   950.192ms |      1818 |     522.658us | IncompressibleEuler_MPI::compute_u_yz            
  0.884% |   949.543ms |      1818 |     522.301us | CUFFT_C2C::backward                              
  0.819% |   879.684ms |       606 |       1.452ms | CFL::dt                                          
  0.447% |   479.820ms |      1818 |     263.927us | IncompressibleEuler_MPI::compute_u_hat_pad       
  0.414% |   444.636ms |      1818 |     244.574us | IncompressibleEuler_MPI::compute_B__hat          
  0.379% |   406.995ms |      1818 |     223.870us | IncompressibleEuler_MPI::computeDudt             
  0.206% |   221.283ms |         2 |     110.642ms | SnapshotWriter::write_snapshot                   
  0.176% |   189.047ms |         3 |      63.016ms | CUFFT_MPI::transpose                             
  0.115% |   124.054ms |         2 |      62.027ms | CUFFT_MPI::backward                              
  0.062% |    66.855ms |         1 |      66.855ms | CUFFT_MPI::forward                               
rank 2
u_hat_pad_.shape()       = [3, 16, 384, 384]
u_yz_.shape()            = [3, 16, 384, 384]
trans_u_sendbuf_.shape() = [8, 3, 48, 384, 17]
trans_u_recvbuf_.shape() = [8, 3, 48, 384, 17]
u_yz_trans_.shape()      = [3, 48, 384, 129]
u_yz_trans_pad_.shape()  = [3, 48, 384, 193]
u_xyz_trans_.shape()     = [3, 48, 384, 384]
B_xyz_trans_.shape()     = [6, 48, 384, 384]
B_yz_trans_pad_.shape()  = [6, 48, 384, 193]
B_yz_trans_.shape()      = [6, 48, 384, 129]
trans_B_sendbuf_.shape() = [8, 6, 17, 384, 48]
trans_B_recvbuf_.shape() = [8, 6, 17, 384, 48]
B_yz_.shape()            = [6, 16, 384, 384]
B_hat_pad_.shape()       = [6, 16, 384, 384]
B_hat_.shape()           = [6, 16, 256, 256]
Rank 2:
Total Simulation Time: 1min47.417s
 Time %  | Total Time  | Nr. Calls | Time per Call | Name                                             
------------------------------------------------------------------------------------------------------
 91.618% | 1min38.413s |       606 |     162.398ms | SSP_RK3::integrate                               
 91.196% | 1min37.961s |      1818 |      53.884ms | IncompressibleEuler_MPI::dudt                    
 90.816% | 1min37.553s |      1818 |      53.659ms | IncompressibleEuler_MPI::computeBhat             
 80.833% | 1min26.829s |      3639 |      23.861ms | Transpose::eval                                  
 64.145% |  1min8.903s |     29088 |       2.369ms | Transpose::communication                         
 53.196% |     57.142s |      1818 |      31.431ms | IncompressibleEuler_MPI::compute_B_yz            
 27.517% |     29.558s |      1818 |      16.258ms | IncompressibleEuler_MPI::compute_u_yz_trans      
  2.301% |      2.471s |      3636 |     679.635us | IncompressibleEuler_MPI::compute_B_xyz_trans     
  2.193% |      2.356s |      1818 |       1.296ms | IncompressibleEuler_MPI::compute_B_xyz_trans_pad 
  2.192% |      2.355s |      1818 |       1.295ms | CUFFT_R2C::forward                               
  1.735% |      1.864s |      1818 |       1.025ms | IncompressibleEuler_MPI::compute_B__hat_pad      
  1.734% |      1.863s |      1818 |       1.025ms | CUFFT_C2C::forward                               
  1.419% |      1.524s |     10908 |     139.705us | copy_to_padded                                   
  1.357% |      1.458s |     21816 |      66.836us | copy_from_padded                                 
  1.151% |      1.236s |      1818 |     679.922us | IncompressibleEuler_MPI::compute_u_xyz_trans     
  1.150% |      1.235s |      1818 |     679.469us | CUFFT_R2C::backward                              
  0.974% |      1.047s |      1818 |     575.671us | IncompressibleEuler_MPI::compute_u_yz_trans_pad  
  0.884% |   949.720ms |      1818 |     522.398us | IncompressibleEuler_MPI::compute_u_yz            
  0.884% |   949.165ms |      1818 |     522.093us | CUFFT_C2C::backward                              
  0.567% |   609.477ms |       606 |       1.006ms | CFL::dt                                          
  0.446% |   479.311ms |      1818 |     263.647us | IncompressibleEuler_MPI::compute_u_hat_pad       
  0.413% |   444.125ms |      1818 |     244.293us | IncompressibleEuler_MPI::compute_B__hat          
  0.379% |   406.904ms |      1818 |     223.820us | IncompressibleEuler_MPI::computeDudt             
  0.196% |   210.628ms |         2 |     105.314ms | SnapshotWriter::write_snapshot                   
  0.182% |   195.389ms |         3 |      65.130ms | CUFFT_MPI::transpose                             
  0.113% |   121.364ms |         2 |      60.682ms | CUFFT_MPI::backward                              
  0.071% |    75.883ms |         1 |      75.883ms | CUFFT_MPI::forward                               
rank 5
u_hat_pad_.shape()       = [3, 16, 384, 384]
u_yz_.shape()            = [3, 16, 384, 384]
trans_u_sendbuf_.shape() = [8, 3, 48, 384, 17]
trans_u_recvbuf_.shape() = [8, 3, 48, 384, 17]
u_yz_trans_.shape()      = [3, 48, 384, 129]
u_yz_trans_pad_.shape()  = [3, 48, 384, 193]
u_xyz_trans_.shape()     = [3, 48, 384, 384]
B_xyz_trans_.shape()     = [6, 48, 384, 384]
B_yz_trans_pad_.shape()  = [6, 48, 384, 193]
B_yz_trans_.shape()      = [6, 48, 384, 129]
trans_B_sendbuf_.shape() = [8, 6, 17, 384, 48]
trans_B_recvbuf_.shape() = [8, 6, 17, 384, 48]
B_yz_.shape()            = [6, 16, 384, 384]
B_hat_pad_.shape()       = [6, 16, 384, 384]
B_hat_.shape()           = [6, 16, 256, 256]
Rank 5:
Total Simulation Time: 1min47.439s
 Time %  | Total Time  | Nr. Calls | Time per Call | Name                                             
------------------------------------------------------------------------------------------------------
 91.617% | 1min38.433s |       606 |     162.430ms | SSP_RK3::integrate                               
 91.196% | 1min37.980s |      1818 |      53.894ms | IncompressibleEuler_MPI::dudt                    
 90.816% | 1min37.571s |      1818 |      53.670ms | IncompressibleEuler_MPI::computeBhat             
 80.831% | 1min26.844s |      3639 |      23.865ms | Transpose::eval                                  
 61.633% |  1min6.217s |     29088 |       2.276ms | Transpose::communication                         
 53.219% |     57.178s |      1818 |      31.451ms | IncompressibleEuler_MPI::compute_B_yz            
 27.491% |     29.536s |      1818 |      16.247ms | IncompressibleEuler_MPI::compute_u_yz_trans      
  2.302% |      2.473s |      3636 |     680.195us | IncompressibleEuler_MPI::compute_B_xyz_trans     
  2.192% |      2.356s |      1818 |       1.296ms | IncompressibleEuler_MPI::compute_B_xyz_trans_pad 
  2.192% |      2.355s |      1818 |       1.295ms | CUFFT_R2C::forward                               
  1.735% |      1.864s |      1818 |       1.025ms | IncompressibleEuler_MPI::compute_B__hat_pad      
  1.734% |      1.863s |      1818 |       1.025ms | CUFFT_C2C::forward                               
  1.420% |      1.525s |     10908 |     139.818us | copy_to_padded                                   
  1.358% |      1.460s |     21816 |      66.902us | copy_from_padded                                 
  1.151% |      1.237s |      1818 |     680.308us | IncompressibleEuler_MPI::compute_u_xyz_trans     
  1.150% |      1.236s |      1818 |     679.859us | CUFFT_R2C::backward                              
  0.975% |      1.047s |      1818 |     576.051us | IncompressibleEuler_MPI::compute_u_yz_trans_pad  
  0.884% |   949.543ms |      1818 |     522.301us | IncompressibleEuler_MPI::compute_u_yz            
  0.883% |   948.928ms |      1818 |     521.963us | CUFFT_C2C::backward                              
  0.553% |   594.114ms |       606 |     980.386us | CFL::dt                                          
  0.447% |   480.008ms |      1818 |     264.031us | IncompressibleEuler_MPI::compute_u_hat_pad       
  0.414% |   444.951ms |      1818 |     244.748us | IncompressibleEuler_MPI::compute_B__hat          
  0.379% |   406.886ms |      1818 |     223.809us | IncompressibleEuler_MPI::computeDudt             
  0.212% |   228.011ms |         2 |     114.005ms | SnapshotWriter::write_snapshot                   
  0.166% |   177.885ms |         3 |      59.295ms | CUFFT_MPI::transpose                             
  0.113% |   121.607ms |         2 |      60.803ms | CUFFT_MPI::backward                              
  0.054% |    58.140ms |         1 |      58.140ms | CUFFT_MPI::forward                               
rank 1
u_hat_pad_.shape()       = [3, 16, 384, 384]
u_yz_.shape()            = [3, 16, 384, 384]
trans_u_sendbuf_.shape() = [8, 3, 48, 384, 17]
trans_u_recvbuf_.shape() = [8, 3, 48, 384, 17]
u_yz_trans_.shape()      = [3, 48, 384, 129]
u_yz_trans_pad_.shape()  = [3, 48, 384, 193]
u_xyz_trans_.shape()     = [3, 48, 384, 384]
B_xyz_trans_.shape()     = [6, 48, 384, 384]
B_yz_trans_pad_.shape()  = [6, 48, 384, 193]
B_yz_trans_.shape()      = [6, 48, 384, 129]
trans_B_sendbuf_.shape() = [8, 6, 17, 384, 48]
trans_B_recvbuf_.shape() = [8, 6, 17, 384, 48]
B_yz_.shape()            = [6, 16, 384, 384]
B_hat_pad_.shape()       = [6, 16, 384, 384]
B_hat_.shape()           = [6, 16, 256, 256]
Rank 1:
Total Simulation Time: 1min47.426s
 Time %  | Total Time  | Nr. Calls | Time per Call | Name                                             
------------------------------------------------------------------------------------------------------
 91.644% | 1min38.449s |       606 |     162.458ms | SSP_RK3::integrate                               
 91.222% | 1min37.996s |      1818 |      53.903ms | IncompressibleEuler_MPI::dudt                    
 90.842% | 1min37.589s |      1818 |      53.679ms | IncompressibleEuler_MPI::computeBhat             
 80.858% | 1min26.862s |      3639 |      23.870ms | Transpose::eval                                  
 60.069% |  1min4.530s |     29088 |       2.218ms | Transpose::communication                         
 53.212% |     57.163s |      1818 |      31.443ms | IncompressibleEuler_MPI::compute_B_yz            
 27.524% |     29.568s |      1818 |      16.264ms | IncompressibleEuler_MPI::compute_u_yz_trans      
  2.302% |      2.473s |      3636 |     680.275us | IncompressibleEuler_MPI::compute_B_xyz_trans     
  2.193% |      2.355s |      1818 |       1.296ms | IncompressibleEuler_MPI::compute_B_xyz_trans_pad 
  2.192% |      2.355s |      1818 |       1.295ms | CUFFT_R2C::forward                               
  1.735% |      1.864s |      1818 |       1.025ms | IncompressibleEuler_MPI::compute_B__hat_pad      
  1.734% |      1.863s |      1818 |       1.025ms | CUFFT_C2C::forward                               
  1.421% |      1.526s |     10908 |     139.913us | copy_to_padded                                   
  1.359% |      1.460s |     21816 |      66.926us | copy_from_padded                                 
  1.151% |      1.236s |      1818 |     679.897us | IncompressibleEuler_MPI::compute_u_xyz_trans     
  1.150% |      1.235s |      1818 |     679.439us | CUFFT_R2C::backward                              
  0.976% |      1.048s |      1818 |     576.713us | IncompressibleEuler_MPI::compute_u_yz_trans_pad  
  0.883% |   948.458ms |      1818 |     521.704us | IncompressibleEuler_MPI::compute_u_yz            
  0.882% |   947.967ms |      1818 |     521.434us | CUFFT_C2C::backward                              
  0.522% |   560.361ms |       606 |     924.688us | CFL::dt                                          
  0.447% |   479.725ms |      1818 |     263.875us | IncompressibleEuler_MPI::compute_u_hat_pad       
  0.414% |   444.974ms |      1818 |     244.760us | IncompressibleEuler_MPI::compute_B__hat          
  0.379% |   406.751ms |      1818 |     223.736us | IncompressibleEuler_MPI::computeDudt             
  0.216% |   231.930ms |         2 |     115.965ms | SnapshotWriter::write_snapshot                   
  0.180% |   193.627ms |         3 |      64.542ms | CUFFT_MPI::transpose                             
  0.114% |   122.107ms |         2 |      61.053ms | CUFFT_MPI::backward                              
  0.068% |    73.350ms |         1 |      73.350ms | CUFFT_MPI::forward                               


Batch Job Summary Report (version 21.01.1) for Job "tg_N256_ss_8" (38014662) on daint

Job information (1/3)
-----------------------------------------------------------------------------------------------------
             Submit            Eligible               Start                 End    Elapsed Time limit
------------------- ------------------- ------------------- ------------------- ---------- ----------
2022-04-27T15:01:38 2022-04-27T15:01:38 2022-04-27T15:17:16 2022-04-27T15:19:31   00:02:15   00:30:00
-----------------------------------------------------------------------------------------------------

Job information (2/3)
-------------------------------------------------------------
    Username      Account    Partition   NNodes        Energy
------------ ------------ ------------ -------- -------------
     trohner        s1069       normal        8    115.096 kJ

Job information (3/3) - GPU utilization data
----------------------------------------------------
   Node name       Usage      Max mem Execution time
------------ ----------- ------------ --------------
    nid03592        78 %     1179 MiB       00:01:48
    nid03587        78 %     1179 MiB       00:01:48
    nid03591        75 %     1179 MiB       00:01:48
    nid03588        77 %     1179 MiB       00:01:48
    nid03590        75 %     1179 MiB       00:01:48
    nid03589        76 %     1179 MiB       00:01:48
    nid03586        81 %     1179 MiB       00:01:48
    nid03585        81 %     1191 MiB       00:01:48

