ModuleCmd_Switch.c(179):ERROR:152: Module 'PrgEnv-cray' is currently not loaded
CMake(3):ERROR:105: Unable to locate a modulefile for 'CMake/3.21.3'
Info: Minimal padding size given from "N_phys_pad" is 384. Padded to 384 for speed.
Info: Minimal padding size given from "N_phys_pad" is 384. Padded to 384 for speed.
Running azeban with 2 MPI ranks.
Run configuration is
{
  "device": "cuda",
  "dimension": 3,
  "equation": {
    "name": "Euler",
    "visc": {
      "eps": 0.05,
      "type": "Quadratic"
    }
  },
  "grid": {
    "N_phys": 256,
    "N_phys_pad": ""
  },
  "init": {
    "name": "Taylor Green",
    "perturb": {
      "max": 0.025,
      "min": -0.025,
      "name": "Uniform"
    }
  },
  "num_samples": 1,
  "output": "tg_N256_strong_sample_2",
  "sample_idx_start": 0,
  "seed": 1,
  "snapshots": {
    "n": 1,
    "start": 0,
    "stop": 0.5
  },
  "time": 0.5,
  "timestepper": {
    "C": 0.5,
    "type": "SSP RK3"
  }
}
rank 0
u_hat_pad_.shape()       = [3, 65, 384, 384]
u_yz_.shape()            = [3, 65, 384, 384]
trans_u_sendbuf_.shape() = [2, 3, 192, 384, 65]
trans_u_recvbuf_.shape() = [2, 3, 192, 384, 65]
u_yz_trans_.shape()      = [3, 192, 384, 129]
u_yz_trans_pad_.shape()  = [3, 192, 384, 193]
u_xyz_trans_.shape()     = [3, 192, 384, 384]
B_xyz_trans_.shape()     = [6, 192, 384, 384]
B_yz_trans_pad_.shape()  = [6, 192, 384, 193]
B_yz_trans_.shape()      = [6, 192, 384, 129]
trans_B_sendbuf_.shape() = [2, 6, 65, 384, 192]
trans_B_recvbuf_.shape() = [2, 6, 65, 384, 192]
B_yz_.shape()            = [6, 65, 384, 384]
B_hat_pad_.shape()       = [6, 65, 384, 384]
B_hat_.shape()           = [6, 65, 256, 256]
Sample: 0, Time: 0
Sample: 0, Time: 0.5
Rank 0:
Total Simulation Time: 8min7.983s
 Time %  | Total Time  | Nr. Calls | Time per Call | Name                                             
------------------------------------------------------------------------------------------------------
 97.724% | 7min56.874s |       834 |     571.792ms | SSP_RK3::integrate                               
 97.227% | 7min54.450s |      2502 |     189.628ms | IncompressibleEuler_MPI::dudt                    
 96.810% | 7min52.416s |      2502 |     188.815ms | IncompressibleEuler_MPI::computeBhat             
 84.875% | 6min54.174s |      5007 |      82.719ms | Transpose::eval                                  
 55.765% | 4min32.123s |      2502 |     108.762ms | IncompressibleEuler_MPI::compute_B_yz            
 52.187% | 4min14.666s |     10008 |      25.446ms | Transpose::communication                         
 29.011% | 2min21.570s |      2502 |      56.583ms | IncompressibleEuler_MPI::compute_u_yz_trans      
  2.690% |     13.128s |      5004 |       2.624ms | IncompressibleEuler_MPI::compute_B_xyz_trans     
  2.636% |     12.861s |      2502 |       5.140ms | IncompressibleEuler_MPI::compute_B_xyz_trans_pad 
  2.635% |     12.859s |      2502 |       5.139ms | CUFFT_R2C::forward                               
  2.098% |     10.236s |      2502 |       4.091ms | IncompressibleEuler_MPI::compute_B__hat_pad      
  2.097% |     10.234s |      2502 |       4.090ms | CUFFT_C2C::forward                               
  1.764% |      8.606s |     15012 |     573.274us | copy_to_padded                                   
  1.505% |      7.344s |     30024 |     244.617us | copy_from_padded                                 
  1.355% |      6.611s |      2502 |       2.642ms | IncompressibleEuler_MPI::compute_u_xyz_trans     
  1.354% |      6.610s |      2502 |       2.642ms | CUFFT_R2C::backward                              
  1.179% |      5.754s |      2502 |       2.300ms | IncompressibleEuler_MPI::compute_u_yz_trans_pad  
  1.052% |      5.134s |      2502 |       2.052ms | IncompressibleEuler_MPI::compute_u_yz            
  1.052% |      5.133s |      2502 |       2.052ms | CUFFT_C2C::backward                              
  0.585% |      2.855s |      2502 |       1.141ms | IncompressibleEuler_MPI::compute_u_hat_pad       
  0.435% |      2.124s |      2502 |     848.983us | IncompressibleEuler_MPI::compute_B__hat          
  0.416% |      2.032s |      2502 |     811.951us | IncompressibleEuler_MPI::computeDudt             
  0.215% |      1.050s |         2 |     525.224ms | SnapshotWriter::write_snapshot                   
  0.171% |   833.288ms |       834 |     999.147us | CFL::dt                                          
  0.138% |   671.568ms |         3 |     223.856ms | CUFFT_MPI::transpose                             
  0.092% |   449.567ms |         2 |     224.783ms | CUFFT_MPI::backward                              
  0.062% |   304.083ms |         1 |     304.083ms | FFTWFFT_R2C::forward                             
  0.060% |   292.231ms |         1 |     292.231ms | FFTWFFT_R2C::backward                            
  0.047% |   227.960ms |         1 |     227.960ms | CUFFT_MPI::forward                               
  0.029% |   142.781ms |         1 |     142.781ms | leray                                            
rank 1
u_hat_pad_.shape()       = [3, 64, 384, 384]
u_yz_.shape()            = [3, 64, 384, 384]
trans_u_sendbuf_.shape() = [2, 3, 192, 384, 65]
trans_u_recvbuf_.shape() = [2, 3, 192, 384, 65]
u_yz_trans_.shape()      = [3, 192, 384, 129]
u_yz_trans_pad_.shape()  = [3, 192, 384, 193]
u_xyz_trans_.shape()     = [3, 192, 384, 384]
B_xyz_trans_.shape()     = [6, 192, 384, 384]
B_yz_trans_pad_.shape()  = [6, 192, 384, 193]
B_yz_trans_.shape()      = [6, 192, 384, 129]
trans_B_sendbuf_.shape() = [2, 6, 65, 384, 192]
trans_B_recvbuf_.shape() = [2, 6, 65, 384, 192]
B_yz_.shape()            = [6, 64, 384, 384]
B_hat_pad_.shape()       = [6, 64, 384, 384]
B_hat_.shape()           = [6, 64, 256, 256]
Rank 1:
Total Simulation Time: 8min7.826s
 Time %  | Total Time  | Nr. Calls | Time per Call | Name                                             
------------------------------------------------------------------------------------------------------
 97.689% | 7min56.553s |       834 |     571.407ms | SSP_RK3::integrate                               
 97.203% | 7min54.181s |      2502 |     189.521ms | IncompressibleEuler_MPI::dudt                    
 96.789% | 7min52.164s |      2502 |     188.715ms | IncompressibleEuler_MPI::computeBhat             
 84.951% | 6min54.414s |      5007 |      82.767ms | Transpose::eval                                  
 54.851% | 4min27.578s |      2502 |     106.946ms | IncompressibleEuler_MPI::compute_B_yz            
 51.795% | 4min12.668s |     10008 |      25.247ms | Transpose::communication                         
 30.001% | 2min26.354s |      2502 |      58.495ms | IncompressibleEuler_MPI::compute_u_yz_trans      
  2.693% |     13.135s |      5004 |       2.625ms | IncompressibleEuler_MPI::compute_B_xyz_trans     
  2.636% |     12.857s |      2502 |       5.139ms | IncompressibleEuler_MPI::compute_B_xyz_trans_pad 
  2.635% |     12.855s |      2502 |       5.138ms | CUFFT_R2C::forward                               
  2.062% |     10.057s |      2502 |       4.020ms | IncompressibleEuler_MPI::compute_B__hat_pad      
  2.061% |     10.055s |      2502 |       4.019ms | CUFFT_C2C::forward                               
  1.720% |      8.393s |     15012 |     559.081us | copy_to_padded                                   
  1.503% |      7.333s |     30024 |     244.254us | copy_from_padded                                 
  1.356% |      6.615s |      2502 |       2.644ms | IncompressibleEuler_MPI::compute_u_xyz_trans     
  1.356% |      6.613s |      2502 |       2.643ms | CUFFT_R2C::backward                              
  1.181% |      5.760s |      2502 |       2.302ms | IncompressibleEuler_MPI::compute_u_yz_trans_pad  
  1.034% |      5.046s |      2502 |       2.017ms | IncompressibleEuler_MPI::compute_u_yz            
  1.034% |      5.045s |      2502 |       2.016ms | CUFFT_C2C::backward                              
  0.540% |      2.637s |      2502 |       1.054ms | IncompressibleEuler_MPI::compute_u_hat_pad       
  0.432% |      2.107s |      2502 |     842.068us | IncompressibleEuler_MPI::compute_B__hat          
  0.413% |      2.015s |      2502 |     805.318us | IncompressibleEuler_MPI::computeDudt             
  0.269% |      1.312s |       834 |       1.573ms | CFL::dt                                          
  0.153% |   744.653ms |         2 |     372.327ms | SnapshotWriter::write_snapshot                   
  0.138% |   671.713ms |         3 |     223.904ms | CUFFT_MPI::transpose                             
  0.092% |   450.632ms |         2 |     225.316ms | CUFFT_MPI::backward                              
  0.047% |   227.008ms |         1 |     227.008ms | CUFFT_MPI::forward                               


Batch Job Summary Report (version 21.01.1) for Job "tg_N256_ss_2" (38014660) on daint

Job information (1/3)
-----------------------------------------------------------------------------------------------------
             Submit            Eligible               Start                 End    Elapsed Time limit
------------------- ------------------- ------------------- ------------------- ---------- ----------
2022-04-27T15:01:32 2022-04-27T15:01:32 2022-04-27T15:17:16 2022-04-27T15:25:48   00:08:32   00:30:00
-----------------------------------------------------------------------------------------------------

Job information (2/3)
-------------------------------------------------------------
    Username      Account    Partition   NNodes        Energy
------------ ------------ ------------ -------- -------------
     trohner        s1069       normal        2    136.259 kJ

Job information (3/3) - GPU utilization data
----------------------------------------------------
   Node name       Usage      Max mem Execution time
------------ ----------- ------------ --------------
    nid02703        74 %     3859 MiB       00:08:08
    nid02702        74 %     3871 MiB       00:08:08

