ModuleCmd_Switch.c(179):ERROR:152: Module 'PrgEnv-cray' is currently not loaded
CMake(3):ERROR:105: Unable to locate a modulefile for 'CMake/3.21.3'
Info: Minimal padding size given from "N_phys_pad" is 384. Padded to 384 for speed.
Running azeban in single-node mode.
Run cofiguration is
{
  "device": "cuda",
  "dimension": 3,
  "equation": {
    "name": "Euler",
    "visc": {
      "eps": 0.05,
      "type": "Quadratic"
    }
  },
  "grid": {
    "N_phys": 256,
    "N_phys_pad": ""
  },
  "init": {
    "name": "Taylor Green",
    "perturb": {
      "max": 0.025,
      "min": -0.025,
      "name": "Uniform"
    }
  },
  "num_samples": 1,
  "output": "tg_N256_strong_sample_1",
  "sample_idx_start": 0,
  "seed": 1,
  "snapshots": {
    "n": 1,
    "start": 0,
    "stop": 2
  },
  "time": 2,
  "timestepper": {
    "C": 0.5,
    "type": "SSP RK3"
  }
}
Sample 0, Time 0
Sample 0, Time 2
Rank 0:
Total Simulation Time: 3min33.799s
 Time %  | Total Time  | Nr. Calls | Time per Call | Name                             
--------------------------------------------------------------------------------------
 96.956% | 3min27.291s |      1230 |     168.529ms | SSP_RK3::integrate               
 93.654% | 3min20.232s |      3690 |      54.263ms | IncompressibleEuler::dudt        
 44.418% | 1min34.966s |      3691 |      25.729ms | CUFFT_R2C::forward               
 22.445% |     47.988s |      3690 |      13.005ms | CUFFT_R2C::backward              
 10.870% |     23.240s |      3690 |       6.298ms | IncompressibleEuler::computeB    
  6.974% |     14.910s |     11070 |       1.347ms | copy_to_padded                   
  3.010% |      6.435s |      3690 |       1.744ms | IncompressibleEuler::computeDudt 
  1.745% |      3.731s |         2 |        1.865s | SnapshotWriter::write_snapshot   
  0.331% |   707.709ms |         2 |     353.855ms | FFTWFFT_R2C::backward            
  0.002% |     3.300ms |         1 |       3.300ms | leray                            


Batch Job Summary Report (version 21.01.1) for Job "tg_N256_ss_1" (38035533) on daint

Job information (1/3)
-----------------------------------------------------------------------------------------------------
             Submit            Eligible               Start                 End    Elapsed Time limit
------------------- ------------------- ------------------- ------------------- ---------- ----------
2022-04-28T11:18:00 2022-04-28T11:18:00 2022-04-28T12:08:11 2022-04-28T12:11:58   00:03:47   00:30:00
-----------------------------------------------------------------------------------------------------

Job information (2/3)
-------------------------------------------------------------
    Username      Account    Partition   NNodes        Energy
------------ ------------ ------------ -------- -------------
     trohner        s1069       normal        1     49.905 kJ

Job information (3/3) - GPU utilization data
----------------------------------------------------
   Node name       Usage      Max mem Execution time
------------ ----------- ------------ --------------
    nid04683        96 %     6193 MiB       00:03:33

